20 131.9 0
40 131.638 0.261721
60 130.176 1.4694
80 129.565 1.20561
100 130.175 1.11551
120 131.77 1.83718
140 132.165 1.6021
160 132.125 1.38806
180 132.604 1.31453
200 131.828 1.40874
220 132.323 1.36732
240 131.812 1.34902
260 131.632 1.25378
280 131.703 1.16293
300 132.046 1.13555
320 132.355 1.1063
340 132.757 1.11414
360 132.843 1.05396
380 132.75 1.00129
400 133.066 1.00126
420 132.974 0.95683
440 132.81 0.927002
460 132.83 0.88602
480 132.945 0.855963
500 133.103 0.836119
520 133.116 0.803428
540 133.291 0.792627
560 133.252 0.764783
580 133.053 0.76435
600 133.013 0.7395
620 133.014 0.715247
640 132.77 0.734302
660 132.827 0.714033
680 132.878 0.694562
700 133.014 0.687942
720 133.042 0.66917
740 132.908 0.664516
760 133.268 0.740122
780 133.481 0.751826
800 133.569 0.738029
820 133.65 0.724291
840 133.649 0.706836
860 133.592 0.692599
880 133.7 0.685349
900 133.641 0.672564
920 133.585 0.66016
940 133.547 0.647062
960 133.669 0.645092
980 133.759 0.638165
1000 133.788 0.625925
