20 -8.23806e-21 0
40 -8.23406e-21 4.00002e-24
60 -8.20593e-21 2.8222e-23
80 -8.19373e-21 2.33908e-23
100 -8.20694e-21 2.24208e-23
120 -8.24103e-21 3.86948e-23
140 -8.24931e-21 3.3736e-23
160 -8.24839e-21 2.92307e-23
180 -8.25821e-21 2.75844e-23
200 -8.24185e-21 2.96014e-23
220 -8.2517e-21 2.85294e-23
240 -8.24088e-21 2.82042e-23
260 -8.23712e-21 2.62144e-23
280 -8.23843e-21 2.43052e-23
300 -8.24551e-21 2.3709e-23
320 -8.25183e-21 2.30597e-23
340 -8.26028e-21 2.32526e-23
360 -8.26197e-21 2.19875e-23
380 -8.2598e-21 2.09105e-23
400 -8.26602e-21 2.07883e-23
420 -8.26372e-21 1.99071e-23
440 -8.26002e-21 1.93375e-23
460 -8.26035e-21 1.84806e-23
480 -8.26281e-21 1.78638e-23
500 -8.26635e-21 1.7496e-23
520 -8.26688e-21 1.68181e-23
540 -8.27055e-21 1.65933e-23
560 -8.26962e-21 1.60165e-23
580 -8.26525e-21 1.60592e-23
600 -8.26417e-21 1.55522e-23
620 -8.26388e-21 1.5045e-23
640 -8.25878e-21 1.5435e-23
660 -8.25991e-21 1.50027e-23
680 -8.26102e-21 1.45971e-23
700 -8.26386e-21 1.44554e-23
720 -8.2644e-21 1.40586e-23
740 -8.26155e-21 1.39667e-23
760 -8.26907e-21 1.55323e-23
780 -8.27358e-21 1.57877e-23
800 -8.27541e-21 1.54963e-23
820 -8.27713e-21 1.52111e-23
840 -8.27719e-21 1.48447e-23
860 -8.27604e-21 1.45411e-23
880 -8.27837e-21 1.43954e-23
900 -8.27719e-21 1.41207e-23
920 -8.2761e-21 1.38535e-23
940 -8.27541e-21 1.35728e-23
960 -8.27805e-21 1.35463e-23
980 -8.27998e-21 1.34058e-23
1000 -8.28059e-21 1.31494e-23
