20 -5.50646e-21 0
40 -5.50788e-21 1.42014e-24
60 -5.51002e-21 2.29369e-24
80 -5.51048e-21 1.68634e-24
100 -5.51105e-21 1.42553e-24
120 -5.5121e-21 1.56618e-24
140 -5.51221e-21 1.32807e-24
160 -5.51213e-21 1.15263e-24
180 -5.51203e-21 1.02192e-24
200 -5.51174e-21 9.57676e-25
220 -5.51132e-21 9.62552e-25
240 -5.51109e-21 9.07721e-25
260 -5.51105e-21 8.36207e-25
280 -5.51089e-21 7.89139e-25
300 -5.51088e-21 7.34798e-25
320 -5.51079e-21 6.92854e-25
340 -5.51093e-21 6.64752e-25
360 -5.51083e-21 6.34814e-25
380 -5.51059e-21 6.45343e-25
400 -5.51025e-21 7.0051e-25
420 -5.50986e-21 7.74112e-25
440 -5.50956e-21 7.94045e-25
460 -5.50947e-21 7.64768e-25
480 -5.50956e-21 7.37899e-25
500 -5.50982e-21 7.54846e-25
520 -5.51008e-21 7.68983e-25
540 -5.51012e-21 7.41309e-25
560 -5.51e-21 7.24679e-25
580 -5.50976e-21 7.3952e-25
600 -5.5095e-21 7.59328e-25
620 -5.5092e-21 7.95479e-25
640 -5.50915e-21 7.71634e-25
660 -5.50909e-21 7.50448e-25
680 -5.50915e-21 7.30715e-25
700 -5.50918e-21 7.10101e-25
720 -5.50913e-21 6.91865e-25
740 -5.50906e-21 6.7644e-25
760 -5.50912e-21 6.61348e-25
780 -5.50922e-21 6.5092e-25
800 -5.50923e-21 6.34537e-25
820 -5.50928e-21 6.21038e-25
840 -5.50936e-21 6.11226e-25
860 -5.5094e-21 5.98159e-25
880 -5.50947e-21 5.88827e-25
900 -5.50952e-21 5.78203e-25
920 -5.50959e-21 5.69476e-25
940 -5.50969e-21 5.65358e-25
960 -5.5098e-21 5.64181e-25
980 -5.50986e-21 5.55907e-25
1000 -5.50988e-21 5.45195e-25
