9.70769e+07
9.88342e+07
1.00959e+08
1.03207e+08
1.05438e+08
1.07243e+08
1.08307e+08
1.08302e+08
1.07218e+08
1.04974e+08
1.01771e+08
9.78827e+07
9.36369e+07
8.95629e+07
8.62262e+07
8.39998e+07
8.30944e+07
8.30796e+07
8.35881e+07
8.40421e+07
8.41181e+07
8.38414e+07
8.33364e+07
8.3049e+07
8.31523e+07
8.38427e+07
8.51351e+07
8.68332e+07
8.87663e+07
9.07885e+07
9.27244e+07
9.45434e+07
9.62842e+07
9.81068e+07
1.00133e+08
1.02535e+08
1.05362e+08
1.08532e+08
1.1181e+08
1.14625e+08
1.16711e+08
1.17434e+08
1.16658e+08
1.14497e+08
1.1129e+08
1.07492e+08
1.03854e+08
1.00743e+08
9.8584e+07
9.73915e+07
9.70358e+07
9.73374e+07
9.82507e+07
9.94606e+07
1.00713e+08
1.01746e+08
1.02419e+08
1.02664e+08
1.02604e+08
1.02486e+08
1.02494e+08
1.02372e+08
1.01941e+08
1.01221e+08
1.00015e+08
9.8663e+07
9.75296e+07
9.69717e+07
9.75227e+07
9.93092e+07
1.02314e+08
1.05882e+08
1.09196e+08
1.11617e+08
1.1235e+08
1.11853e+08
1.10483e+08
1.08736e+08
1.06735e+08
1.04339e+08
1.01573e+08
9.84942e+07
9.5479e+07
9.28241e+07
9.07665e+07
8.94608e+07
8.88895e+07
8.91494e+07
8.98327e+07
9.09341e+07
9.19598e+07
9.27354e+07
9.2764e+07
9.19068e+07
8.99284e+07
8.67824e+07
8.25222e+07
7.76094e+07
7.2634e+07
6.81235e+07
6.46824e+07
6.23942e+07
6.14582e+07
6.17548e+07
6.317e+07
6.52249e+07
6.78289e+07
7.06012e+07
7.32415e+07
7.56653e+07
7.80265e+07
8.02963e+07
8.2378e+07
8.43585e+07
8.6105e+07
8.76525e+07
8.90543e+07
9.01011e+07
9.07043e+07
9.07867e+07
9.00859e+07
8.86916e+07
8.69361e+07
8.51423e+07
8.37701e+07
8.32663e+07
8.38161e+07
8.55405e+07
8.82289e+07
9.18207e+07
9.57757e+07
9.96583e+07
1.0309e+08
1.06033e+08
1.08416e+08
1.10198e+08
1.1143e+08
1.11854e+08
1.11088e+08
1.09002e+08
1.05932e+08
1.02306e+08
9.88811e+07
9.62769e+07
9.47369e+07
9.43763e+07
9.53699e+07
9.74637e+07
1.00549e+08
1.04369e+08
1.08533e+08
1.12639e+08
1.16216e+08
1.18786e+08
1.19886e+08
1.19253e+08
1.16755e+08
1.12561e+08
1.07117e+08
1.0107e+08
9.52216e+07
9.02747e+07
8.65799e+07
8.41565e+07
8.28978e+07
8.2277e+07
8.15174e+07
8.04228e+07
7.93621e+07
7.86056e+07
7.85945e+07
7.95249e+07
8.14089e+07
8.43422e+07
8.82546e+07
9.30546e+07
9.88041e+07
1.05145e+08
1.11506e+08
1.16973e+08
1.2044e+08
1.21385e+08
1.20558e+08
1.19251e+08
1.18534e+08
1.18845e+08
1.19924e+08
1.21105e+08
1.2159e+08
1.20611e+08
1.17877e+08
1.13706e+08
1.08663e+08
1.03302e+08
9.82138e+07
9.38073e+07
9.03789e+07
8.79755e+07
8.67785e+07
8.66684e+07
8.75272e+07
8.91893e+07
9.0672e+07
9.11878e+07
8.9948e+07
8.66972e+07
8.20056e+07
7.70677e+07
7.29324e+07
7.05897e+07
7.03244e+07
7.21639e+07
7.56783e+07
8.02878e+07
8.55143e+07
9.06605e+07
9.51902e+07
9.88616e+07
1.01682e+08
1.03761e+08
1.05473e+08
1.07156e+08
1.08942e+08
1.10891e+08
1.12722e+08
1.14026e+08
1.14711e+08
1.14177e+08
1.1255e+08
1.09857e+08
1.06745e+08
1.03665e+08
1.0099e+08
9.90857e+07
9.76955e+07
9.67149e+07
9.5671e+07
9.42887e+07
9.25979e+07
9.05144e+07
8.85385e+07
8.66346e+07
8.5394e+07
8.51e+07
8.60279e+07
8.8277e+07
9.17404e+07
9.62529e+07
1.01241e+08
1.05663e+08
1.08719e+08
1.0981e+08
1.09072e+08
1.06966e+08
1.04432e+08
1.01727e+08
9.92239e+07
9.70221e+07
9.50661e+07
9.35022e+07
9.23291e+07
9.1839e+07
9.20871e+07
9.29032e+07
9.42964e+07
9.61537e+07
9.82958e+07
1.00255e+08
1.01883e+08
1.03034e+08
1.03615e+08
1.03917e+08
1.03664e+08
1.02917e+08
1.01463e+08
9.92225e+07
9.64917e+07
9.37109e+07
9.15111e+07
9.05257e+07
9.1396e+07
9.39932e+07
9.78146e+07
1.01852e+08
1.05052e+08
1.06337e+08
1.05388e+08
1.02309e+08
9.77283e+07
9.21708e+07
8.64219e+07
8.1068e+07
7.65874e+07
7.32931e+07
7.15444e+07
7.14597e+07
7.3129e+07
7.63195e+07
8.07807e+07
8.57533e+07
9.05218e+07
9.41749e+07
9.61541e+07
9.63773e+07
9.50681e+07
9.27732e+07
9.02429e+07
8.78073e+07
8.56563e+07
8.40637e+07
8.28572e+07
8.20667e+07
8.1553e+07
8.105e+07
8.01944e+07
7.88295e+07
7.72293e+07
7.58258e+07
7.49058e+07
7.4352e+07
7.38387e+07
7.29057e+07
7.13361e+07
6.92618e+07
6.73855e+07
6.60892e+07
6.58272e+07
6.6762e+07
6.88619e+07
7.21791e+07
7.61396e+07
8.014e+07
8.33685e+07
8.51199e+07
8.53533e+07
8.46339e+07
8.3687e+07
8.32079e+07
8.36004e+07
8.49491e+07
8.70596e+07
8.94388e+07
9.14421e+07
9.25305e+07
9.24835e+07
9.1452e+07
8.95985e+07
8.74236e+07
8.51075e+07
8.29464e+07
8.10669e+07
7.9613e+07
7.86285e+07
7.78839e+07
7.7245e+07
7.67112e+07
7.61385e+07
7.58364e+07
7.59492e+07
7.64907e+07
7.7364e+07
7.85749e+07
8.02711e+07
8.24022e+07
8.54543e+07
8.92073e+07
9.34536e+07
9.79098e+07
1.02518e+08
1.06951e+08
1.11051e+08
1.14343e+08
1.16348e+08
1.16694e+08
1.15325e+08
1.12331e+08
1.08407e+08
1.04127e+08
1.00025e+08
9.6459e+07
9.35775e+07
9.14034e+07
8.98478e+07
8.85883e+07
8.72783e+07
8.58169e+07
8.45164e+07
8.37502e+07
8.39742e+07
8.53929e+07
8.77286e+07
9.02637e+07
9.23348e+07
9.37186e+07
9.44362e+07
9.49411e+07
9.56784e+07
9.69169e+07
9.88728e+07
1.01526e+08
1.04749e+08
1.082e+08
1.1126e+08
1.13486e+08
1.14432e+08
1.14041e+08
1.12468e+08
1.10405e+08
1.08129e+08
1.06017e+08
1.04321e+08
1.03112e+08
1.02361e+08
1.02157e+08
1.02675e+08
1.03779e+08
1.05807e+08
1.08549e+08
1.12125e+08
1.16361e+08
1.2079e+08
1.24806e+08
1.27527e+08
1.28506e+08
1.27416e+08
1.24682e+08
1.20948e+08
1.16666e+08
1.12313e+08
1.08175e+08
1.04447e+08
1.01094e+08
9.84899e+07
9.65682e+07
9.55502e+07
9.54876e+07
9.63107e+07
9.81649e+07
1.00646e+08
1.03607e+08
1.06501e+08
1.08794e+08
1.10216e+08
1.10472e+08
1.09635e+08
1.08004e+08
1.05862e+08
1.03277e+08
1.006e+08
9.80278e+07
9.55261e+07
9.31107e+07
9.07412e+07
8.82378e+07
8.55221e+07
8.26954e+07
7.99653e+07
7.76412e+07
7.59388e+07
7.49608e+07
7.48272e+07
7.53708e+07
7.63007e+07
7.72894e+07
7.83441e+07
7.91101e+07
7.94516e+07
7.94895e+07
7.93372e+07
7.92436e+07
7.95522e+07
8.04171e+07
8.19891e+07
8.42849e+07
8.71559e+07
9.0189e+07
9.32743e+07
9.60961e+07
9.82019e+07
9.93847e+07
9.94193e+07
9.83854e+07
9.64017e+07
9.3758e+07
9.0607e+07
8.71566e+07
8.36858e+07
8.03379e+07
7.72381e+07
7.43307e+07
7.17347e+07
6.92124e+07
6.68307e+07
6.47013e+07
6.29224e+07
6.16818e+07
6.10289e+07
6.10412e+07
6.18523e+07
6.35271e+07
6.6375e+07
7.05184e+07
7.5656e+07
8.14639e+07
8.715e+07
9.20498e+07
9.5534e+07
9.72178e+07
9.70156e+07
9.50972e+07
9.19691e+07
8.84784e+07
8.49952e+07
8.19344e+07
7.94107e+07
7.72884e+07
7.52881e+07
7.35224e+07
7.20023e+07
7.09549e+07
7.05356e+07
7.10198e+07
7.22639e+07
7.42506e+07
7.65456e+07
7.89949e+07
8.13843e+07
8.34859e+07
8.52886e+07
8.6419e+07
8.69534e+07
8.67637e+07
8.59927e+07
8.48788e+07
8.36689e+07
8.25771e+07
8.15926e+07
8.07865e+07
8.02305e+07
7.98031e+07
7.95764e+07
7.95412e+07
7.98566e+07
8.07729e+07
8.2486e+07
8.50557e+07
8.84071e+07
9.2206e+07
9.59136e+07
9.92209e+07
1.02021e+08
1.04342e+08
1.06649e+08
1.09024e+08
1.11461e+08
1.13794e+08
1.15796e+08
1.17253e+08
1.17907e+08
1.176e+08
1.16353e+08
1.14335e+08
1.1197e+08
1.09755e+08
1.08112e+08
1.07417e+08
1.07774e+08
1.09219e+08
1.11407e+08
1.1405e+08
1.16815e+08
1.19229e+08
1.20983e+08
1.21973e+08
1.22115e+08
1.21704e+08
1.20611e+08
1.19177e+08
1.1735e+08
1.15398e+08
1.1358e+08
1.11991e+08
1.10697e+08
1.09589e+08
1.08559e+08
1.07565e+08
1.06794e+08
1.0684e+08
1.07654e+08
1.09403e+08
1.11976e+08
1.15223e+08
1.18792e+08
1.22342e+08
1.25898e+08
1.28991e+08
1.31408e+08
1.32749e+08
1.33157e+08
1.32586e+08
1.31334e+08
1.29623e+08
1.27904e+08
1.26389e+08
1.251e+08
1.24077e+08
1.23025e+08
1.21753e+08
1.19865e+08
1.17358e+08
1.14316e+08
1.11186e+08
1.08222e+08
1.05938e+08
1.04702e+08
1.04724e+08
1.06078e+08
1.08752e+08
1.12597e+08
1.17319e+08
1.2228e+08
1.26727e+08
1.29812e+08
1.30982e+08
1.3011e+08
1.27638e+08
1.2421e+08
1.20881e+08
1.18794e+08
1.18358e+08
1.19889e+08
1.22895e+08
1.26211e+08
1.28603e+08
1.29181e+08
1.28226e+08
1.26309e+08
1.23931e+08
1.21157e+08
1.17966e+08
1.14033e+08
1.09352e+08
1.04002e+08
9.8412e+07
9.30531e+07
8.83668e+07
8.49926e+07
8.32727e+07
8.32745e+07
8.50877e+07
8.80223e+07
9.15446e+07
9.55304e+07
9.98366e+07
1.04495e+08
1.09075e+08
1.13129e+08
1.15666e+08
1.16267e+08
1.14977e+08
1.1203e+08
1.0812e+08
1.04159e+08
1.00777e+08
9.83297e+07
9.70577e+07
9.67851e+07
9.71517e+07
9.79188e+07
9.867e+07
9.90619e+07
9.90881e+07
9.85435e+07
9.74598e+07
9.60329e+07
9.43247e+07
9.25823e+07
9.08645e+07
8.91978e+07
8.7534e+07
8.59244e+07
8.44751e+07
8.32042e+07
8.22624e+07
8.17471e+07
8.15948e+07
8.19632e+07
8.26387e+07
8.36508e+07
8.47872e+07
8.58603e+07
8.66314e+07
8.70639e+07
8.72776e+07
8.72422e+07
8.71584e+07
8.696e+07
8.63663e+07
8.5395e+07
8.44882e+07
8.38858e+07
8.36873e+07
8.39005e+07
8.43493e+07
8.47742e+07
8.54205e+07
8.64172e+07
8.83358e+07
9.14304e+07
9.56098e+07
1.00753e+08
1.06234e+08
1.11271e+08
1.15074e+08
1.17272e+08
1.1765e+08
1.16266e+08
1.13685e+08
1.1066e+08
1.08164e+08
1.07069e+08
1.07976e+08
1.10951e+08
1.15656e+08
1.21094e+08
1.26029e+08
1.29516e+08
1.3123e+08
1.31352e+08
1.30498e+08
1.28994e+08
1.26812e+08
1.24057e+08
1.20834e+08
1.17222e+08
1.13363e+08
1.09425e+08
1.05385e+08
1.01278e+08
9.70352e+07
9.27365e+07
8.86512e+07
8.50697e+07
8.23143e+07
8.04639e+07
7.95454e+07
7.92191e+07
7.91172e+07
7.89092e+07
7.80585e+07
7.64061e+07
7.37495e+07
7.03092e+07
6.63657e+07
6.22172e+07
5.82644e+07
5.51492e+07
5.32124e+07
5.29512e+07
5.46903e+07
5.85662e+07
6.42867e+07
7.10841e+07
7.81019e+07
8.43423e+07
8.90428e+07
9.22277e+07
9.37704e+07
9.3941e+07
9.30672e+07
9.12541e+07
8.86861e+07
8.54886e+07
8.18079e+07
7.79294e+07
7.42742e+07
7.13454e+07
6.96699e+07
6.94137e+07
7.05448e+07
7.25443e+07
7.47518e+07
7.67275e+07
7.83475e+07
7.98296e+07
8.13248e+07
8.31468e+07
8.54789e+07
8.82759e+07
9.13501e+07
9.44183e+07
9.72797e+07
9.96924e+07
1.0158e+08
1.02944e+08
1.0343e+08
1.03194e+08
1.02389e+08
1.01249e+08
1.00135e+08
9.92572e+07
9.86447e+07
9.81693e+07
9.7824e+07
9.7487e+07
9.73773e+07
9.74359e+07
9.75417e+07
9.76344e+07
9.7407e+07
9.66834e+07
9.56161e+07
9.46479e+07
9.45791e+07
9.57297e+07
9.82837e+07
1.01735e+08
1.05512e+08
1.08775e+08
1.11063e+08
1.11977e+08
1.1174e+08
1.10625e+08
1.09479e+08
1.08774e+08
1.08884e+08
1.09974e+08
1.11501e+08
1.1281e+08
1.1307e+08
1.12016e+08
1.10182e+08
1.08214e+08
1.06557e+08
1.05402e+08
1.04873e+08
1.04924e+08
1.05467e+08
1.06284e+08
1.0742e+08
1.08851e+08
1.10487e+08
1.1197e+08
1.13109e+08
1.1358e+08
1.13455e+08
1.12714e+08
1.11725e+08
1.10721e+08
1.09827e+08
1.0891e+08
1.07953e+08
1.06856e+08
1.05717e+08
1.04895e+08
1.04411e+08
1.04067e+08
1.03527e+08
1.02441e+08
1.00557e+08
9.7733e+07
9.41468e+07
9.03214e+07
8.66934e+07
8.37892e+07
8.19132e+07
8.12584e+07
8.16993e+07
8.28964e+07
8.44429e+07
8.58803e+07
8.69726e+07
8.77642e+07
8.83289e+07
8.88824e+07
8.95262e+07
9.05217e+07
9.20342e+07
9.39731e+07
9.62191e+07
9.84256e+07
1.0013e+08
1.01105e+08
1.01472e+08
1.01422e+08
1.01209e+08
1.00637e+08
9.97144e+07
9.8573e+07
9.76976e+07
9.78705e+07
9.93622e+07
1.02108e+08
1.05426e+08
1.08451e+08
1.10264e+08
1.10458e+08
1.09169e+08
1.07123e+08
1.05332e+08
1.03934e+08
1.03025e+08
1.02263e+08
1.01283e+08
9.99185e+07
9.83676e+07
9.69811e+07
9.64809e+07
9.68459e+07
9.76093e+07
9.79333e+07
9.73209e+07
9.61285e+07
9.51554e+07
9.50536e+07
9.56426e+07
9.68149e+07
9.81321e+07
9.91927e+07
9.9675e+07
9.93776e+07
9.84009e+07
9.69974e+07
9.57276e+07
9.50718e+07
9.54896e+07
9.67234e+07
9.84702e+07
9.98911e+07
1.00628e+08
1.0053e+08
9.97696e+07
9.88405e+07
9.79551e+07
9.73941e+07
9.74217e+07
9.80661e+07
9.93141e+07
1.01196e+08
1.03162e+08
1.04267e+08
1.03229e+08
9.99573e+07
9.54118e+07
9.08519e+07
8.73257e+07
8.53426e+07
8.4913e+07
8.58478e+07
8.78174e+07
9.03425e+07
9.2651e+07
9.39215e+07
9.36807e+07
9.19772e+07
8.96633e+07
8.74818e+07
8.6088e+07
8.56056e+07
8.59264e+07
8.69842e+07
8.86657e+07
9.05212e+07
9.24203e+07
9.42294e+07
9.54158e+07
9.56417e+07
9.48494e+07
9.3072e+07
9.07998e+07
8.83278e+07
8.60563e+07
8.41963e+07
8.24917e+07
8.10552e+07
7.97075e+07
7.85177e+07
7.78597e+07
7.77713e+07
7.85352e+07
8.03948e+07
8.29168e+07
8.5844e+07
8.8998e+07
9.1926e+07
9.42505e+07
9.56579e+07
9.61564e+07
9.60031e+07
9.56823e+07
9.57266e+07
9.61728e+07
9.67287e+07
9.71213e+07
9.69493e+07
9.62096e+07
9.50515e+07
9.38324e+07
9.27018e+07
9.20932e+07
