-8.23664e-21
-8.22439e-21
-8.20553e-21
-8.18417e-21
-8.16024e-21
-8.13947e-21
-8.12551e-21
-8.12351e-21
-8.13234e-21
-8.15426e-21
-8.18615e-21
-8.22482e-21
-8.2676e-21
-8.3084e-21
-8.34028e-21
-8.35915e-21
-8.36118e-21
-8.35424e-21
-8.3417e-21
-8.33165e-21
-8.32813e-21
-8.33009e-21
-8.33702e-21
-8.34172e-21
-8.34295e-21
-8.33719e-21
-8.32364e-21
-8.30545e-21
-8.28464e-21
-8.26273e-21
-8.24252e-21
-8.22421e-21
-8.20728e-21
-8.18917e-21
-8.16865e-21
-8.14307e-21
-8.11191e-21
-8.07609e-21
-8.0381e-21
-8.00666e-21
-7.98206e-21
-7.97475e-21
-7.98551e-21
-8.01266e-21
-8.05234e-21
-8.1002e-21
-8.14512e-21
-8.18438e-21
-8.21149e-21
-8.22742e-21
-8.23448e-21
-8.23502e-21
-8.22772e-21
-8.21755e-21
-8.20737e-21
-8.19996e-21
-8.19614e-21
-8.19689e-21
-8.20026e-21
-8.20226e-21
-8.19993e-21
-8.19929e-21
-8.20276e-21
-8.20791e-21
-8.21967e-21
-8.23258e-21
-8.24296e-21
-8.24817e-21
-8.24009e-21
-8.21759e-21
-8.17877e-21
-8.13312e-21
-8.09086e-21
-8.05784e-21
-8.04809e-21
-8.05141e-21
-8.06488e-21
-8.08172e-21
-8.10063e-21
-8.12426e-21
-8.15182e-21
-8.18403e-21
-8.21533e-21
-8.24224e-21
-8.26206e-21
-8.27296e-21
-8.27595e-21
-8.26769e-21
-8.25591e-21
-8.2373e-21
-8.2201e-21
-8.20457e-21
-8.19916e-21
-8.2039e-21
-8.22207e-21
-8.25396e-21
-8.30027e-21
-8.35472e-21
-8.41014e-21
-8.46113e-21
-8.49879e-21
-8.52459e-21
-8.53483e-21
-8.53183e-21
-8.51632e-21
-8.49679e-21
-8.47136e-21
-8.44533e-21
-8.423e-21
-8.40494e-21
-8.38711e-21
-8.37037e-21
-8.3569e-21
-8.34384e-21
-8.33379e-21
-8.32545e-21
-8.3172e-21
-8.31334e-21
-8.31425e-21
-8.31959e-21
-8.33438e-21
-8.35702e-21
-8.38253e-21
-8.40819e-21
-8.42855e-21
-8.43781e-21
-8.43479e-21
-8.41757e-21
-8.39006e-21
-8.35039e-21
-8.30702e-21
-8.2655e-21
-8.23094e-21
-8.20202e-21
-8.18005e-21
-8.16609e-21
-8.15751e-21
-8.1574e-21
-8.17138e-21
-8.20112e-21
-8.24126e-21
-8.28835e-21
-8.3323e-21
-8.36501e-21
-8.38494e-21
-8.39127e-21
-8.38001e-21
-8.35643e-21
-8.32078e-21
-8.2756e-21
-8.22571e-21
-8.1755e-21
-8.13062e-21
-8.09655e-21
-8.07889e-21
-8.08012e-21
-8.10279e-21
-8.14526e-21
-8.20217e-21
-8.26556e-21
-8.32495e-21
-8.37181e-21
-8.40339e-21
-8.42079e-21
-8.42352e-21
-8.41835e-21
-8.41838e-21
-8.42595e-21
-8.43399e-21
-8.44037e-21
-8.43863e-21
-8.42672e-21
-8.40538e-21
-8.37214e-21
-8.32808e-21
-8.2746e-21
-8.20872e-21
-8.1359e-21
-8.06286e-21
-8.00009e-21
-7.96223e-21
-7.9571e-21
-7.97353e-21
-7.99426e-21
-8.00568e-21
-8.00245e-21
-7.98856e-21
-7.97238e-21
-7.96314e-21
-7.97127e-21
-8.00093e-21
-8.04742e-21
-8.10365e-21
-8.16356e-21
-8.21938e-21
-8.26656e-21
-8.30192e-21
-8.32663e-21
-8.33693e-21
-8.33537e-21
-8.32309e-21
-8.29948e-21
-8.28006e-21
-8.27283e-21
-8.28755e-21
-8.32788e-21
-8.38667e-21
-8.44805e-21
-8.50063e-21
-8.53041e-21
-8.53497e-21
-8.51319e-21
-8.47155e-21
-8.41784e-21
-8.35606e-21
-8.29556e-21
-8.24312e-21
-8.20096e-21
-8.16849e-21
-8.14543e-21
-8.12653e-21
-8.10721e-21
-8.08624e-21
-8.06195e-21
-8.03872e-21
-8.0225e-21
-8.01114e-21
-8.01596e-21
-8.033e-21
-8.06402e-21
-8.09858e-21
-8.13225e-21
-8.16137e-21
-8.17952e-21
-8.19205e-21
-8.19802e-21
-8.20496e-21
-8.21666e-21
-8.23163e-21
-8.25343e-21
-8.27282e-21
-8.2947e-21
-8.30883e-21
-8.31235e-21
-8.30176e-21
-8.27631e-21
-8.23791e-21
-8.18669e-21
-8.12901e-21
-8.07963e-21
-8.04709e-21
-8.03943e-21
-8.0541e-21
-8.08646e-21
-8.12153e-21
-8.15906e-21
-8.19293e-21
-8.22204e-21
-8.24855e-21
-8.27001e-21
-8.28814e-21
-8.29726e-21
-8.29673e-21
-8.29042e-21
-8.27707e-21
-8.25786e-21
-8.23467e-21
-8.21539e-21
-8.20001e-21
-8.19008e-21
-8.1878e-21
-8.1866e-21
-8.19301e-21
-8.20406e-21
-8.22339e-21
-8.25265e-21
-8.28681e-21
-8.32074e-21
-8.34724e-21
-8.3593e-21
-8.34676e-21
-8.31294e-21
-8.2637e-21
-8.21189e-21
-8.1694e-21
-8.15127e-21
-8.15995e-21
-8.19414e-21
-8.24446e-21
-8.30654e-21
-8.36991e-21
-8.42807e-21
-8.47576e-21
-8.51025e-21
-8.52626e-21
-8.52306e-21
-8.49894e-21
-8.45793e-21
-8.40144e-21
-8.34026e-21
-8.28175e-21
-8.23797e-21
-8.21535e-21
-8.21399e-21
-8.23189e-21
-8.26228e-21
-8.29357e-21
-8.32284e-21
-8.34855e-21
-8.36551e-21
-8.3785e-21
-8.38633e-21
-8.39049e-21
-8.39395e-21
-8.40168e-21
-8.41605e-21
-8.43302e-21
-8.44697e-21
-8.45415e-21
-8.45666e-21
-8.45806e-21
-8.46458e-21
-8.47943e-21
-8.50194e-21
-8.52082e-21
-8.53306e-21
-8.5321e-21
-8.51644e-21
-8.48732e-21
-8.44162e-21
-8.38868e-21
-8.33536e-21
-8.29214e-21
-8.26918e-21
-8.26646e-21
-8.27574e-21
-8.28811e-21
-8.29468e-21
-8.29063e-21
-8.27503e-21
-8.24966e-21
-8.22031e-21
-8.19514e-21
-8.18114e-21
-8.18096e-21
-8.19191e-21
-8.21349e-21
-8.23766e-21
-8.26397e-21
-8.28839e-21
-8.31027e-21
-8.32747e-21
-8.33882e-21
-8.34847e-21
-8.35769e-21
-8.36545e-21
-8.37625e-21
-8.38483e-21
-8.38973e-21
-8.39092e-21
-8.38976e-21
-8.38563e-21
-8.37612e-21
-8.36467e-21
-8.34053e-21
-8.30825e-21
-8.27015e-21
-8.22984e-21
-8.18577e-21
-8.14327e-21
-8.10264e-21
-8.07051e-21
-8.05275e-21
-8.0538e-21
-8.07385e-21
-8.11393e-21
-8.16367e-21
-8.21665e-21
-8.26631e-21
-8.30855e-21
-8.34218e-21
-8.36722e-21
-8.38439e-21
-8.39849e-21
-8.41464e-21
-8.43399e-21
-8.45132e-21
-8.46288e-21
-8.46282e-21
-8.44794e-21
-8.42143e-21
-8.393e-21
-8.37095e-21
-8.35706e-21
-8.35243e-21
-8.35037e-21
-8.34474e-21
-8.33279e-21
-8.31159e-21
-8.28196e-21
-8.24485e-21
-8.20398e-21
-8.1682e-21
-8.14171e-21
-8.13079e-21
-8.13606e-21
-8.15705e-21
-8.18263e-21
-8.21175e-21
-8.2392e-21
-8.26115e-21
-8.27722e-21
-8.28915e-21
-8.29561e-21
-8.2929e-21
-8.28483e-21
-8.26349e-21
-8.23438e-21
-8.19416e-21
-8.14476e-21
-8.09222e-21
-8.04278e-21
-8.00835e-21
-7.99268e-21
-8.00246e-21
-8.03127e-21
-8.07046e-21
-8.11602e-21
-8.16191e-21
-8.20489e-21
-8.24273e-21
-8.27815e-21
-8.30376e-21
-8.3229e-21
-8.33167e-21
-8.32989e-21
-8.31959e-21
-8.29629e-21
-8.26735e-21
-8.23185e-21
-8.19707e-21
-8.16957e-21
-8.15076e-21
-8.14545e-21
-8.15242e-21
-8.16698e-21
-8.18552e-21
-8.20954e-21
-8.2329e-21
-8.25267e-21
-8.2709e-21
-8.28742e-21
-8.30245e-21
-8.31923e-21
-8.33922e-21
-8.36111e-21
-8.38266e-21
-8.39999e-21
-8.4111e-21
-8.41541e-21
-8.41014e-21
-8.39792e-21
-8.38322e-21
-8.37082e-21
-8.35729e-21
-8.34887e-21
-8.34774e-21
-8.35123e-21
-8.35828e-21
-8.36544e-21
-8.36736e-21
-8.36282e-21
-8.34941e-21
-8.32631e-21
-8.29507e-21
-8.2625e-21
-8.22717e-21
-8.19244e-21
-8.16532e-21
-8.14766e-21
-8.14324e-21
-8.15013e-21
-8.16717e-21
-8.19011e-21
-8.21861e-21
-8.25095e-21
-8.28317e-21
-8.31387e-21
-8.34128e-21
-8.36737e-21
-8.38926e-21
-8.41258e-21
-8.43566e-21
-8.45657e-21
-8.47463e-21
-8.48709e-21
-8.49399e-21
-8.49431e-21
-8.48604e-21
-8.46973e-21
-8.44001e-21
-8.39463e-21
-8.33861e-21
-8.27372e-21
-8.21069e-21
-8.15695e-21
-8.1206e-21
-8.10608e-21
-8.11362e-21
-8.14137e-21
-8.18324e-21
-8.22675e-21
-8.26993e-21
-8.30654e-21
-8.33476e-21
-8.35727e-21
-8.37999e-21
-8.39993e-21
-8.418e-21
-8.43106e-21
-8.43812e-21
-8.43431e-21
-8.42312e-21
-8.40287e-21
-8.38088e-21
-8.35745e-21
-8.33513e-21
-8.31728e-21
-8.30175e-21
-8.29535e-21
-8.29481e-21
-8.30335e-21
-8.31898e-21
-8.3384e-21
-8.35839e-21
-8.37598e-21
-8.39263e-21
-8.40685e-21
-8.41668e-21
-8.425e-21
-8.4304e-21
-8.4342e-21
-8.43437e-21
-8.42724e-21
-8.41041e-21
-8.38361e-21
-8.34749e-21
-8.30618e-21
-8.26718e-21
-8.23338e-21
-8.20606e-21
-8.18657e-21
-8.16645e-21
-8.14539e-21
-8.123e-21
-8.10106e-21
-8.08227e-21
-8.06901e-21
-8.06504e-21
-8.07254e-21
-8.0912e-21
-8.11953e-21
-8.1521e-21
-8.18271e-21
-8.20672e-21
-8.21913e-21
-8.21917e-21
-8.20543e-21
-8.18358e-21
-8.15646e-21
-8.12715e-21
-8.10238e-21
-8.08585e-21
-8.07802e-21
-8.08088e-21
-8.08845e-21
-8.10577e-21
-8.12589e-21
-8.15154e-21
-8.17828e-21
-8.20287e-21
-8.22596e-21
-8.24678e-21
-8.26645e-21
-8.28559e-21
-8.30534e-21
-8.32406e-21
-8.33155e-21
-8.33231e-21
-8.32288e-21
-8.304e-21
-8.27587e-21
-8.24332e-21
-8.21131e-21
-8.17603e-21
-8.14567e-21
-8.12177e-21
-8.11089e-21
-8.10823e-21
-8.11624e-21
-8.13092e-21
-8.15085e-21
-8.16876e-21
-8.18245e-21
-8.19303e-21
-8.19917e-21
-8.20555e-21
-8.21319e-21
-8.22874e-21
-8.25147e-21
-8.28132e-21
-8.31169e-21
-8.34172e-21
-8.36403e-21
-8.37382e-21
-8.36882e-21
-8.34871e-21
-8.31369e-21
-8.26544e-21
-8.20666e-21
-8.1454e-21
-8.09028e-21
-8.05213e-21
-8.03755e-21
-8.04815e-21
-8.07766e-21
-8.11997e-21
-8.16141e-21
-8.18546e-21
-8.1899e-21
-8.16862e-21
-8.1278e-21
-8.08297e-21
-8.04902e-21
-8.03833e-21
-8.04506e-21
-8.06234e-21
-8.08382e-21
-8.10918e-21
-8.13701e-21
-8.17317e-21
-8.2177e-21
-8.27127e-21
-8.3282e-21
-8.38322e-21
-8.43225e-21
-8.46594e-21
-8.4808e-21
-8.47723e-21
-8.45117e-21
-8.4142e-21
-8.37329e-21
-8.32768e-21
-8.27985e-21
-8.22743e-21
-8.17602e-21
-8.12863e-21
-8.10115e-21
-8.09768e-21
-8.11557e-21
-8.15318e-21
-8.20204e-21
-8.24976e-21
-8.28928e-21
-8.31734e-21
-8.32991e-21
-8.32998e-21
-8.32272e-21
-8.30934e-21
-8.29578e-21
-8.28726e-21
-8.28182e-21
-8.28342e-21
-8.29133e-21
-8.30201e-21
-8.31605e-21
-8.32947e-21
-8.34221e-21
-8.35415e-21
-8.36665e-21
-8.37879e-21
-8.38882e-21
-8.39761e-21
-8.40294e-21
-8.40354e-21
-8.40147e-21
-8.39271e-21
-8.38181e-21
-8.36683e-21
-8.35108e-21
-8.3366e-21
-8.32692e-21
-8.32185e-21
-8.31919e-21
-8.32136e-21
-8.32423e-21
-8.32822e-21
-8.33839e-21
-8.35482e-21
-8.37033e-21
-8.38329e-21
-8.39305e-21
-8.39822e-21
-8.40065e-21
-8.40524e-21
-8.40712e-21
-8.40692e-21
-8.39528e-21
-8.3691e-21
-8.3305e-21
-8.27841e-21
-8.22079e-21
-8.16765e-21
-8.12957e-21
-8.10941e-21
-8.11022e-21
-8.13272e-21
-8.16948e-21
-8.212e-21
-8.24806e-21
-8.26714e-21
-8.26164e-21
-8.23142e-21
-8.17945e-21
-8.11848e-21
-8.06391e-21
-8.02687e-21
-8.01116e-21
-8.01529e-21
-8.02912e-21
-8.04781e-21
-8.07327e-21
-8.10352e-21
-8.1371e-21
-8.174e-21
-8.2127e-21
-8.25044e-21
-8.28828e-21
-8.32543e-21
-8.36394e-21
-8.4033e-21
-8.43976e-21
-8.47012e-21
-8.49018e-21
-8.50006e-21
-8.49857e-21
-8.49087e-21
-8.48104e-21
-8.4717e-21
-8.47125e-21
-8.48044e-21
-8.50338e-21
-8.53621e-21
-8.5756e-21
-8.61913e-21
-8.66262e-21
-8.69648e-21
-8.71895e-21
-8.72393e-21
-8.70757e-21
-8.66691e-21
-8.60462e-21
-8.53033e-21
-8.453e-21
-8.38546e-21
-8.33797e-21
-8.30611e-21
-8.29333e-21
-8.29554e-21
-8.30751e-21
-8.32901e-21
-8.35753e-21
-8.39221e-21
-8.4323e-21
-8.47468e-21
-8.51449e-21
-8.54605e-21
-8.56274e-21
-8.56379e-21
-8.54836e-21
-8.52312e-21
-8.49685e-21
-8.4751e-21
-8.45941e-21
-8.44586e-21
-8.43357e-21
-8.41759e-21
-8.395e-21
-8.36666e-21
-8.33512e-21
-8.30428e-21
-8.27602e-21
-8.25399e-21
-8.2383e-21
-8.22733e-21
-8.22858e-21
-8.2381e-21
-8.25393e-21
-8.27378e-21
-8.2924e-21
-8.30716e-21
-8.31803e-21
-8.32752e-21
-8.33491e-21
-8.34294e-21
-8.34667e-21
-8.34806e-21
-8.34979e-21
-8.35153e-21
-8.35798e-21
-8.37148e-21
-8.38999e-21
-8.40872e-21
-8.41574e-21
-8.40837e-21
-8.38219e-21
-8.34489e-21
-8.30255e-21
-8.26699e-21
-8.2423e-21
-8.23485e-21
-8.2406e-21
-8.25842e-21
-8.27485e-21
-8.28522e-21
-8.28495e-21
-8.27075e-21
-8.25151e-21
-8.23443e-21
-8.23112e-21
-8.24544e-21
-8.26884e-21
-8.293e-21
-8.31296e-21
-8.32703e-21
-8.33269e-21
-8.3303e-21
-8.32078e-21
-8.30877e-21
-8.29261e-21
-8.27204e-21
-8.24738e-21
-8.22454e-21
-8.20493e-21
-8.19405e-21
-8.18945e-21
-8.1932e-21
-8.1995e-21
-8.20589e-21
-8.21092e-21
-8.21712e-21
-8.22332e-21
-8.23167e-21
-8.24149e-21
-8.24621e-21
-8.24605e-21
-8.24391e-21
-8.2441e-21
-8.25063e-21
-8.26622e-21
-8.29357e-21
-8.3308e-21
-8.37035e-21
-8.40817e-21
-8.43747e-21
-8.45512e-21
-8.45818e-21
-8.44875e-21
-8.43152e-21
-8.41111e-21
-8.39351e-21
-8.38134e-21
-8.37309e-21
-8.36836e-21
-8.36381e-21
-8.35904e-21
-8.34969e-21
-8.33322e-21
-8.31183e-21
-8.28617e-21
-8.26057e-21
-8.24172e-21
-8.23229e-21
-8.22978e-21
-8.23262e-21
-8.23688e-21
-8.24678e-21
-8.26062e-21
-8.27738e-21
-8.2922e-21
-8.29361e-21
-8.27864e-21
-8.24652e-21
-8.20623e-21
-8.16822e-21
-8.1449e-21
-8.1407e-21
-8.15428e-21
-8.17621e-21
-8.19148e-21
-8.20258e-21
-8.20717e-21
-8.2097e-21
-8.21489e-21
-8.22506e-21
-8.2376e-21
-8.24951e-21
-8.24899e-21
-8.23831e-21
-8.22347e-21
-8.21535e-21
-8.221e-21
-8.2359e-21
-8.24917e-21
-8.25066e-21
-8.24547e-21
-8.23302e-21
-8.21901e-21
-8.20807e-21
-8.20396e-21
-8.20969e-21
-8.22365e-21
-8.24351e-21
-8.26149e-21
-8.27211e-21
-8.26802e-21
-8.25481e-21
-8.23416e-21
-8.21881e-21
-8.21193e-21
-8.21626e-21
-8.23002e-21
-8.24488e-21
-8.25944e-21
-8.27003e-21
-8.27268e-21
-8.26842e-21
-8.25821e-21
-8.2396e-21
-8.21962e-21
-8.20946e-21
-8.22804e-21
-8.27489e-21
-8.33706e-21
-8.39936e-21
-8.44798e-21
-8.47621e-21
-8.48485e-21
-8.47647e-21
-8.45466e-21
-8.42448e-21
-8.39602e-21
-8.37995e-21
-8.38175e-21
-8.40176e-21
-8.42768e-21
-8.45155e-21
-8.46436e-21
-8.46576e-21
-8.45794e-21
-8.4405e-21
-8.41374e-21
-8.38615e-21
-8.35784e-21
-8.32815e-21
-8.3057e-21
-8.29503e-21
-8.29596e-21
-8.30928e-21
-8.3272e-21
-8.34778e-21
-8.36557e-21
-8.3776e-21
-8.39029e-21
-8.39993e-21
-8.41048e-21
-8.42136e-21
-8.4262e-21
-8.42752e-21
-8.42064e-21
-8.39946e-21
-8.37244e-21
-8.3424e-21
-8.30961e-21
-8.28047e-21
-8.25937e-21
-8.25042e-21
-8.25305e-21
-8.26433e-21
-8.27794e-21
-8.28539e-21
-8.28698e-21
-8.28731e-21
-8.28868e-21
-8.29739e-21
-8.31268e-21
-8.33293e-21
-8.35317e-21
-8.37389e-21
-8.38774e-21
