131.707
131.152
130.314
129.259
128.139
127.161
126.523
126.378
126.805
127.815
129.355
131.294
133.408
135.39
136.917
137.768
137.902
137.495
136.865
136.344
136.138
136.256
136.543
136.781
136.793
136.49
135.884
135.042
134.062
133.04
132.052
131.132
130.254
129.355
128.34
127.117
125.637
123.931
122.145
120.53
119.392
118.99
119.461
120.76
122.676
124.89
127.059
128.894
130.227
131.021
131.337
131.279
130.951
130.46
129.944
129.55
129.377
129.426
129.601
129.77
129.838
129.832
129.89
130.163
130.695
131.379
131.976
132.191
131.765
130.582
128.732
126.528
124.451
122.99
122.41
122.619
123.281
124.106
125.032
126.149
127.504
129.01
130.497
131.785
132.73
133.244
133.304
132.953
132.3
131.486
130.68
130.051
129.765
129.983
130.836
132.388
134.575
137.168
139.832
142.221
144.076
145.261
145.756
145.611
144.935
143.883
142.643
141.398
140.272
139.303
138.466
137.718
137.043
136.449
135.952
135.549
135.235
135.037
135.032
135.339
136.041
137.122
138.438
139.749
140.781
141.301
141.167
140.347
138.923
137.067
135.022
133.041
131.324
129.952
128.903
128.133
127.67
127.665
128.316
129.716
131.726
134
136.121
137.761
138.736
138.981
138.498
137.335
135.59
133.42
131.023
128.623
126.468
124.835
123.995
124.127
125.27
127.309
129.995
132.972
135.815
138.138
139.687
140.431
140.575
140.483
140.496
140.753
141.141
141.413
141.341
140.79
139.711
138.106
135.991
133.372
130.263
126.771
123.221
120.215
118.423
118.114
118.883
119.92
120.531
120.436
119.766
118.949
118.527
118.944
120.352
122.584
125.299
128.143
130.826
133.129
134.896
136.054
136.587
136.512
135.883
134.888
133.926
133.553
134.264
136.2
139.013
142.013
144.48
145.917
146.126
145.146
143.184
140.543
137.584
134.675
132.118
130.083
128.575
127.462
126.537
125.604
124.555
123.407
122.285
121.393
120.953
121.138
121.997
123.41
125.103
126.74
128.05
128.914
129.398
129.699
130.046
130.599
131.407
132.411
133.48
134.44
135.098
135.268
134.792
133.575
131.625
129.103
126.367
123.946
122.399
122.054
122.834
124.348
126.15
127.938
129.574
131.028
132.295
133.344
134.111
134.527
134.562
134.233
133.588
132.697
131.674
130.695
129.94
129.497
129.338
129.401
129.674
130.22
131.129
132.446
134.083
135.781
137.133
137.703
137.194
135.585
133.184
130.586
128.498
127.49
127.813
129.379
131.869
134.866
137.962
140.806
143.133
144.75
145.523
145.369
144.265
142.284
139.629
136.664
133.875
131.761
130.669
130.663
131.528
132.898
134.421
135.846
137.039
137.943
138.546
138.875
139.028
139.195
139.593
140.299
141.155
141.876
142.271
142.38
142.448
142.763
143.456
144.398
145.285
145.803
145.733
144.964
143.474
141.34
138.796
136.245
134.195
133.038
132.834
133.282
133.903
134.268
134.109
133.356
132.143
130.775
129.62
128.98
128.984
129.573
130.578
131.806
133.088
134.291
135.312
136.094
136.654
137.084
137.505
137.989
138.498
138.912
139.137
139.17
139.078
138.89
138.528
137.842
136.725
135.19
133.35
131.343
129.276
127.236
125.359
123.868
123.047
123.134
124.198
126.085
128.475
131.009
133.395
135.446
137.07
138.267
139.133
139.85
140.617
141.515
142.412
143.007
142.992
142.249
140.957
139.537
138.411
137.765
137.493
137.345
137.073
136.484
135.46
133.981
132.153
130.204
128.452
127.234
126.791
127.166
128.18
129.535
130.954
132.255
133.351
134.2
134.763
135.003
134.884
134.373
133.428
131.998
130.056
127.671
125.073
122.674
120.963
120.304
120.764
122.131
124.059
126.222
128.39
130.429
132.268
133.858
135.142
136.055
136.526
136.501
135.943
134.866
133.36
131.61
129.882
128.47
127.598
127.354
127.678
128.417
129.397
130.472
131.54
132.53
133.41
134.196
134.958
135.793
136.758
137.827
138.88
139.753
140.301
140.449
140.207
139.653
138.919
138.164
137.534
137.14
137.025
137.157
137.437
137.71
137.802
137.559
136.887
135.784
134.324
132.643
130.913
129.32
128.047
127.243
126.993
127.302
128.1
129.268
130.669
132.17
133.665
135.087
136.41
137.634
138.776
139.866
140.92
141.905
142.741
143.342
143.663
143.678
143.327
142.492
141.032
138.877
136.112
133.015
129.996
127.462
125.731
125.018
125.394
126.734
128.707
130.892
132.941
134.685
136.12
137.328
138.401
139.388
140.26
140.915
141.219
141.084
140.507
139.59
138.492
137.36
136.295
135.372
134.695
134.362
134.433
134.893
135.66
136.598
137.563
138.448
139.204
139.831
140.354
140.792
141.137
141.345
141.329
140.972
140.159
138.829
137.049
135.042
133.123
131.539
130.341
129.387
128.476
127.483
126.414
125.367
124.472
123.868
123.688
124.038
124.94
126.283
127.844
129.333
130.481
131.092
131.082
130.479
129.412
128.078
126.711
125.54
124.741
124.4
124.501
124.976
125.739
126.735
127.925
129.228
130.5
131.603
132.512
133.341
134.229
135.195
136.086
136.665
136.738
136.247
135.263
133.929
132.393
130.775
129.181
127.739
126.621
125.987
125.907
126.318
127.062
127.952
128.817
129.526
130.013
130.31
130.557
130.963
131.702
132.835
134.277
135.828
137.241
138.282
138.767
138.574
137.639
135.948
133.57
130.696
127.666
124.955
123.053
122.301
122.776
124.249
126.231
128.111
129.309
129.426
128.362
126.404
124.215
122.601
122.036
122.409
123.28
124.316
125.469
126.873
128.68
130.938
133.561
136.347
139.027
141.31
142.912
143.618
143.337
142.175
140.415
138.366
136.176
133.818
131.287
128.769
126.626
125.262
124.974
125.838
127.642
129.952
132.28
134.225
135.544
136.163
136.166
135.744
135.122
134.503
134.031
133.793
133.834
134.155
134.695
135.349
136.021
136.661
137.261
137.841
138.403
138.923
139.348
139.617
139.682
139.522
139.147
138.585
137.886
137.137
136.462
135.983
135.75
135.718
135.787
135.913
136.178
136.705
137.487
138.32
138.97
139.345
139.522
139.651
139.825
139.988
139.93
139.379
138.139
136.179
133.664
130.93
128.413
126.538
125.613
125.761
126.895
128.73
130.807
132.573
133.506
133.252
131.733
129.2
126.232
123.573
121.809
121.086
121.177
121.771
122.686
123.867
125.304
126.949
128.719
130.527
132.325
134.116
135.934
137.806
139.695
141.479
142.981
144.022
144.5
144.44
143.995
143.412
142.961
142.879
143.323
144.346
145.895
147.821
149.923
151.974
153.718
154.863
155.115
154.253
152.217
149.186
145.562
141.889
138.688
136.311
134.869
134.276
134.358
134.961
135.987
137.376
139.075
141.01
143.057
145.003
146.551
147.405
147.407
146.65
145.456
144.212
143.174
142.392
141.761
141.12
140.312
139.245
137.925
136.451
134.973
133.633
132.533
131.739
131.319
131.331
131.778
132.566
133.513
134.424
135.173
135.734
136.156
136.501
136.792
137.008
137.124
137.159
137.219
137.482
138.086
138.967
139.799
140.15
139.721
138.482
136.656
134.636
132.859
131.691
131.307
131.633
132.385
133.19
133.702
133.689
133.113
132.208
131.456
131.333
131.976
133.117
134.344
135.344
135.975
136.225
136.145
135.794
135.202
134.374
133.332
132.166
131.027
130.092
129.506
129.32
129.465
129.781
130.102
130.357
130.596
130.919
131.347
131.773
132.049
132.114
132.047
132.044
132.335
133.1
134.396
136.121
138.031
139.821
141.211
142.015
142.163
141.72
140.876
139.903
139.053
138.465
138.127
137.935
137.764
137.497
137.021
136.25
135.181
133.93
132.718
131.796
131.317
131.243
131.393
131.635
132.028
132.696
133.554
134.233
134.301
133.53
132.003
130.082
128.295
127.157
126.955
127.586
128.608
129.515
130.027
130.188
130.25
130.476
130.979
131.645
132.171
132.231
131.727
130.987
130.583
130.832
131.49
132.058
132.203
131.88
131.243
130.53
129.99
129.816
130.105
130.815
131.761
132.641
133.13
133.017
132.343
131.419
130.665
130.37
130.566
131.11
131.803
132.47
132.969
133.194
133.06
132.519
131.62
130.656
130.251
131.088
133.313
136.339
139.31
141.622
143.009
143.439
143.01
141.921
140.475
139.102
138.29
138.376
139.294
140.594
141.746
142.413
142.493
142.043
141.177
140.006
138.637
137.198
135.861
134.838
134.322
134.403
135.01
135.935
136.929
137.8
138.478
139.006
139.484
139.981
140.47
140.812
140.828
140.386
139.473
138.18
136.658
135.086
133.679
132.673
132.241
132.391
132.924
133.521
133.917
134.042
134.034
134.136
134.545
135.307
136.321
137.395
138.323
138.943
