-5.50901e-21
-5.50826e-21
-5.50676e-21
-5.50726e-21
-5.5065e-21
-5.506e-21
-5.50525e-21
-5.50625e-21
-5.50625e-21
-5.50725e-21
-5.50725e-21
-5.50575e-21
-5.50475e-21
-5.50451e-21
-5.50476e-21
-5.50601e-21
-5.50526e-21
-5.50676e-21
-5.50725e-21
-5.508e-21
-5.50875e-21
-5.50826e-21
-5.50926e-21
-5.50901e-21
-5.51001e-21
-5.51051e-21
-5.50951e-21
-5.50876e-21
-5.50826e-21
-5.5075e-21
-5.50775e-21
-5.50851e-21
-5.50976e-21
-5.51026e-21
-5.51076e-21
-5.51051e-21
-5.51001e-21
-5.50951e-21
-5.5085e-21
-5.5105e-21
-5.5095e-21
-5.5105e-21
-5.5115e-21
-5.51175e-21
-5.51176e-21
-5.51376e-21
-5.51377e-21
-5.51502e-21
-5.51452e-21
-5.51402e-21
-5.51452e-21
-5.51627e-21
-5.51577e-21
-5.51577e-21
-5.51627e-21
-5.51702e-21
-5.51677e-21
-5.51652e-21
-5.51627e-21
-5.51477e-21
-5.51102e-21
-5.51051e-21
-5.51276e-21
-5.51226e-21
-5.51302e-21
-5.51177e-21
-5.50977e-21
-5.51052e-21
-5.51128e-21
-5.51328e-21
-5.51277e-21
-5.51277e-21
-5.51351e-21
-5.51075e-21
-5.51301e-21
-5.51201e-21
-5.51176e-21
-5.51151e-21
-5.51126e-21
-5.51176e-21
-5.51126e-21
-5.51226e-21
-5.51276e-21
-5.51302e-21
-5.51327e-21
-5.51352e-21
-5.51527e-21
-5.51426e-21
-5.51601e-21
-5.51426e-21
-5.51376e-21
-5.51125e-21
-5.51175e-21
-5.512e-21
-5.5125e-21
-5.51225e-21
-5.51325e-21
-5.51401e-21
-5.51426e-21
-5.51577e-21
-5.51502e-21
-5.51627e-21
-5.51627e-21
-5.51627e-21
-5.51476e-21
-5.51701e-21
-5.51726e-21
-5.51701e-21
-5.51801e-21
-5.52001e-21
-5.51951e-21
-5.51826e-21
-5.51876e-21
-5.51801e-21
-5.51826e-21
-5.51826e-21
-5.51651e-21
-5.51676e-21
-5.51776e-21
-5.51676e-21
-5.51701e-21
-5.51726e-21
-5.51551e-21
-5.51401e-21
-5.51301e-21
-5.51151e-21
-5.51126e-21
-5.51101e-21
-5.51301e-21
-5.51176e-21
-5.51075e-21
-5.51025e-21
-5.51125e-21
-5.51075e-21
-5.5105e-21
-5.5125e-21
-5.5135e-21
-5.5135e-21
-5.514e-21
-5.51475e-21
-5.51325e-21
-5.51326e-21
-5.51326e-21
-5.51201e-21
-5.51176e-21
-5.51301e-21
-5.51176e-21
-5.51226e-21
-5.51276e-21
-5.5125e-21
-5.51225e-21
-5.51175e-21
-5.5115e-21
-5.51124e-21
-5.51099e-21
-5.50948e-21
-5.50849e-21
-5.50874e-21
-5.50999e-21
-5.51175e-21
-5.51226e-21
-5.51101e-21
-5.51051e-21
-5.51251e-21
-5.51225e-21
-5.50899e-21
-5.50874e-21
-5.51099e-21
-5.511e-21
-5.51175e-21
-5.5115e-21
-5.511e-21
-5.512e-21
-5.512e-21
-5.51175e-21
-5.51251e-21
-5.511e-21
-5.5105e-21
-5.51099e-21
-5.51048e-21
-5.50973e-21
-5.51099e-21
-5.5115e-21
-5.51076e-21
-5.50951e-21
-5.50825e-21
-5.50824e-21
-5.50899e-21
-5.50848e-21
-5.50798e-21
-5.50848e-21
-5.50873e-21
-5.50874e-21
-5.50974e-21
-5.51e-21
-5.5095e-21
-5.50825e-21
-5.509e-21
-5.50825e-21
-5.50825e-21
-5.509e-21
-5.50599e-21
-5.50648e-21
-5.50698e-21
-5.50697e-21
-5.50723e-21
-5.50774e-21
-5.50699e-21
-5.5085e-21
-5.5085e-21
-5.50875e-21
-5.50724e-21
-5.50624e-21
-5.50724e-21
-5.50673e-21
-5.50648e-21
-5.50698e-21
-5.50698e-21
-5.50573e-21
-5.50573e-21
-5.50599e-21
-5.50599e-21
-5.50674e-21
-5.50624e-21
-5.50624e-21
-5.50848e-21
-5.50623e-21
-5.50723e-21
-5.50648e-21
-5.50823e-21
-5.50774e-21
-5.50749e-21
-5.50949e-21
-5.50974e-21
-5.51225e-21
-5.51199e-21
-5.51174e-21
-5.51199e-21
-5.51024e-21
-5.51124e-21
-5.50849e-21
-5.51049e-21
-5.511e-21
-5.511e-21
-5.51025e-21
-5.51e-21
-5.512e-21
-5.513e-21
-5.51199e-21
-5.51273e-21
-5.51223e-21
-5.51173e-21
-5.51023e-21
-5.51124e-21
-5.50899e-21
-5.5095e-21
-5.50949e-21
-5.50849e-21
-5.50874e-21
-5.5085e-21
-5.51075e-21
-5.51125e-21
-5.51e-21
-5.5105e-21
-5.5105e-21
-5.50975e-21
-5.50774e-21
-5.50874e-21
-5.50899e-21
-5.50824e-21
-5.50924e-21
-5.50674e-21
-5.50749e-21
-5.50724e-21
-5.50773e-21
-5.50974e-21
-5.50999e-21
-5.50875e-21
-5.50725e-21
-5.5075e-21
-5.5055e-21
-5.505e-21
-5.50549e-21
-5.50748e-21
-5.50823e-21
-5.51098e-21
-5.51298e-21
-5.51474e-21
-5.51349e-21
-5.5135e-21
-5.51275e-21
-5.512e-21
-5.51151e-21
-5.51251e-21
-5.51251e-21
-5.51251e-21
-5.51126e-21
-5.51126e-21
-5.50975e-21
-5.51e-21
-5.50924e-21
-5.50923e-21
-5.50923e-21
-5.50799e-21
-5.50799e-21
-5.51e-21
-5.50975e-21
-5.5095e-21
-5.5105e-21
-5.50875e-21
-5.50925e-21
-5.51025e-21
-5.51125e-21
-5.51125e-21
-5.51075e-21
-5.5105e-21
-5.50975e-21
-5.50875e-21
-5.50775e-21
-5.508e-21
-5.50799e-21
-5.50799e-21
-5.50849e-21
-5.5115e-21
-5.51201e-21
-5.51351e-21
-5.51402e-21
-5.51427e-21
-5.51602e-21
-5.51451e-21
-5.51426e-21
-5.51375e-21
-5.513e-21
-5.514e-21
-5.5155e-21
-5.51551e-21
-5.51501e-21
-5.51401e-21
-5.51326e-21
-5.51326e-21
-5.51301e-21
-5.512e-21
-5.51075e-21
-5.50999e-21
-5.50974e-21
-5.50849e-21
-5.50925e-21
-5.508e-21
-5.50775e-21
-5.50725e-21
-5.508e-21
-5.509e-21
-5.50875e-21
-5.5095e-21
-5.51e-21
-5.50774e-21
-5.508e-21
-5.508e-21
-5.50825e-21
-5.50875e-21
-5.5095e-21
-5.50925e-21
-5.50725e-21
-5.51001e-21
-5.50901e-21
-5.5085e-21
-5.5085e-21
-5.50975e-21
-5.5085e-21
-5.50825e-21
-5.5065e-21
-5.50524e-21
-5.50449e-21
-5.50373e-21
-5.50173e-21
-5.50274e-21
-5.50299e-21
-5.5035e-21
-5.50375e-21
-5.5035e-21
-5.5035e-21
-5.50375e-21
-5.50299e-21
-5.50224e-21
-5.50249e-21
-5.50324e-21
-5.502e-21
-5.50125e-21
-5.5015e-21
-5.502e-21
-5.50224e-21
-5.50324e-21
-5.50448e-21
-5.50399e-21
-5.50499e-21
-5.506e-21
-5.506e-21
-5.50625e-21
-5.50625e-21
-5.50725e-21
-5.508e-21
-5.50749e-21
-5.50799e-21
-5.50674e-21
-5.50498e-21
-5.50248e-21
-5.50248e-21
-5.49999e-21
-5.49974e-21
-5.50024e-21
-5.49949e-21
-5.49798e-21
-5.49823e-21
-5.49974e-21
-5.49948e-21
-5.50199e-21
-5.50024e-21
-5.50074e-21
-5.50074e-21
-5.50074e-21
-5.50199e-21
-5.50223e-21
-5.50323e-21
-5.50122e-21
-5.50148e-21
-5.50198e-21
-5.50124e-21
-5.50199e-21
-5.50299e-21
-5.50374e-21
-5.50349e-21
-5.506e-21
-5.50499e-21
-5.50525e-21
-5.50425e-21
-5.503e-21
-5.50425e-21
-5.50324e-21
-5.5055e-21
-5.50624e-21
-5.50724e-21
-5.50899e-21
-5.50824e-21
-5.50799e-21
-5.50824e-21
-5.5075e-21
-5.50575e-21
-5.5075e-21
-5.50875e-21
-5.508e-21
-5.508e-21
-5.50825e-21
-5.5075e-21
-5.50699e-21
-5.50699e-21
-5.50674e-21
-5.5065e-21
-5.50575e-21
-5.5055e-21
-5.50675e-21
-5.5065e-21
-5.50574e-21
-5.50624e-21
-5.50949e-21
-5.50899e-21
-5.50874e-21
-5.50999e-21
-5.51074e-21
-5.512e-21
-5.5135e-21
-5.51351e-21
-5.51401e-21
-5.51451e-21
-5.51426e-21
-5.51326e-21
-5.51551e-21
-5.516e-21
-5.51425e-21
-5.5135e-21
-5.5125e-21
-5.51325e-21
-5.51375e-21
-5.51425e-21
-5.513e-21
-5.5125e-21
-5.51375e-21
-5.51501e-21
-5.51626e-21
-5.51626e-21
-5.51701e-21
-5.51525e-21
-5.516e-21
-5.51726e-21
-5.51776e-21
-5.51851e-21
-5.51851e-21
-5.51876e-21
-5.51876e-21
-5.51776e-21
-5.51877e-21
-5.51927e-21
-5.51852e-21
-5.51977e-21
-5.51901e-21
-5.5185e-21
-5.51725e-21
-5.51675e-21
-5.517e-21
-5.51675e-21
-5.51675e-21
-5.51776e-21
-5.51601e-21
-5.51676e-21
-5.51726e-21
-5.51576e-21
-5.51325e-21
-5.51375e-21
-5.51325e-21
-5.51325e-21
-5.51276e-21
-5.51351e-21
-5.51251e-21
-5.51326e-21
-5.512e-21
-5.51275e-21
-5.51275e-21
-5.5125e-21
-5.51375e-21
-5.51225e-21
-5.51275e-21
-5.51074e-21
-5.50974e-21
-5.50949e-21
-5.5095e-21
-5.5095e-21
-5.50875e-21
-5.50975e-21
-5.511e-21
-5.51e-21
-5.50924e-21
-5.50749e-21
-5.50699e-21
-5.50749e-21
-5.50775e-21
-5.50775e-21
-5.5085e-21
-5.50925e-21
-5.5095e-21
-5.51024e-21
-5.50924e-21
-5.50674e-21
-5.507e-21
-5.50575e-21
-5.50525e-21
-5.505e-21
-5.50474e-21
-5.50449e-21
-5.50374e-21
-5.50349e-21
-5.50374e-21
-5.50374e-21
-5.50424e-21
-5.50449e-21
-5.50425e-21
-5.5045e-21
-5.50425e-21
-5.5045e-21
-5.50325e-21
-5.5035e-21
-5.50399e-21
-5.50299e-21
-5.50249e-21
-5.50249e-21
-5.50174e-21
-5.50249e-21
-5.50024e-21
-5.50174e-21
-5.50124e-21
-5.50224e-21
-5.502e-21
-5.50025e-21
-5.5005e-21
-5.5025e-21
-5.505e-21
-5.50575e-21
-5.5055e-21
-5.50575e-21
-5.50125e-21
-5.5005e-21
-5.50125e-21
-5.50275e-21
-5.50225e-21
-5.50149e-21
-5.50299e-21
-5.50074e-21
-5.50023e-21
-5.49948e-21
-5.50173e-21
-5.50073e-21
-5.50024e-21
-5.49949e-21
-5.50099e-21
-5.50099e-21
-5.49999e-21
-5.50049e-21
-5.50049e-21
-5.50174e-21
-5.50099e-21
-5.50123e-21
-5.50048e-21
-5.50048e-21
-5.49874e-21
-5.49949e-21
-5.50024e-21
-5.49999e-21
-5.49899e-21
-5.49824e-21
-5.49824e-21
-5.49924e-21
-5.49999e-21
-5.50149e-21
-5.50248e-21
-5.50373e-21
-5.50473e-21
-5.50549e-21
-5.50449e-21
-5.50575e-21
-5.50826e-21
-5.50752e-21
-5.50952e-21
-5.51027e-21
-5.51001e-21
-5.5105e-21
-5.51e-21
-5.511e-21
-5.51e-21
-5.50926e-21
-5.50926e-21
-5.51076e-21
-5.5095e-21
-5.50825e-21
-5.506e-21
-5.50525e-21
-5.5045e-21
-5.504e-21
-5.50576e-21
-5.50626e-21
-5.50651e-21
-5.50877e-21
-5.50676e-21
-5.50626e-21
-5.50776e-21
-5.50751e-21
-5.50851e-21
-5.50851e-21
-5.50925e-21
-5.50625e-21
-5.50699e-21
-5.5095e-21
-5.5095e-21
-5.50976e-21
-5.51076e-21
-5.51026e-21
-5.50952e-21
-5.51027e-21
-5.51002e-21
-5.51001e-21
-5.51151e-21
-5.51101e-21
-5.51026e-21
-5.51151e-21
-5.51101e-21
-5.51176e-21
-5.51301e-21
-5.51251e-21
-5.51301e-21
-5.51251e-21
-5.51201e-21
-5.51151e-21
-5.51201e-21
-5.51251e-21
-5.51176e-21
-5.51176e-21
-5.51151e-21
-5.51076e-21
-5.51201e-21
-5.51101e-21
-5.51176e-21
-5.51126e-21
-5.51101e-21
-5.51051e-21
-5.51076e-21
-5.51051e-21
-5.50851e-21
-5.50926e-21
-5.50951e-21
-5.508e-21
-5.50725e-21
-5.50751e-21
-5.50576e-21
-5.50526e-21
-5.50726e-21
-5.50876e-21
-5.50851e-21
-5.50951e-21
-5.50801e-21
-5.50902e-21
-5.50877e-21
-5.50827e-21
-5.51027e-21
-5.51027e-21
-5.50926e-21
-5.50825e-21
-5.509e-21
-5.508e-21
-5.50575e-21
-5.50475e-21
-5.5035e-21
-5.50301e-21
-5.50252e-21
-5.50227e-21
-5.50202e-21
-5.50327e-21
-5.50376e-21
-5.50426e-21
-5.50475e-21
-5.50425e-21
-5.5035e-21
-5.50576e-21
-5.50726e-21
-5.50701e-21
-5.50801e-21
-5.50851e-21
-5.50801e-21
-5.50826e-21
-5.50951e-21
-5.51002e-21
-5.51077e-21
-5.51026e-21
-5.51001e-21
-5.51026e-21
-5.50977e-21
-5.50902e-21
-5.50752e-21
-5.50752e-21
-5.50726e-21
-5.50876e-21
-5.51101e-21
-5.51101e-21
-5.51226e-21
-5.51226e-21
-5.51401e-21
-5.51477e-21
-5.51427e-21
-5.51427e-21
-5.51528e-21
-5.51303e-21
-5.51178e-21
-5.51153e-21
-5.51304e-21
-5.51454e-21
-5.51503e-21
-5.51578e-21
-5.51452e-21
-5.51326e-21
-5.51501e-21
-5.51301e-21
-5.51251e-21
-5.51302e-21
-5.51252e-21
-5.51277e-21
-5.51252e-21
-5.51201e-21
-5.51201e-21
-5.51202e-21
-5.51152e-21
-5.51102e-21
-5.51002e-21
-5.51103e-21
-5.51127e-21
-5.51077e-21
-5.51026e-21
-5.51001e-21
-5.51052e-21
-5.51002e-21
-5.51102e-21
-5.51177e-21
-5.51127e-21
-5.51027e-21
-5.50927e-21
-5.50901e-21
-5.50851e-21
-5.50926e-21
-5.51001e-21
-5.50776e-21
-5.50876e-21
-5.50901e-21
-5.50851e-21
-5.50876e-21
-5.50852e-21
-5.50776e-21
-5.50701e-21
-5.50776e-21
-5.50801e-21
-5.51002e-21
-5.50927e-21
-5.50826e-21
-5.50926e-21
-5.50976e-21
-5.51076e-21
-5.51176e-21
-5.51202e-21
-5.51352e-21
-5.51328e-21
-5.51478e-21
-5.51428e-21
-5.51477e-21
-5.51427e-21
-5.51551e-21
-5.51501e-21
-5.51551e-21
-5.51452e-21
-5.51677e-21
-5.51653e-21
-5.51628e-21
-5.51628e-21
-5.51403e-21
-5.51352e-21
-5.51201e-21
-5.51126e-21
-5.51226e-21
-5.51202e-21
-5.51077e-21
-5.51002e-21
-5.51102e-21
-5.51152e-21
-5.51077e-21
-5.50851e-21
-5.50876e-21
-5.50976e-21
-5.51077e-21
-5.51026e-21
-5.51101e-21
-5.51076e-21
-5.51201e-21
-5.51126e-21
-5.51202e-21
-5.51177e-21
-5.51152e-21
-5.51127e-21
-5.51252e-21
-5.51202e-21
-5.51152e-21
-5.51252e-21
-5.51152e-21
-5.51001e-21
-5.50926e-21
-5.50951e-21
-5.51001e-21
-5.50976e-21
-5.51026e-21
-5.51176e-21
-5.51177e-21
-5.51252e-21
-5.51303e-21
-5.51403e-21
-5.51403e-21
-5.51377e-21
-5.51402e-21
-5.51376e-21
-5.51376e-21
-5.51376e-21
-5.51251e-21
-5.51176e-21
-5.51076e-21
-5.51151e-21
-5.51202e-21
-5.51152e-21
-5.51227e-21
-5.51251e-21
-5.51201e-21
-5.51226e-21
-5.51276e-21
-5.51176e-21
-5.51151e-21
-5.51076e-21
-5.51251e-21
-5.51251e-21
-5.51152e-21
-5.51227e-21
-5.51228e-21
-5.51328e-21
-5.51277e-21
-5.51226e-21
-5.51126e-21
-5.5115e-21
-5.5115e-21
-5.51201e-21
-5.51277e-21
-5.50927e-21
-5.50977e-21
-5.51101e-21
-5.51226e-21
-5.51276e-21
-5.51251e-21
-5.51127e-21
-5.51227e-21
-5.51052e-21
-5.51027e-21
-5.51076e-21
-5.51101e-21
-5.51151e-21
-5.51277e-21
-5.51428e-21
-5.51277e-21
-5.51427e-21
-5.51502e-21
-5.51577e-21
-5.51602e-21
-5.51551e-21
-5.51526e-21
-5.51451e-21
-5.51477e-21
-5.51452e-21
-5.51503e-21
-5.51327e-21
-5.51402e-21
-5.51251e-21
-5.51276e-21
-5.51201e-21
-5.51226e-21
-5.51477e-21
-5.51527e-21
-5.51602e-21
-5.51628e-21
-5.51427e-21
-5.51277e-21
-5.51378e-21
-5.51377e-21
-5.51376e-21
-5.512e-21
-5.51325e-21
-5.51401e-21
-5.51352e-21
-5.51428e-21
-5.51503e-21
-5.51453e-21
-5.51428e-21
-5.51478e-21
-5.51552e-21
-5.51527e-21
-5.51526e-21
-5.51601e-21
-5.51601e-21
-5.51702e-21
-5.51602e-21
-5.51602e-21
-5.51502e-21
-5.51477e-21
-5.51627e-21
-5.51677e-21
-5.51426e-21
-5.51501e-21
-5.51651e-21
-5.51451e-21
-5.51326e-21
-5.51325e-21
-5.5125e-21
-5.51326e-21
-5.51201e-21
-5.51201e-21
-5.51176e-21
-5.50976e-21
-5.51151e-21
-5.51126e-21
-5.51151e-21
-5.51227e-21
-5.51002e-21
-5.51102e-21
-5.51327e-21
-5.51102e-21
-5.51076e-21
-5.51226e-21
-5.51201e-21
-5.51201e-21
-5.51175e-21
-5.51175e-21
-5.51126e-21
-5.51151e-21
-5.51277e-21
-5.51202e-21
-5.51101e-21
-5.51151e-21
-5.51076e-21
-5.51101e-21
-5.51051e-21
-5.50976e-21
-5.50776e-21
-5.50926e-21
-5.51026e-21
