1 -0.284922 0
2 -0.25581 0.0291128
3 -0.264836 0.0190788
4 -0.268379 0.0139481
5 -0.266827 0.010915
6 -0.26723 0.0089212
7 -0.26589 0.00765804
8 -0.26387 0.00693285
9 -0.265274 0.00627348
10 -0.260109 0.00762655
11 -0.257032 0.00755377
12 -0.257685 0.00692646
13 -0.253604 0.0075662
14 -0.253457 0.00700649
15 -0.248978 0.00791208
16 -0.253541 0.00869442
17 -0.252529 0.00822947
18 -0.249842 0.00821078
19 -0.250413 0.00778757
20 -0.248427 0.00765031
21 -0.248272 0.00727854
22 -0.24858 0.00694664
23 -0.249459 0.0066957
24 -0.249815 0.00642054
25 -0.249259 0.00618345
26 -0.249868 0.00597204
27 -0.249026 0.00580797
28 -0.24809 0.00567441
29 -0.248655 0.00550428
30 -0.246201 0.00585631
31 -0.245593 0.00569688
32 -0.243474 0.0059089
33 -0.243808 0.00573675
34 -0.243954 0.0055674
35 -0.244356 0.0054209
36 -0.244166 0.0052716
37 -0.244917 0.00518186
38 -0.245675 0.00510032
39 -0.245815 0.00496978
40 -0.244997 0.00491245
41 -0.24455 0.00481196
42 -0.244192 0.00470957
43 -0.244955 0.00466155
44 -0.245 0.00455459
45 -0.245385 0.00446891
46 -0.245565 0.00437437
47 -0.24573 0.00428347
48 -0.246418 0.00424924
49 -0.245824 0.00420378
50 -0.245466 0.0041343
51 -0.245344 0.00405429
52 -0.245533 0.00398007
53 -0.244976 0.00394377
54 -0.245687 0.00393472
55 -0.246311 0.00391273
56 -0.245471 0.00393307
57 -0.246213 0.00393405
58 -0.246415 0.00387092
59 -0.246717 0.00381669
60 -0.246603 0.00375426
61 -0.245711 0.00379835
62 -0.245805 0.00373775
63 -0.245973 0.0036818
64 -0.245478 0.00365744
65 -0.24602 0.00364122
66 -0.246204 0.00359035
67 -0.246946 0.00361335
68 -0.247493 0.00360158
69 -0.247279 0.00355544
70 -0.24767 0.00352603
71 -0.247596 0.0034768
72 -0.247895 0.00344123
73 -0.24823 0.00341024
74 -0.248248 0.00336389
75 -0.24821 0.00331896
76 -0.248258 0.00327536
77 -0.248043 0.0032397
78 -0.248304 0.00320847
79 -0.248033 0.00317912
80 -0.247035 0.00329405
81 -0.247 0.00325332
82 -0.246736 0.00322424
83 -0.247026 0.00319837
84 -0.247113 0.00316127
85 -0.247875 0.0032154
86 -0.246923 0.00331739
87 -0.246907 0.00327907
88 -0.246549 0.00326133
89 -0.246327 0.00323212
90 -0.246737 0.00322222
91 -0.247077 0.00320473
92 -0.2469 0.00317468
93 -0.2456 0.00339883
94 -0.245337 0.00337272
95 -0.24581 0.00337039
96 -0.24604 0.00334299
97 -0.245878 0.00331232
98 -0.246216 0.00329577
99 -0.246063 0.00326592
100 -0.245928 0.0032359
