1 -0.43851 0
2 -0.437833 0.000677578
3 -0.442219 0.00440378
4 -0.447192 0.00586751
5 -0.447717 0.00457511
6 -0.446588 0.00390246
7 -0.442514 0.00524168
8 -0.44323 0.00459553
9 -0.443057 0.00405656
10 -0.442645 0.00365154
11 -0.442603 0.00330322
12 -0.442931 0.00303324
13 -0.440693 0.00357713
14 -0.440131 0.00335913
15 -0.440934 0.00322885
16 -0.441375 0.00305234
17 -0.441727 0.00288867
18 -0.442439 0.00281502
19 -0.442993 0.00271965
20 -0.442643 0.00260374
21 -0.442523 0.00247953
22 -0.44161 0.00253425
23 -0.441862 0.00243459
24 -0.44186 0.00233095
25 -0.441692 0.00224204
26 -0.441297 0.00218995
27 -0.442004 0.00222247
28 -0.441767 0.00215467
29 -0.441322 0.0021262
30 -0.44113 0.00206304
31 -0.440943 0.00200413
32 -0.440864 0.0019421
33 -0.440951 0.00188437
34 -0.440904 0.00182873
35 -0.440211 0.00190602
36 -0.440327 0.00185593
37 -0.440151 0.00181359
38 -0.440328 0.00177401
39 -0.439992 0.00176015
40 -0.438983 0.00199074
41 -0.438711 0.0019605
42 -0.438879 0.00192062
43 -0.438781 0.00187798
44 -0.438831 0.00183549
45 -0.438973 0.00179984
46 -0.438958 0.00176034
47 -0.438853 0.00172571
48 -0.438934 0.00169134
49 -0.439019 0.00165862
50 -0.439261 0.00164316
51 -0.439562 0.00163851
52 -0.43931 0.00162636
53 -0.439444 0.00160098
54 -0.439544 0.00157424
55 -0.439744 0.00155825
56 -0.439859 0.00153442
57 -0.439818 0.0015078
58 -0.439832 0.00148164
59 -0.440269 0.00152068
60 -0.440577 0.00152643
61 -0.440515 0.00150247
62 -0.440307 0.00149256
63 -0.440667 0.00151207
64 -0.440926 0.00151068
65 -0.440788 0.00149372
66 -0.440757 0.00147122
67 -0.440925 0.00145873
68 -0.440761 0.00144637
69 -0.441025 0.00144936
70 -0.440833 0.00144126
71 -0.440672 0.00142992
72 -0.440719 0.00141068
73 -0.440876 0.00140011
74 -0.440854 0.00138124
75 -0.440986 0.00136908
76 -0.441037 0.00135192
77 -0.440916 0.00133971
78 -0.440962 0.00132322
79 -0.440735 0.00132593
80 -0.440694 0.00130991
81 -0.440901 0.00131011
82 -0.440456 0.00136832
83 -0.440442 0.0013518
84 -0.440469 0.00133588
85 -0.440537 0.00132183
86 -0.440426 0.00131112
87 -0.440453 0.00129626
88 -0.440345 0.00128604
89 -0.44045 0.00127592
90 -0.440569 0.00126723
91 -0.440451 0.00125878
92 -0.44059 0.0012528
93 -0.440585 0.00123927
94 -0.440543 0.00122675
95 -0.440574 0.00121415
96 -0.44088 0.00123995
97 -0.440786 0.00123068
98 -0.440843 0.00121937
99 -0.440758 0.00120993
100 -0.440754 0.00119778
