0.7	0.5	-0.287634
0.7	0.52	-0.329573
0.7	0.54	-0.362158
0.7	0.56	-0.387337
0.7	0.5800000000000001	-0.396292
0.7	0.6	-0.405032
0.7	0.62	-0.407187
0.7	0.64	-0.405314
0.7	0.66	-0.402463
0.7	0.68	-0.399514
0.7	0.7000000000000001	-0.3898
0.7	0.72	-0.381156
0.7	0.74	-0.368998
0.7	0.76	-0.352503
0.7	0.78	-0.340158
0.7	0.8	-0.312776
0.72	0.5	-0.296373
0.72	0.52	-0.343783
0.72	0.54	-0.368879
0.72	0.56	-0.393556
0.72	0.5800000000000001	-0.410872
0.72	0.6	-0.418671
0.72	0.62	-0.421608
0.72	0.64	-0.420131
0.72	0.66	-0.418741
0.72	0.68	-0.412213
0.72	0.7000000000000001	-0.394535
0.72	0.72	-0.389073
0.72	0.74	-0.368255
0.72	0.76	-0.356746
0.72	0.78	-0.336304
0.72	0.8	-0.313751
0.74	0.5	-0.301691
0.74	0.52	-0.346138
0.74	0.54	-0.383567
0.74	0.56	-0.406102
0.74	0.5800000000000001	-0.418293
0.74	0.6	-0.427039
0.74	0.62	-0.428075
0.74	0.64	-0.425671
0.74	0.66	-0.419944
0.74	0.68	-0.420299
0.74	0.7000000000000001	-0.408525
0.74	0.72	-0.38703
0.74	0.74	-0.368924
0.74	0.76	-0.347547
0.74	0.78	-0.341408
0.74	0.8	-0.304223
0.76	0.5	-0.29889
0.76	0.52	-0.351296
0.76	0.54	-0.381244
0.76	0.56	-0.409258
0.76	0.5800000000000001	-0.428882
0.76	0.6	-0.436014
0.76	0.62	-0.437594
0.76	0.64	-0.436128
0.76	0.66	-0.4259
0.76	0.68	-0.413825
0.76	0.7000000000000001	-0.406293
0.76	0.72	-0.390886
0.76	0.74	-0.377293
0.76	0.76	-0.350975
0.76	0.78	-0.32802
0.76	0.8	-0.301571
0.78	0.5	-0.298876
0.78	0.52	-0.34984
0.78	0.54	-0.385967
0.78	0.56	-0.413632
0.78	0.5800000000000001	-0.432197
0.78	0.6	-0.43935
0.78	0.62	-0.444009
0.78	0.64	-0.438247
0.78	0.66	-0.43221
0.78	0.68	-0.419991
0.78	0.7000000000000001	-0.399365
0.78	0.72	-0.392749
0.78	0.74	-0.371093
0.78	0.76	-0.342482
0.78	0.78	-0.330891
0.78	0.8	-0.281687
0.7999999999999999	0.5	-0.294025
0.7999999999999999	0.52	-0.35778
0.7999999999999999	0.54	-0.384096
0.7999999999999999	0.56	-0.417438
0.7999999999999999	0.5800000000000001	-0.432051
0.7999999999999999	0.6	-0.441428
0.7999999999999999	0.62	-0.441852
0.7999999999999999	0.64	-0.441583
0.7999999999999999	0.66	-0.431825
0.7999999999999999	0.68	-0.420955
0.7999999999999999	0.7000000000000001	-0.401259
0.7999999999999999	0.72	-0.387594
0.7999999999999999	0.74	-0.367212
0.7999999999999999	0.76	-0.342773
0.7999999999999999	0.78	-0.314504
0.7999999999999999	0.8	-0.287213
0.82	0.5	-0.279956
0.82	0.52	-0.343854
0.82	0.54	-0.385067
0.82	0.56	-0.413278
0.82	0.5800000000000001	-0.428805
0.82	0.6	-0.439426
0.82	0.62	-0.442002
0.82	0.64	-0.435478
0.82	0.66	-0.423168
0.82	0.68	-0.419619
0.82	0.7000000000000001	-0.388405
0.82	0.72	-0.37562
0.82	0.74	-0.348192
0.82	0.76	-0.322418
0.82	0.78	-0.303782
0.82	0.8	-0.270335
0.84	0.5	-0.275407
0.84	0.52	-0.333736
0.84	0.54	-0.378744
0.84	0.56	-0.410991
0.84	0.5800000000000001	-0.426439
0.84	0.6	-0.432855
0.84	0.62	-0.435713
0.84	0.64	-0.429932
0.84	0.66	-0.420837
0.84	0.68	-0.410455
0.84	0.7000000000000001	-0.380625
0.84	0.72	-0.378633
0.84	0.74	-0.342707
0.84	0.76	-0.312163
0.84	0.78	-0.296763
0.84	0.8	-0.258486
0.86	0.5	-0.26383
0.86	0.52	-0.33379
0.86	0.54	-0.367768
0.86	0.56	-0.399919
0.86	0.5800000000000001	-0.418389
0.86	0.6	-0.425766
0.86	0.62	-0.427679
0.86	0.64	-0.418958
0.86	0.66	-0.410203
0.86	0.68	-0.392689
0.86	0.7000000000000001	-0.370006
0.86	0.72	-0.346726
0.86	0.74	-0.313017
0.86	0.76	-0.296069
0.86	0.78	-0.270089
0.86	0.8	-0.231178
0.88	0.5	-0.258638
0.88	0.52	-0.30912
0.88	0.54	-0.358533
0.88	0.56	-0.390848
0.88	0.5800000000000001	-0.407678
0.88	0.6	-0.416383
0.88	0.62	-0.416614
0.88	0.64	-0.410416
0.88	0.66	-0.405568
0.88	0.68	-0.386233
0.88	0.7000000000000001	-0.364626
0.88	0.72	-0.341587
0.88	0.74	-0.302944
0.88	0.76	-0.278596
0.88	0.78	-0.255051
0.88	0.8	-0.207074
0.9	0.5	-0.235032
0.9	0.52	-0.301361
0.9	0.54	-0.342559
0.9	0.56	-0.369591
0.9	0.5800000000000001	-0.389889
0.9	0.6	-0.400334
0.9	0.62	-0.403387
0.9	0.64	-0.399131
0.9	0.66	-0.37906
0.9	0.68	-0.359569
0.9	0.7000000000000001	-0.340909
0.9	0.72	-0.305265
0.9	0.74	-0.28317
0.9	0.76	-0.246155
0.9	0.78	-0.196787
0.9	0.8	-0.17274
0.9199999999999999	0.5	-0.230319
0.9199999999999999	0.52	-0.276183
0.9199999999999999	0.54	-0.324906
0.9199999999999999	0.56	-0.354423
0.9199999999999999	0.5800000000000001	-0.375979
0.9199999999999999	0.6	-0.382548
0.9199999999999999	0.62	-0.384052
0.9199999999999999	0.64	-0.374533
0.9199999999999999	0.66	-0.360144
0.9199999999999999	0.68	-0.339511
0.9199999999999999	0.7000000000000001	-0.31363
0.9199999999999999	0.72	-0.285748
0.9199999999999999	0.74	-0.259816
0.9199999999999999	0.76	-0.223439
0.9199999999999999	0.78	-0.175463
0.9199999999999999	0.8	-0.150472
0.94	0.5	-0.208964
0.94	0.52	-0.267472
0.94	0.54	-0.307416
0.94	0.56	-0.331394
0.94	0.5800000000000001	-0.355019
0.94	0.6	-0.360371
0.94	0.62	-0.366454
0.94	0.64	-0.353756
0.94	0.66	-0.335381
0.94	0.68	-0.317898
0.94	0.7000000000000001	-0.297262
0.94	0.72	-0.266924
0.94	0.74	-0.23015
0.94	0.76	-0.170422
0.94	0.78	-0.141639
0.94	0.8	-0.0971572
0.96	0.5	-0.187379
0.96	0.52	-0.243586
0.96	0.54	-0.284547
0.96	0.56	-0.310859
0.96	0.5800000000000001	-0.325015
0.96	0.6	-0.333783
0.96	0.62	-0.343629
0.96	0.64	-0.331384
0.96	0.66	-0.307405
0.96	0.68	-0.287228
0.96	0.7000000000000001	-0.251211
0.96	0.72	-0.248104
0.96	0.74	-0.182606
0.96	0.76	-0.151075
0.96	0.78	-0.102468
0.96	0.8	-0.0446582
0.98	0.5	-0.168358
0.98	0.52	-0.221714
0.98	0.54	-0.259577
0.98	0.56	-0.283895
0.98	0.5800000000000001	-0.298203
0.98	0.6	-0.30785
0.98	0.62	-0.309681
0.98	0.64	-0.297822
0.98	0.66	-0.278373
0.98	0.68	-0.242847
0.98	0.7000000000000001	-0.222184
0.98	0.72	-0.203925
0.98	0.74	-0.133644
0.98	0.76	-0.117768
0.98	0.78	-0.0702948
0.98	0.8	-0.016643
1.0	0.5	-0.143568
1.0	0.52	-0.194102
1.0	0.54	-0.232144
1.0	0.56	-0.256967
1.0	0.5800000000000001	-0.271656
1.0	0.6	-0.273245
1.0	0.62	-0.271642
1.0	0.64	-0.269896
1.0	0.66	-0.239323
1.0	0.68	-0.218914
1.0	0.7000000000000001	-0.188075
1.0	0.72	-0.14957
1.0	0.74	-0.105998
1.0	0.76	-0.0865434
1.0	0.78	-0.0133566
1.0	0.8	0.0686842
