0 28.6884 38.2284
1 26.9527 35.662
2 25.4416 32.7518
3 22.4948 30.3885
4 21.5017 28.3865
5 18.8891 26.5369
6 18.8891 24.675
7 18.0715 22.771
8 17.0192 21.197
9 16.5191 19.873
10 15.0615 18.7027
11 14.3025 17.752
12 13.1794 16.9004
13 12.4205 16.0415
14 11.708 15.0811
15 11.1901 14.1003
16 11.1879 13.1422
17 10.3415 12.2438
18 10.1577 11.6868
19 9.3617 11.2062
20 8.02047 10.7386
21 8.02047 10.2415
22 7.97403 9.7563
23 7.97403 9.4069
24 7.38146 9.10671
25 7.33503 8.78628
26 7.33503 8.34042
27 7.00717 7.90531
28 6.95335 7.59373
29 6.68848 7.37595
30 6.68848 7.17185
31 6.48688 7.01296
32 6.48688 6.83771
33 6.42178 6.70516
34 6.42178 6.58795
35 6.4019 6.51703
36 6.26776 6.45275
37 6.24788 6.42259
38 6.2403 6.3833
39 6.2403 6.33186
40 6.2403 6.27862
41 6.2403 6.2476
42 6.2403 6.24222
43 6.2403 6.2403
44 6.2403 6.2403
45 6.2403 6.2403
46 6.2403 6.2403
47 6.2403 6.2403
48 6.2403 6.2403
49 6.2403 6.2403
50 6.2403 6.2403
51 6.2403 6.2403
52 6.2403 6.2403
53 6.2403 6.2403
54 6.2403 6.2403
55 6.2403 6.2403
56 6.2403 6.2403
57 6.2403 6.2403
58 6.2403 6.2403
59 6.2403 6.2403
60 6.2403 6.2403
61 6.2403 6.2403
62 6.2403 6.2403
63 6.2403 6.2403
64 6.2403 6.2403
65 6.2403 6.2403
66 6.2403 6.2403
67 6.2403 6.2403
68 6.2403 6.2403
69 6.2403 6.2403
70 6.2403 6.2403
71 6.2403 6.2403
72 6.2403 6.2403
73 6.2403 6.2403
74 6.2403 6.2403
75 6.2403 6.2403
76 6.2403 6.2403
77 6.2403 6.2403
78 6.2403 6.2403
79 6.2403 6.2403
80 6.2403 6.2403
81 6.2403 6.2403
82 6.2403 6.2403
83 6.2403 6.2403
84 6.2403 6.28582
85 6.2403 6.3803
86 6.2403 6.41144
87 6.2403 6.33398
88 6.2403 6.24563
89 6.2403 6.2403
90 6.2403 6.2403
91 6.2403 6.2403
92 6.2403 6.2403
93 6.2403 6.2403
94 6.2403 6.2403
95 6.2403 6.2403
96 6.2403 6.2403
97 6.2403 6.2403
98 6.2403 6.2403
99 6.2403 6.2403
100 6.2403 6.2403
101 6.2403 6.2403
102 6.2403 6.2403
103 6.2403 6.2403
104 6.2403 6.2403
105 6.2403 6.2403
106 6.2403 6.2403
107 6.2403 6.2403
108 6.2403 6.2403
109 6.2403 6.2403
110 6.2403 6.2403
111 6.2403 6.2403
112 6.2403 6.2403
113 6.2403 6.2403
114 6.2403 6.2403
115 6.2403 6.2403
116 6.2403 6.2403
117 6.2403 6.2403
118 6.2403 6.2403
119 6.2403 6.2403
120 6.2403 6.2403
121 6.2403 6.2403
122 6.2403 6.2403
123 6.2403 6.2403
124 6.2403 6.2403
125 6.2403 6.2403
126 6.2403 6.2403
127 6.2403 6.2403
128 6.2403 6.2403
129 6.2403 6.2403
130 6.2403 6.2403
131 6.2403 6.2403
132 6.2403 6.2403
133 6.2403 6.2403
134 6.2403 6.2403
135 6.2403 6.2403
136 6.2403 6.2403
137 6.2403 6.2403
138 6.2403 6.2403
139 6.2403 6.2403
140 6.2403 6.2403
141 6.2403 6.2403
142 6.2403 6.2403
143 6.2403 6.2403
144 6.2403 6.2403
145 6.2403 6.2403
146 6.2403 6.2403
147 6.2403 6.2403
148 6.2403 6.2403
149 6.2403 6.2403
150 6.2403 6.2403
151 6.2403 6.2403
152 6.2403 6.2403
153 6.2403 6.2403
154 6.2403 6.2403
155 6.2403 6.2403
156 6.2403 6.2403
157 6.2403 6.2403
158 6.2403 6.2403
159 6.2403 6.2403
160 6.2403 6.2403
161 6.2403 6.2403
162 6.2403 6.2403
163 6.2403 6.2403
164 6.2403 6.2403
165 6.2403 6.2403
166 6.2403 6.2403
167 6.2403 6.2403
168 6.2403 6.2403
169 6.2403 6.2403
170 6.2403 6.2403
171 6.2403 6.2403
172 6.2403 6.2403
173 6.2403 6.2403
174 6.2403 6.2403
175 6.2403 6.2403
176 6.2403 6.2403
177 6.2403 6.2403
178 6.2403 6.2403
179 6.2403 6.2403
180 6.2403 6.2403
181 6.2403 6.2403
182 6.2403 6.2403
183 6.2403 6.2403
184 6.2403 6.2403
185 6.2403 6.2403
186 6.2403 6.2403
187 6.2403 6.2403
188 6.2403 6.2403
189 6.2403 6.2403
190 6.2403 6.2403
191 6.2403 6.2403
192 6.2403 6.2403
193 6.2403 6.2403
194 6.2403 6.2403
195 6.2403 6.2403
196 6.2403 6.2403
197 6.2403 6.2403
198 6.2403 6.2403
199 6.2403 6.2403
200 6.2403 6.2403
201 6.2403 6.2403
202 6.2403 6.2403
203 6.2403 6.2403
204 6.2403 6.2403
205 6.2403 6.2403
206 6.2403 6.2403
207 6.2403 6.2403
208 6.2403 6.2403
209 6.2403 6.2403
210 6.2403 6.2403
211 6.2403 6.2403
212 6.2403 6.2403
213 6.2403 6.2403
214 6.2403 6.2403
215 6.2403 6.2403
216 6.2403 6.2403
217 6.2403 6.2403
218 6.2403 6.2403
219 6.2403 6.2403
220 6.2403 6.2403
221 6.2403 6.2403
222 6.2403 6.2403
223 6.2403 6.2403
224 6.2403 6.2403
225 6.2403 6.2403
226 6.2403 6.2403
227 6.2403 6.2403
228 6.2403 6.2403
229 6.2403 6.2403
230 6.2403 6.2403
231 6.2403 6.2403
232 6.2403 6.2403
233 6.2403 6.2403
234 6.2403 6.2403
235 6.2403 6.2403
236 6.2403 6.2403
237 6.2403 6.2403
238 6.2403 6.2403
239 6.2403 6.2403
240 6.2403 6.2403
241 6.2403 6.2403
242 6.2403 6.2403
243 6.2403 6.2403
244 6.2403 6.2403
245 6.2403 6.2403
246 6.2403 6.2403
247 6.2403 6.2403
248 6.2403 6.2403
249 6.2403 6.2403
250 6.2403 6.2403
251 6.2403 6.2403
252 6.2403 6.2403
253 6.2403 6.2403
254 6.2403 6.2403
255 6.2403 6.2403
256 6.2403 6.2403
257 6.2403 6.2403
258 6.2403 6.2403
259 6.2403 6.2403
260 6.2403 6.2403
261 6.2403 6.2403
262 6.2403 6.2403
263 6.2403 6.2403
264 6.2403 6.2403
265 6.2403 6.2403
266 6.2403 6.2403
267 6.2403 6.2403
268 6.2403 6.2403
269 6.2403 6.2403
270 6.2403 6.2403
271 6.2403 6.2403
272 6.2403 6.2403
273 6.2403 6.2403
274 6.2403 6.2403
275 6.2403 6.2403
276 6.2403 6.2403
277 6.2403 6.2403
278 6.2403 6.2403
279 6.2403 6.2403
280 6.2403 6.2403
281 6.2403 6.2403
282 6.2403 6.2403
283 6.2403 6.2403
284 6.2403 6.2403
285 6.2403 6.2403
286 6.2403 6.2403
287 6.2403 6.2403
288 6.2403 6.2403
289 6.2403 6.2403
290 6.2403 6.2403
291 6.2403 6.2403
292 6.2403 6.2403
293 6.2403 6.2403
294 6.2403 6.2403
295 6.2403 6.2403
296 6.2403 6.2403
297 6.2403 6.2403
298 6.2403 6.2403
299 6.2403 6.2403
300 6.2403 6.2403
