0 28.6884 38.2284
1 26.2712 35.5097
2 25.3753 32.9532
3 23.8437 30.6666
4 22.4683 28.7549
5 19.9671 27.2795
6 19.3555 25.5755
7 16.6137 23.9372
8 16.5003 22.2273
9 15.197 20.3942
10 15.0624 18.7946
11 14.5205 17.4694
12 13.796 16.5122
13 13.5478 15.7057
14 12.6765 15.0332
15 11.8484 14.3274
16 11.4426 13.7253
17 11.1449 13.0475
18 10.3169 12.4208
19 10.1789 11.7913
20 9.53672 11.2286
21 9.53672 10.7633
22 9.51513 10.4052
23 9.49612 10.2381
24 9.23052 10.1373
25 8.93017 10.0383
26 8.88956 9.93842
27 8.66938 9.78203
28 8.11495 9.54501
29 8.11495 9.18373
30 7.9627 8.82718
31 7.92516 8.49184
32 7.84358 8.21679
33 7.36485 8.0355
34 7.30053 7.93137
35 7.09234 7.76816
36 7.05265 7.55118
37 6.92639 7.33266
38 6.90483 7.18094
39 6.87943 7.06276
40 6.81552 6.98207
41 6.54458 6.92429
42 6.54458 6.88219
43 6.54458 6.84181
44 6.54458 6.79987
45 6.26776 6.76873
46 6.26776 6.71989
47 6.26776 6.64576
48 6.26776 6.51117
49 6.26776 6.39163
50 6.26019 6.3096
51 6.24788 6.27488
52 6.2403 6.26634
53 6.2403 6.2623
54 6.2403 6.25495
55 6.2403 6.24719
56 6.2403 6.24205
57 6.2403 6.2403
58 6.2403 6.2403
59 6.2403 6.2403
60 6.2403 6.2403
61 6.2403 6.2403
62 6.2403 6.2403
63 6.2403 6.2403
64 6.2403 6.2403
65 6.2403 6.2403
66 6.2403 6.2403
67 6.2403 6.2403
68 6.2403 6.2403
69 6.2403 6.2403
70 6.2403 6.2403
71 6.2403 6.2403
72 6.2403 6.2403
73 6.2403 6.2403
74 6.2403 6.2403
75 6.2403 6.2403
76 6.2403 6.2403
77 6.2403 6.2403
78 6.2403 6.2403
79 6.2403 6.2403
80 6.2403 6.2403
81 6.2403 6.2403
82 6.2403 6.2403
83 6.2403 6.2403
84 6.2403 6.2403
85 6.2403 6.2403
86 6.2403 6.2403
87 6.2403 6.2403
88 6.2403 6.2403
89 6.2403 6.2403
90 6.2403 6.2403
91 6.2403 6.2403
92 6.2403 6.2403
93 6.2403 6.2403
94 6.2403 6.2403
95 6.2403 6.2403
96 6.2403 6.2403
97 6.2403 6.2403
98 6.2403 6.2403
99 6.2403 6.2403
100 6.2403 6.2403
101 6.2403 6.2403
102 6.2403 6.2403
103 6.2403 6.2403
104 6.2403 6.2403
105 6.2403 6.2403
106 6.2403 6.2403
107 6.2403 6.2403
108 6.2403 6.2403
109 6.2403 6.2403
110 6.2403 6.2403
111 6.2403 6.2403
112 6.2403 6.2403
113 6.2403 6.2403
114 6.2403 6.2403
115 6.2403 6.2403
116 6.2403 6.2403
117 6.2403 6.2403
118 6.2403 6.2403
119 6.2403 6.2403
120 6.2403 6.2403
121 6.2403 6.2403
122 6.2403 6.2403
123 6.2403 6.2403
124 6.2403 6.2403
125 6.2403 6.2403
126 6.2403 6.2403
127 6.2403 6.2403
128 6.2403 6.2403
129 6.2403 6.2403
130 6.2403 6.2403
131 6.2403 6.2403
132 6.2403 6.2403
133 6.2403 6.2403
134 6.2403 6.2403
135 6.2403 6.2403
136 6.2403 6.2403
137 6.2403 6.2403
138 6.2403 6.2403
139 6.2403 6.2403
140 6.2403 6.2403
141 6.2403 6.2403
142 6.2403 6.2403
143 6.2403 6.2403
144 6.2403 6.2403
145 6.2403 6.2403
146 6.2403 6.2403
147 6.2403 6.2403
148 6.2403 6.2403
149 6.2403 6.2403
150 6.2403 6.2403
151 6.2403 6.2403
152 6.2403 6.2403
153 6.2403 6.2403
154 6.2403 6.2403
155 6.2403 6.2403
156 6.2403 6.2403
157 6.2403 6.2403
158 6.2403 6.2403
159 6.2403 6.2403
160 6.2403 6.2403
161 6.2403 6.2403
162 6.2403 6.2403
163 6.2403 6.2403
164 6.2403 6.2403
165 6.2403 6.2403
166 6.2403 6.2403
167 6.2403 6.2403
168 6.2403 6.2403
169 6.2403 6.2403
170 6.2403 6.2403
171 6.2403 6.2403
172 6.2403 6.2403
173 6.2403 6.2403
174 6.2403 6.2403
175 6.2403 6.2403
176 6.2403 6.2403
177 6.2403 6.2403
178 6.2403 6.2403
179 6.2403 6.2403
180 6.2403 6.2403
181 6.2403 6.2403
182 6.2403 6.2403
183 6.2403 6.2403
184 6.2403 6.2403
185 6.2403 6.2403
186 6.2403 6.2403
187 6.2403 6.2403
188 6.2403 6.2403
189 6.2403 6.2403
190 6.2403 6.2403
191 6.2403 6.2403
192 6.2403 6.2403
193 6.2403 6.2403
194 6.2403 6.2403
195 6.2403 6.2403
196 6.2403 6.2403
197 6.2403 6.2403
198 6.2403 6.2403
199 6.2403 6.2403
200 6.2403 6.2403
201 6.2403 6.2403
202 6.2403 6.2403
203 6.2403 6.2403
204 6.2403 6.2403
205 6.2403 6.2403
206 6.2403 6.2403
207 6.2403 6.2403
208 6.2403 6.2403
209 6.2403 6.2403
210 6.2403 6.2403
211 6.2403 6.2403
212 6.2403 6.2403
213 6.2403 6.2403
214 6.2403 6.2403
215 6.2403 6.2403
216 6.2403 6.2403
217 6.2403 6.2403
218 6.2403 6.2403
219 6.2403 6.2403
220 6.2403 6.2403
221 6.2403 6.2403
222 6.2403 6.2403
223 6.2403 6.2403
224 6.2403 6.2403
225 6.2403 6.2403
226 6.2403 6.2403
227 6.2403 6.2403
228 6.2403 6.2403
229 6.2403 6.2403
230 6.2403 6.2403
231 6.2403 6.2403
232 6.2403 6.2403
233 6.2403 6.2403
234 6.2403 6.2403
235 6.2403 6.2403
236 6.2403 6.2403
237 6.2403 6.2403
238 6.2403 6.2403
239 6.2403 6.2403
240 6.2403 6.2403
241 6.2403 6.2403
242 6.2403 6.2403
243 6.2403 6.2403
244 6.2403 6.2403
245 6.2403 6.2403
246 6.2403 6.2403
247 6.2403 6.2403
248 6.2403 6.2403
249 6.2403 6.2403
250 6.2403 6.2403
251 6.2403 6.2403
252 6.2403 6.2403
253 6.2403 6.2403
254 6.2403 6.2403
255 6.2403 6.2403
256 6.2403 6.2403
257 6.2403 6.2403
258 6.2403 6.2403
259 6.2403 6.2403
260 6.2403 6.2403
261 6.2403 6.2403
262 6.2403 6.2403
263 6.2403 6.2403
264 6.2403 6.2403
265 6.2403 6.2403
266 6.2403 6.2403
267 6.2403 6.2403
268 6.2403 6.2403
269 6.2403 6.2403
270 6.2403 6.2403
271 6.2403 6.2403
272 6.2403 6.2403
273 6.2403 6.2403
274 6.2403 6.2403
275 6.2403 6.2403
276 6.2403 6.2403
277 6.2403 6.2403
278 6.2403 6.2403
279 6.2403 6.2403
280 6.2403 6.2403
281 6.2403 6.2403
282 6.2403 6.2403
283 6.2403 6.2403
284 6.2403 6.2403
285 6.2403 6.2403
286 6.2403 6.2403
287 6.2403 6.2403
288 6.2403 6.2403
289 6.2403 6.2403
290 6.2403 6.2403
291 6.2403 6.2403
292 6.2403 6.2403
293 6.2403 6.2403
294 6.2403 6.2403
295 6.2403 6.2403
296 6.2403 6.2403
297 6.2403 6.2403
298 6.2403 6.2403
299 6.2403 6.2403
300 6.2403 6.2403
