20 2.41426e-21 0
40 2.41426e-21 2.9332e-27
60 2.41427e-21 5.75815e-27
80 2.41426e-21 6.5572e-27
100 2.41426e-21 6.80173e-27
120 2.41425e-21 7.3668e-27
140 2.41425e-21 6.24121e-27
160 2.41425e-21 5.40967e-27
180 2.41425e-21 5.28344e-27
200 2.41426e-21 6.43746e-27
220 2.41426e-21 6.92185e-27
240 2.41427e-21 7.38661e-27
260 2.41427e-21 7.68628e-27
280 2.41427e-21 7.57808e-27
300 2.41427e-21 7.07315e-27
320 2.41427e-21 6.65075e-27
340 2.41427e-21 6.37457e-27
360 2.41427e-21 6.15515e-27
380 2.41427e-21 5.82226e-27
400 2.41427e-21 5.59751e-27
420 2.41427e-21 6.26228e-27
440 2.41428e-21 6.61078e-27
460 2.41428e-21 6.79285e-27
480 2.41428e-21 7.13236e-27
500 2.41429e-21 8.07312e-27
520 2.41429e-21 8.94686e-27
540 2.4143e-21 9.7806e-27
560 2.4143e-21 1.01077e-26
580 2.4143e-21 1.07697e-26
600 2.41431e-21 1.15913e-26
620 2.41431e-21 1.22215e-26
640 2.41432e-21 1.3237e-26
660 2.41432e-21 1.35888e-26
680 2.41433e-21 1.37072e-26
700 2.41433e-21 1.36408e-26
720 2.41433e-21 1.37067e-26
740 2.41434e-21 1.36896e-26
760 2.41434e-21 1.3492e-26
780 2.41434e-21 1.32092e-26
800 2.41434e-21 1.28829e-26
820 2.41434e-21 1.25942e-26
840 2.41434e-21 1.22988e-26
860 2.41434e-21 1.20372e-26
880 2.41434e-21 1.18139e-26
900 2.41434e-21 1.16157e-26
920 2.41434e-21 1.13694e-26
940 2.41433e-21 1.12075e-26
960 2.41433e-21 1.09738e-26
980 2.41433e-21 1.07824e-26
1000 2.41433e-21 1.06134e-26
