2.9878e-21
2.99473e-21
3.00243e-21
3.01053e-21
3.01864e-21
3.02636e-21
3.03328e-21
3.03895e-21
3.04291e-21
3.04463e-21
3.04352e-21
3.03902e-21
3.03063e-21
3.01818e-21
3.00212e-21
2.98385e-21
2.96588e-21
2.95141e-21
2.94337e-21
2.94321e-21
2.95032e-21
2.96249e-21
2.97694e-21
2.99125e-21
3.00379e-21
3.0137e-21
3.02078e-21
3.02514e-21
3.02705e-21
3.02669e-21
3.02409e-21
3.01905e-21
3.01129e-21
3.00064e-21
2.98736e-21
2.9725e-21
2.95805e-21
2.94674e-21
2.94127e-21
2.94334e-21
2.95295e-21
2.96843e-21
2.98707e-21
3.00606e-21
3.02316e-21
3.03693e-21
3.04681e-21
3.05283e-21
3.05543e-21
3.05518e-21
3.05269e-21
3.04844e-21
3.04273e-21
3.0357e-21
3.02732e-21
3.01754e-21
3.00643e-21
2.99438e-21
2.98223e-21
2.9713e-21
2.9631e-21
2.95889e-21
2.95918e-21
2.96347e-21
2.9705e-21
2.97871e-21
2.98672e-21
2.9936e-21
2.99892e-21
3.00263e-21
3.00494e-21
3.00618e-21
3.00667e-21
3.00672e-21
3.00651e-21
3.00618e-21
3.00575e-21
3.00518e-21
3.00435e-21
3.00312e-21
3.00135e-21
2.99888e-21
2.99559e-21
2.9914e-21
2.98632e-21
2.98042e-21
2.97386e-21
2.96682e-21
2.95952e-21
2.95218e-21
2.945e-21
2.93828e-21
2.93242e-21
2.92793e-21
2.92533e-21
2.92494e-21
2.9267e-21
2.9301e-21
2.93435e-21
2.93863e-21
2.94231e-21
2.94505e-21
2.94678e-21
2.94764e-21
2.94786e-21
2.94769e-21
2.94737e-21
2.94706e-21
2.94692e-21
2.94709e-21
2.94766e-21
2.94867e-21
2.9501e-21
2.95182e-21
2.95362e-21
2.95522e-21
2.95632e-21
2.95669e-21
2.95617e-21
2.95475e-21
2.95258e-21
2.94991e-21
2.9471e-21
2.94446e-21
2.9422e-21
2.94038e-21
2.93886e-21
2.93738e-21
2.93565e-21
2.93341e-21
2.93053e-21
2.92702e-21
2.923e-21
2.91874e-21
2.91455e-21
2.91081e-21
2.90793e-21
2.90634e-21
2.90638e-21
2.90827e-21
2.91198e-21
2.91725e-21
2.92361e-21
2.93049e-21
2.93734e-21
2.94371e-21
2.94934e-21
2.95409e-21
2.95793e-21
2.96095e-21
2.96324e-21
2.96496e-21
2.96624e-21
2.96721e-21
2.96799e-21
2.96868e-21
2.96935e-21
2.97008e-21
2.9709e-21
2.97182e-21
2.97285e-21
2.97394e-21
2.97505e-21
2.97607e-21
2.97688e-21
2.97727e-21
2.97697e-21
2.9756e-21
2.97264e-21
2.96743e-21
2.95918e-21
2.94713e-21
2.93083e-21
2.91062e-21
2.88833e-21
2.86748e-21
2.8526e-21
2.84734e-21
2.85264e-21
2.86627e-21
2.88425e-21
2.90248e-21
2.9179e-21
2.92878e-21
2.93464e-21
2.936e-21
2.93402e-21
2.93013e-21
2.92556e-21
2.92112e-21
2.91704e-21
2.9133e-21
2.90991e-21
2.90724e-21
2.90598e-21
2.90694e-21
2.91074e-21
2.91748e-21
2.92672e-21
2.93755e-21
2.94889e-21
2.95972e-21
2.9693e-21
2.97714e-21
2.983e-21
2.98684e-21
2.98869e-21
2.98861e-21
2.98666e-21
2.98291e-21
2.97748e-21
2.97068e-21
2.96306e-21
2.95542e-21
2.94865e-21
2.94344e-21
2.93998e-21
2.93786e-21
2.93613e-21
2.93367e-21
2.92944e-21
2.92298e-21
2.91478e-21
2.90669e-21
2.90159e-21
2.90213e-21
2.90913e-21
2.92085e-21
2.9341e-21
2.94596e-21
2.95489e-21
2.96085e-21
2.96478e-21
2.96796e-21
2.97153e-21
2.97615e-21
2.98191e-21
2.9885e-21
2.99539e-21
3.002e-21
3.0079e-21
3.01281e-21
3.01662e-21
3.01933e-21
3.02104e-21
3.02189e-21
3.02202e-21
3.0216e-21
3.02079e-21
3.01972e-21
3.01852e-21
3.01729e-21
3.0161e-21
3.015e-21
3.014e-21
3.01311e-21
3.01233e-21
3.01165e-21
3.01106e-21
3.01057e-21
3.01019e-21
3.00994e-21
3.00981e-21
3.0098e-21
3.00983e-21
3.00978e-21
3.0095e-21
3.00878e-21
3.00748e-21
3.00558e-21
3.00334e-21
3.00126e-21
3.00005e-21
3.00029e-21
3.0021e-21
3.00485e-21
3.00728e-21
3.00786e-21
3.00545e-21
2.99989e-21
2.99238e-21
2.98542e-21
2.98184e-21
2.9835e-21
2.99029e-21
3.00044e-21
3.01171e-21
3.02236e-21
3.03158e-21
3.03917e-21
3.04529e-21
3.05013e-21
3.05387e-21
3.05666e-21
3.05863e-21
3.0599e-21
3.06055e-21
3.06065e-21
3.06024e-21
3.05934e-21
3.058e-21
3.05631e-21
3.05438e-21
3.05237e-21
3.05039e-21
3.04852e-21
3.04676e-21
3.04502e-21
3.04316e-21
3.04099e-21
3.03836e-21
3.03515e-21
3.03133e-21
3.02697e-21
3.02225e-21
3.01748e-21
3.01309e-21
3.00963e-21
3.00761e-21
3.00748e-21
3.00938e-21
3.01318e-21
3.01843e-21
3.02452e-21
3.0308e-21
3.03677e-21
3.04206e-21
3.0465e-21
3.05003e-21
3.05266e-21
3.05444e-21
3.05542e-21
3.05565e-21
3.05515e-21
3.05392e-21
3.05195e-21
3.04924e-21
3.04579e-21
3.04165e-21
3.03694e-21
3.0319e-21
3.0269e-21
3.02245e-21
3.01909e-21
3.0173e-21
3.01726e-21
3.01878e-21
3.02123e-21
3.02369e-21
3.02514e-21
3.02469e-21
3.02181e-21
3.01643e-21
3.00917e-21
3.00124e-21
2.99435e-21
2.99022e-21
2.98999e-21
2.99388e-21
3.00109e-21
3.01019e-21
3.01959e-21
3.0279e-21
3.0341e-21
3.03765e-21
3.0384e-21
3.03662e-21
3.03287e-21
3.02785e-21
3.02218e-21
3.01621e-21
3.00984e-21
3.00261e-21
2.99397e-21
2.98354e-21
2.97145e-21
2.95848e-21
2.94612e-21
2.93625e-21
2.93065e-21
2.93037e-21
2.93524e-21
2.94402e-21
2.95488e-21
2.96605e-21
2.97621e-21
2.98461e-21
2.99094e-21
2.99523e-21
2.99769e-21
2.9986e-21
2.99829e-21
2.99706e-21
2.99521e-21
2.99297e-21
2.99055e-21
2.98812e-21
2.98579e-21
2.98365e-21
2.98174e-21
2.9801e-21
2.97872e-21
2.97759e-21
2.97667e-21
2.97595e-21
2.97537e-21
2.97492e-21
2.97454e-21
2.9742e-21
2.97386e-21
2.97348e-21
2.97301e-21
2.97239e-21
2.97156e-21
2.97046e-21
2.96903e-21
2.9672e-21
2.96494e-21
2.96223e-21
2.95913e-21
2.95574e-21
2.95228e-21
2.949e-21
2.94623e-21
2.94425e-21
2.94324e-21
2.94323e-21
2.94407e-21
2.94542e-21
2.94689e-21
2.94806e-21
2.94862e-21
2.94836e-21
2.94726e-21
2.94548e-21
2.94329e-21
2.94105e-21
2.93909e-21
2.93761e-21
2.93658e-21
2.93574e-21
2.93466e-21
2.93286e-21
2.92995e-21
2.92583e-21
2.92081e-21
2.91566e-21
2.91145e-21
2.90928e-21
2.90987e-21
2.9132e-21
2.91851e-21
2.92458e-21
2.93015e-21
2.93426e-21
2.93644e-21
2.93675e-21
2.93574e-21
2.93429e-21
2.93342e-21
2.934e-21
2.93646e-21
2.94064e-21
2.94587e-21
2.9512e-21
2.95569e-21
2.95865e-21
2.95975e-21
2.95912e-21
2.95726e-21
2.95498e-21
2.95323e-21
2.95286e-21
2.95435e-21
2.95767e-21
2.96234e-21
2.96758e-21
2.97258e-21
2.97664e-21
2.97924e-21
2.98003e-21
2.9788e-21
2.97541e-21
2.96988e-21
2.96241e-21
2.9535e-21
2.94407e-21
2.93541e-21
2.92892e-21
2.92564e-21
2.92582e-21
2.92874e-21
2.93298e-21
2.93688e-21
2.93897e-21
2.93823e-21
2.93417e-21
2.92689e-21
2.91716e-21
2.90644e-21
2.8968e-21
2.89036e-21
2.88868e-21
2.89214e-21
2.9e-21
2.9108e-21
2.92293e-21
2.9351e-21
2.94636e-21
2.95616e-21
2.9642e-21
2.9704e-21
2.97477e-21
2.97742e-21
2.97852e-21
2.97822e-21
2.97674e-21
2.97431e-21
2.97122e-21
2.96782e-21
2.96448e-21
2.9616e-21
2.9595e-21
2.95839e-21
2.95826e-21
2.95897e-21
2.96019e-21
2.96156e-21
2.96274e-21
2.96349e-21
2.9637e-21
2.96346e-21
2.96297e-21
2.96255e-21
2.96259e-21
2.96337e-21
2.96507e-21
2.9677e-21
2.97107e-21
2.97487e-21
2.97871e-21
2.98225e-21
2.98519e-21
2.98728e-21
2.98838e-21
2.98837e-21
2.98719e-21
2.98481e-21
2.98121e-21
2.97644e-21
2.97065e-21
2.96412e-21
2.95735e-21
2.95109e-21
2.94622e-21
2.94367e-21
2.9441e-21
2.94779e-21
2.9545e-21
2.96363e-21
2.97438e-21
2.98599e-21
2.99783e-21
3.00944e-21
3.02051e-21
3.03086e-21
3.04038e-21
3.04901e-21
3.0567e-21
3.06342e-21
3.06913e-21
3.07376e-21
3.0772e-21
3.07929e-21
3.07983e-21
3.07856e-21
3.07524e-21
3.06964e-21
3.06172e-21
3.05171e-21
3.0403e-21
3.02864e-21
3.01812e-21
3.01001e-21
3.00489e-21
3.00244e-21
3.0016e-21
3.00112e-21
3e-21
2.9978e-21
2.99459e-21
2.99076e-21
2.9868e-21
2.98306e-21
2.97967e-21
2.97667e-21
2.97419e-21
2.97291e-21
2.97417e-21
2.97976e-21
2.991e-21
3.00779e-21
3.02836e-21
3.04991e-21
3.06976e-21
3.08607e-21
3.09806e-21
3.10577e-21
3.10981e-21
3.11104e-21
3.11045e-21
3.10895e-21
3.10719e-21
3.10552e-21
3.10395e-21
3.10228e-21
3.1002e-21
3.09749e-21
3.09404e-21
3.08995e-21
3.08549e-21
3.0811e-21
3.07734e-21
3.07483e-21
3.0741e-21
3.07553e-21
3.07913e-21
3.08455e-21
3.09109e-21
3.09791e-21
3.10413e-21
3.10898e-21
3.1119e-21
3.11256e-21
3.11089e-21
3.10707e-21
3.10153e-21
3.09493e-21
3.08801e-21
3.0814e-21
3.07547e-21
3.07024e-21
3.0655e-21
3.061e-21
3.05669e-21
3.05279e-21
3.04977e-21
3.04816e-21
3.04838e-21
3.05052e-21
3.0543e-21
3.05913e-21
3.06424e-21
3.06884e-21
3.07231e-21
3.07432e-21
3.0749e-21
3.07441e-21
3.07346e-21
3.07271e-21
3.07267e-21
3.07355e-21
3.07522e-21
3.07731e-21
3.07937e-21
3.08104e-21
3.08207e-21
3.08236e-21
3.08189e-21
3.08065e-21
3.07862e-21
3.07574e-21
3.07191e-21
3.06706e-21
3.06116e-21
3.05429e-21
3.04666e-21
3.03861e-21
3.03064e-21
3.02331e-21
3.01719e-21
3.01272e-21
3.01017e-21
3.00957e-21
3.01075e-21
3.01339e-21
3.01711e-21
3.02149e-21
3.02615e-21
3.03076e-21
3.03502e-21
3.03869e-21
3.04162e-21
3.04371e-21
3.04493e-21
3.04532e-21
3.04498e-21
3.04407e-21
3.04275e-21
3.04118e-21
3.03949e-21
3.03777e-21
3.03605e-21
3.03431e-21
3.03248e-21
3.03044e-21
3.02807e-21
3.02523e-21
3.02181e-21
3.0177e-21
3.01288e-21
3.00739e-21
3.0014e-21
2.99525e-21
2.98941e-21
2.98446e-21
2.98094e-21
2.97921e-21
2.97929e-21
2.98085e-21
2.98329e-21
2.9859e-21
2.98804e-21
2.98924e-21
2.98928e-21
2.98815e-21
2.986e-21
2.98316e-21
2.98007e-21
2.97721e-21
2.9751e-21
2.97418e-21
2.97478e-21
2.97698e-21
2.98066e-21
2.98545e-21
2.99083e-21
2.99622e-21
3.00103e-21
3.00476e-21
3.00705e-21
3.00768e-21
3.00661e-21
3.00397e-21
3.00008e-21
2.99543e-21
2.99061e-21
2.98631e-21
2.98313e-21
2.98149e-21
2.98158e-21
2.9833e-21
2.98635e-21
2.99035e-21
2.99496e-21
2.9999e-21
3.00501e-21
3.01023e-21
3.01548e-21
3.02073e-21
3.02587e-21
3.03083e-21
3.03548e-21
3.03974e-21
3.04354e-21
3.04683e-21
3.04956e-21
3.05171e-21
3.05324e-21
3.05411e-21
3.05427e-21
3.05364e-21
3.05212e-21
3.04961e-21
3.046e-21
3.04123e-21
3.0353e-21
3.02833e-21
3.02064e-21
3.01276e-21
3.00542e-21
2.99945e-21
2.99558e-21
2.99427e-21
2.99552e-21
2.99893e-21
3.00385e-21
3.00955e-21
3.01539e-21
3.0209e-21
3.02578e-21
3.02987e-21
3.0331e-21
3.03548e-21
3.03701e-21
3.03771e-21
3.03761e-21
3.03674e-21
3.03512e-21
3.03278e-21
3.02978e-21
3.02617e-21
3.02204e-21
3.0175e-21
3.0127e-21
3.00778e-21
3.0029e-21
2.99818e-21
2.99374e-21
2.98963e-21
2.98586e-21
2.98239e-21
2.9791e-21
2.97588e-21
2.97256e-21
2.96903e-21
2.96524e-21
2.96129e-21
2.95746e-21
2.95428e-21
2.95243e-21
2.95257e-21
2.95516e-21
2.96024e-21
2.96738e-21
2.97581e-21
2.98467e-21
2.99318e-21
3.00079e-21
3.00722e-21
3.01236e-21
3.01625e-21
3.01902e-21
3.0208e-21
3.02174e-21
3.02197e-21
3.02158e-21
3.02062e-21
3.01914e-21
3.01713e-21
3.01456e-21
3.01138e-21
3.00753e-21
3.00295e-21
2.9976e-21
2.99153e-21
2.98483e-21
2.97772e-21
2.97051e-21
2.96362e-21
2.95748e-21
2.95247e-21
2.94884e-21
2.94664e-21
2.94575e-21
2.94591e-21
2.94685e-21
2.94836e-21
2.95029e-21
2.95257e-21
2.95515e-21
2.95798e-21
2.96094e-21
2.96388e-21
2.96662e-21
2.96896e-21
2.97074e-21
2.97187e-21
2.9723e-21
2.97205e-21
2.97118e-21
2.96981e-21
2.96808e-21
2.96615e-21
2.9642e-21
2.96238e-21
2.96083e-21
2.95962e-21
2.95877e-21
2.95826e-21
2.95797e-21
2.95777e-21
2.95751e-21
2.95703e-21
2.95619e-21
2.95488e-21
2.95304e-21
2.95063e-21
2.94764e-21
2.9441e-21
2.94008e-21
2.93564e-21
2.9309e-21
2.92599e-21
2.92111e-21
2.91649e-21
2.91244e-21
2.90927e-21
2.90725e-21
2.90655e-21
2.90719e-21
2.90903e-21
2.91184e-21
2.91532e-21
2.91924e-21
2.9234e-21
2.92766e-21
2.93193e-21
2.93611e-21
2.94011e-21
2.94386e-21
2.94726e-21
2.95023e-21
2.95273e-21
2.9547e-21
2.95615e-21
2.95706e-21
2.95747e-21
2.95743e-21
2.95699e-21
2.95626e-21
2.95534e-21
2.95439e-21
2.95354e-21
2.95296e-21
2.95276e-21
2.95306e-21
2.95388e-21
2.95521e-21
2.957e-21
2.95916e-21
2.9616e-21
2.96422e-21
2.96698e-21
2.96982e-21
2.97275e-21
2.97576e-21
2.97887e-21
2.98208e-21
2.98538e-21
2.98875e-21
2.99214e-21
2.9955e-21
2.99873e-21
3.00173e-21
3.00439e-21
3.00657e-21
3.00815e-21
3.009e-21
3.00897e-21
3.00797e-21
3.00587e-21
3.00258e-21
2.99801e-21
2.99209e-21
2.98483e-21
2.97645e-21
2.9675e-21
2.95899e-21
2.95238e-21
2.94923e-21
2.95071e-21
2.95715e-21
2.96789e-21
2.9815e-21
2.99628e-21
3.01072e-21
3.02377e-21
3.0349e-21
3.04399e-21
3.0512e-21
3.05685e-21
3.0613e-21
3.06487e-21
3.06784e-21
3.0704e-21
3.07266e-21
3.07468e-21
3.07646e-21
3.07796e-21
3.0791e-21
3.07981e-21
3.07995e-21
3.07937e-21
3.07787e-21
3.07525e-21
3.07131e-21
3.06597e-21
3.05937e-21
3.052e-21
3.04478e-21
3.03888e-21
3.03545e-21
3.03507e-21
3.03756e-21
3.04202e-21
3.04729e-21
3.05245e-21
3.05707e-21
3.0612e-21
