2.08491e+06
2.0734e+06
2.05909e+06
2.04419e+06
2.03105e+06
2.02205e+06
2.01972e+06
2.0265e+06
2.04509e+06
2.07815e+06
2.12856e+06
2.19884e+06
2.2908e+06
2.40438e+06
2.53617e+06
2.67801e+06
2.81636e+06
2.93457e+06
3.01749e+06
3.05745e+06
3.05708e+06
3.02711e+06
2.98137e+06
2.93239e+06
2.88901e+06
2.85615e+06
2.83569e+06
2.82746e+06
2.83054e+06
2.84412e+06
2.86808e+06
2.90288e+06
2.94937e+06
3.00758e+06
3.07521e+06
3.14617e+06
3.20953e+06
3.25142e+06
3.25824e+06
3.22168e+06
3.14196e+06
3.02801e+06
2.89391e+06
2.75473e+06
2.62293e+06
2.50685e+06
2.41062e+06
2.33512e+06
2.27895e+06
2.23971e+06
2.21472e+06
2.20163e+06
2.1988e+06
2.20535e+06
2.22099e+06
2.24548e+06
2.27784e+06
2.31551e+06
2.35363e+06
2.38514e+06
2.40222e+06
2.39837e+06
2.37113e+06
2.32291e+06
2.26009e+06
2.19063e+06
2.12186e+06
2.05897e+06
2.00463e+06
1.95949e+06
1.92304e+06
1.89394e+06
1.87078e+06
1.85228e+06
1.83743e+06
1.82572e+06
1.81707e+06
1.81174e+06
1.81021e+06
1.81327e+06
1.82162e+06
1.83599e+06
1.85678e+06
1.88427e+06
1.91821e+06
1.95798e+06
2.0025e+06
2.0505e+06
2.10045e+06
2.15084e+06
2.20013e+06
2.24649e+06
2.2875e+06
2.32027e+06
2.34207e+06
2.35122e+06
2.34813e+06
2.33528e+06
2.31669e+06
2.29658e+06
2.27826e+06
2.26368e+06
2.25335e+06
2.2468e+06
2.24301e+06
2.24077e+06
2.239e+06
2.23674e+06
2.23325e+06
2.22793e+06
2.22025e+06
2.21022e+06
2.19801e+06
2.18434e+06
2.17049e+06
2.15795e+06
2.14824e+06
2.14267e+06
2.142e+06
2.14633e+06
2.15492e+06
2.16632e+06
2.17885e+06
2.19079e+06
2.20097e+06
2.20911e+06
2.21573e+06
2.22203e+06
2.22935e+06
2.23887e+06
2.25112e+06
2.26592e+06
2.28245e+06
2.29918e+06
2.31429e+06
2.32572e+06
2.3311e+06
2.32826e+06
2.31538e+06
2.29146e+06
2.25661e+06
2.2124e+06
2.16136e+06
2.10665e+06
2.05139e+06
1.9981e+06
1.94856e+06
1.90379e+06
1.86418e+06
1.82962e+06
1.79978e+06
1.77411e+06
1.75208e+06
1.73304e+06
1.71656e+06
1.70222e+06
1.6896e+06
1.67855e+06
1.66895e+06
1.66077e+06
1.6542e+06
1.64956e+06
1.64724e+06
1.64791e+06
1.65241e+06
1.66189e+06
1.67792e+06
1.70248e+06
1.73814e+06
1.78807e+06
1.85575e+06
1.94425e+06
2.05487e+06
2.18462e+06
2.32338e+06
2.4528e+06
2.55009e+06
2.59708e+06
2.58916e+06
2.537e+06
2.46044e+06
2.38012e+06
2.312e+06
2.26551e+06
2.24377e+06
2.24483e+06
2.26309e+06
2.29163e+06
2.32401e+06
2.35596e+06
2.38568e+06
2.41277e+06
2.43651e+06
2.45486e+06
2.46412e+06
2.46025e+06
2.44031e+06
2.40389e+06
2.35369e+06
2.29462e+06
2.23243e+06
2.17279e+06
2.1201e+06
2.07741e+06
2.0464e+06
2.02774e+06
2.02154e+06
2.02754e+06
2.04538e+06
2.07457e+06
2.11412e+06
2.16211e+06
2.21526e+06
2.26919e+06
2.31905e+06
2.36118e+06
2.39429e+06
2.42015e+06
2.44297e+06
2.46804e+06
2.49988e+06
2.54039e+06
2.58649e+06
2.62871e+06
2.65293e+06
2.64625e+06
2.60497e+06
2.53752e+06
2.45966e+06
2.38608e+06
2.32494e+06
2.27721e+06
2.23879e+06
2.20387e+06
2.16717e+06
2.1257e+06
2.0791e+06
2.02913e+06
1.97876e+06
1.93098e+06
1.88831e+06
1.8524e+06
1.82405e+06
1.8035e+06
1.79041e+06
1.78407e+06
1.78376e+06
1.78859e+06
1.79759e+06
1.81e+06
1.82497e+06
1.84179e+06
1.85997e+06
1.879e+06
1.8986e+06
1.9186e+06
1.93878e+06
1.95909e+06
1.97935e+06
1.99936e+06
2.01893e+06
2.03784e+06
2.05603e+06
2.07347e+06
2.09044e+06
2.1074e+06
2.12504e+06
2.14422e+06
2.16557e+06
2.18889e+06
2.21289e+06
2.2349e+06
2.25145e+06
2.25983e+06
2.25961e+06
2.25394e+06
2.249e+06
2.25203e+06
2.26847e+06
2.29878e+06
2.33659e+06
2.3695e+06
2.38355e+06
2.36971e+06
2.32846e+06
2.26847e+06
2.20105e+06
2.13517e+06
2.07564e+06
2.02404e+06
1.98032e+06
1.94397e+06
1.9144e+06
1.89111e+06
1.87358e+06
1.86128e+06
1.85383e+06
1.85093e+06
1.85226e+06
1.85763e+06
1.86674e+06
1.879e+06
1.89362e+06
1.90975e+06
1.92657e+06
1.94361e+06
1.96073e+06
1.97815e+06
1.99649e+06
2.01638e+06
2.03847e+06
2.06304e+06
2.09012e+06
2.11911e+06
2.14878e+06
2.17737e+06
2.20236e+06
2.22096e+06
2.23042e+06
2.22859e+06
2.21484e+06
2.19004e+06
2.15665e+06
2.11808e+06
2.07787e+06
2.03904e+06
2.00365e+06
1.97324e+06
1.94843e+06
1.92945e+06
1.91621e+06
1.9087e+06
1.90681e+06
1.91044e+06
1.91957e+06
1.93416e+06
1.95408e+06
1.97923e+06
2.00906e+06
2.04266e+06
2.07858e+06
2.1147e+06
2.14829e+06
2.17636e+06
2.19665e+06
2.20801e+06
2.21151e+06
2.21027e+06
2.20888e+06
2.21236e+06
2.22502e+06
2.24941e+06
2.28546e+06
2.3298e+06
2.37596e+06
2.41515e+06
2.43879e+06
2.44099e+06
2.42083e+06
2.38233e+06
2.33279e+06
2.28064e+06
2.23328e+06
2.19631e+06
2.173e+06
2.16434e+06
2.16922e+06
2.18495e+06
2.20799e+06
2.23506e+06
2.26434e+06
2.29579e+06
2.3312e+06
2.37273e+06
2.42155e+06
2.4763e+06
2.53239e+06
2.58195e+06
2.61522e+06
2.6231e+06
2.60047e+06
2.54818e+06
2.47272e+06
2.38353e+06
2.29005e+06
2.19963e+06
2.11691e+06
2.04423e+06
1.98216e+06
1.93019e+06
1.88722e+06
1.85199e+06
1.82304e+06
1.79898e+06
1.77863e+06
1.76093e+06
1.74503e+06
1.73027e+06
1.71619e+06
1.70244e+06
1.6889e+06
1.67561e+06
1.66263e+06
1.65011e+06
1.63818e+06
1.62708e+06
1.61707e+06
1.60838e+06
1.60122e+06
1.59589e+06
1.59265e+06
1.5917e+06
1.59342e+06
1.59811e+06
1.60608e+06
1.61758e+06
1.63284e+06
1.65206e+06
1.67504e+06
1.70141e+06
1.73044e+06
1.76092e+06
1.79135e+06
1.82004e+06
1.84539e+06
1.86641e+06
1.88293e+06
1.89569e+06
1.90627e+06
1.91667e+06
1.92899e+06
1.94478e+06
1.96494e+06
1.98961e+06
2.01797e+06
2.04845e+06
2.07919e+06
2.10843e+06
2.13501e+06
2.159e+06
2.18152e+06
2.20448e+06
2.23017e+06
2.26011e+06
2.29458e+06
2.3317e+06
2.3674e+06
2.39616e+06
2.41239e+06
2.41259e+06
2.39693e+06
2.3691e+06
2.33529e+06
2.30193e+06
2.27396e+06
2.25396e+06
2.24177e+06
2.23487e+06
2.22894e+06
2.21896e+06
2.20085e+06
2.1726e+06
2.1351e+06
2.09197e+06
2.04812e+06
2.00845e+06
1.97672e+06
1.95464e+06
1.94181e+06
1.93573e+06
1.93243e+06
1.92724e+06
1.91606e+06
1.89648e+06
1.86883e+06
1.8356e+06
1.80092e+06
1.76906e+06
1.74382e+06
1.72804e+06
1.72375e+06
1.73203e+06
1.75339e+06
1.78756e+06
1.83305e+06
1.8869e+06
1.94395e+06
1.99743e+06
2.04001e+06
2.06631e+06
2.07497e+06
2.06941e+06
2.05677e+06
2.04518e+06
2.042e+06
2.05237e+06
2.07855e+06
2.11977e+06
2.17174e+06
2.22662e+06
2.27386e+06
2.30252e+06
2.30485e+06
2.27875e+06
2.22794e+06
2.16e+06
2.08319e+06
2.00481e+06
1.93031e+06
1.86325e+06
1.8058e+06
1.75903e+06
1.72327e+06
1.69823e+06
1.68338e+06
1.67789e+06
1.68069e+06
1.69043e+06
1.70554e+06
1.72398e+06
1.74371e+06
1.76249e+06
1.77859e+06
1.79076e+06
1.79891e+06
1.80374e+06
1.80676e+06
1.80976e+06
1.81448e+06
1.82203e+06
1.83296e+06
1.84682e+06
1.86245e+06
1.87825e+06
1.89232e+06
1.90313e+06
1.90981e+06
1.91234e+06
1.91177e+06
1.90971e+06
1.90812e+06
1.90885e+06
1.91361e+06
1.9236e+06
1.93971e+06
1.96242e+06
1.99202e+06
2.02843e+06
2.07146e+06
2.12047e+06
2.17433e+06
2.23098e+06
2.28742e+06
2.33949e+06
2.38231e+06
2.41099e+06
2.42194e+06
2.41388e+06
2.38796e+06
2.34744e+06
2.29655e+06
2.23964e+06
2.18051e+06
2.12205e+06
2.06637e+06
2.01515e+06
1.96943e+06
1.93004e+06
1.89771e+06
1.87297e+06
1.85648e+06
1.84873e+06
1.85054e+06
1.86282e+06
1.88663e+06
1.92305e+06
1.97321e+06
2.03776e+06
2.1165e+06
2.20754e+06
2.30685e+06
2.40816e+06
2.50387e+06
2.58737e+06
2.65526e+06
2.70866e+06
2.75226e+06
2.79194e+06
2.83225e+06
2.87533e+06
2.92068e+06
2.96616e+06
3.00929e+06
3.04792e+06
3.08093e+06
3.10777e+06
3.12711e+06
3.13536e+06
3.12584e+06
3.09002e+06
3.02207e+06
2.92304e+06
2.80234e+06
2.67447e+06
2.55351e+06
2.4494e+06
2.3671e+06
2.30729e+06
2.26765e+06
2.24414e+06
2.23214e+06
2.22726e+06
2.22608e+06
2.22676e+06
2.22907e+06
2.23374e+06
2.24204e+06
2.25488e+06
2.27239e+06
2.29389e+06
2.31774e+06
2.34142e+06
2.36181e+06
2.37576e+06
2.38039e+06
2.37391e+06
2.35621e+06
2.3293e+06
2.2968e+06
2.26324e+06
2.23329e+06
2.21108e+06
2.19964e+06
2.2007e+06
2.21478e+06
2.24079e+06
2.27641e+06
2.31806e+06
2.36176e+06
2.404e+06
2.44256e+06
2.47692e+06
2.50764e+06
2.5355e+06
2.56054e+06
2.58138e+06
2.5955e+06
2.60031e+06
2.59379e+06
2.57559e+06
2.54726e+06
2.51203e+06
2.47396e+06
2.43723e+06
2.40516e+06
2.37964e+06
2.36078e+06
2.34693e+06
2.33521e+06
2.32246e+06
2.30629e+06
2.28576e+06
2.26154e+06
2.23562e+06
2.21034e+06
2.18772e+06
2.16917e+06
2.15547e+06
2.14678e+06
2.14326e+06
2.14506e+06
2.15245e+06
2.16571e+06
2.18503e+06
2.21022e+06
2.24058e+06
2.27467e+06
2.31024e+06
2.34445e+06
2.37405e+06
2.39595e+06
2.40763e+06
2.40758e+06
2.39562e+06
2.37265e+06
2.34045e+06
2.30125e+06
2.25743e+06
2.21119e+06
2.16471e+06
2.11981e+06
2.07803e+06
2.04052e+06
2.00798e+06
1.98088e+06
1.95906e+06
1.94221e+06
1.92969e+06
1.92064e+06
1.91428e+06
1.90999e+06
1.90733e+06
1.90614e+06
1.90649e+06
1.90883e+06
1.9136e+06
1.92146e+06
1.93308e+06
1.94898e+06
1.96949e+06
1.99479e+06
2.02443e+06
2.0573e+06
2.09155e+06
2.12466e+06
2.15364e+06
2.17577e+06
2.18918e+06
2.19379e+06
2.19127e+06
2.18457e+06
2.17729e+06
2.1727e+06
2.17302e+06
2.17947e+06
2.19201e+06
2.20964e+06
2.23054e+06
2.25241e+06
2.27237e+06
2.28773e+06
2.29604e+06
2.29559e+06
2.2859e+06
2.26771e+06
2.24288e+06
2.21428e+06
2.18509e+06
2.15845e+06
2.13706e+06
2.12292e+06
2.1172e+06
2.12013e+06
2.13092e+06
2.14785e+06
2.16822e+06
2.18869e+06
2.20566e+06
2.21591e+06
2.21705e+06
2.20808e+06
2.18931e+06
2.1623e+06
2.12906e+06
2.0915e+06
2.05121e+06
2.00928e+06
1.96638e+06
1.92326e+06
1.88048e+06
1.83876e+06
1.799e+06
1.76192e+06
1.72827e+06
1.69873e+06
1.67379e+06
1.65378e+06
1.63913e+06
1.62998e+06
1.62669e+06
1.6296e+06
1.63914e+06
1.65559e+06
1.6795e+06
1.71105e+06
1.75022e+06
1.79669e+06
1.84936e+06
1.90611e+06
1.96377e+06
2.01823e+06
2.06491e+06
2.09978e+06
2.1205e+06
2.12668e+06
2.12032e+06
2.10472e+06
2.08366e+06
2.06058e+06
2.03813e+06
2.01816e+06
2.00171e+06
1.98947e+06
1.98164e+06
1.97845e+06
1.97984e+06
1.98578e+06
1.99615e+06
2.01082e+06
2.02956e+06
2.05202e+06
2.07781e+06
2.10628e+06
2.13671e+06
2.16824e+06
2.19992e+06
2.2307e+06
2.25983e+06
2.28655e+06
2.31044e+06
2.33134e+06
2.34927e+06
2.36467e+06
2.37814e+06
2.39023e+06
2.40149e+06
2.41191e+06
2.42084e+06
2.42673e+06
2.42686e+06
2.41788e+06
2.39659e+06
2.3609e+06
2.31091e+06
2.24904e+06
2.1796e+06
2.10733e+06
2.03663e+06
1.97078e+06
1.91182e+06
1.86073e+06
1.81768e+06
1.78246e+06
1.75451e+06
1.73331e+06
1.71828e+06
1.70906e+06
1.70527e+06
1.70669e+06
1.71324e+06
1.72491e+06
1.74182e+06
1.76402e+06
1.7915e+06
1.82414e+06
1.86128e+06
1.90203e+06
1.94489e+06
1.98779e+06
2.02821e+06
2.06357e+06
2.0916e+06
2.1108e+06
2.12073e+06
2.1218e+06
2.1152e+06
2.10232e+06
2.08435e+06
2.06222e+06
2.03661e+06
2.00796e+06
1.9769e+06
1.94434e+06
1.91132e+06
1.87913e+06
1.84899e+06
1.82192e+06
1.7987e+06
1.77975e+06
1.76509e+06
1.75452e+06
1.74758e+06
1.74359e+06
1.74169e+06
1.74101e+06
1.74073e+06
1.74022e+06
1.73897e+06
1.73694e+06
1.73431e+06
1.73153e+06
1.72944e+06
1.72876e+06
1.73026e+06
1.73462e+06
1.74241e+06
1.7538e+06
1.76889e+06
1.78761e+06
1.8095e+06
1.83413e+06
1.86078e+06
1.88864e+06
1.9167e+06
1.94372e+06
1.96821e+06
1.98846e+06
2.00275e+06
2.00959e+06
2.00813e+06
1.99828e+06
1.98089e+06
1.95733e+06
1.9292e+06
1.89813e+06
1.86531e+06
1.83181e+06
1.79842e+06
1.7659e+06
1.735e+06
1.70653e+06
1.68106e+06
1.65915e+06
1.64127e+06
1.62767e+06
1.61858e+06
1.61399e+06
1.61365e+06
1.61736e+06
1.62462e+06
1.63491e+06
1.64749e+06
1.66143e+06
1.67582e+06
1.68977e+06
1.70252e+06
1.71346e+06
1.72226e+06
1.72897e+06
1.73389e+06
1.73737e+06
1.73998e+06
1.74216e+06
1.74427e+06
1.74657e+06
1.74926e+06
1.75236e+06
1.75593e+06
1.76011e+06
1.76493e+06
1.77064e+06
1.77756e+06
1.78605e+06
1.79672e+06
1.81013e+06
1.82686e+06
1.84764e+06
1.87303e+06
1.90373e+06
1.94027e+06
1.98305e+06
2.03236e+06
2.08844e+06
2.15123e+06
2.22059e+06
2.29577e+06
2.37497e+06
2.45462e+06
2.52895e+06
2.59022e+06
2.63042e+06
2.64344e+06
2.62773e+06
2.58666e+06
2.52773e+06
2.45966e+06
2.39074e+06
2.32691e+06
2.27155e+06
2.2261e+06
2.19009e+06
2.16253e+06
2.14184e+06
2.12668e+06
2.1158e+06
2.10834e+06
2.10372e+06
2.10174e+06
2.1023e+06
2.1057e+06
2.11223e+06
2.12224e+06
2.13628e+06
2.15507e+06
2.17938e+06
2.21007e+06
2.24776e+06
2.29242e+06
2.34296e+06
2.39645e+06
2.448e+06
2.49141e+06
2.521e+06
2.53367e+06
2.53028e+06
2.51517e+06
2.49399e+06
2.47144e+06
2.44978e+06
2.42891e+06
