0 28.6884 38.2284
1 25.9355 35.4877
2 23.644 32.7655
3 23.0333 30.1836
4 20.0341 27.9477
5 19.5015 25.7243
6 19.0654 23.631
7 18.3557 21.8732
8 16.2298 20.5917
9 15.7152 19.4574
10 14.7543 18.4669
11 14.1213 17.4194
12 13.3449 16.1884
13 13.312 15.1478
14 12.5339 14.3852
15 11.7239 13.817
16 11.2264 13.2982
17 10.312 12.6771
18 10.239 12.0188
19 9.76907 11.3652
20 9.53672 10.841
21 9.49412 10.3898
22 8.99383 10.0355
23 8.81688 9.75224
24 8.6358 9.42588
25 8.42332 9.15241
26 8.03147 8.89531
27 7.54913 8.71013
28 7.4142 8.46129
29 7.34714 8.11633
30 7.1534 7.76977
31 7.1534 7.52724
32 6.90526 7.36833
33 6.90526 7.23941
34 6.90526 7.10799
35 6.89769 6.9968
36 6.89769 6.92676
37 6.88062 6.90414
38 6.80795 6.90137
39 6.80795 6.89367
40 6.80795 6.87448
41 6.80795 6.84496
42 6.80795 6.81827
43 6.80795 6.80795
44 6.80795 6.80795
45 6.80795 6.80795
46 6.80795 6.80795
47 6.80795 6.80795
48 6.80795 6.80795
49 6.80795 6.80795
50 6.80795 6.80795
51 6.80795 6.80795
52 6.80795 6.80795
53 6.80795 6.80795
54 6.55164 6.80784
55 6.55164 6.80467
56 6.26019 6.78897
57 6.26019 6.75605
58 6.26019 6.70341
59 6.26019 6.6116
60 6.26019 6.50205
61 6.26019 6.39854
62 6.26019 6.31223
63 6.26019 6.26019
64 6.2403 6.26018
65 6.2403 6.25969
66 6.2403 6.2565
67 6.2403 6.25025
68 6.2403 6.24376
69 6.2403 6.2403
70 6.2403 6.2403
71 6.2403 6.2403
72 6.2403 6.2403
73 6.2403 6.2403
74 6.2403 6.2403
75 6.2403 6.2403
76 6.2403 6.2403
77 6.2403 6.2403
78 6.2403 6.2403
79 6.2403 6.2403
80 6.2403 6.2403
81 6.2403 6.2403
82 6.2403 6.2403
83 6.2403 6.2403
84 6.2403 6.2403
85 6.2403 6.2403
86 6.2403 6.2403
87 6.2403 6.2403
88 6.2403 6.2403
89 6.2403 6.2403
90 6.2403 6.2403
91 6.2403 6.2403
92 6.2403 6.2403
93 6.2403 6.2403
94 6.2403 6.2403
95 6.2403 6.2403
96 6.2403 6.2403
97 6.2403 6.2403
98 6.2403 6.2403
99 6.2403 6.2403
100 6.2403 6.2403
101 6.2403 6.2403
102 6.2403 6.2403
103 6.2403 6.2403
104 6.2403 6.2403
105 6.2403 6.2403
106 6.2403 6.2403
107 6.2403 6.2403
108 6.2403 6.2403
109 6.2403 6.2403
110 6.2403 6.2403
111 6.2403 6.2403
112 6.2403 6.2403
113 6.2403 6.2403
114 6.2403 6.2403
115 6.2403 6.2403
116 6.2403 6.2403
117 6.2403 6.2403
118 6.2403 6.2403
119 6.2403 6.2403
120 6.2403 6.2403
121 6.2403 6.2403
122 6.2403 6.2403
123 6.2403 6.2403
124 6.2403 6.2403
125 6.2403 6.2403
126 6.2403 6.2403
127 6.2403 6.2403
128 6.2403 6.2403
129 6.2403 6.2403
130 6.2403 6.2403
131 6.2403 6.2403
132 6.2403 6.2403
133 6.2403 6.2403
134 6.2403 6.2403
135 6.2403 6.2403
136 6.2403 6.2403
137 6.2403 6.2403
138 6.2403 6.2403
139 6.2403 6.2403
140 6.2403 6.2403
141 6.2403 6.2403
142 6.2403 6.2403
143 6.2403 6.2403
144 6.2403 6.2403
145 6.2403 6.2403
146 6.2403 6.2403
147 6.2403 6.2403
148 6.2403 6.2403
149 6.2403 6.2403
150 6.2403 6.2403
151 6.2403 6.2403
152 6.2403 6.2403
153 6.2403 6.2403
154 6.2403 6.2403
155 6.2403 6.2403
156 6.2403 6.2403
157 6.2403 6.2403
158 6.2403 6.2403
159 6.2403 6.2403
160 6.2403 6.2403
161 6.2403 6.2403
162 6.2403 6.2403
163 6.2403 6.2403
164 6.2403 6.2403
165 6.2403 6.2403
166 6.2403 6.2403
167 6.2403 6.2403
168 6.2403 6.2403
169 6.2403 6.2403
170 6.2403 6.2403
171 6.2403 6.2403
172 6.2403 6.2403
173 6.2403 6.2403
174 6.2403 6.2403
175 6.2403 6.2403
176 6.2403 6.2403
177 6.2403 6.2403
178 6.2403 6.2403
179 6.2403 6.2403
180 6.2403 6.2403
181 6.2403 6.2403
182 6.2403 6.2403
183 6.2403 6.2403
184 6.2403 6.2403
185 6.2403 6.2403
186 6.2403 6.2403
187 6.2403 6.2403
188 6.2403 6.2403
189 6.2403 6.2403
190 6.2403 6.2403
191 6.2403 6.2403
192 6.2403 6.2403
193 6.2403 6.2403
194 6.2403 6.2403
195 6.2403 6.2403
196 6.2403 6.2403
197 6.2403 6.2403
198 6.2403 6.2403
199 6.2403 6.2403
200 6.2403 6.2403
201 6.2403 6.2403
202 6.2403 6.2403
203 6.2403 6.2403
204 6.2403 6.2403
205 6.2403 6.2403
206 6.2403 6.2403
207 6.2403 6.2403
208 6.2403 6.2403
209 6.2403 6.2403
210 6.2403 6.2403
211 6.2403 6.2403
212 6.2403 6.2403
213 6.2403 6.2403
214 6.2403 6.2403
215 6.2403 6.2403
216 6.2403 6.2403
217 6.2403 6.2403
218 6.2403 6.2403
219 6.2403 6.2403
220 6.2403 6.2403
221 6.2403 6.2403
222 6.2403 6.2403
223 6.2403 6.2403
224 6.2403 6.2403
225 6.2403 6.2403
226 6.2403 6.2403
227 6.2403 6.2403
228 6.2403 6.2403
229 6.2403 6.2403
230 6.2403 6.2403
231 6.2403 6.2403
232 6.2403 6.2403
233 6.2403 6.2403
234 6.2403 6.2403
235 6.2403 6.2403
236 6.2403 6.2403
237 6.2403 6.2403
238 6.2403 6.2403
239 6.2403 6.2403
240 6.2403 6.2403
241 6.2403 6.2403
242 6.2403 6.2403
243 6.2403 6.2403
244 6.2403 6.2403
245 6.2403 6.2403
246 6.2403 6.2403
247 6.2403 6.2403
248 6.2403 6.2403
249 6.2403 6.2403
250 6.2403 6.2403
251 6.2403 6.2403
252 6.2403 6.2403
253 6.2403 6.2403
254 6.2403 6.2403
255 6.2403 6.2403
256 6.2403 6.2403
257 6.2403 6.2403
258 6.2403 6.2403
259 6.2403 6.2403
260 6.2403 6.2403
261 6.2403 6.2403
262 6.2403 6.2403
263 6.2403 6.2403
264 6.2403 6.2403
265 6.2403 6.2403
266 6.2403 6.2403
267 6.2403 6.2403
268 6.2403 6.2403
269 6.2403 6.2403
270 6.2403 6.2403
271 6.2403 6.2403
272 6.2403 6.2403
273 6.2403 6.2403
274 6.2403 6.2403
275 6.2403 6.2403
276 6.2403 6.2403
277 6.2403 6.2403
278 6.2403 6.2403
279 6.2403 6.2403
280 6.2403 6.2403
281 6.2403 6.2403
282 6.2403 6.2403
283 6.2403 6.2403
284 6.2403 6.2403
285 6.2403 6.2403
286 6.2403 6.2403
287 6.2403 6.2403
288 6.2403 6.2403
289 6.2403 6.2403
290 6.2403 6.2403
291 6.2403 6.2403
292 6.2403 6.2403
293 6.2403 6.2403
294 6.2403 6.2403
295 6.2403 6.2403
296 6.2403 6.2403
297 6.2403 6.2403
298 6.2403 6.2403
299 6.2403 6.2403
300 6.2403 6.2403
