50 0 0 0
50 0.0230664 0 0
50 0.0461329 0 0
50 0.0691993 0 0
50 0.0922657 0 0
50 0.115332 0 0
50 0.138399 0 0
50 0.161465 0 0
50 0.184531 0 0
50 0.207598 0 0
50 0.230664 0 0
50 0.253731 0 0
50 0.276797 0 0
50 0.299864 0 0
50 0.32293 0 0
50 0.345996 0 0
50 0.369063 0 0
50 0.392129 0 0
50 0.415196 0 0
50 0.438262 0 0
50 0.461329 0 0
50 0.484395 0 0
50 0.507461 0 0
50 0.530528 0 0
50 0.553594 0 0
50 0.576661 0 0
50 0.599727 0 0
50 0.622794 0 0
50 0.64586 0 0
50 0.668926 0 0
50 0.691993 0 0
50 0.715059 0 0
50 0.738126 0 0
50 0.761192 0 0
50 0.784259 0 0
50 0.807325 0 0
50 0.830391 0 0
50 0.853458 0 0
50 0.876524 0.000147281 0.000147281
50 0.899591 0.00447739 0.00111308
50 0.922657 0.0541695 0.00406356
50 0.945724 0.308529 0.00842997
50 0.96879 1.04535 0.0127866
50 0.991856 2.26495 0.0230149
50 1.01492 3.59704 0.028372
50 1.03799 4.60533 0.0305296
50 1.06106 4.93587 0.0361826
50 1.08412 4.41093 0.0299799
50 1.10719 3.57916 0.0263394
50 1.13026 2.65561 0.0254823
50 1.15332 1.82684 0.0172994
50 1.17639 1.14653 0.0124307
50 1.19945 0.680938 0.0109944
50 1.22252 0.392388 0.00920619
50 1.24559 0.201905 0.00682028
50 1.26865 0.0905432 0.00520019
50 1.29172 0.0486928 0.00313824
50 1.31479 0.0441415 0.00284823
50 1.33785 0.0696615 0.00438417
50 1.36092 0.114299 0.00440651
50 1.38399 0.207265 0.00485342
50 1.40705 0.304131 0.00689694
50 1.43012 0.44831 0.00777824
50 1.45319 0.629891 0.0091364
50 1.47625 0.789351 0.00929979
50 1.49932 0.907864 0.00970134
50 1.52238 0.969281 0.0117879
50 1.54545 0.901844 0.0116089
50 1.56852 0.771508 0.00937355
50 1.59158 0.615094 0.00705454
50 1.61465 0.465776 0.00524054
50 1.63772 0.327992 0.00553692
50 1.66078 0.246009 0.00627501
50 1.68385 0.220549 0.00582247
50 1.70692 0.292 0.00809988
50 1.72998 0.46214 0.00937764
50 1.75305 0.78241 0.00911131
50 1.77612 1.21349 0.0121004
50 1.79918 1.73153 0.0114381
50 1.82225 2.21054 0.0139546
50 1.84531 2.55966 0.0164829
50 1.86838 2.64371 0.015744
50 1.89145 2.491 0.0166
50 1.91451 2.13161 0.0126683
50 1.93758 1.69023 0.0100016
50 1.96065 1.22861 0.0100889
50 1.98371 0.842165 0.00931988
50 2.00678 0.572964 0.00834157
50 2.02985 0.470111 0.00861702
50 2.05291 0.482041 0.0073991
50 2.07598 0.601141 0.00698647
50 2.09905 0.764975 0.00579075
50 2.12211 0.906631 0.00666136
50 2.14518 0.984923 0.00741417
50 2.16824 0.979688 0.0077405
50 2.19131 0.913246 0.00720408
50 2.21438 0.795237 0.00684452
50 2.23744 0.680807 0.00658174
50 2.26051 0.611395 0.00769417
50 2.28358 0.612355 0.00839121
