20 -1.11066e-20 0
40 -1.10406e-20 6.60537e-23
60 -1.10208e-20 4.29511e-23
80 -1.10468e-20 3.99506e-23
100 -1.10345e-20 3.32923e-23
120 -1.10303e-20 2.75059e-23
140 -1.10258e-20 2.36819e-23
160 -1.10327e-20 2.16554e-23
180 -1.10297e-20 1.93254e-23
200 -1.10279e-20 1.73861e-23
220 -1.10371e-20 1.82393e-23
240 -1.10321e-20 1.7382e-23
260 -1.10339e-20 1.60905e-23
280 -1.10336e-20 1.49e-23
300 -1.10343e-20 1.38897e-23
320 -1.10325e-20 1.31265e-23
340 -1.10331e-20 1.23445e-23
360 -1.10287e-20 1.24254e-23
380 -1.10328e-20 1.24373e-23
400 -1.10307e-20 1.19815e-23
420 -1.10349e-20 1.2136e-23
440 -1.10312e-20 1.21446e-23
460 -1.10321e-20 1.16389e-23
480 -1.1034e-20 1.13066e-23
500 -1.10347e-20 1.08651e-23
520 -1.10327e-20 1.06189e-23
540 -1.10318e-20 1.02588e-23
560 -1.10337e-20 1.00631e-23
580 -1.10333e-20 9.71542e-24
600 -1.10349e-20 9.50991e-24
620 -1.10332e-20 9.34287e-24
640 -1.10336e-20 9.05177e-24
660 -1.10359e-20 9.06813e-24
680 -1.10339e-20 9.00532e-24
700 -1.10343e-20 8.75373e-24
720 -1.10349e-20 8.52616e-24
740 -1.10359e-20 8.34938e-24
760 -1.10339e-20 8.36165e-24
780 -1.10327e-20 8.24031e-24
800 -1.10361e-20 8.75569e-24
820 -1.10349e-20 8.63313e-24
840 -1.10341e-20 8.46327e-24
860 -1.10364e-20 8.59788e-24
880 -1.10353e-20 8.47705e-24
900 -1.10339e-20 8.39698e-24
920 -1.10351e-20 8.29594e-24
940 -1.1035e-20 8.11869e-24
960 -1.10349e-20 7.94861e-24
980 -1.1034e-20 7.82892e-24
1000 -1.10346e-20 7.69053e-24
