20 99.3001 0
40 96.2131 3.08692
60 95.291 2.00667
80 96.5363 1.88789
100 95.9382 1.57992
120 95.7461 1.30423
140 95.5282 1.12361
160 95.8346 1.02019
180 95.694 0.910642
200 95.622 0.817684
220 96.0726 0.866067
240 95.828 0.827564
260 95.9212 0.766938
280 95.9081 0.710167
300 95.9583 0.663026
320 95.8738 0.625935
340 95.9019 0.588635
360 95.7026 0.58967
380 95.8938 0.589661
400 95.7883 0.569275
420 95.9866 0.576657
440 95.8119 0.576893
460 95.856 0.553002
480 95.9446 0.536816
500 95.9823 0.51627
520 95.8898 0.504566
540 95.8508 0.48708
560 95.9409 0.477938
580 95.9197 0.461652
600 95.9957 0.452435
620 95.9124 0.445456
640 95.9274 0.431572
660 96.0372 0.432442
680 95.9396 0.430728
700 95.9555 0.418544
720 95.9831 0.407685
740 96.0337 0.399725
760 95.9445 0.399153
780 95.8803 0.394049
800 96.0463 0.41841
820 95.9856 0.412561
840 95.9514 0.404068
860 96.0693 0.411797
880 96.0163 0.405813
900 95.9518 0.401894
920 96.0098 0.39731
940 96.0067 0.388777
960 96.002 0.38062
980 95.9641 0.374695
1000 95.9911 0.368113
