20 2.05648e-21 0
40 1.99255e-21 6.39293e-23
60 1.97345e-21 4.15576e-23
80 1.99924e-21 3.90976e-23
100 1.98685e-21 3.27197e-23
120 1.98288e-21 2.70102e-23
140 1.97836e-21 2.32696e-23
160 1.98471e-21 2.11278e-23
180 1.9818e-21 1.88591e-23
200 1.9803e-21 1.6934e-23
220 1.98964e-21 1.7936e-23
240 1.98457e-21 1.71386e-23
260 1.9865e-21 1.58831e-23
280 1.98623e-21 1.47074e-23
300 1.98727e-21 1.37311e-23
320 1.98552e-21 1.29629e-23
340 1.9861e-21 1.21905e-23
360 1.98197e-21 1.22119e-23
380 1.98594e-21 1.22117e-23
400 1.98375e-21 1.17895e-23
420 1.98786e-21 1.19424e-23
440 1.98424e-21 1.19473e-23
460 1.98515e-21 1.14525e-23
480 1.98699e-21 1.11173e-23
500 1.98777e-21 1.06918e-23
520 1.98585e-21 1.04494e-23
540 1.98504e-21 1.00873e-23
560 1.98691e-21 9.89796e-24
580 1.98647e-21 9.56068e-24
600 1.98805e-21 9.36981e-24
620 1.98632e-21 9.22527e-24
640 1.98663e-21 8.93775e-24
660 1.9889e-21 8.95576e-24
680 1.98688e-21 8.92025e-24
700 1.98721e-21 8.66793e-24
720 1.98778e-21 8.44304e-24
740 1.98883e-21 8.27819e-24
760 1.98698e-21 8.26635e-24
780 1.98565e-21 8.16066e-24
800 1.98909e-21 8.66515e-24
820 1.98784e-21 8.54403e-24
840 1.98713e-21 8.36814e-24
860 1.98957e-21 8.5282e-24
880 1.98847e-21 8.40427e-24
900 1.98714e-21 8.32311e-24
920 1.98834e-21 8.22819e-24
940 1.98827e-21 8.05146e-24
960 1.98818e-21 7.88254e-24
980 1.98739e-21 7.75983e-24
1000 1.98795e-21 7.62351e-24
