4.01733e+08
3.9892e+08
3.95669e+08
3.92355e+08
3.89324e+08
3.87049e+08
3.85784e+08
3.86023e+08
3.87872e+08
3.91263e+08
3.95886e+08
4.00703e+08
4.05109e+08
4.0755e+08
4.07457e+08
4.04557e+08
4.00049e+08
3.95098e+08
3.90944e+08
3.88727e+08
3.88567e+08
3.90651e+08
3.94713e+08
4.00507e+08
4.07096e+08
4.13456e+08
4.19221e+08
4.23572e+08
4.26744e+08
4.28419e+08
4.28613e+08
4.28233e+08
4.27261e+08
4.25674e+08
4.23427e+08
4.20424e+08
4.16539e+08
4.11881e+08
4.07372e+08
4.03238e+08
4.00783e+08
4.00232e+08
4.02174e+08
4.06196e+08
4.11452e+08
4.17232e+08
4.22397e+08
4.26173e+08
4.28219e+08
4.28327e+08
4.26537e+08
4.22982e+08
4.1825e+08
4.13188e+08
4.07856e+08
4.02771e+08
3.97892e+08
3.93641e+08
3.90625e+08
3.8881e+08
3.88671e+08
3.90108e+08
3.93255e+08
3.97243e+08
4.01495e+08
4.04885e+08
4.07087e+08
4.07124e+08
4.05132e+08
4.01794e+08
3.97233e+08
3.92438e+08
3.88051e+08
3.84541e+08
3.82874e+08
3.82286e+08
3.83187e+08
3.85147e+08
3.88267e+08
3.92364e+08
3.97658e+08
4.03343e+08
4.09163e+08
4.14637e+08
4.19162e+08
4.22751e+08
4.24747e+08
4.24726e+08
4.2332e+08
4.20829e+08
4.17498e+08
4.14125e+08
4.11023e+08
4.08327e+08
4.05978e+08
4.04141e+08
4.01982e+08
3.99779e+08
3.97359e+08
3.94777e+08
3.92335e+08
3.90535e+08
3.89562e+08
3.8977e+08
3.9095e+08
3.93065e+08
3.96482e+08
4.00323e+08
4.04152e+08
4.07826e+08
4.1087e+08
4.14124e+08
4.16603e+08
4.19127e+08
4.21255e+08
4.23034e+08
4.24989e+08
4.26741e+08
4.28016e+08
4.29081e+08
4.29586e+08
4.29731e+08
4.29722e+08
4.29049e+08
4.27734e+08
4.25897e+08
4.23164e+08
4.19351e+08
4.14849e+08
4.0993e+08
4.04898e+08
4.00122e+08
3.95997e+08
3.92874e+08
3.91072e+08
3.90683e+08
3.9153e+08
3.9323e+08
3.95341e+08
3.97336e+08
3.98848e+08
3.99312e+08
3.98718e+08
3.97172e+08
3.9548e+08
3.94155e+08
3.92993e+08
3.92768e+08
3.93198e+08
3.94069e+08
3.95262e+08
3.96997e+08
3.99049e+08
4.0117e+08
4.03795e+08
4.06507e+08
4.09255e+08
4.11653e+08
4.13344e+08
4.13887e+08
4.13016e+08
4.10648e+08
4.06801e+08
4.02087e+08
3.97212e+08
3.92335e+08
3.88408e+08
3.85925e+08
3.8503e+08
3.86069e+08
3.89145e+08
3.93963e+08
4.00253e+08
4.0789e+08
4.16448e+08
4.24678e+08
4.32731e+08
4.39124e+08
4.42749e+08
4.43268e+08
4.40217e+08
4.34054e+08
4.24929e+08
4.13858e+08
4.02182e+08
3.91821e+08
3.83762e+08
3.7878e+08
3.77406e+08
3.79016e+08
3.8328e+08
3.89267e+08
3.96423e+08
4.04091e+08
4.11605e+08
4.18331e+08
4.24181e+08
4.28548e+08
4.31682e+08
4.32722e+08
4.31869e+08
4.2889e+08
4.24138e+08
4.18066e+08
4.11163e+08
4.04171e+08
3.97393e+08
3.91087e+08
3.85598e+08
3.80719e+08
3.77135e+08
3.74756e+08
3.73514e+08
3.73926e+08
3.75942e+08
3.79218e+08
3.8393e+08
3.89609e+08
3.95787e+08
4.02533e+08
4.09266e+08
4.15337e+08
4.20454e+08
4.24325e+08
4.26399e+08
4.26858e+08
4.25707e+08
4.23401e+08
4.2023e+08
4.17045e+08
4.14255e+08
4.12249e+08
4.11055e+08
4.09934e+08
4.08486e+08
4.05795e+08
4.02267e+08
3.98023e+08
3.9333e+08
3.88869e+08
3.85551e+08
3.83981e+08
3.84165e+08
3.86333e+08
3.8986e+08
3.94363e+08
3.9892e+08
4.02576e+08
4.0498e+08
4.0624e+08
4.06219e+08
4.06098e+08
4.06025e+08
4.0642e+08
4.07727e+08
4.09926e+08
4.12823e+08
4.16383e+08
4.20551e+08
4.24733e+08
4.28595e+08
4.3191e+08
4.33913e+08
4.33943e+08
4.32034e+08
4.28011e+08
4.22485e+08
4.15925e+08
4.09629e+08
4.03362e+08
3.98425e+08
3.93978e+08
3.90192e+08
3.86767e+08
3.83723e+08
3.81088e+08
3.7871e+08
3.77456e+08
3.76932e+08
3.77377e+08
3.78659e+08
3.80773e+08
3.83846e+08
3.88032e+08
3.92605e+08
3.97512e+08
4.0256e+08
4.06897e+08
4.09845e+08
4.1177e+08
4.12873e+08
4.12773e+08
4.12002e+08
4.10792e+08
4.09431e+08
4.08377e+08
4.08253e+08
4.09588e+08
4.12448e+08
4.1684e+08
4.21918e+08
4.27185e+08
4.31893e+08
4.34481e+08
4.34551e+08
4.3182e+08
4.2661e+08
4.19587e+08
4.11129e+08
4.02808e+08
3.95314e+08
3.89445e+08
3.85628e+08
3.8421e+08
3.84899e+08
3.87443e+08
3.90526e+08
3.93607e+08
3.95778e+08
3.97041e+08
3.97073e+08
3.96742e+08
3.97103e+08
3.98007e+08
3.99776e+08
4.01871e+08
4.03739e+08
4.05006e+08
4.05604e+08
4.05356e+08
4.04822e+08
4.04334e+08
4.04045e+08
4.04264e+08
4.04666e+08
4.05574e+08
4.06026e+08
4.06451e+08
4.0711e+08
4.07982e+08
4.09329e+08
4.11639e+08
4.14169e+08
4.17249e+08
4.20456e+08
4.23595e+08
4.25888e+08
4.27097e+08
4.27049e+08
4.25809e+08
4.23874e+08
4.21548e+08
4.18848e+08
4.16211e+08
4.14029e+08
4.1184e+08
4.09904e+08
4.08149e+08
4.06839e+08
4.05435e+08
4.03876e+08
4.0226e+08
4.00246e+08
3.98363e+08
3.97057e+08
3.96427e+08
3.96991e+08
3.98772e+08
4.01067e+08
4.0336e+08
4.04585e+08
4.04373e+08
4.02265e+08
3.99351e+08
3.9582e+08
3.92283e+08
3.89219e+08
3.87073e+08
3.86181e+08
3.86894e+08
3.89543e+08
3.9417e+08
4.00837e+08
4.08855e+08
4.16849e+08
4.24077e+08
4.29268e+08
4.31363e+08
4.3043e+08
4.26563e+08
4.20783e+08
4.13859e+08
4.07103e+08
4.01201e+08
3.97007e+08
3.94507e+08
3.93467e+08
3.93119e+08
3.92973e+08
3.92725e+08
3.92549e+08
3.92198e+08
3.92154e+08
3.9322e+08
3.95159e+08
3.98533e+08
4.0283e+08
4.0759e+08
4.11874e+08
4.1499e+08
4.16066e+08
4.14612e+08
4.11011e+08
4.0521e+08
3.98458e+08
3.91135e+08
3.84604e+08
3.7926e+08
3.75665e+08
3.74135e+08
3.74972e+08
3.77837e+08
3.82361e+08
3.88067e+08
3.95024e+08
4.02558e+08
4.10657e+08
4.18541e+08
4.26074e+08
4.32451e+08
4.3737e+08
4.40391e+08
4.40992e+08
4.39437e+08
4.35808e+08
4.30755e+08
4.24787e+08
4.18818e+08
4.13065e+08
4.08132e+08
4.03996e+08
4.00884e+08
3.98874e+08
3.98115e+08
3.98515e+08
4.00092e+08
4.02323e+08
4.05065e+08
4.07851e+08
4.09713e+08
4.10521e+08
4.09918e+08
4.0812e+08
4.05617e+08
4.02316e+08
3.9906e+08
3.96368e+08
3.94757e+08
3.94456e+08
3.95962e+08
3.9873e+08
4.0193e+08
4.05053e+08
4.0752e+08
4.08517e+08
4.08354e+08
4.07038e+08
4.04857e+08
4.02338e+08
4.00192e+08
3.98525e+08
3.97921e+08
3.97535e+08
3.97865e+08
3.97927e+08
3.98266e+08
3.97876e+08
3.9687e+08
3.95009e+08
3.92233e+08
3.88825e+08
3.85328e+08
3.82366e+08
3.80789e+08
3.80725e+08
3.82647e+08
3.86577e+08
3.92368e+08
3.99304e+08
4.06472e+08
4.13632e+08
4.19214e+08
4.22829e+08
4.24366e+08
4.23868e+08
4.21857e+08
4.19237e+08
4.16799e+08
4.14776e+08
4.13701e+08
4.13298e+08
4.13003e+08
4.12003e+08
4.10201e+08
4.07446e+08
4.04009e+08
4.00525e+08
3.97861e+08
3.96302e+08
3.96414e+08
3.98125e+08
4.01488e+08
4.06142e+08
4.1162e+08
4.17719e+08
4.23646e+08
4.29081e+08
4.33202e+08
4.3601e+08
4.36812e+08
4.35748e+08
4.32844e+08
4.28302e+08
4.22785e+08
4.17156e+08
4.12147e+08
4.08042e+08
4.04829e+08
4.03187e+08
4.02952e+08
4.03796e+08
4.05272e+08
4.06513e+08
4.06914e+08
4.06182e+08
4.03836e+08
4.00185e+08
3.95757e+08
3.9103e+08
3.8675e+08
3.83296e+08
3.81277e+08
3.80971e+08
3.82246e+08
3.84727e+08
3.88426e+08
3.92629e+08
3.96726e+08
4.00819e+08
4.0442e+08
4.06822e+08
4.08453e+08
4.08878e+08
4.08994e+08
4.08478e+08
4.07341e+08
4.05737e+08
4.03884e+08
4.01774e+08
3.99611e+08
3.97711e+08
3.96779e+08
3.96884e+08
3.98026e+08
4.00518e+08
4.03865e+08
4.07455e+08
4.11082e+08
4.14702e+08
4.16959e+08
4.17495e+08
4.15723e+08
4.12339e+08
4.08055e+08
4.0323e+08
3.99155e+08
3.96363e+08
3.95012e+08
3.95007e+08
3.95987e+08
3.9697e+08
3.97345e+08
3.9693e+08
3.95717e+08
3.94237e+08
3.92698e+08
3.91447e+08
3.91335e+08
3.91918e+08
3.92622e+08
3.93398e+08
3.94225e+08
3.94834e+08
3.96079e+08
3.97885e+08
4.00939e+08
4.04484e+08
4.08647e+08
4.12627e+08
4.155e+08
4.17847e+08
4.19109e+08
4.1948e+08
4.19591e+08
4.19445e+08
4.19094e+08
4.19075e+08
4.18941e+08
4.18488e+08
4.17287e+08
4.15652e+08
4.13637e+08
4.10988e+08
4.08316e+08
4.05659e+08
4.03049e+08
4.00462e+08
3.97834e+08
3.95287e+08
3.93094e+08
3.91684e+08
3.90965e+08
3.90759e+08
3.91549e+08
3.93432e+08
3.96053e+08
3.98857e+08
4.01353e+08
4.03098e+08
4.03838e+08
4.03554e+08
4.03092e+08
4.03078e+08
4.03755e+08
4.05318e+08
4.07788e+08
4.10242e+08
4.12114e+08
4.12805e+08
4.12048e+08
4.10625e+08
4.0862e+08
4.0671e+08
4.04844e+08
4.02947e+08
4.01264e+08
3.99773e+08
3.98384e+08
3.96765e+08
3.9512e+08
3.93625e+08
3.91812e+08
3.90325e+08
3.88392e+08
3.86956e+08
3.85898e+08
3.85644e+08
3.86673e+08
3.89477e+08
3.9375e+08
3.98585e+08
4.03532e+08
4.08205e+08
4.12612e+08
4.1639e+08
4.19729e+08
4.22242e+08
4.23772e+08
4.24183e+08
4.233e+08
4.21957e+08
4.20153e+08
4.17652e+08
4.14807e+08
4.11508e+08
4.08387e+08
4.05838e+08
4.03902e+08
4.02807e+08
4.02339e+08
4.02307e+08
4.02379e+08
4.02304e+08
4.02422e+08
4.02351e+08
4.02314e+08
4.02211e+08
4.0259e+08
4.03792e+08
4.05472e+08
4.07777e+08
4.10208e+08
4.12577e+08
4.144e+08
4.14687e+08
4.13108e+08
4.09757e+08
4.04936e+08
3.99378e+08
3.93888e+08
3.89602e+08
3.87112e+08
3.86924e+08
3.88634e+08
3.92498e+08
3.97645e+08
4.03167e+08
4.07862e+08
4.11517e+08
4.13211e+08
4.12751e+08
4.11109e+08
4.08596e+08
4.05952e+08
4.04116e+08
4.02907e+08
4.02713e+08
4.03505e+08
4.05019e+08
4.06599e+08
4.08335e+08
4.09497e+08
4.09923e+08
4.09768e+08
4.08756e+08
4.07082e+08
4.05186e+08
4.03127e+08
4.01091e+08
3.99648e+08
3.9821e+08
3.96913e+08
3.95841e+08
3.94737e+08
3.94309e+08
3.94108e+08
3.947e+08
3.96531e+08
3.99432e+08
4.02785e+08
4.06369e+08
4.09801e+08
4.12672e+08
4.15137e+08
4.1734e+08
4.18947e+08
4.20342e+08
4.21433e+08
4.22007e+08
4.22385e+08
4.22538e+08
4.2212e+08
4.20909e+08
4.19126e+08
4.16572e+08
4.13399e+08
4.09682e+08
4.05554e+08
4.01833e+08
3.98323e+08
3.95469e+08
3.9377e+08
3.92842e+08
3.92936e+08
3.93846e+08
3.95456e+08
3.97974e+08
4.01163e+08
4.0495e+08
4.08736e+08
4.12985e+08
4.17326e+08
4.21661e+08
4.25566e+08
4.28673e+08
4.30096e+08
4.29416e+08
4.26633e+08
4.22283e+08
4.16501e+08
4.10032e+08
4.04081e+08
3.99008e+08
3.95418e+08
3.93268e+08
3.92733e+08
3.93212e+08
3.93426e+08
3.93267e+08
3.92223e+08
3.89887e+08
3.86616e+08
3.82462e+08
3.78145e+08
3.74669e+08
3.73003e+08
3.73628e+08
3.76776e+08
3.82402e+08
3.9014e+08
3.98953e+08
4.07326e+08
4.14556e+08
4.19729e+08
4.22595e+08
4.23207e+08
4.21828e+08
4.18882e+08
4.15536e+08
4.12543e+08
4.10061e+08
4.08553e+08
4.07225e+08
4.06115e+08
4.05152e+08
4.03929e+08
4.02329e+08
4.00616e+08
3.98484e+08
3.9565e+08
3.92908e+08
3.90338e+08
3.88175e+08
3.87108e+08
3.87446e+08
3.89585e+08
3.93381e+08
3.98657e+08
4.04536e+08
4.10624e+08
4.16279e+08
4.21301e+08
4.25192e+08
4.2771e+08
4.2852e+08
4.27918e+08
4.2583e+08
4.22927e+08
4.1952e+08
4.16133e+08
4.13183e+08
4.10429e+08
4.07848e+08
4.05351e+08
4.03044e+08
4.00584e+08
3.97787e+08
3.94299e+08
3.90371e+08
3.86155e+08
3.82171e+08
3.79022e+08
3.76779e+08
3.75933e+08
3.77135e+08
3.79564e+08
3.83503e+08
3.88547e+08
3.94251e+08
4.00286e+08
4.05883e+08
4.10845e+08
4.14955e+08
4.17885e+08
4.19208e+08
4.19153e+08
4.17423e+08
4.1426e+08
4.10339e+08
4.06442e+08
4.03021e+08
4.00942e+08
4.00504e+08
4.01401e+08
4.03483e+08
4.06404e+08
4.09759e+08
4.13398e+08
4.1703e+08
4.20285e+08
4.22875e+08
4.24053e+08
4.23543e+08
4.21182e+08
4.17376e+08
4.12652e+08
4.07868e+08
4.0365e+08
4.00636e+08
3.9887e+08
3.98989e+08
4.00612e+08
4.03772e+08
4.08048e+08
4.1249e+08
4.16443e+08
4.18949e+08
4.19215e+08
4.17298e+08
4.13461e+08
4.07765e+08
4.01549e+08
3.95556e+08
3.90826e+08
3.87575e+08
3.86092e+08
3.86201e+08
3.87493e+08
3.89765e+08
3.92371e+08
3.95576e+08
3.98567e+08
4.01076e+08
4.03122e+08
4.04865e+08
4.05587e+08
4.06216e+08
4.06646e+08
4.06858e+08
4.06896e+08
4.07042e+08
4.073e+08
4.07576e+08
4.08196e+08
4.08818e+08
4.09707e+08
4.10158e+08
4.10324e+08
4.09634e+08
4.07957e+08
4.05729e+08
4.02805e+08
3.99838e+08
3.97232e+08
3.95622e+08
3.95737e+08
3.96827e+08
3.98952e+08
4.01681e+08
4.04822e+08
4.07942e+08
4.10823e+08
4.13363e+08
4.15091e+08
4.15925e+08
4.15522e+08
4.13764e+08
4.1066e+08
4.06877e+08
4.03131e+08
4.00095e+08
3.97637e+08
3.964e+08
3.96091e+08
3.96581e+08
3.97532e+08
3.98894e+08
3.9987e+08
4.00843e+08
4.02041e+08
4.03771e+08
4.05781e+08
4.08421e+08
4.11371e+08
4.13822e+08
4.15481e+08
4.15855e+08
4.15292e+08
4.14013e+08
4.12164e+08
4.10545e+08
4.08964e+08
4.08086e+08
4.07657e+08
4.07418e+08
4.07333e+08
4.07283e+08
4.07188e+08
4.06754e+08
4.06069e+08
4.04845e+08
4.03583e+08
4.02312e+08
4.00996e+08
3.99475e+08
3.98361e+08
3.97775e+08
3.97504e+08
3.97679e+08
3.98371e+08
3.99335e+08
4.00466e+08
4.01821e+08
4.02945e+08
4.03822e+08
4.04498e+08
4.05161e+08
4.056e+08
4.05804e+08
4.05278e+08
