-1.1054e-20
-1.10768e-20
-1.11042e-20
-1.11324e-20
-1.1159e-20
-1.11796e-20
-1.11931e-20
-1.11932e-20
-1.11787e-20
-1.11494e-20
-1.11075e-20
-1.10654e-20
-1.10247e-20
-1.10024e-20
-1.10013e-20
-1.10267e-20
-1.10657e-20
-1.11091e-20
-1.11455e-20
-1.11633e-20
-1.11661e-20
-1.11521e-20
-1.11232e-20
-1.10781e-20
-1.1026e-20
-1.09778e-20
-1.09336e-20
-1.09032e-20
-1.088e-20
-1.08696e-20
-1.08735e-20
-1.08775e-20
-1.08839e-20
-1.08939e-20
-1.09079e-20
-1.09271e-20
-1.0954e-20
-1.09891e-20
-1.10208e-20
-1.10525e-20
-1.10684e-20
-1.10704e-20
-1.10501e-20
-1.10124e-20
-1.09658e-20
-1.0914e-20
-1.08689e-20
-1.0838e-20
-1.08232e-20
-1.08251e-20
-1.08426e-20
-1.08754e-20
-1.09179e-20
-1.09605e-20
-1.10062e-20
-1.10485e-20
-1.10904e-20
-1.11274e-20
-1.1152e-20
-1.11685e-20
-1.11707e-20
-1.11606e-20
-1.11336e-20
-1.11001e-20
-1.10635e-20
-1.10359e-20
-1.10159e-20
-1.10164e-20
-1.10341e-20
-1.10597e-20
-1.10969e-20
-1.11356e-20
-1.11714e-20
-1.12011e-20
-1.12103e-20
-1.12138e-20
-1.12034e-20
-1.1186e-20
-1.11588e-20
-1.11243e-20
-1.10771e-20
-1.10293e-20
-1.09817e-20
-1.09386e-20
-1.09058e-20
-1.08784e-20
-1.08651e-20
-1.08719e-20
-1.08884e-20
-1.09122e-20
-1.09435e-20
-1.09727e-20
-1.09979e-20
-1.10187e-20
-1.10361e-20
-1.1046e-20
-1.10614e-20
-1.1076e-20
-1.10931e-20
-1.11131e-20
-1.11334e-20
-1.11478e-20
-1.11558e-20
-1.11533e-20
-1.1145e-20
-1.11312e-20
-1.11028e-20
-1.10721e-20
-1.10432e-20
-1.10156e-20
-1.09958e-20
-1.09682e-20
-1.09504e-20
-1.09284e-20
-1.09109e-20
-1.08977e-20
-1.08795e-20
-1.08627e-20
-1.08514e-20
-1.084e-20
-1.08345e-20
-1.08312e-20
-1.08264e-20
-1.08292e-20
-1.08384e-20
-1.08507e-20
-1.08717e-20
-1.09047e-20
-1.09439e-20
-1.09868e-20
-1.10313e-20
-1.10745e-20
-1.11128e-20
-1.1143e-20
-1.11616e-20
-1.11675e-20
-1.11626e-20
-1.11505e-20
-1.1134e-20
-1.11174e-20
-1.11026e-20
-1.10975e-20
-1.11022e-20
-1.11168e-20
-1.11305e-20
-1.11382e-20
-1.11473e-20
-1.11459e-20
-1.11395e-20
-1.11311e-20
-1.11215e-20
-1.11061e-20
-1.10881e-20
-1.10719e-20
-1.10492e-20
-1.10266e-20
-1.10031e-20
-1.09823e-20
-1.09667e-20
-1.096e-20
-1.09645e-20
-1.09814e-20
-1.10123e-20
-1.10503e-20
-1.10881e-20
-1.1129e-20
-1.11617e-20
-1.11827e-20
-1.11928e-20
-1.1187e-20
-1.11631e-20
-1.11248e-20
-1.10749e-20
-1.10126e-20
-1.09412e-20
-1.08761e-20
-1.08061e-20
-1.07488e-20
-1.07162e-20
-1.07087e-20
-1.07317e-20
-1.07782e-20
-1.08508e-20
-1.09418e-20
-1.10405e-20
-1.11268e-20
-1.11951e-20
-1.12389e-20
-1.12507e-20
-1.12394e-20
-1.12056e-20
-1.11593e-20
-1.11034e-20
-1.10432e-20
-1.09844e-20
-1.09334e-20
-1.08878e-20
-1.08557e-20
-1.08301e-20
-1.08241e-20
-1.08322e-20
-1.08585e-20
-1.0899e-20
-1.09502e-20
-1.10088e-20
-1.10664e-20
-1.11211e-20
-1.11708e-20
-1.12114e-20
-1.12492e-20
-1.12739e-20
-1.12893e-20
-1.12983e-20
-1.12927e-20
-1.12737e-20
-1.12472e-20
-1.12082e-20
-1.11628e-20
-1.11156e-20
-1.10611e-20
-1.10055e-20
-1.0956e-20
-1.09138e-20
-1.08809e-20
-1.08649e-20
-1.08616e-20
-1.08719e-20
-1.08911e-20
-1.09192e-20
-1.09469e-20
-1.09712e-20
-1.09869e-20
-1.09927e-20
-1.09982e-20
-1.10059e-20
-1.10285e-20
-1.10571e-20
-1.10913e-20
-1.1131e-20
-1.11701e-20
-1.11987e-20
-1.12112e-20
-1.12105e-20
-1.11921e-20
-1.11638e-20
-1.11258e-20
-1.10867e-20
-1.10566e-20
-1.10375e-20
-1.1027e-20
-1.10307e-20
-1.10317e-20
-1.10325e-20
-1.10293e-20
-1.10165e-20
-1.09955e-20
-1.09693e-20
-1.09371e-20
-1.08983e-20
-1.08608e-20
-1.08272e-20
-1.0797e-20
-1.07785e-20
-1.07787e-20
-1.07943e-20
-1.0829e-20
-1.08762e-20
-1.09334e-20
-1.09843e-20
-1.1039e-20
-1.10773e-20
-1.11148e-20
-1.11463e-20
-1.11749e-20
-1.11996e-20
-1.12213e-20
-1.12447e-20
-1.12556e-20
-1.1262e-20
-1.12596e-20
-1.12508e-20
-1.12358e-20
-1.12121e-20
-1.11761e-20
-1.11391e-20
-1.10985e-20
-1.10535e-20
-1.10147e-20
-1.09912e-20
-1.0975e-20
-1.09627e-20
-1.09624e-20
-1.09668e-20
-1.09748e-20
-1.09858e-20
-1.09964e-20
-1.10001e-20
-1.09909e-20
-1.09688e-20
-1.09321e-20
-1.08911e-20
-1.08472e-20
-1.08047e-20
-1.07826e-20
-1.07816e-20
-1.08042e-20
-1.0847e-20
-1.09037e-20
-1.0976e-20
-1.10448e-20
-1.11065e-20
-1.11542e-20
-1.11851e-20
-1.11951e-20
-1.11878e-20
-1.11627e-20
-1.11358e-20
-1.11086e-20
-1.10906e-20
-1.10793e-20
-1.10826e-20
-1.10901e-20
-1.10883e-20
-1.10829e-20
-1.10679e-20
-1.10498e-20
-1.10343e-20
-1.10242e-20
-1.10189e-20
-1.10224e-20
-1.10271e-20
-1.10308e-20
-1.10339e-20
-1.10323e-20
-1.10318e-20
-1.10247e-20
-1.10266e-20
-1.1029e-20
-1.10281e-20
-1.1026e-20
-1.10202e-20
-1.10029e-20
-1.09871e-20
-1.09649e-20
-1.09407e-20
-1.09137e-20
-1.08939e-20
-1.08823e-20
-1.08808e-20
-1.08895e-20
-1.09025e-20
-1.09179e-20
-1.09381e-20
-1.09572e-20
-1.09694e-20
-1.09839e-20
-1.09967e-20
-1.10094e-20
-1.10167e-20
-1.10272e-20
-1.104e-20
-1.10524e-20
-1.10711e-20
-1.10893e-20
-1.11029e-20
-1.11132e-20
-1.11125e-20
-1.1099e-20
-1.10812e-20
-1.10617e-20
-1.1052e-20
-1.10533e-20
-1.10728e-20
-1.10948e-20
-1.11221e-20
-1.11499e-20
-1.11743e-20
-1.11908e-20
-1.11969e-20
-1.11899e-20
-1.11668e-20
-1.11277e-20
-1.10691e-20
-1.09975e-20
-1.09284e-20
-1.0864e-20
-1.08163e-20
-1.07963e-20
-1.07999e-20
-1.08288e-20
-1.08727e-20
-1.09288e-20
-1.09842e-20
-1.1035e-20
-1.10706e-20
-1.1092e-20
-1.1101e-20
-1.11069e-20
-1.11137e-20
-1.11229e-20
-1.11301e-20
-1.11416e-20
-1.11523e-20
-1.11513e-20
-1.11453e-20
-1.11237e-20
-1.10923e-20
-1.10537e-20
-1.10174e-20
-1.09887e-20
-1.09771e-20
-1.09879e-20
-1.1014e-20
-1.10602e-20
-1.11113e-20
-1.1169e-20
-1.12176e-20
-1.12572e-20
-1.12829e-20
-1.12922e-20
-1.12805e-20
-1.1253e-20
-1.12139e-20
-1.11683e-20
-1.11113e-20
-1.10513e-20
-1.09849e-20
-1.09221e-20
-1.0861e-20
-1.08108e-20
-1.07716e-20
-1.07468e-20
-1.07432e-20
-1.07559e-20
-1.07863e-20
-1.08276e-20
-1.08773e-20
-1.09251e-20
-1.09724e-20
-1.10117e-20
-1.10458e-20
-1.10717e-20
-1.10886e-20
-1.10945e-20
-1.10909e-20
-1.10764e-20
-1.10579e-20
-1.10338e-20
-1.10072e-20
-1.09901e-20
-1.09809e-20
-1.09844e-20
-1.09978e-20
-1.10151e-20
-1.10421e-20
-1.10681e-20
-1.10893e-20
-1.11019e-20
-1.11057e-20
-1.10928e-20
-1.10701e-20
-1.10464e-20
-1.10237e-20
-1.10059e-20
-1.10036e-20
-1.10096e-20
-1.10249e-20
-1.10477e-20
-1.10736e-20
-1.10945e-20
-1.11115e-20
-1.11151e-20
-1.11193e-20
-1.11133e-20
-1.11127e-20
-1.1105e-20
-1.11059e-20
-1.11109e-20
-1.1123e-20
-1.11437e-20
-1.11709e-20
-1.11997e-20
-1.12248e-20
-1.12368e-20
-1.1238e-20
-1.12227e-20
-1.11907e-20
-1.11424e-20
-1.10853e-20
-1.10281e-20
-1.09664e-20
-1.09205e-20
-1.08914e-20
-1.08794e-20
-1.08855e-20
-1.09054e-20
-1.09295e-20
-1.09502e-20
-1.0968e-20
-1.09751e-20
-1.0975e-20
-1.09739e-20
-1.09813e-20
-1.09953e-20
-1.10182e-20
-1.1048e-20
-1.10792e-20
-1.11022e-20
-1.11171e-20
-1.11167e-20
-1.11034e-20
-1.10756e-20
-1.10372e-20
-1.09928e-20
-1.09414e-20
-1.08921e-20
-1.08458e-20
-1.08129e-20
-1.07891e-20
-1.07837e-20
-1.07928e-20
-1.0817e-20
-1.08561e-20
-1.09036e-20
-1.095e-20
-1.09885e-20
-1.10192e-20
-1.1046e-20
-1.10582e-20
-1.10578e-20
-1.10477e-20
-1.10313e-20
-1.10184e-20
-1.10138e-20
-1.10182e-20
-1.10382e-20
-1.10693e-20
-1.11063e-20
-1.11462e-20
-1.11821e-20
-1.12126e-20
-1.12305e-20
-1.12325e-20
-1.12205e-20
-1.11993e-20
-1.1166e-20
-1.11298e-20
-1.10975e-20
-1.10628e-20
-1.10301e-20
-1.10096e-20
-1.09931e-20
-1.09897e-20
-1.09856e-20
-1.09882e-20
-1.0998e-20
-1.10121e-20
-1.10267e-20
-1.10433e-20
-1.10615e-20
-1.10791e-20
-1.10867e-20
-1.10858e-20
-1.10774e-20
-1.10554e-20
-1.10266e-20
-1.09985e-20
-1.09697e-20
-1.0935e-20
-1.09131e-20
-1.09061e-20
-1.09227e-20
-1.09523e-20
-1.09874e-20
-1.103e-20
-1.10652e-20
-1.10896e-20
-1.11027e-20
-1.11042e-20
-1.10954e-20
-1.10877e-20
-1.10863e-20
-1.10916e-20
-1.1104e-20
-1.11172e-20
-1.11317e-20
-1.1145e-20
-1.11439e-20
-1.1136e-20
-1.11292e-20
-1.11212e-20
-1.11107e-20
-1.1104e-20
-1.109e-20
-1.10742e-20
-1.10457e-20
-1.10162e-20
-1.09795e-20
-1.09451e-20
-1.09257e-20
-1.09083e-20
-1.09024e-20
-1.09059e-20
-1.09095e-20
-1.09154e-20
-1.09241e-20
-1.09264e-20
-1.09294e-20
-1.09349e-20
-1.09486e-20
-1.09637e-20
-1.09793e-20
-1.10016e-20
-1.10214e-20
-1.104e-20
-1.10577e-20
-1.10754e-20
-1.10944e-20
-1.11136e-20
-1.11296e-20
-1.11369e-20
-1.11394e-20
-1.11419e-20
-1.11362e-20
-1.11196e-20
-1.10959e-20
-1.10705e-20
-1.10472e-20
-1.10296e-20
-1.10212e-20
-1.10248e-20
-1.10298e-20
-1.10297e-20
-1.10239e-20
-1.10108e-20
-1.09883e-20
-1.09677e-20
-1.09518e-20
-1.09464e-20
-1.09563e-20
-1.09707e-20
-1.0992e-20
-1.10108e-20
-1.10294e-20
-1.10496e-20
-1.10669e-20
-1.10812e-20
-1.10932e-20
-1.11081e-20
-1.11218e-20
-1.11312e-20
-1.11454e-20
-1.11536e-20
-1.11708e-20
-1.11815e-20
-1.1191e-20
-1.11956e-20
-1.11906e-20
-1.11687e-20
-1.11332e-20
-1.10948e-20
-1.10555e-20
-1.10179e-20
-1.09803e-20
-1.09495e-20
-1.0921e-20
-1.08991e-20
-1.08838e-20
-1.0877e-20
-1.08844e-20
-1.08938e-20
-1.09071e-20
-1.09284e-20
-1.09516e-20
-1.09801e-20
-1.10061e-20
-1.10265e-20
-1.1043e-20
-1.10522e-20
-1.10567e-20
-1.10578e-20
-1.10593e-20
-1.10639e-20
-1.10649e-20
-1.10691e-20
-1.10732e-20
-1.10801e-20
-1.10812e-20
-1.10716e-20
-1.10583e-20
-1.10383e-20
-1.10184e-20
-1.09976e-20
-1.09792e-20
-1.09749e-20
-1.09866e-20
-1.10119e-20
-1.1049e-20
-1.10922e-20
-1.11361e-20
-1.1169e-20
-1.11873e-20
-1.11855e-20
-1.11712e-20
-1.11362e-20
-1.10898e-20
-1.10397e-20
-1.09995e-20
-1.09659e-20
-1.09508e-20
-1.0957e-20
-1.09706e-20
-1.09928e-20
-1.10176e-20
-1.1034e-20
-1.10484e-20
-1.10544e-20
-1.10514e-20
-1.10419e-20
-1.10341e-20
-1.10225e-20
-1.10165e-20
-1.1016e-20
-1.10171e-20
-1.10251e-20
-1.10386e-20
-1.10525e-20
-1.10683e-20
-1.10844e-20
-1.10913e-20
-1.10994e-20
-1.1106e-20
-1.11097e-20
-1.11162e-20
-1.1115e-20
-1.11164e-20
-1.11126e-20
-1.10966e-20
-1.10706e-20
-1.10432e-20
-1.10144e-20
-1.09872e-20
-1.09666e-20
-1.09489e-20
-1.09319e-20
-1.09224e-20
-1.09137e-20
-1.09074e-20
-1.09067e-20
-1.09056e-20
-1.0904e-20
-1.09078e-20
-1.092e-20
-1.09353e-20
-1.09566e-20
-1.09812e-20
-1.10094e-20
-1.10418e-20
-1.10675e-20
-1.10935e-20
-1.11148e-20
-1.11243e-20
-1.11297e-20
-1.11262e-20
-1.1117e-20
-1.11039e-20
-1.10828e-20
-1.10569e-20
-1.1026e-20
-1.09989e-20
-1.09656e-20
-1.09311e-20
-1.08952e-20
-1.08619e-20
-1.08334e-20
-1.08207e-20
-1.08279e-20
-1.08538e-20
-1.08904e-20
-1.09398e-20
-1.09955e-20
-1.10442e-20
-1.1087e-20
-1.11176e-20
-1.11377e-20
-1.1141e-20
-1.11334e-20
-1.11318e-20
-1.11325e-20
-1.11401e-20
-1.11597e-20
-1.11856e-20
-1.12208e-20
-1.12593e-20
-1.12911e-20
-1.13063e-20
-1.13015e-20
-1.12749e-20
-1.12259e-20
-1.11564e-20
-1.10771e-20
-1.10053e-20
-1.09436e-20
-1.09007e-20
-1.08773e-20
-1.08724e-20
-1.08846e-20
-1.09121e-20
-1.09414e-20
-1.09656e-20
-1.09861e-20
-1.09954e-20
-1.10057e-20
-1.10136e-20
-1.10186e-20
-1.1027e-20
-1.10403e-20
-1.10527e-20
-1.10689e-20
-1.10945e-20
-1.11166e-20
-1.11374e-20
-1.11574e-20
-1.11694e-20
-1.11715e-20
-1.11577e-20
-1.11292e-20
-1.10854e-20
-1.10372e-20
-1.09865e-20
-1.09401e-20
-1.08978e-20
-1.08654e-20
-1.08448e-20
-1.08408e-20
-1.08477e-20
-1.08683e-20
-1.0894e-20
-1.09237e-20
-1.09519e-20
-1.09736e-20
-1.09942e-20
-1.10137e-20
-1.10327e-20
-1.10483e-20
-1.10655e-20
-1.10863e-20
-1.11159e-20
-1.11496e-20
-1.11863e-20
-1.122e-20
-1.12446e-20
-1.12636e-20
-1.12716e-20
-1.1259e-20
-1.12401e-20
-1.12078e-20
-1.11658e-20
-1.11177e-20
-1.10653e-20
-1.10184e-20
-1.0977e-20
-1.09417e-20
-1.09159e-20
-1.09051e-20
-1.09043e-20
-1.09193e-20
-1.09481e-20
-1.09833e-20
-1.10173e-20
-1.10488e-20
-1.10678e-20
-1.10717e-20
-1.1066e-20
-1.10509e-20
-1.10294e-20
-1.10055e-20
-1.09789e-20
-1.09515e-20
-1.09259e-20
-1.09024e-20
-1.08898e-20
-1.089e-20
-1.09062e-20
-1.09343e-20
-1.09711e-20
-1.1008e-20
-1.10403e-20
-1.10619e-20
-1.10758e-20
-1.10729e-20
-1.10604e-20
-1.10355e-20
-1.10009e-20
-1.09665e-20
-1.09352e-20
-1.0916e-20
-1.0917e-20
-1.09345e-20
-1.09658e-20
-1.10158e-20
-1.10687e-20
-1.11197e-20
-1.11573e-20
-1.11821e-20
-1.11909e-20
-1.11862e-20
-1.11728e-20
-1.11513e-20
-1.113e-20
-1.11009e-20
-1.10757e-20
-1.10564e-20
-1.10409e-20
-1.10253e-20
-1.1023e-20
-1.10184e-20
-1.1015e-20
-1.10139e-20
-1.10148e-20
-1.10132e-20
-1.10096e-20
-1.10069e-20
-1.09995e-20
-1.09933e-20
-1.09821e-20
-1.09767e-20
-1.0972e-20
-1.09763e-20
-1.09909e-20
-1.10082e-20
-1.10336e-20
-1.10599e-20
-1.10854e-20
-1.11031e-20
-1.11021e-20
-1.10952e-20
-1.10786e-20
-1.10565e-20
-1.10294e-20
-1.10029e-20
-1.09793e-20
-1.09583e-20
-1.09452e-20
-1.09384e-20
-1.09412e-20
-1.09553e-20
-1.09826e-20
-1.10156e-20
-1.10473e-20
-1.10709e-20
-1.10924e-20
-1.11019e-20
-1.11041e-20
-1.10994e-20
-1.10911e-20
-1.10772e-20
-1.10701e-20
-1.10626e-20
-1.10521e-20
-1.10357e-20
-1.10199e-20
-1.0998e-20
-1.09731e-20
-1.09544e-20
-1.09421e-20
-1.09424e-20
-1.09495e-20
-1.0962e-20
-1.09808e-20
-1.09948e-20
-1.10099e-20
-1.10153e-20
-1.10159e-20
-1.10161e-20
-1.10151e-20
-1.10137e-20
-1.10119e-20
-1.10141e-20
-1.10185e-20
-1.10306e-20
-1.1042e-20
-1.10531e-20
-1.10652e-20
-1.1082e-20
-1.10931e-20
-1.10977e-20
-1.11008e-20
-1.11004e-20
-1.10949e-20
-1.10872e-20
-1.10774e-20
-1.10632e-20
-1.10522e-20
-1.10445e-20
-1.10391e-20
-1.10324e-20
-1.10273e-20
-1.10227e-20
-1.10262e-20
