-9.04903e-21
-9.04849e-21
-9.04849e-21
-9.04796e-21
-9.04796e-21
-9.04796e-21
-9.05064e-21
-9.05225e-21
-9.05279e-21
-9.05172e-21
-9.0485e-21
-9.05011e-21
-9.04903e-21
-9.05117e-21
-9.05063e-21
-9.05278e-21
-9.05278e-21
-9.05279e-21
-9.05172e-21
-9.04582e-21
-9.04368e-21
-9.04475e-21
-9.0485e-21
-9.04796e-21
-9.04581e-21
-9.04634e-21
-9.04419e-21
-9.04579e-21
-9.04311e-21
-9.04258e-21
-9.04794e-21
-9.04795e-21
-9.04687e-21
-9.04634e-21
-9.0458e-21
-9.04472e-21
-9.04472e-21
-9.04741e-21
-9.04526e-21
-9.04795e-21
-9.04688e-21
-9.04957e-21
-9.04957e-21
-9.04903e-21
-9.04956e-21
-9.04634e-21
-9.04365e-21
-9.04365e-21
-9.04472e-21
-9.0458e-21
-9.04527e-21
-9.04581e-21
-9.04688e-21
-9.0442e-21
-9.04474e-21
-9.04366e-21
-9.04527e-21
-9.04688e-21
-9.04421e-21
-9.04474e-21
-9.04475e-21
-9.04689e-21
-9.04474e-21
-9.04474e-21
-9.04366e-21
-9.04634e-21
-9.04473e-21
-9.04741e-21
-9.05009e-21
-9.04633e-21
-9.0458e-21
-9.04527e-21
-9.04688e-21
-9.05225e-21
-9.04903e-21
-9.05171e-21
-9.05117e-21
-9.05278e-21
-9.05278e-21
-9.05278e-21
-9.04634e-21
-9.04366e-21
-9.04258e-21
-9.04311e-21
-9.04687e-21
-9.04526e-21
-9.04418e-21
-9.04901e-21
-9.05062e-21
-9.05009e-21
-9.05224e-21
-9.05224e-21
-9.0517e-21
-9.0517e-21
-9.05277e-21
-9.04848e-21
-9.04955e-21
-9.04794e-21
-9.04633e-21
-9.04633e-21
-9.04741e-21
-9.04633e-21
-9.04526e-21
-9.04205e-21
-9.04258e-21
-9.04687e-21
-9.04419e-21
-9.04365e-21
-9.04579e-21
-9.0474e-21
-9.05384e-21
-9.04901e-21
-9.05116e-21
-9.04686e-21
-9.04579e-21
-9.04847e-21
-9.04579e-21
-9.04365e-21
-9.04525e-21
-9.04418e-21
-9.04579e-21
-9.04633e-21
-9.04203e-21
-9.0415e-21
-9.04257e-21
-9.04043e-21
-9.03935e-21
-9.04203e-21
-9.04364e-21
-9.04418e-21
-9.04472e-21
-9.0458e-21
-9.04741e-21
-9.04956e-21
-9.05117e-21
-9.05224e-21
-9.05385e-21
-9.05653e-21
-9.05867e-21
-9.05921e-21
-9.05599e-21
-9.05438e-21
-9.05438e-21
-9.05813e-21
-9.05813e-21
-9.05331e-21
-9.05438e-21
-9.05117e-21
-9.04902e-21
-9.04956e-21
-9.05224e-21
-9.05116e-21
-9.04956e-21
-9.0517e-21
-9.04956e-21
-9.04955e-21
-9.04955e-21
-9.05062e-21
-9.05116e-21
-9.05115e-21
-9.05008e-21
-9.04847e-21
-9.04954e-21
-9.04954e-21
-9.04579e-21
-9.04687e-21
-9.04687e-21
-9.04633e-21
-9.04902e-21
-9.05117e-21
-9.05009e-21
-9.04848e-21
-9.04795e-21
-9.04633e-21
-9.04365e-21
-9.05008e-21
-9.04686e-21
-9.04364e-21
-9.04524e-21
-9.04632e-21
-9.049e-21
-9.04578e-21
-9.04364e-21
-9.04312e-21
-9.04581e-21
-9.04474e-21
-9.04528e-21
-9.04743e-21
-9.04528e-21
-9.04528e-21
-9.04313e-21
-9.04313e-21
-9.04259e-21
-9.04152e-21
-9.04098e-21
-9.04312e-21
-9.04258e-21
-9.04526e-21
-9.04204e-21
-9.04365e-21
-9.04257e-21
-9.04258e-21
-9.04204e-21
-9.04205e-21
-9.04473e-21
-9.04634e-21
-9.04795e-21
-9.04902e-21
-9.04688e-21
-9.04902e-21
-9.04688e-21
-9.04527e-21
-9.04795e-21
-9.04741e-21
-9.04527e-21
-9.04688e-21
-9.04634e-21
-9.04741e-21
-9.05223e-21
-9.05223e-21
-9.05009e-21
-9.04955e-21
-9.04847e-21
-9.04579e-21
-9.04686e-21
-9.04633e-21
-9.04579e-21
-9.04365e-21
-9.04526e-21
-9.04687e-21
-9.05008e-21
-9.05169e-21
-9.04901e-21
-9.04793e-21
-9.04578e-21
-9.05061e-21
-9.05168e-21
-9.05008e-21
-9.05008e-21
-9.05169e-21
-9.05116e-21
-9.04795e-21
-9.04794e-21
-9.04687e-21
-9.04901e-21
-9.04847e-21
-9.04632e-21
-9.04578e-21
-9.04524e-21
-9.04256e-21
-9.04632e-21
-9.04471e-21
-9.04472e-21
-9.04633e-21
-9.04579e-21
-9.04471e-21
-9.04525e-21
-9.04525e-21
-9.04203e-21
-9.04149e-21
-9.0431e-21
-9.04203e-21
-9.04149e-21
-9.04363e-21
-9.04256e-21
-9.0431e-21
-9.04256e-21
-9.04525e-21
-9.0415e-21
-9.04686e-21
-9.04418e-21
-9.04847e-21
-9.05168e-21
-9.05383e-21
-9.05276e-21
-9.05061e-21
-9.05437e-21
-9.05169e-21
-9.05115e-21
-9.049e-21
-9.04793e-21
-9.04847e-21
-9.04847e-21
-9.04418e-21
-9.04525e-21
-9.04632e-21
-9.04202e-21
-9.0388e-21
-9.04256e-21
-9.04417e-21
-9.04041e-21
-9.04041e-21
-9.03827e-21
-9.03559e-21
-9.03505e-21
-9.03774e-21
-9.04149e-21
-9.04364e-21
-9.04578e-21
-9.04525e-21
-9.04846e-21
-9.05006e-21
-9.04577e-21
-9.0463e-21
-9.0463e-21
-9.0463e-21
-9.04469e-21
-9.04095e-21
-9.04417e-21
-9.04364e-21
-9.04364e-21
-9.04364e-21
-9.04525e-21
-9.04579e-21
-9.0474e-21
-9.04471e-21
-9.04631e-21
-9.04524e-21
-9.0447e-21
-9.03988e-21
-9.04149e-21
-9.04525e-21
-9.04364e-21
-9.04579e-21
-9.04525e-21
-9.04524e-21
-9.04685e-21
-9.049e-21
-9.049e-21
-9.05115e-21
-9.05061e-21
-9.04847e-21
-9.04793e-21
-9.04632e-21
-9.04846e-21
-9.04471e-21
-9.04846e-21
-9.05061e-21
-9.04846e-21
-9.04686e-21
-9.04579e-21
-9.03935e-21
-9.04096e-21
-9.04149e-21
-9.04256e-21
-9.03988e-21
-9.03934e-21
-9.0388e-21
-9.0388e-21
-9.04041e-21
-9.04041e-21
-9.03988e-21
-9.04363e-21
-9.04685e-21
-9.04417e-21
-9.04525e-21
-9.04632e-21
-9.049e-21
-9.04739e-21
-9.04847e-21
-9.04954e-21
-9.04632e-21
-9.04632e-21
-9.04579e-21
-9.04472e-21
-9.04848e-21
-9.05116e-21
-9.05062e-21
-9.05169e-21
-9.05062e-21
-9.05168e-21
-9.05061e-21
-9.05383e-21
-9.04955e-21
-9.04687e-21
-9.04633e-21
-9.0474e-21
-9.04794e-21
-9.04794e-21
-9.04794e-21
-9.04794e-21
-9.04955e-21
-9.04793e-21
-9.04471e-21
-9.04739e-21
-9.04791e-21
-9.04791e-21
-9.05059e-21
-9.04898e-21
-9.04738e-21
-9.04309e-21
-9.0431e-21
-9.04418e-21
-9.04955e-21
-9.05223e-21
-9.0533e-21
-9.05169e-21
-9.05222e-21
-9.05383e-21
-9.05491e-21
-9.05062e-21
-9.04954e-21
-9.05116e-21
-9.04955e-21
-9.05438e-21
-9.05545e-21
-9.05598e-21
-9.05329e-21
-9.0506e-21
-9.04631e-21
-9.04416e-21
-9.04577e-21
-9.04363e-21
-9.04578e-21
-9.0431e-21
-9.04525e-21
-9.04365e-21
-9.04419e-21
-9.04579e-21
-9.04794e-21
-9.04633e-21
-9.04472e-21
-9.04472e-21
-9.04847e-21
-9.04794e-21
-9.04901e-21
-9.04579e-21
-9.04578e-21
-9.04364e-21
-9.04471e-21
-9.04471e-21
-9.0431e-21
-9.04417e-21
-9.0431e-21
-9.04364e-21
-9.04364e-21
-9.04579e-21
-9.04525e-21
-9.0474e-21
-9.0474e-21
-9.04902e-21
-9.05009e-21
-9.05063e-21
-9.04902e-21
-9.04741e-21
-9.0442e-21
-9.04473e-21
-9.04419e-21
-9.04097e-21
-9.04205e-21
-9.04204e-21
-9.04419e-21
-9.04633e-21
-9.04473e-21
-9.04795e-21
-9.04902e-21
-9.04849e-21
-9.04742e-21
-9.04956e-21
-9.04795e-21
-9.04687e-21
-9.04955e-21
-9.05115e-21
-9.05008e-21
-9.0533e-21
-9.05276e-21
-9.05115e-21
-9.05062e-21
-9.05169e-21
-9.05116e-21
-9.0533e-21
-9.04901e-21
-9.05115e-21
-9.04686e-21
-9.04954e-21
-9.04471e-21
-9.04524e-21
-9.04417e-21
-9.04256e-21
-9.04202e-21
-9.04256e-21
-9.04364e-21
-9.04525e-21
-9.0431e-21
-9.04364e-21
-9.04364e-21
-9.04364e-21
-9.04203e-21
-9.04203e-21
-9.04578e-21
-9.04095e-21
-9.04041e-21
-9.04041e-21
-9.03933e-21
-9.04041e-21
-9.04417e-21
-9.04739e-21
-9.04847e-21
-9.05222e-21
-9.05222e-21
-9.05007e-21
-9.04739e-21
-9.04845e-21
-9.04738e-21
-9.04577e-21
-9.04524e-21
-9.04578e-21
-9.04417e-21
-9.04525e-21
-9.04471e-21
-9.04579e-21
-9.04579e-21
-9.04632e-21
-9.04846e-21
-9.04685e-21
-9.04631e-21
-9.04363e-21
-9.04523e-21
-9.04362e-21
-9.04523e-21
-9.04469e-21
-9.04362e-21
-9.04523e-21
-9.04792e-21
-9.04792e-21
-9.04364e-21
-9.03988e-21
-9.04364e-21
-9.04525e-21
-9.04579e-21
-9.04525e-21
-9.04256e-21
-9.04202e-21
-9.04309e-21
-9.04202e-21
-9.04363e-21
-9.0447e-21
-9.04363e-21
-9.0431e-21
-9.04203e-21
-9.04417e-21
-9.04579e-21
-9.04471e-21
-9.04256e-21
-9.04256e-21
-9.03934e-21
-9.03934e-21
-9.04577e-21
-9.04792e-21
-9.0463e-21
-9.04845e-21
-9.04577e-21
-9.04899e-21
-9.04631e-21
-9.04684e-21
-9.05113e-21
-9.05543e-21
-9.05543e-21
-9.05382e-21
-9.05275e-21
-9.05382e-21
-9.05115e-21
-9.04847e-21
-9.04847e-21
-9.04525e-21
-9.04418e-21
-9.04954e-21
-9.05544e-21
-9.05114e-21
-9.04953e-21
-9.04792e-21
-9.05274e-21
-9.05436e-21
-9.05061e-21
-9.05115e-21
-9.04954e-21
-9.04847e-21
-9.04954e-21
-9.05061e-21
-9.04792e-21
-9.04631e-21
-9.04577e-21
-9.04417e-21
-9.04309e-21
-9.03988e-21
-9.03988e-21
-9.04471e-21
-9.04309e-21
-9.04202e-21
-9.04631e-21
-9.04953e-21
-9.04792e-21
-9.049e-21
-9.04579e-21
-9.04793e-21
-9.04579e-21
-9.049e-21
-9.04686e-21
-9.04417e-21
-9.04953e-21
-9.04792e-21
-9.049e-21
-9.05222e-21
-9.05115e-21
-9.05062e-21
-9.0533e-21
-9.05062e-21
-9.04901e-21
-9.04847e-21
-9.05276e-21
-9.05383e-21
-9.05115e-21
-9.05222e-21
-9.05008e-21
-9.0474e-21
-9.04525e-21
-9.04418e-21
-9.04525e-21
-9.0474e-21
-9.04847e-21
-9.04472e-21
-9.04204e-21
-9.04687e-21
-9.0517e-21
-9.05331e-21
-9.0533e-21
-9.0533e-21
-9.05169e-21
-9.04793e-21
-9.04418e-21
-9.04579e-21
-9.04686e-21
-9.04579e-21
-9.0458e-21
-9.04687e-21
-9.04525e-21
-9.04632e-21
-9.04524e-21
-9.04256e-21
-9.0431e-21
-9.04042e-21
-9.0415e-21
-9.03989e-21
-9.03935e-21
-9.04257e-21
-9.04525e-21
-9.04686e-21
-9.04739e-21
-9.05115e-21
-9.05329e-21
-9.05061e-21
-9.05222e-21
-9.04739e-21
-9.05115e-21
-9.049e-21
-9.04847e-21
-9.05008e-21
-9.0533e-21
-9.05277e-21
-9.05008e-21
-9.05115e-21
-9.05222e-21
-9.05222e-21
-9.04901e-21
-9.05007e-21
-9.05061e-21
-9.05168e-21
-9.04953e-21
-9.04524e-21
-9.04685e-21
-9.04578e-21
-9.04524e-21
-9.049e-21
-9.05007e-21
-9.05329e-21
-9.05383e-21
-9.05222e-21
-9.05276e-21
-9.05222e-21
-9.05168e-21
-9.05007e-21
-9.049e-21
-9.05007e-21
-9.04631e-21
-9.04524e-21
-9.04471e-21
-9.049e-21
-9.05115e-21
-9.04793e-21
-9.04739e-21
-9.04632e-21
-9.04954e-21
-9.05222e-21
-9.05168e-21
-9.05382e-21
-9.05596e-21
-9.05489e-21
-9.05221e-21
-9.049e-21
-9.04846e-21
-9.04685e-21
-9.04632e-21
-9.04471e-21
-9.04954e-21
-9.04953e-21
-9.04791e-21
-9.04523e-21
-9.04737e-21
-9.04468e-21
-9.04468e-21
-9.04898e-21
-9.04684e-21
-9.04577e-21
-9.04685e-21
-9.04416e-21
-9.04685e-21
-9.04899e-21
-9.04899e-21
-9.04738e-21
-9.05005e-21
-9.04844e-21
-9.04898e-21
-9.04951e-21
-9.04522e-21
-9.04254e-21
-9.042e-21
-9.04093e-21
-9.04308e-21
-9.04791e-21
-9.04576e-21
-9.0463e-21
-9.04576e-21
-9.04254e-21
-9.04308e-21
-9.03825e-21
-9.04094e-21
-9.04523e-21
-9.04523e-21
-9.04255e-21
-9.04308e-21
-9.04308e-21
-9.042e-21
-9.04254e-21
-9.04093e-21
-9.03611e-21
-9.03611e-21
-9.03503e-21
-9.0345e-21
-9.03771e-21
-9.03825e-21
-9.0361e-21
-9.03664e-21
-9.042e-21
-9.04575e-21
-9.04951e-21
-9.05058e-21
-9.05059e-21
-9.05274e-21
-9.04899e-21
-9.04953e-21
-9.05167e-21
-9.04953e-21
-9.0506e-21
-9.04953e-21
-9.04899e-21
-9.0506e-21
-9.05006e-21
-9.05006e-21
-9.04899e-21
-9.05435e-21
-9.05489e-21
-9.05489e-21
-9.05275e-21
-9.05006e-21
-9.04469e-21
-9.04308e-21
-9.04576e-21
-9.05006e-21
-9.04899e-21
-9.04845e-21
-9.04846e-21
-9.04364e-21
-9.04257e-21
-9.04364e-21
-9.049e-21
-9.04953e-21
-9.04577e-21
-9.04899e-21
-9.05006e-21
-9.04952e-21
-9.05006e-21
-9.04631e-21
-9.04524e-21
-9.04739e-21
-9.05062e-21
-9.05223e-21
-9.05384e-21
-9.05545e-21
-9.05545e-21
-9.05115e-21
-9.04578e-21
-9.04685e-21
-9.04739e-21
-9.04899e-21
-9.04899e-21
-9.04685e-21
-9.04471e-21
-9.04686e-21
-9.04686e-21
-9.04472e-21
-9.0458e-21
-9.04257e-21
-9.04471e-21
-9.04579e-21
-9.04364e-21
-9.04418e-21
-9.04793e-21
-9.04793e-21
-9.04793e-21
-9.05276e-21
-9.05061e-21
-9.04632e-21
-9.04525e-21
-9.04526e-21
-9.04848e-21
-9.05062e-21
-9.05169e-21
-9.04794e-21
-9.04579e-21
-9.04256e-21
-9.04096e-21
-9.0372e-21
-9.03452e-21
-9.03291e-21
-9.03559e-21
-9.03666e-21
-9.04042e-21
-9.04149e-21
-9.0431e-21
-9.04364e-21
-9.04042e-21
-9.03935e-21
-9.03989e-21
-9.0415e-21
-9.03989e-21
-9.03881e-21
-9.03881e-21
-9.04364e-21
-9.04793e-21
-9.05169e-21
-9.05223e-21
-9.04794e-21
-9.04687e-21
-9.04741e-21
-9.04151e-21
-9.04365e-21
-9.04472e-21
-9.04525e-21
-9.04525e-21
-9.04257e-21
-9.04364e-21
-9.04524e-21
-9.04525e-21
-9.04417e-21
-9.04578e-21
-9.04363e-21
-9.04364e-21
-9.04578e-21
-9.04686e-21
-9.04525e-21
-9.04633e-21
-9.04526e-21
-9.04204e-21
-9.0415e-21
-9.0415e-21
-9.04204e-21
-9.04472e-21
-9.0474e-21
-9.05008e-21
-9.05222e-21
-9.05007e-21
-9.04792e-21
-9.04471e-21
-9.0431e-21
-9.04203e-21
-9.0431e-21
-9.04364e-21
-9.04418e-21
-9.04257e-21
-9.04472e-21
-9.04311e-21
-9.04526e-21
-9.04687e-21
-9.04687e-21
-9.04901e-21
-9.049e-21
-9.04846e-21
-9.05007e-21
-9.04846e-21
-9.0431e-21
-9.04472e-21
-9.04526e-21
-9.04795e-21
-9.04741e-21
-9.04795e-21
-9.04688e-21
-9.04527e-21
-9.04527e-21
-9.04419e-21
-9.04741e-21
-9.04419e-21
-9.04366e-21
-9.0458e-21
-9.04687e-21
-9.04258e-21
-9.04687e-21
-9.0458e-21
-9.0442e-21
-9.04419e-21
-9.0458e-21
-9.04473e-21
-9.04259e-21
-9.04313e-21
-9.04152e-21
-9.04312e-21
-9.04044e-21
-9.04205e-21
-9.04043e-21
-9.0415e-21
-9.04472e-21
-9.04258e-21
-9.04258e-21
-9.04205e-21
-9.04474e-21
-9.04849e-21
-9.04474e-21
-9.0458e-21
-9.04527e-21
-9.04419e-21
-9.04043e-21
-9.03829e-21
-9.03883e-21
-9.0399e-21
-9.04419e-21
-9.04633e-21
-9.04687e-21
-9.04633e-21
-9.04848e-21
-9.05009e-21
-9.04956e-21
-9.04527e-21
-9.04688e-21
-9.04581e-21
-9.04635e-21
-9.04688e-21
-9.04796e-21
-9.04473e-21
-9.04741e-21
-9.04849e-21
-9.04688e-21
-9.04205e-21
-9.04259e-21
-9.04205e-21
-9.04044e-21
-9.04204e-21
-9.04204e-21
-9.04418e-21
-9.04364e-21
-9.04257e-21
-9.04579e-21
-9.04526e-21
-9.04901e-21
-9.04741e-21
-9.04526e-21
-9.04579e-21
-9.04687e-21
-9.0474e-21
-9.04579e-21
-9.04525e-21
-9.04365e-21
-9.04686e-21
-9.0474e-21
-9.04633e-21
-9.04579e-21
-9.05008e-21
-9.05008e-21
-9.04633e-21
-9.04526e-21
-9.04579e-21
-9.04579e-21
-9.04687e-21
-9.0474e-21
-9.04365e-21
-9.04258e-21
-9.04419e-21
-9.04741e-21
-9.04794e-21
-9.04794e-21
-9.04472e-21
-9.04364e-21
