-6.65046
-6.64851
-6.6307
-6.61808
-6.60706
-6.59605
-6.59152
-6.58924
-6.58697
-6.58308
-6.58017
-6.57855
-6.57531
-6.57531
-6.57532
-6.5737
-6.57338
-6.57274
-6.57404
-6.57436
-6.57468
-6.57533
-6.57565
-6.57598
-6.57727
-6.57824
-6.5805
-6.57856
-6.57921
-6.57792
-6.57889
-6.58116
-6.58213
-6.58342
-6.58504
-6.58634
-6.58602
-6.58602
-6.58569
-6.58472
-6.58601
-6.58602
-6.58472
-6.58472
-6.5831
-6.57889
-6.58018
-6.58083
-6.5818
-6.58277
-6.58212
-6.58147
-6.5818
-6.58115
-6.58148
-6.5805
-6.58115
-6.58115
-6.58051
-6.5818
-6.58018
-6.58212
-6.58439
-6.58439
-6.58633
-6.58795
-6.58925
-6.59119
-6.59151
-6.59119
-6.58957
-6.58827
-6.58892
-6.5873
-6.58633
-6.58698
-6.58601
-6.58536
-6.58762
-6.58795
-6.58633
-6.58536
-6.58503
-6.58374
-6.58309
-6.58244
-6.58406
-6.58309
-6.58212
-6.58082
-6.57985
-6.58018
-6.57985
-6.57888
-6.57791
-6.57597
-6.57661
-6.57759
-6.57726
-6.57564
-5.90293
-5.90131
-5.89872
-5.89969
-5.89936
-5.90098
-5.90065
-5.90098
-5.90065
-5.90162
-5.90065
-5.90001
-5.89904
-5.89807
-5.89645
-5.8971
-5.89904
-5.89872
-5.89905
-5.89775
-5.89807
-5.8984
-5.90002
-5.90131
-5.9026
-5.90195
-5.90422
-5.9013
-5.90131
-5.90163
-5.90001
-5.9026
-5.90422
-5.9026
-5.90325
-5.90228
-5.9013
-5.89871
-5.90098
-5.9013
-5.90066
-5.89904
-5.89936
-5.89904
-5.90001
-5.90066
-5.90325
-5.90358
-5.90163
-5.90034
-5.89969
-5.90033
-5.9013
-5.90098
-5.89968
-5.89936
-5.89709
-5.89612
-5.89742
-5.89839
-5.90066
-5.90066
-5.90002
-5.90131
-5.90196
-5.90131
-5.90196
-5.90358
-5.9026
-5.90228
-5.90033
-5.89936
-5.89871
-5.9
-5.90162
-5.90065
-5.90065
-5.90163
-5.9026
-5.90357
-5.90001
-5.89904
-5.89807
-5.89839
-5.90195
-5.90324
-5.90227
-5.90033
-5.90097
-5.90227
-5.90097
-5.89936
-5.90033
-5.89742
-5.89904
-5.89839
-5.89871
-5.89806
-5.89709
-5.89741
-5.57577
-5.57513
-5.57642
-5.57609
-5.57577
-5.57803
-5.57674
-5.57674
-5.57771
-5.57674
-5.57545
-5.57383
-5.5748
-5.57513
-5.57545
-5.5761
-5.57545
-5.57481
-5.57448
-5.57578
-5.57416
-5.57448
-5.57286
-5.57481
-5.57545
-5.57383
-5.57319
-5.57351
-5.57319
-5.57351
-5.57416
-5.57286
-5.57448
-5.57448
-5.57448
-5.57545
-5.57642
-5.57448
-5.5735
-5.57221
-5.57351
-5.57318
-5.57318
-5.57512
-5.57124
-5.57091
-5.57156
-5.57415
-5.57609
-5.5748
-5.57415
-5.57707
-5.57771
-5.57739
-5.57804
-5.57966
-5.57868
-5.57609
-5.57415
-5.57286
-5.57415
-5.57739
-5.57804
-5.57837
-5.57643
-5.57319
-5.57189
-5.57351
-5.57286
-5.57286
-5.57512
-5.57415
-5.57415
-5.57123
-5.57059
-5.57156
-5.57254
-5.57318
-5.57254
-5.57416
-5.57481
-5.57384
-5.57449
-5.57319
-5.57481
-5.57416
-5.57286
-5.57545
-5.57675
-5.5761
-5.57578
-5.57837
-5.57545
-5.57545
-5.57545
-5.5748
-5.57415
-5.57318
-5.5748
-5.57545
-5.59253
-5.59124
-5.59415
-5.59318
-5.5935
-5.59383
-5.59415
-5.59447
-5.59317
-5.5935
-5.59447
-5.59091
-5.59188
-5.58864
-5.58928
-5.58961
-5.58961
-5.58929
-5.59026
-5.59188
-5.5922
-5.59188
-5.59318
-5.59382
-5.59318
-5.59415
-5.59383
-5.59383
-5.59447
-5.59447
-5.5948
-5.59415
-5.59253
-5.59286
-5.5935
-5.59318
-5.59447
-5.59318
-5.59544
-5.59415
-5.5948
-5.59577
-5.59512
-5.5948
-5.59285
-5.59253
-5.59383
-5.59512
-5.5961
-5.5961
-5.5948
-5.59577
-5.5948
-5.59415
-5.5935
-5.5922
-5.59188
-5.59479
-5.5948
-5.59512
-5.59447
-5.59383
-5.5935
-5.59286
-5.59383
-5.59253
-5.59286
-5.59318
-5.59318
-5.59415
-5.59221
-5.59253
-5.59059
-5.58994
-5.58994
-5.59026
-5.58962
-5.59059
-5.58994
-5.58994
-5.58896
-5.59123
-5.58897
-5.58929
-5.58832
-5.58865
-5.59091
-5.59189
-5.59286
-5.59447
-5.59383
-5.59318
-5.5948
-5.59479
-5.59576
-5.59576
-5.59544
-5.59544
-5.59415
-5.59188
-5.48427
-5.4846
-5.48492
-5.48525
-5.48525
-5.4833
-5.48266
-5.48363
-5.48492
-5.48492
-5.48557
-5.48589
-5.48556
-5.48362
-5.48492
-5.48265
-5.48394
-5.48362
-5.48427
-5.48427
-5.48427
-5.48524
-5.48654
-5.48719
-5.48751
-5.48719
-5.48622
-5.48751
-5.48686
-5.48816
-5.48815
-5.48815
-5.48427
-5.48621
-5.48524
-5.48362
-5.48362
-5.48557
-5.48492
-5.48524
-5.48395
-5.48557
-5.48686
-5.48427
-5.48394
-5.48524
-5.48556
-5.48653
-5.48394
-5.48394
-5.48329
-5.48556
-5.48718
-5.48589
-5.48427
-5.48492
-5.48426
-5.48426
-5.48297
-5.48393
-5.48329
-5.48426
-5.48491
-5.48556
-5.48459
-5.48394
-5.48459
-5.48329
-5.48491
-5.48685
-5.48491
-5.48328
-5.48264
-5.48199
-5.48297
-5.48362
-5.48459
-5.48524
-5.48362
-5.48329
-5.48426
-5.48394
-5.48361
-5.48393
-5.48426
-5.48329
-5.48523
-5.48588
-5.48588
-5.48782
-5.48944
-5.48847
-5.48814
-5.48652
-5.48588
-5.48523
-5.48459
-5.48523
-5.48717
-5.48587
-5.38202
-5.38138
-5.38299
-5.37976
-5.37976
-5.38203
-5.38268
-5.38138
-5.38171
-5.38268
-5.38397
-5.38332
-5.38267
-5.38041
-5.38073
-5.37943
-5.38008
-5.37911
-5.38106
-5.38268
-5.383
-5.38397
-5.38689
-5.3843
-5.38462
-5.3843
-5.38365
-5.38365
-5.383
-5.38365
-5.38365
-5.38332
-5.38268
-5.37976
-5.37815
-5.38074
-5.38074
-5.38203
-5.38009
-5.3788
-5.37912
-5.37945
-5.38139
-5.38075
-5.38075
-5.38301
-5.38268
-5.38333
-5.3843
-5.38462
-5.38268
-5.38074
-5.38042
-5.38236
-5.38333
-5.38301
-5.38171
-5.38074
-5.38139
-5.38009
-5.38138
-5.38268
-5.38074
-5.38041
-5.38074
-5.38138
-5.38268
-5.38106
-5.3817
-5.38203
-5.37976
-5.38073
-5.38106
-5.38138
-5.38106
-5.38106
-5.38171
-5.38138
-5.38138
-5.38138
-5.38171
-5.37912
-5.38074
-5.38171
-5.38365
-5.38171
-5.38041
-5.38203
-5.38041
-5.38009
-5.37944
-5.37879
-5.37781
-5.37846
-5.37975
-5.3804
-5.38041
-5.38041
-5.37976
-5.37782
-5.40483
-5.4058
-5.40516
-5.40159
-5.40418
-5.4058
-5.40612
-5.4058
-5.40709
-5.40677
-5.4071
-5.4071
-5.40774
-5.40742
-5.40904
-5.40872
-5.40581
-5.40613
-5.40677
-5.40645
-5.40677
-5.40612
-5.40709
-5.40774
-5.40936
-5.40969
-5.41001
-5.41001
-5.40969
-5.40904
-5.40872
-5.4084
-5.40807
-5.40711
-5.4097
-5.40905
-5.41002
-5.41099
-5.40937
-5.4097
-5.4084
-5.40743
-5.40776
-5.40711
-5.40711
-5.40679
-5.40485
-5.40744
-5.40744
-5.40841
-5.40679
-5.40613
-5.40775
-5.40905
-5.40873
-5.40808
-5.41068
-5.4123
-5.41165
-5.41004
-5.40971
-5.41004
-5.40906
-5.40939
-5.41165
-5.411
-5.41295
-5.4123
-5.4123
-5.411
-5.40971
-5.40907
-5.41004
-5.40939
-5.40971
-5.41003
-5.40938
-5.40938
-5.411
-5.41197
-5.41133
-5.41198
-5.41003
-5.41165
-5.411
-5.4097
-5.4097
-5.40905
-5.40775
-5.40775
-5.40613
-5.40581
-5.40776
-5.40873
-5.40841
-5.40873
-5.40841
-5.41132
-5.41003
-5.40873
