3.19297
3.36557
3.68665
4.09982
4.59674
5.15794
5.73942
6.31463
6.84963
7.31042
7.66078
7.88145
7.97532
7.94337
7.81616
7.62763
7.40336
7.17568
6.96236
6.78486
6.64832
6.55236
6.49303
6.46025
6.44045
6.42497
6.40062
6.37291
6.32441
6.26595
6.192
6.10965
6.0297
5.95303
5.88284
5.82276
5.7771
5.74302
5.72344
5.72092
5.73105
5.76328
5.81877
5.89195
5.9878
6.10537
6.22199
6.34425
6.46177
6.56658
6.65426
6.7153
6.7444
6.74575
6.7179
6.67059
6.60316
6.52614
6.44428
6.35544
6.27267
6.18366
6.09724
6.02082
5.94746
5.88441
5.83376
5.79501
5.77384
5.7679
5.77736
5.7968
5.82067
5.85637
5.89624
5.9373
5.98607
6.03776
6.08579
6.13929
6.19598
6.24724
6.28972
6.32368
6.34317
6.34847
6.33518
6.31605
6.28917
6.26015
6.23341
6.21293
6.20832
6.22346
6.25882
6.31595
6.38417
6.46302
6.54851
6.63177
7.24527
7.4343
7.66917
7.92457
8.19565
8.45961
8.70873
8.92125
9.08531
9.1854
9.2226
9.19261
9.1041
8.96892
8.80428
8.62064
8.43623
8.27316
8.13666
8.03963
7.97877
7.95682
7.96592
8.00165
8.05378
8.11712
8.17324
8.23493
8.28324
8.32571
8.37065
8.40696
8.44498
8.48433
8.50388
8.50201
8.46754
8.40165
8.29431
8.1699
8.03884
7.91405
7.80076
7.71441
7.65862
7.64267
7.6651
7.73603
7.85378
8.00746
8.18935
8.38666
8.58628
8.77336
8.92836
9.03146
9.08029
9.06753
8.99823
8.88998
8.75318
8.60966
8.46876
8.33621
8.22715
8.15028
8.10431
8.09076
8.11368
8.15768
8.21549
8.26769
8.30332
8.31043
8.28982
8.25061
8.19179
8.12214
8.05312
7.99356
7.96087
7.94513
7.95493
7.98696
8.03291
8.09823
8.17607
8.25818
8.33356
8.40485
8.47797
8.5469
8.60407
8.66246
8.70274
8.73849
8.76057
8.77012
8.76244
8.73205
8.91793
8.89492
8.89455
8.91658
8.946
8.96637
8.98456
8.98849
8.98126
8.97367
8.96732
8.96743
8.97266
8.995
9.03672
9.09734
9.17497
9.25608
9.32811
9.38068
9.42245
9.44654
9.46689
9.47675
9.49111
9.51494
9.54133
9.56645
9.58673
9.59213
9.57925
9.55353
9.50816
9.45774
9.40239
9.3417
9.27803
9.21836
9.15696
9.10206
9.0529
9.02203
9.00531
8.99706
9.0119
9.02791
9.04982
9.07448
9.1066
9.15113
9.19925
9.2437
9.29495
9.34657
9.38913
9.41643
9.42994
9.42255
9.38654
9.32262
9.2324
9.12919
9.03923
8.97456
8.95283
8.97944
9.04851
9.15338
9.2949
9.45024
9.59393
9.714
9.78106
9.79316
9.74087
9.63752
9.50358
9.35693
9.21456
9.08101
8.97443
8.9072
8.88208
8.91283
8.98742
9.1063
9.24628
9.37354
9.47897
9.55351
9.59286
9.59861
9.59713
9.5744
9.53516
9.47313
9.3762
9.23761
9.05319
8.84548
8.61549
8.42565
8.27889
8.20977
8.21304
8.28643
8.41558
8.58111
8.76789
8.95531
9.13811
9.32291
9.48336
9.62806
9.72737
9.78189
9.79035
9.75931
9.6969
9.61729
9.53592
9.45983
9.38995
9.33505
9.2986
9.27477
9.26891
9.27516
9.28931
9.31011
9.33193
9.35554
9.38096
9.40342
9.42807
9.45742
9.48255
9.5067
9.50941
9.50048
9.46582
9.41076
9.34288
9.25993
9.16658
9.058
8.94172
8.83333
8.74585
8.68966
8.66953
8.67687
8.7156
8.77206
8.83604
8.89778
8.94432
8.96458
8.97016
8.95623
8.93079
8.89874
8.86653
8.84112
8.82143
8.8175
8.82178
8.83864
8.86889
8.90833
8.96295
9.01926
9.08661
9.1582
9.23676
9.32268
9.41548
9.50281
9.58247
9.63988
9.6718
9.66808
9.65167
9.61814
9.58851
9.56779
9.56111
9.57719
9.61045
9.65333
9.70415
9.74994
9.77876
9.79376
9.78568
9.75648
9.70408
9.62835
9.53687
9.43552
9.39187
9.28557
9.20324
9.14708
9.11779
9.11829
9.14132
9.18596
9.25324
9.34149
9.43677
9.52834
9.60385
9.6564
9.6728
9.67147
9.64399
9.60929
9.56812
9.52868
9.4928
9.46046
9.43387
9.41452
9.40046
9.39246
9.39354
9.40246
9.43188
9.47119
9.51843
9.55875
9.59129
9.59183
9.5822
9.56303
9.53513
9.50247
9.47854
9.45858
9.45077
9.44717
9.45639
9.4878
9.52904
9.58086
9.64468
9.70813
9.76786
9.79831
9.79987
9.76666
9.71658
9.66883
9.63099
9.60522
9.59953
9.60297
9.60906
9.5999
9.57877
9.53994
9.49472
9.45265
9.42834
9.42656
9.4498
9.50366
9.56956
9.63946
9.7055
9.74248
9.73915
9.69769
9.6243
9.53853
9.4553
9.38982
9.35561
9.34765
9.36101
9.38944
9.41459
9.42212
9.40919
9.38499
9.35403
9.33905
9.34527
9.36373
9.3883
9.4117
9.42153
9.42836
9.44324
9.48577
9.56535
9.67463
9.7961
9.91605
10.0724
10.1294
10.1545
10.1638
10.1423
10.0961
10.0397
9.98188
9.9226
9.86926
9.82339
9.78694
9.75104
9.7147
9.66427
9.60446
9.52486
9.4354
9.33456
9.24174
9.1714
9.1292
9.11931
9.16221
9.24006
9.3557
9.49761
9.64891
9.798
9.93108
10.049
10.1513
10.2381
10.3098
10.3516
10.3491
10.3122
10.2325
10.1263
9.99736
9.86005
9.73596
9.63673
9.57959
9.55613
9.55341
9.56872
9.58163
9.58531
9.57955
9.57069
9.56014
9.55218
9.55286
9.57538
9.6234
9.69397
9.77671
9.85826
9.93675
9.99662
10.0429
10.0856
10.1195
10.1513
10.1842
10.2163
10.2505
10.2677
10.2648
10.2393
10.1772
10.0937
9.9997
9.9079
9.82001
9.73106
9.63688
9.52972
9.41279
9.29523
9.19884
9.12342
9.09212
9.10891
9.18659
9.31268
9.47546
9.67742
9.89328
10.1077
10.2992
10.4493
10.5386
10.5612
10.52
10.4235
10.2857
10.1285
9.97513
9.80487
9.68444
9.61028
9.58617
9.5852
9.60976
9.64564
9.67923
9.69822
9.7072
9.70238
9.68958
9.67245
9.66243
9.66174
9.68535
9.73621
9.79671
9.86295
9.92535
9.96979
9.99356
9.98985
9.96631
9.92665
9.8839
9.84319
9.81136
9.79125
9.78246
9.78146
9.78693
9.79791
9.81506
9.82739
9.84675
9.85979
9.86887
9.8803
9.88476
9.88821
9.88255
9.86356
9.84002
9.81959
9.81961
9.85647
9.92292
10.0302
10.1552
10.2816
10.3739
10.4044
10.3643
10.2569
10.0953
9.89727
9.69913
9.52641
9.39194
9.29932
9.25132
9.24696
9.27019
9.30652
9.35336
9.38758
9.41339
9.42259
9.42559
9.43138
9.45164
9.49307
9.56275
9.64458
9.72192
9.77592
9.78833
9.75536
9.69491
9.63091
9.579
9.56326
9.5767
9.63011
9.71187
9.80634
9.906
10.0008
10.0789
10.1422
10.1832
10.2022
10.212
10.2217
10.2353
10.2607
10.2893
10.3311
10.3668
