0.793593
0.771603
0.734742
0.684214
0.621845
0.550481
0.473973
0.397095
0.325203
0.263583
0.216614
0.186992
0.175266
0.17982
0.197335
0.22352
0.253904
0.284513
0.312268
0.335182
0.352406
0.364014
0.370845
0.374277
0.375944
0.377455
0.380122
0.384795
0.391723
0.400667
0.410996
0.421945
0.432754
0.442807
0.451708
0.459207
0.465176
0.469482
0.471989
0.472482
0.470718
0.466486
0.459596
0.450005
0.437874
0.423589
0.407818
0.391478
0.375709
0.361699
0.350539
0.343044
0.339619
0.340216
0.344386
0.351399
0.360437
0.370728
0.381627
0.392721
0.403737
0.414519
0.424878
0.434664
0.443586
0.451345
0.45767
0.462324
0.465194
0.466286
0.465763
0.463888
0.460923
0.457084
0.452509
0.447263
0.441371
0.434855
0.427811
0.420404
0.412933
0.405806
0.399491
0.39449
0.391196
0.389803
0.390282
0.392366
0.395573
0.399286
0.402723
0.405052
0.405532
0.403628
0.399061
0.391904
0.382531
0.371675
0.360376
0.349877
0.784137
0.759982
0.730184
0.69677
0.661698
0.626977
0.594725
0.567083
0.546053
0.533172
0.529251
0.53418
0.546921
0.565687
0.588263
0.612354
0.63579
0.656663
0.673447
0.685168
0.691415
0.692399
0.688946
0.682233
0.67365
0.664564
0.656083
0.648829
0.64287
0.63776
0.632846
0.627656
0.622222
0.617241
0.614072
0.614234
0.618907
0.628487
0.642434
0.659374
0.677551
0.695182
0.710748
0.722962
0.730794
0.733479
0.730534
0.72179
0.707387
0.687836
0.664078
0.637587
0.610411
0.585119
0.564391
0.550471
0.54463
0.546871
0.556126
0.570667
0.588533
0.607761
0.626626
0.643586
0.657365
0.666966
0.671798
0.671729
0.667293
0.659707
0.65079
0.642591
0.636941
0.6351
0.637457
0.643547
0.65233
0.6625
0.672667
0.681523
0.687977
0.691215
0.690793
0.686778
0.679788
0.670813
0.660833
0.650603
0.640523
0.630745
0.621403
0.612612
0.604528
0.59733
0.591152
0.586158
0.582651
0.58112
0.582089
0.585878
0.806616
0.809675
0.80902
0.805848
0.801875
0.798694
0.797183
0.797471
0.799105
0.801353
0.803438
0.804571
0.804024
0.801048
0.795042
0.785949
0.774556
0.762515
0.751682
0.743199
0.737245
0.733245
0.730394
0.727954
0.725307
0.722072
0.718237
0.714379
0.711581
0.710903
0.712901
0.717394
0.723723
0.731137
0.739091
0.747393
0.756124
0.765293
0.774578
0.78311
0.790028
0.7948
0.797423
0.798251
0.797654
0.795801
0.792814
0.788868
0.784098
0.778606
0.772371
0.765477
0.758202
0.750962
0.744413
0.739398
0.736833
0.737459
0.741767
0.749781
0.760814
0.773283
0.784893
0.793218
0.796347
0.793235
0.783735
0.76844
0.748774
0.727012
0.706288
0.690039
0.681183
0.681179
0.689653
0.70474
0.723893
0.744646
0.764954
0.783228
0.798033
0.807868
0.811335
0.80751
0.796522
0.779889
0.760484
0.741868
0.727014
0.71735
0.712587
0.71145
0.712563
0.715176
0.71953
0.726889
0.739088
0.757454
0.781903
0.810407
0.829131
0.856216
0.876003
0.886066
0.885616
0.875488
0.857847
0.83556
0.81128
0.786858
0.763083
0.740339
0.719348
0.701542
0.688656
0.681952
0.681601
0.686601
0.695206
0.70558
0.716179
0.72593
0.734166
0.740466
0.744647
0.74669
0.746771
0.745203
0.742465
0.739119
0.735619
0.732235
0.728897
0.72531
0.721162
0.716475
0.711755
0.707897
0.705963
0.706846
0.710865
0.717725
0.726932
0.738262
0.751796
0.767356
0.78389
0.799578
0.812554
0.821452
0.825596
0.825029
0.820455
0.813075
0.80445
0.79616
0.789563
0.785577
0.784462
0.785888
0.789135
0.793226
0.797153
0.800199
0.802027
0.802501
0.801565
0.799127
0.795169
0.789868
0.783555
0.776539
0.768833
0.760225
0.750363
0.739125
0.726884
0.714577
0.703579
0.695364
0.691007
0.690755
0.693782
0.698497
0.703078
0.705991
0.706312
0.70387
0.699084
0.692845
0.686306
0.680559
0.676532
0.674918
0.676166
0.680586
0.688273
0.699072
0.712418
0.727387
0.816436
0.831147
0.84249
0.8502
0.854347
0.855043
0.852277
0.845985
0.83629
0.823842
0.810003
0.796619
0.785635
0.778371
0.77519
0.775513
0.778253
0.782284
0.786703
0.790905
0.794517
0.797339
0.799353
0.800793
0.801976
0.802973
0.803312
0.802136
0.798819
0.793525
0.787544
0.78263
0.780141
0.780455
0.783053
0.787056
0.791609
0.796094
0.80008
0.803188
0.805096
0.805546
0.804301
0.801035
0.795487
0.787657
0.778087
0.768066
0.759551
0.754493
0.75398
0.757814
0.764488
0.77184
0.777854
0.781348
0.782286
0.78168
0.781149
0.782234
0.78566
0.791173
0.797641
0.803529
0.807154
0.807204
0.803032
0.794884
0.783984
0.772411
0.762748
0.757427
0.757914
0.764179
0.774696
0.787133
0.799051
0.808433
0.813924
0.815136
0.812835
0.808794
0.80539
0.804586
0.806956
0.811422
0.815742
0.817728
0.816347
0.812182
0.807086
0.803132
0.80132
0.800787
0.799066
0.793403
0.782257
0.766249
0.748016
0.731162
0.789386
0.781883
0.778442
0.778878
0.782795
0.789619
0.798451
0.808061
0.817272
0.825237
0.831798
0.837392
0.842705
0.848386
0.855102
0.863557
0.874269
0.887047
0.900679
0.913319
0.923177
0.928841
0.929317
0.923978
0.91271
0.896215
0.876066
0.854455
0.83353
0.814659
0.798225
0.783993
0.771832
0.762211
0.756206
0.755028
0.75949
0.769658
0.784752
0.803049
0.822237
0.839681
0.853163
0.861502
0.86493
0.864883
0.863323
0.862097
0.862329
0.864194
0.867163
0.870174
0.87199
0.871519
0.86786
0.86061
0.850181
0.837801
0.825136
0.813696
0.804364
0.797207
0.791719
0.787091
0.782548
0.777734
0.772809
0.768543
0.766068
0.766754
0.771702
0.781112
0.793876
0.807987
0.8216
0.834086
0.846131
0.859007
0.87361
0.88965
0.905746
0.919774
0.929569
0.933361
0.930134
0.919612
0.902206
0.878868
0.851103
0.821093
0.791483
0.765203
0.744971
0.732933
0.730201
0.736701
0.751198
0.7714
0.794383
0.816998
0.820309
0.836815
0.847075
0.851005
0.849671
0.845056
0.839404
0.834505
0.831451
0.830582
0.831696
0.834218
0.837318
0.83977
0.840232
0.837639
0.831667
0.822961
0.813012
0.803692
0.796606
0.792713
0.792224
0.794662
0.799125
0.804498
0.809675
0.813768
0.816397
0.817674
0.817919
0.817424
0.816225
0.81436
0.812072
0.809792
0.807912
0.806604
0.805754
0.805225
0.805289
0.806606
0.809588
0.813728
0.817355
0.818162
0.81403
0.803962
0.788451
0.769718
0.751291
0.737305
0.731508
0.736085
0.750944
0.773669
0.800475
0.82736
0.851083
0.869537
0.881614
0.88726
0.887339
0.883443
0.877497
0.871409
0.866731
0.864425
0.864591
0.866168
0.867235
0.865657
0.859953
0.850037
0.837508
0.825314
0.816809
0.814378
0.81843
0.827022
0.836826
0.844507
0.847712
0.845554
0.83835
0.827333
0.814228
0.800734
0.788264
0.777862
0.770142
0.765216
0.762696
0.761679
0.760902
0.759062
0.755346
0.749784
0.743283
0.737411
