-7.84085
-7.80592
-7.73282
-7.6444
-7.53983
-7.42177
-7.30247
-7.18489
-7.07478
-6.97846
-6.90509
-6.85903
-6.83821
-6.84504
-6.87132
-6.90898
-6.95424
-6.99951
-7.04244
-7.07713
-7.10329
-7.12135
-7.13192
-7.13739
-7.14119
-7.14442
-7.15069
-7.15575
-7.16679
-7.17892
-7.19538
-7.21407
-7.23126
-7.24763
-7.26261
-7.27515
-7.28378
-7.29024
-7.29368
-7.29344
-7.29209
-7.28574
-7.27411
-7.25973
-7.23991
-7.21427
-7.19191
-7.16805
-7.14537
-7.12532
-7.10793
-7.09604
-7.09123
-7.09148
-7.09806
-7.1076
-7.12181
-7.13725
-7.15295
-7.17088
-7.18579
-7.2039
-7.22171
-7.23639
-7.25171
-7.26497
-7.27575
-7.28467
-7.2893
-7.29062
-7.28821
-7.2841
-7.2803
-7.27293
-7.26509
-7.25787
-7.24806
-7.23764
-7.22934
-7.21855
-7.20573
-7.19407
-7.18427
-7.17547
-7.16988
-7.16714
-7.16948
-7.17164
-7.17548
-7.17975
-7.18394
-7.18775
-7.18815
-7.18432
-7.1765
-7.16382
-7.15041
-7.1351
-7.11782
-7.10046
-7.07913
-7.04128
-6.99399
-6.94484
-6.89191
-6.84144
-6.79274
-6.7516
-6.71973
-6.70138
-6.69453
-6.70127
-6.71942
-6.7466
-6.77884
-6.81563
-6.85273
-6.88372
-6.90922
-6.9255
-6.9352
-6.937
-6.93343
-6.92466
-6.91308
-6.8988
-6.88834
-6.87455
-6.86561
-6.85827
-6.84928
-6.84409
-6.83755
-6.82846
-6.82436
-6.82363
-6.82966
-6.84144
-6.86463
-6.89037
-6.91698
-6.94181
-6.96549
-6.98348
-6.9962
-7.00088
-6.99905
-6.98626
-6.96271
-6.93209
-6.8958
-6.85671
-6.81692
-6.77866
-6.74627
-6.72506
-6.71403
-6.71643
-6.73161
-6.75439
-6.78346
-6.8123
-6.83996
-6.86669
-6.88801
-6.90176
-6.90965
-6.91117
-6.90354
-6.89184
-6.87652
-6.86325
-6.85412
-6.85265
-6.85781
-6.86597
-6.87915
-6.89538
-6.9116
-6.92586
-6.93197
-6.93586
-6.93426
-6.92855
-6.92163
-6.90946
-6.89352
-6.87623
-6.86176
-6.84839
-6.83308
-6.81828
-6.80712
-6.79341
-6.78576
-6.77763
-6.77269
-6.76974
-6.77022
-6.77623
-6.7857
-6.78964
-6.78995
-6.78487
-6.77858
-6.77607
-6.77251
-6.77295
-6.77637
-6.77877
-6.7806
-6.78068
-6.78084
-6.7767
-6.76802
-6.75503
-6.73729
-6.71858
-6.702
-6.69057
-6.68002
-6.67435
-6.66845
-6.66674
-6.66341
-6.65694
-6.65054
-6.64508
-6.64056
-6.63987
-6.64351
-6.64895
-6.66006
-6.67119
-6.68312
-6.69654
-6.7106
-6.72242
-6.73537
-6.74688
-6.75855
-6.76538
-6.76932
-6.7725
-6.76772
-6.76461
-6.76078
-6.75745
-6.75224
-6.74271
-6.73271
-6.72528
-6.71502
-6.70383
-6.69466
-6.68875
-6.68393
-6.68228
-6.6868
-6.69753
-6.71537
-6.73732
-6.75538
-6.76819
-6.77095
-6.76304
-6.74749
-6.72617
-6.69602
-6.66338
-6.63455
-6.60921
-6.59592
-6.593
-6.60507
-6.62867
-6.65838
-6.69015
-6.71997
-6.749
-6.77186
-6.78564
-6.79149
-6.78446
-6.7696
-6.744
-6.71359
-6.68825
-6.66727
-6.65212
-6.64465
-6.64554
-6.6443
-6.64822
-6.65475
-6.66514
-6.68278
-6.70936
-6.74766
-6.79106
-6.83623
-6.87556
-6.90816
-6.92228
-6.92193
-6.90706
-6.88092
-6.84781
-6.81009
-6.77378
-6.73909
-6.70142
-6.6709
-6.64095
-6.62227
-6.61253
-6.61201
-6.61919
-6.63307
-6.65025
-6.66647
-6.68078
-6.69442
-6.70452
-6.71015
-6.71418
-6.71398
-6.71163
-6.70817
-6.70315
-6.69823
-6.6925
-6.68588
-6.68082
-6.67525
-6.66789
-6.66211
-6.65502
-6.65439
-6.65442
-6.6611
-6.67236
-6.68552
-6.70219
-6.72055
-6.74356
-6.76966
-6.79449
-6.81493
-6.82827
-6.8332
-6.83332
-6.82548
-6.81377
-6.80018
-6.78644
-6.77622
-6.77316
-6.77149
-6.77395
-6.77818
-6.78367
-6.78923
-6.79315
-6.79687
-6.79628
-6.7952
-6.79187
-6.78593
-6.77895
-6.76754
-6.75734
-6.74384
-6.73028
-6.71549
-6.69895
-6.67994
-6.66245
-6.64531
-6.63298
-6.62548
-6.62736
-6.62964
-6.63704
-6.64294
-6.64763
-6.65038
-6.64769
-6.64148
-6.63374
-6.62328
-6.61401
-6.60959
-6.60717
-6.61001
-6.61664
-6.62785
-6.64405
-6.66277
-6.68296
-6.70893
-6.73132
-6.74866
-6.76055
-6.76677
-6.76587
-6.76107
-6.7526
-6.73936
-6.72068
-6.70057
-6.68082
-6.66402
-6.65117
-6.6477
-6.64592
-6.65132
-6.65705
-6.66432
-6.67063
-6.67605
-6.68125
-6.68557
-6.68837
-6.69047
-6.69165
-6.69118
-6.69072
-6.68509
-6.67844
-6.66947
-6.6621
-6.65448
-6.65689
-6.65982
-6.66421
-6.67104
-6.67971
-6.68504
-6.69002
-6.69159
-6.69388
-6.69331
-6.68582
-6.67717
-6.66672
-6.65269
-6.63863
-6.62327
-6.61568
-6.61426
-6.62228
-6.63391
-6.64364
-6.65105
-6.65694
-6.65769
-6.65678
-6.65469
-6.65729
-6.66178
-6.67102
-6.68137
-6.69085
-6.69532
-6.69475
-6.68914
-6.67562
-6.66089
-6.64546
-6.62903
-6.61942
-6.61951
-6.62826
-6.64501
-6.66432
-6.68317
-6.69789
-6.70451
-6.706
-6.70351
-6.69713
-6.69169
-6.69081
-6.69469
-6.70042
-6.70885
-6.71247
-6.7104
-6.7061
-6.70007
-6.69316
-6.69012
-6.68771
-6.68448
-6.67534
-6.65797
-6.6346
-6.6092
-6.58262
-6.5661
-6.5542
-6.55066
-6.54808
-6.55395
-6.56645
-6.58035
-6.59347
-6.60761
-6.62053
-6.63167
-6.63941
-6.64673
-6.65298
-6.66338
-6.67477
-6.69148
-6.70968
-6.73208
-6.75266
-6.76777
-6.77724
-6.78087
-6.77027
-6.75369
-6.72862
-6.69775
-6.66533
-6.6333
-6.60563
-6.58099
-6.55931
-6.54043
-6.52308
-6.51245
-6.51328
-6.51997
-6.53652
-6.55722
-6.58337
-6.61248
-6.63897
-6.66114
-6.673
-6.67814
-6.68033
-6.67767
-6.67648
-6.67779
-6.68091
-6.68343
-6.686
-6.6884
-6.68964
-6.68512
-6.67392
-6.65699
-6.63744
-6.61909
-6.60063
-6.58793
-6.57849
-6.56832
-6.56105
-6.55456
-6.54799
-6.54189
-6.53387
-6.53081
-6.53216
-6.53731
-6.5524
-6.57187
-6.59336
-6.61346
-6.63219
-6.6509
-6.66989
-6.69179
-6.71586
-6.74033
-6.75878
-6.77509
-6.78175
-6.77885
-6.76113
-6.73372
-6.70033
-6.65707
-6.61173
-6.56666
-6.52659
-6.49527
-6.47786
-6.47505
-6.48546
-6.5072
-6.53751
-6.57134
-6.60332
-6.63529
-6.66102
-6.67577
-6.6781
-6.67869
-6.67338
-6.66523
-6.65755
-6.65427
-6.65264
-6.65464
-6.65842
-6.66372
-6.66708
-6.66939
-6.66518
-6.65331
-6.64057
-6.62629
-6.61199
-6.60168
-6.59519
-6.59543
-6.59974
-6.60805
-6.61643
-6.62452
-6.63066
-6.63429
-6.63555
-6.6356
-6.63453
-6.63241
-6.62865
-6.62781
-6.62374
-6.62189
-6.6209
-6.618
-6.61753
-6.61633
-6.61734
-6.62214
-6.6277
-6.63314
-6.63403
-6.62589
-6.61338
-6.59012
-6.56299
-6.53372
-6.51209
-6.50502
-6.51318
-6.53514
-6.56859
-6.61139
-6.65334
-6.68828
-6.71434
-6.73213
-6.74093
-6.74007
-6.73455
-6.7279
-6.71812
-6.71304
-6.70893
-6.70918
-6.71026
-6.71056
-6.70755
-6.69997
-6.68444
-6.66597
-6.648
-6.63459
-6.63094
-6.63864
-6.6525
-6.66657
-6.67874
-6.6816
-6.67998
-6.66853
-6.6507
-6.63104
-6.61015
-6.59015
-6.57455
-6.56135
-6.55364
-6.5518
-6.55125
-6.54976
-6.54732
-6.54143
-6.536
-6.52495
-6.51484
