1.19039
1.15741
1.10211
1.02632
0.932768
0.825722
0.710959
0.595643
0.487804
0.395374
0.32492
0.280487
0.262899
0.269731
0.296002
0.33528
0.380855
0.426769
0.468402
0.502773
0.528609
0.546021
0.556267
0.561416
0.563917
0.566182
0.570183
0.577192
0.587584
0.601
0.616494
0.632918
0.649131
0.664211
0.677563
0.688811
0.697764
0.704224
0.707984
0.708723
0.706077
0.699729
0.689394
0.675007
0.65681
0.635383
0.611727
0.587217
0.563563
0.542549
0.525808
0.514566
0.509428
0.510324
0.51658
0.527098
0.540655
0.556093
0.572441
0.589081
0.605606
0.621779
0.637317
0.651995
0.665378
0.677017
0.686505
0.693486
0.697792
0.699429
0.698644
0.695832
0.691385
0.685627
0.678763
0.670895
0.662056
0.652282
0.641716
0.630606
0.6194
0.60871
0.599237
0.591735
0.586794
0.584705
0.585422
0.58855
0.593359
0.598929
0.604084
0.607578
0.608298
0.605443
0.598592
0.587856
0.573796
0.557513
0.540564
0.524816
1.17621
1.13997
1.09528
1.04515
0.992547
0.940465
0.892087
0.850624
0.81908
0.799759
0.793877
0.801269
0.820381
0.848531
0.882395
0.91853
0.953685
0.984995
1.01017
1.02775
1.03712
1.0386
1.03342
1.02335
1.01047
0.996846
0.984124
0.973244
0.964305
0.95664
0.949268
0.941485
0.933334
0.925861
0.921108
0.921351
0.928361
0.94273
0.96365
0.989061
1.01633
1.04277
1.06612
1.08444
1.09619
1.10022
1.0958
1.08269
1.06108
1.03175
0.996117
0.956381
0.915616
0.877679
0.846587
0.825706
0.816945
0.820307
0.834189
0.856
0.8828
0.911642
0.93994
0.96538
0.986047
1.00045
1.0077
1.00759
1.00094
0.989561
0.976185
0.963887
0.955411
0.952649
0.956186
0.96532
0.978494
0.99375
1.009
1.02228
1.03197
1.03682
1.03619
1.03017
1.01968
1.00622
0.991249
0.975904
0.960784
0.946117
0.932105
0.918918
0.906792
0.895995
0.886727
0.879238
0.873977
0.87168
0.873133
0.878817
1.20992
1.21451
1.21353
1.20877
1.20281
1.19804
1.19577
1.19621
1.19866
1.20203
1.20516
1.20686
1.20604
1.20157
1.19256
1.17892
1.16183
1.14377
1.12752
1.1148
1.10587
1.09987
1.09559
1.09193
1.08796
1.08311
1.07736
1.07157
1.06737
1.06636
1.06935
1.07609
1.08558
1.09671
1.10864
1.12109
1.13419
1.14794
1.16187
1.17467
1.18504
1.1922
1.19613
1.19738
1.19648
1.1937
1.18922
1.1833
1.17615
1.16791
1.15856
1.14822
1.1373
1.12644
1.11662
1.1091
1.10525
1.10619
1.11265
1.12467
1.14122
1.15992
1.17734
1.18983
1.19452
1.18985
1.1756
1.15266
1.12316
1.09052
1.05943
1.03506
1.02177
1.02177
1.03448
1.05711
1.08584
1.11697
1.14743
1.17484
1.19705
1.2118
1.217
1.21127
1.19478
1.16983
1.14073
1.1128
1.09052
1.07602
1.06888
1.06717
1.06884
1.07276
1.07929
1.09033
1.10863
1.13618
1.17285
1.21561
1.2437
1.28432
1.314
1.3291
1.32842
1.31323
1.28677
1.25334
1.21692
1.18029
1.14462
1.11051
1.07902
1.05231
1.03298
1.02293
1.0224
1.0299
1.04281
1.05837
1.07427
1.0889
1.10125
1.1107
1.11697
1.12003
1.12016
1.11781
1.1137
1.10868
1.10343
1.09835
1.09335
1.08797
1.08174
1.07471
1.06763
1.06185
1.05894
1.06027
1.0663
1.07659
1.0904
1.10739
1.12769
1.15103
1.17583
1.19937
1.21883
1.23218
1.23839
1.23754
1.23068
1.21961
1.20668
1.19424
1.18434
1.17836
1.17669
1.17883
1.1837
1.18984
1.19573
1.2003
1.20304
1.20375
1.20235
1.19869
1.19275
1.1848
1.17533
1.16481
1.15325
1.14034
1.12554
1.10869
1.09033
1.07187
1.05537
1.04305
1.03651
1.03613
1.04067
1.04775
1.05462
1.05899
1.05947
1.05581
1.04863
1.03927
1.02946
1.02084
1.0148
1.01238
1.01425
1.02088
1.03241
1.04861
1.06863
1.09108
1.22465
1.24672
1.26373
1.2753
1.28152
1.28256
1.27842
1.26898
1.25443
1.23576
1.215
1.19493
1.17845
1.16756
1.16278
1.16327
1.16738
1.17343
1.18005
1.18636
1.19177
1.19601
1.19903
1.20119
1.20296
1.20446
1.20497
1.2032
1.19823
1.19029
1.18132
1.17395
1.17021
1.17068
1.17458
1.18058
1.18741
1.19414
1.20012
1.20478
1.20764
1.20832
1.20645
1.20155
1.19323
1.18149
1.16713
1.1521
1.13933
1.13174
1.13097
1.13672
1.14673
1.15776
1.16678
1.17202
1.17343
1.17252
1.17172
1.17335
1.17849
1.18676
1.19646
1.20529
1.21073
1.21081
1.20455
1.19233
1.17598
1.15862
1.14412
1.13614
1.13687
1.14627
1.16204
1.1807
1.19858
1.21265
1.22089
1.2227
1.21925
1.21319
1.20809
1.20688
1.21043
1.21713
1.22361
1.22659
1.22452
1.21827
1.21063
1.2047
1.20198
1.20118
1.1986
1.1901
1.17339
1.14937
1.12202
1.09674
1.18408
1.17282
1.16766
1.16832
1.17419
1.18443
1.19768
1.21209
1.22591
1.23786
1.2477
1.25609
1.26406
1.27258
1.28265
1.29534
1.3114
1.33057
1.35102
1.36998
1.38477
1.39326
1.39398
1.38597
1.36907
1.34432
1.3141
1.28168
1.2503
1.22199
1.19734
1.17599
1.15775
1.14332
1.13431
1.13254
1.13924
1.15449
1.17713
1.20457
1.23336
1.25952
1.27974
1.29225
1.2974
1.29732
1.29498
1.29315
1.29349
1.29629
1.30074
1.30526
1.30799
1.30728
1.30179
1.29092
1.27527
1.2567
1.2377
1.22054
1.20655
1.19581
1.18758
1.18064
1.17382
1.1666
1.15921
1.15281
1.1491
1.15013
1.15755
1.17167
1.19081
1.21198
1.2324
1.25113
1.2692
1.28851
1.31042
1.33448
1.35862
1.37966
1.39435
1.40004
1.3952
1.37942
1.35331
1.3183
1.27666
1.23164
1.18722
1.1478
1.11746
1.0994
1.0953
1.10505
1.1268
1.1571
1.19157
1.2255
1.23046
1.25522
1.27061
1.27651
1.27451
1.26758
1.25911
1.25176
1.24718
1.24587
1.24754
1.25133
1.25598
1.25966
1.26035
1.25646
1.2475
1.23444
1.21952
1.20554
1.19491
1.18907
1.18834
1.19199
1.19869
1.20675
1.21451
1.22065
1.2246
1.22651
1.22688
1.22614
1.22434
1.22154
1.21811
1.21469
1.21187
1.20991
1.20863
1.20784
1.20793
1.20991
1.21438
1.22059
1.22603
1.22724
1.22104
1.20594
1.18268
1.15458
1.12694
1.10596
1.09726
1.10413
1.12642
1.1605
1.20071
1.24104
1.27662
1.30431
1.32242
1.33089
1.33101
1.32516
1.31625
1.30711
1.3001
1.29664
1.29689
1.29925
1.30085
1.29849
1.28993
1.27506
1.25626
1.23797
1.22521
1.22157
1.22765
1.24053
1.25524
1.26676
1.27157
1.26833
1.25752
1.241
1.22134
1.2011
1.1824
1.16679
1.15521
1.14782
1.14404
1.14252
1.14135
1.13859
1.13302
1.12468
1.11492
1.10612
