50 0 0 0
50 0.0256496 0 0
50 0.0512993 0 0
50 0.0769489 0 0
50 0.102599 0 0
50 0.128248 0 0
50 0.153898 0 0
50 0.179547 0 0
50 0.205197 0 0
50 0.230847 0 0
50 0.256496 0 0
50 0.282146 0 0
50 0.307796 0 0
50 0.333445 0 0
50 0.359095 0 0
50 0.384745 0 0
50 0.410394 0 0
50 0.436044 0 0
50 0.461694 0 0
50 0.487343 0 0
50 0.512993 0 0
50 0.538642 0 0
50 0.564292 0 0
50 0.589942 0 0
50 0.615591 0 0
50 0.641241 0 0
50 0.666891 0 0
50 0.69254 0 0
50 0.71819 0 0
50 0.74384 0 0
50 0.769489 0 0
50 0.795139 0 0
50 0.820788 0 0
50 0.846438 0 0
50 0.872088 0.00220093 0.000696191
50 0.897737 0.0288417 0.00331916
50 0.923387 0.190244 0.00804648
50 0.949037 0.605359 0.0115819
50 0.974686 1.22486 0.0163378
50 1.00034 1.92017 0.0266146
50 1.02599 2.32616 0.0266028
50 1.05164 2.52743 0.0305113
50 1.07728 2.53722 0.0277362
50 1.10293 2.40576 0.0242344
50 1.12858 2.13167 0.0228627
50 1.15423 1.94284 0.0218945
50 1.17988 1.7419 0.0232806
50 1.20553 1.55356 0.0275048
50 1.23118 1.41182 0.0239573
50 1.25683 1.24826 0.0205582
50 1.28248 1.13944 0.0177783
50 1.30813 1.04063 0.0183599
50 1.33378 0.960537 0.0175042
50 1.35943 0.853117 0.015699
50 1.38508 0.791889 0.012699
50 1.41073 0.757834 0.0134444
50 1.43638 0.71155 0.0118609
50 1.46203 0.711745 0.0101437
50 1.48768 0.684112 0.0134766
50 1.51333 0.666521 0.00986157
50 1.53898 0.686063 0.0117206
50 1.56463 0.682491 0.0105716
50 1.59028 0.670915 0.00998942
50 1.61593 0.671337 0.0103131
50 1.64158 0.702214 0.0101111
50 1.66723 0.725233 0.00964898
50 1.69288 0.75552 0.0108376
50 1.71853 0.79504 0.00982939
50 1.74418 0.840415 0.0106282
50 1.76983 0.873444 0.0134719
50 1.79547 0.909238 0.0116337
50 1.82112 0.964289 0.0133868
50 1.84677 1.00017 0.0119399
50 1.87242 1.03352 0.0111823
50 1.89807 1.07521 0.0114386
50 1.92372 1.1058 0.00939577
50 1.94937 1.15133 0.0108892
50 1.97502 1.16627 0.00907195
50 2.00067 1.17874 0.0120172
50 2.02632 1.1827 0.0114074
50 2.05197 1.17602 0.0103713
50 2.07762 1.18924 0.0128358
50 2.10327 1.18219 0.0106279
50 2.12892 1.16801 0.0101063
50 2.15457 1.14949 0.0117326
50 2.18022 1.13972 0.00915425
50 2.20587 1.11472 0.0107479
50 2.23152 1.10441 0.0107062
50 2.25717 1.05919 0.00941225
50 2.28282 1.02985 0.00950728
50 2.30847 1.01997 0.0101061
50 2.33412 0.979752 0.00913262
50 2.35977 0.976136 0.0102661
50 2.38542 0.954069 0.00770089
50 2.41107 0.938287 0.00914504
50 2.43672 0.918105 0.00942652
50 2.46237 0.893327 0.00927608
50 2.48802 0.886281 0.00892174
50 2.51366 0.898731 0.00777536
50 2.53931 0.890581 0.0076989
