20 2.73161e-21 0
40 2.72619e-21 5.42016e-24
60 2.69592e-21 3.04308e-23
80 2.68325e-21 2.49678e-23
100 2.69589e-21 2.31019e-23
120 2.72893e-21 3.80474e-23
140 2.73711e-21 3.3179e-23
160 2.73626e-21 2.87463e-23
180 2.74618e-21 2.72236e-23
200 2.73011e-21 2.91746e-23
220 2.74038e-21 2.83168e-23
240 2.72978e-21 2.79379e-23
260 2.72607e-21 2.59655e-23
280 2.72754e-21 2.40839e-23
300 2.73463e-21 2.35169e-23
320 2.74104e-21 2.29112e-23
340 2.74936e-21 2.30736e-23
360 2.75114e-21 2.18272e-23
380 2.74921e-21 2.07364e-23
400 2.75577e-21 2.07358e-23
420 2.75386e-21 1.98157e-23
440 2.75046e-21 1.9198e-23
460 2.75088e-21 1.83492e-23
480 2.75325e-21 1.77268e-23
500 2.75653e-21 1.73158e-23
520 2.7568e-21 1.66388e-23
540 2.76042e-21 1.64151e-23
560 2.75962e-21 1.58385e-23
580 2.75549e-21 1.58295e-23
600 2.75467e-21 1.53148e-23
620 2.75468e-21 1.48126e-23
640 2.74963e-21 1.52072e-23
660 2.75082e-21 1.47874e-23
680 2.75187e-21 1.43842e-23
700 2.75468e-21 1.42471e-23
720 2.75527e-21 1.38583e-23
740 2.75249e-21 1.37619e-23
760 2.75994e-21 1.53277e-23
780 2.76436e-21 1.55701e-23
800 2.76618e-21 1.52844e-23
820 2.76785e-21 1.49999e-23
840 2.76784e-21 1.46384e-23
860 2.76664e-21 1.43435e-23
880 2.7689e-21 1.41934e-23
900 2.76767e-21 1.39286e-23
920 2.76651e-21 1.36717e-23
940 2.76573e-21 1.34005e-23
960 2.76825e-21 1.33597e-23
980 2.77012e-21 1.32162e-23
1000 2.77071e-21 1.29627e-23
