20 9.64222e+07 0
40 9.51491e+07 1.27314e+06
60 9.82555e+07 3.19226e+06
80 9.9711e+07 2.6858e+06
100 9.75125e+07 3.0268e+06
120 9.39727e+07 4.31708e+06
140 9.43612e+07 3.66922e+06
160 9.58353e+07 3.5029e+06
180 9.50698e+07 3.18269e+06
200 9.65109e+07 3.19066e+06
220 9.55188e+07 3.05185e+06
240 9.62608e+07 2.88308e+06
260 9.63193e+07 2.65269e+06
280 9.6404e+07 2.45738e+06
300 9.58784e+07 2.3473e+06
320 9.52038e+07 2.29698e+06
340 9.40879e+07 2.42916e+06
360 9.34859e+07 2.36802e+06
380 9.38004e+07 2.26189e+06
400 9.36617e+07 2.15029e+06
420 9.43551e+07 2.15966e+06
440 9.50712e+07 2.18012e+06
460 9.50806e+07 2.0832e+06
480 9.45966e+07 2.05239e+06
500 9.38644e+07 2.10032e+06
520 9.34349e+07 2.06314e+06
540 9.29622e+07 2.04076e+06
560 9.31758e+07 1.9781e+06
580 9.39383e+07 2.05533e+06
600 9.47167e+07 2.13275e+06
620 9.54359e+07 2.1846e+06
640 9.63507e+07 2.30455e+06
660 9.64497e+07 2.23582e+06
680 9.6489e+07 2.16942e+06
700 9.6156e+07 2.13268e+06
720 9.62417e+07 2.07437e+06
740 9.68241e+07 2.09989e+06
760 9.61805e+07 2.1428e+06
780 9.57642e+07 2.12826e+06
800 9.56427e+07 2.07792e+06
820 9.57263e+07 2.02833e+06
840 9.60425e+07 2.00455e+06
860 9.63273e+07 1.97799e+06
880 9.61437e+07 1.94121e+06
900 9.62916e+07 1.90334e+06
920 9.63372e+07 1.86206e+06
940 9.63836e+07 1.8226e+06
960 9.62739e+07 1.7876e+06
980 9.60817e+07 1.76126e+06
1000 9.60205e+07 1.72676e+06
