2.72762e-21
2.71613e-21
2.69877e-21
2.67692e-21
2.65373e-21
2.63347e-21
2.62026e-21
2.61726e-21
2.6261e-21
2.64701e-21
2.6789e-21
2.71907e-21
2.76285e-21
2.80389e-21
2.83552e-21
2.85313e-21
2.85592e-21
2.84748e-21
2.83444e-21
2.82365e-21
2.81938e-21
2.82183e-21
2.82776e-21
2.83271e-21
2.83294e-21
2.82668e-21
2.81413e-21
2.79669e-21
2.77639e-21
2.75523e-21
2.73477e-21
2.71571e-21
2.69753e-21
2.67891e-21
2.65788e-21
2.63256e-21
2.6019e-21
2.56658e-21
2.52959e-21
2.49615e-21
2.47257e-21
2.46425e-21
2.47401e-21
2.50091e-21
2.54059e-21
2.58643e-21
2.63135e-21
2.66936e-21
2.69697e-21
2.7134e-21
2.71996e-21
2.71875e-21
2.71195e-21
2.70179e-21
2.6911e-21
2.68294e-21
2.67937e-21
2.68037e-21
2.68399e-21
2.68749e-21
2.68891e-21
2.68878e-21
2.69e-21
2.69564e-21
2.70665e-21
2.72081e-21
2.73319e-21
2.73764e-21
2.72881e-21
2.70431e-21
2.666e-21
2.62036e-21
2.57735e-21
2.54709e-21
2.53508e-21
2.5394e-21
2.55311e-21
2.57021e-21
2.58937e-21
2.6125e-21
2.64057e-21
2.67177e-21
2.70256e-21
2.72922e-21
2.7488e-21
2.75944e-21
2.76068e-21
2.75343e-21
2.73989e-21
2.72304e-21
2.70634e-21
2.69331e-21
2.68741e-21
2.69191e-21
2.70957e-21
2.74172e-21
2.78702e-21
2.84072e-21
2.89588e-21
2.94537e-21
2.98377e-21
3.00832e-21
3.01857e-21
3.01557e-21
3.00156e-21
2.97978e-21
2.9541e-21
2.92832e-21
2.90499e-21
2.88493e-21
2.8676e-21
2.85211e-21
2.83813e-21
2.82583e-21
2.81552e-21
2.80719e-21
2.80069e-21
2.79658e-21
2.79649e-21
2.80283e-21
2.81737e-21
2.83976e-21
2.86702e-21
2.89417e-21
2.91554e-21
2.9263e-21
2.92353e-21
2.90656e-21
2.87705e-21
2.83863e-21
2.79627e-21
2.75525e-21
2.71969e-21
2.69127e-21
2.66956e-21
2.6536e-21
2.64401e-21
2.6439e-21
2.65739e-21
2.68638e-21
2.72801e-21
2.7751e-21
2.81904e-21
2.85299e-21
2.87318e-21
2.87826e-21
2.86825e-21
2.84417e-21
2.80803e-21
2.7631e-21
2.71346e-21
2.66375e-21
2.61913e-21
2.58531e-21
2.5679e-21
2.57064e-21
2.59431e-21
2.63653e-21
2.69217e-21
2.75381e-21
2.81269e-21
2.8608e-21
2.89289e-21
2.90829e-21
2.91127e-21
2.90936e-21
2.90964e-21
2.91496e-21
2.92299e-21
2.92862e-21
2.92713e-21
2.91572e-21
2.89338e-21
2.86014e-21
2.81633e-21
2.76209e-21
2.69772e-21
2.6254e-21
2.55187e-21
2.48961e-21
2.4525e-21
2.44611e-21
2.46203e-21
2.4835e-21
2.49617e-21
2.49419e-21
2.48032e-21
2.4634e-21
2.45466e-21
2.4633e-21
2.49245e-21
2.53868e-21
2.59491e-21
2.65382e-21
2.70938e-21
2.75706e-21
2.79367e-21
2.81763e-21
2.82868e-21
2.82712e-21
2.81409e-21
2.79349e-21
2.77358e-21
2.76585e-21
2.78057e-21
2.82065e-21
2.87893e-21
2.94106e-21
2.99213e-21
3.0219e-21
3.02622e-21
3.00594e-21
2.96531e-21
2.91061e-21
2.84933e-21
2.78908e-21
2.73614e-21
2.69398e-21
2.66276e-21
2.6397e-21
2.62054e-21
2.60122e-21
2.5795e-21
2.55572e-21
2.53248e-21
2.51402e-21
2.50491e-21
2.50874e-21
2.52652e-21
2.55579e-21
2.59085e-21
2.62476e-21
2.65188e-21
2.66977e-21
2.6798e-21
2.68603e-21
2.69322e-21
2.70467e-21
2.7214e-21
2.74219e-21
2.76433e-21
2.78421e-21
2.79783e-21
2.80135e-21
2.79152e-21
2.76631e-21
2.72591e-21
2.67369e-21
2.61703e-21
2.5669e-21
2.53486e-21
2.5277e-21
2.54386e-21
2.57521e-21
2.61254e-21
2.64956e-21
2.68344e-21
2.71355e-21
2.7398e-21
2.76152e-21
2.77739e-21
2.78601e-21
2.78673e-21
2.77992e-21
2.76657e-21
2.74811e-21
2.72693e-21
2.70665e-21
2.69102e-21
2.68184e-21
2.67856e-21
2.67986e-21
2.68552e-21
2.69683e-21
2.71565e-21
2.74291e-21
2.77682e-21
2.81199e-21
2.83999e-21
2.85179e-21
2.84126e-21
2.80794e-21
2.75821e-21
2.70441e-21
2.66117e-21
2.64029e-21
2.64697e-21
2.6794e-21
2.73096e-21
2.79305e-21
2.85716e-21
2.91606e-21
2.96425e-21
2.99774e-21
3.01375e-21
3.01055e-21
2.98769e-21
2.94667e-21
2.89168e-21
2.83027e-21
2.77251e-21
2.72874e-21
2.70612e-21
2.706e-21
2.7239e-21
2.75229e-21
2.78382e-21
2.81334e-21
2.83804e-21
2.85676e-21
2.86925e-21
2.87607e-21
2.87924e-21
2.8827e-21
2.89093e-21
2.90555e-21
2.92327e-21
2.93822e-21
2.9464e-21
2.94866e-21
2.95007e-21
2.95659e-21
2.97093e-21
2.99044e-21
3.00882e-21
3.01955e-21
3.01809e-21
3.00217e-21
2.9713e-21
2.92711e-21
2.87442e-21
2.82161e-21
2.77914e-21
2.75518e-21
2.75096e-21
2.76023e-21
2.7731e-21
2.78066e-21
2.77737e-21
2.76177e-21
2.73665e-21
2.70831e-21
2.68439e-21
2.67114e-21
2.67122e-21
2.68341e-21
2.70424e-21
2.72967e-21
2.75622e-21
2.78114e-21
2.80227e-21
2.81847e-21
2.83007e-21
2.83897e-21
2.84769e-21
2.85771e-21
2.86825e-21
2.87684e-21
2.88148e-21
2.88217e-21
2.88026e-21
2.87638e-21
2.86887e-21
2.85466e-21
2.83153e-21
2.79975e-21
2.76165e-21
2.72008e-21
2.67726e-21
2.63502e-21
2.59615e-21
2.56527e-21
2.54827e-21
2.55007e-21
2.57211e-21
2.61119e-21
2.66068e-21
2.71315e-21
2.76256e-21
2.80505e-21
2.83868e-21
2.86347e-21
2.8814e-21
2.89625e-21
2.91215e-21
2.93075e-21
2.94932e-21
2.96163e-21
2.96132e-21
2.94594e-21
2.91919e-21
2.88977e-21
2.86646e-21
2.85308e-21
2.84744e-21
2.84437e-21
2.83874e-21
2.82654e-21
2.80534e-21
2.7747e-21
2.73685e-21
2.69648e-21
2.66021e-21
2.63497e-21
2.62581e-21
2.63357e-21
2.65457e-21
2.68264e-21
2.71202e-21
2.73897e-21
2.76167e-21
2.77924e-21
2.79091e-21
2.79587e-21
2.79341e-21
2.78284e-21
2.76325e-21
2.73364e-21
2.69342e-21
2.64403e-21
2.59023e-21
2.54055e-21
2.50512e-21
2.49146e-21
2.50098e-21
2.52929e-21
2.56922e-21
2.61403e-21
2.65892e-21
2.70115e-21
2.73923e-21
2.77216e-21
2.79876e-21
2.81765e-21
2.82742e-21
2.82689e-21
2.81534e-21
2.79304e-21
2.76185e-21
2.72561e-21
2.68983e-21
2.66058e-21
2.64252e-21
2.63746e-21
2.64417e-21
2.65948e-21
2.67977e-21
2.70204e-21
2.72415e-21
2.74467e-21
2.76289e-21
2.77917e-21
2.79495e-21
2.81223e-21
2.83223e-21
2.85436e-21
2.87616e-21
2.89424e-21
2.9056e-21
2.90866e-21
2.90365e-21
2.89218e-21
2.87698e-21
2.86133e-21
2.8483e-21
2.84013e-21
2.83774e-21
2.84049e-21
2.84628e-21
2.85194e-21
2.85385e-21
2.84881e-21
2.8349e-21
2.81205e-21
2.78182e-21
2.747e-21
2.71117e-21
2.67819e-21
2.65182e-21
2.63516e-21
2.62999e-21
2.63639e-21
2.65292e-21
2.67711e-21
2.70611e-21
2.7372e-21
2.76816e-21
2.79761e-21
2.82502e-21
2.85036e-21
2.87401e-21
2.89658e-21
2.91841e-21
2.93881e-21
2.95612e-21
2.96857e-21
2.97523e-21
2.97554e-21
2.96827e-21
2.95097e-21
2.92074e-21
2.87611e-21
2.81884e-21
2.75471e-21
2.69219e-21
2.63969e-21
2.60385e-21
2.58908e-21
2.59687e-21
2.62462e-21
2.66549e-21
2.71074e-21
2.75317e-21
2.78928e-21
2.81901e-21
2.84402e-21
2.86624e-21
2.88668e-21
2.90474e-21
2.9183e-21
2.92462e-21
2.9218e-21
2.90986e-21
2.89087e-21
2.86812e-21
2.84469e-21
2.82263e-21
2.80353e-21
2.7895e-21
2.78261e-21
2.78406e-21
2.7936e-21
2.80948e-21
2.8289e-21
2.84889e-21
2.86723e-21
2.88288e-21
2.89586e-21
2.90669e-21
2.91576e-21
2.92291e-21
2.92721e-21
2.92688e-21
2.9195e-21
2.90266e-21
2.87511e-21
2.83824e-21
2.79668e-21
2.75693e-21
2.72414e-21
2.69932e-21
2.67957e-21
2.6607e-21
2.64015e-21
2.61801e-21
2.59631e-21
2.57778e-21
2.56527e-21
2.56155e-21
2.5688e-21
2.58747e-21
2.61529e-21
2.6476e-21
2.67846e-21
2.70222e-21
2.71487e-21
2.71467e-21
2.70218e-21
2.68008e-21
2.65246e-21
2.62416e-21
2.5999e-21
2.58336e-21
2.57628e-21
2.57839e-21
2.58822e-21
2.60403e-21
2.62465e-21
2.64929e-21
2.67629e-21
2.70262e-21
2.72546e-21
2.74428e-21
2.76145e-21
2.77984e-21
2.79984e-21
2.81831e-21
2.8303e-21
2.83181e-21
2.82163e-21
2.80126e-21
2.77363e-21
2.74183e-21
2.70831e-21
2.67529e-21
2.64544e-21
2.62229e-21
2.60916e-21
2.6075e-21
2.61601e-21
2.63143e-21
2.64986e-21
2.66776e-21
2.68245e-21
2.69254e-21
2.69868e-21
2.70381e-21
2.7122e-21
2.7275e-21
2.75098e-21
2.78084e-21
2.81295e-21
2.84223e-21
2.86379e-21
2.87383e-21
2.86983e-21
2.85046e-21
2.81544e-21
2.7662e-21
2.70667e-21
2.64392e-21
2.58779e-21
2.5484e-21
2.53282e-21
2.54267e-21
2.57316e-21
2.61421e-21
2.65315e-21
2.67795e-21
2.68038e-21
2.65835e-21
2.61779e-21
2.57246e-21
2.53902e-21
2.52733e-21
2.53505e-21
2.55309e-21
2.57456e-21
2.59842e-21
2.6275e-21
2.66492e-21
2.7117e-21
2.76602e-21
2.8237e-21
2.87921e-21
2.92649e-21
2.95968e-21
2.97428e-21
2.96846e-21
2.9444e-21
2.90795e-21
2.86553e-21
2.82017e-21
2.77133e-21
2.71893e-21
2.66676e-21
2.62239e-21
2.59415e-21
2.58818e-21
2.60607e-21
2.64343e-21
2.69128e-21
2.73949e-21
2.77977e-21
2.80707e-21
2.81989e-21
2.81997e-21
2.81121e-21
2.79833e-21
2.78552e-21
2.77575e-21
2.77081e-21
2.77166e-21
2.77832e-21
2.7895e-21
2.80304e-21
2.81696e-21
2.8302e-21
2.84264e-21
2.85464e-21
2.86628e-21
2.87706e-21
2.88585e-21
2.89143e-21
2.89278e-21
2.88946e-21
2.8817e-21
2.87005e-21
2.85558e-21
2.84007e-21
2.8261e-21
2.81617e-21
2.81135e-21
2.81068e-21
2.8121e-21
2.81472e-21
2.82021e-21
2.83113e-21
2.84731e-21
2.86458e-21
2.87804e-21
2.88579e-21
2.88946e-21
2.89214e-21
2.89573e-21
2.89911e-21
2.89791e-21
2.88651e-21
2.86083e-21
2.82023e-21
2.76814e-21
2.71153e-21
2.6594e-21
2.62056e-21
2.60141e-21
2.60447e-21
2.62797e-21
2.66597e-21
2.70899e-21
2.74554e-21
2.76487e-21
2.75961e-21
2.72815e-21
2.67569e-21
2.61422e-21
2.55916e-21
2.52262e-21
2.50766e-21
2.50953e-21
2.52185e-21
2.5408e-21
2.56526e-21
2.59501e-21
2.62909e-21
2.66574e-21
2.70318e-21
2.74042e-21
2.77751e-21
2.81517e-21
2.85393e-21
2.89304e-21
2.93e-21
2.96111e-21
2.98266e-21
2.99255e-21
2.99131e-21
2.9821e-21
2.97002e-21
2.96069e-21
2.95899e-21
2.96818e-21
2.98937e-21
3.02144e-21
3.06134e-21
3.10486e-21
3.14734e-21
3.18346e-21
3.20717e-21
3.21239e-21
3.19454e-21
3.15237e-21
3.08959e-21
3.01455e-21
2.93848e-21
2.8722e-21
2.82296e-21
2.7931e-21
2.78081e-21
2.78252e-21
2.795e-21
2.81625e-21
2.84502e-21
2.8802e-21
2.92028e-21
2.96267e-21
3.00297e-21
3.03503e-21
3.05272e-21
3.05276e-21
3.03709e-21
3.01236e-21
2.98659e-21
2.96509e-21
2.94889e-21
2.93584e-21
2.92255e-21
2.90582e-21
2.88373e-21
2.85639e-21
2.82586e-21
2.79526e-21
2.76751e-21
2.74473e-21
2.72829e-21
2.71957e-21
2.71982e-21
2.72909e-21
2.74542e-21
2.76501e-21
2.78389e-21
2.7994e-21
2.81102e-21
2.81975e-21
2.82689e-21
2.83293e-21
2.8374e-21
2.8398e-21
2.84053e-21
2.84177e-21
2.84722e-21
2.85972e-21
2.87797e-21
2.89519e-21
2.90246e-21
2.89359e-21
2.86792e-21
2.83012e-21
2.78828e-21
2.75148e-21
2.72729e-21
2.71934e-21
2.72608e-21
2.74165e-21
2.75832e-21
2.76894e-21
2.76867e-21
2.75673e-21
2.73799e-21
2.72242e-21
2.71987e-21
2.73318e-21
2.75683e-21
2.78223e-21
2.80294e-21
2.81601e-21
2.82117e-21
2.81953e-21
2.81227e-21
2.8e-21
2.78284e-21
2.76127e-21
2.73711e-21
2.71353e-21
2.69417e-21
2.68204e-21
2.67819e-21
2.68118e-21
2.68773e-21
2.69438e-21
2.69966e-21
2.7046e-21
2.71131e-21
2.72016e-21
2.72897e-21
2.73469e-21
2.73604e-21
2.73465e-21
2.73459e-21
2.74062e-21
2.75646e-21
2.78331e-21
2.81903e-21
2.85859e-21
2.89565e-21
2.92444e-21
2.94109e-21
2.94415e-21
2.93498e-21
2.91751e-21
2.89735e-21
2.87975e-21
2.86758e-21
2.86058e-21
2.8566e-21
2.85305e-21
2.84752e-21
2.83767e-21
2.8217e-21
2.79956e-21
2.77366e-21
2.74856e-21
2.72946e-21
2.71953e-21
2.71801e-21
2.7211e-21
2.72611e-21
2.73427e-21
2.74811e-21
2.76587e-21
2.77993e-21
2.78133e-21
2.76537e-21
2.73375e-21
2.69396e-21
2.65696e-21
2.6334e-21
2.62919e-21
2.64227e-21
2.66345e-21
2.68222e-21
2.69282e-21
2.69615e-21
2.69744e-21
2.70213e-21
2.71254e-21
2.72633e-21
2.73724e-21
2.73846e-21
2.72804e-21
2.71271e-21
2.70435e-21
2.70948e-21
2.72313e-21
2.7349e-21
2.73789e-21
2.7312e-21
2.718e-21
2.70325e-21
2.69205e-21
2.68845e-21
2.69443e-21
2.70914e-21
2.72874e-21
2.74696e-21
2.75708e-21
2.75474e-21
2.74079e-21
2.72165e-21
2.70605e-21
2.69992e-21
2.70399e-21
2.71525e-21
2.72961e-21
2.74341e-21
2.75376e-21
2.7584e-21
2.75565e-21
2.74444e-21
2.72582e-21
2.70586e-21
2.69746e-21
2.71479e-21
2.76088e-21
2.82354e-21
2.88508e-21
2.93295e-21
2.96168e-21
2.97058e-21
2.96169e-21
2.93914e-21
2.90921e-21
2.88076e-21
2.86394e-21
2.86574e-21
2.88474e-21
2.91165e-21
2.93552e-21
2.94934e-21
2.95099e-21
2.94167e-21
2.92373e-21
2.89948e-21
2.87114e-21
2.84133e-21
2.81364e-21
2.79245e-21
2.78177e-21
2.78346e-21
2.79602e-21
2.81519e-21
2.83577e-21
2.85381e-21
2.86784e-21
2.87878e-21
2.88867e-21
2.89896e-21
2.9091e-21
2.91618e-21
2.91651e-21
2.90737e-21
2.88844e-21
2.86167e-21
2.83014e-21
2.7976e-21
2.76847e-21
2.74761e-21
2.73867e-21
2.74179e-21
2.75282e-21
2.76518e-21
2.77338e-21
2.77596e-21
2.7758e-21
2.77792e-21
2.78639e-21
2.80218e-21
2.82317e-21
2.84541e-21
2.86462e-21
2.87747e-21
