20 -9.05013e-21 0
40 -9.04801e-21 2.12432e-24
60 -9.04735e-21 1.39371e-24
80 -9.04751e-21 9.99259e-25
100 -9.04762e-21 7.81523e-25
120 -9.0474e-21 6.76067e-25
140 -9.04739e-21 5.71415e-25
160 -9.04799e-21 7.82148e-25
180 -9.04795e-21 6.91066e-25
200 -9.04757e-21 7.24793e-25
220 -9.04748e-21 6.62139e-25
240 -9.04755e-21 6.08908e-25
260 -9.04743e-21 5.74467e-25
280 -9.0474e-21 5.32765e-25
300 -9.04708e-21 5.9048e-25
320 -9.04696e-21 5.6517e-25
340 -9.04697e-21 5.31043e-25
360 -9.04674e-21 5.48461e-25
380 -9.04685e-21 5.29602e-25
400 -9.04695e-21 5.12957e-25
420 -9.04702e-21 4.92147e-25
440 -9.04695e-21 4.74534e-25
460 -9.04693e-21 4.53853e-25
480 -9.04701e-21 4.41804e-25
500 -9.04689e-21 4.39824e-25
520 -9.04686e-21 4.23741e-25
540 -9.04675e-21 4.21451e-25
560 -9.04677e-21 4.06392e-25
580 -9.04688e-21 4.07582e-25
600 -9.04683e-21 3.9629e-25
620 -9.04692e-21 3.92924e-25
640 -9.04693e-21 3.80504e-25
660 -9.04695e-21 3.69422e-25
680 -9.04705e-21 3.71199e-25
700 -9.04712e-21 3.68613e-25
720 -9.04712e-21 3.58229e-25
740 -9.04705e-21 3.56281e-25
760 -9.04693e-21 3.67415e-25
780 -9.047e-21 3.65908e-25
800 -9.04705e-21 3.59935e-25
820 -9.04704e-21 3.51248e-25
840 -9.04694e-21 3.55698e-25
860 -9.04687e-21 3.54157e-25
880 -9.04683e-21 3.48314e-25
900 -9.04681e-21 3.41242e-25
920 -9.04679e-21 3.34754e-25
940 -9.04671e-21 3.36059e-25
960 -9.04669e-21 3.29558e-25
980 -9.04665e-21 3.25973e-25
1000 -9.04664e-21 3.19461e-25
