20 3.95604e+08 0
40 4.04942e+08 9.33838e+06
60 4.06724e+08 5.67826e+06
80 4.03458e+08 5.17581e+06
100 4.04919e+08 4.26734e+06
120 4.05506e+08 3.53339e+06
140 4.06092e+08 3.04311e+06
160 4.05378e+08 2.73036e+06
180 4.05657e+08 2.42406e+06
200 4.05822e+08 2.17442e+06
220 4.04836e+08 2.20031e+06
240 4.05488e+08 2.11188e+06
260 4.05273e+08 1.95451e+06
280 4.05198e+08 1.81108e+06
300 4.05071e+08 1.69079e+06
320 4.0521e+08 1.58768e+06
340 4.05096e+08 1.49569e+06
360 4.05755e+08 1.55629e+06
380 4.05311e+08 1.53754e+06
400 4.05442e+08 1.46453e+06
420 4.05067e+08 1.44269e+06
440 4.05514e+08 1.44641e+06
460 4.05367e+08 1.38992e+06
480 4.05174e+08 1.34472e+06
500 4.05118e+08 1.291e+06
520 4.05392e+08 1.27029e+06
540 4.05515e+08 1.2285e+06
560 4.05239e+08 1.21566e+06
580 4.052e+08 1.17363e+06
600 4.0496e+08 1.15901e+06
620 4.05174e+08 1.14138e+06
640 4.05068e+08 1.11025e+06
660 4.0479e+08 1.11151e+06
680 4.05034e+08 1.10565e+06
700 4.05046e+08 1.07366e+06
720 4.04963e+08 1.04667e+06
740 4.04869e+08 1.02229e+06
760 4.05131e+08 1.02893e+06
780 4.05267e+08 1.01131e+06
800 4.04853e+08 1.06899e+06
820 4.0497e+08 1.04917e+06
840 4.05059e+08 1.02774e+06
860 4.04763e+08 1.04643e+06
880 4.04896e+08 1.03103e+06
900 4.05056e+08 1.02049e+06
920 4.04904e+08 1.00968e+06
940 4.04891e+08 988045
960 4.04892e+08 967242
980 4.04989e+08 952289
1000 4.04925e+08 935252
