96.8122
97.942
99.264
100.652
101.937
102.929
103.454
103.38
102.651
101.29
99.4242
97.3139
95.3969
94.2178
94.1893
95.3158
97.1984
99.2897
101.099
102.245
102.484
101.755
100.18
98.0277
95.6171
93.2651
91.2307
89.6867
88.6954
88.2212
88.1483
88.3433
88.7053
89.214
89.9167
90.895
92.1937
93.7575
95.3938
96.7931
97.6102
97.5767
96.5983
94.8051
92.527
90.1805
88.134
86.645
85.874
85.9184
86.7866
88.3451
90.3464
92.5292
94.7104
96.8051
98.7536
100.46
101.779
102.55
102.654
102.064
100.861
99.2481
97.5332
96.071
95.1819
95.0777
95.8024
97.217
99.0414
100.936
102.583
103.759
104.362
104.399
103.924
103.006
101.694
100.027
98.0587
95.878
93.6355
91.5285
89.761
88.5183
87.9256
88.0218
88.7401
89.9162
91.3239
92.7325
93.9752
94.9778
95.7697
96.4524
97.1441
97.9292
98.8315
99.7992
100.724
101.47
101.912
101.947
101.521
100.643
99.4007
97.947
96.4494
95.036
93.7719
92.6686
91.7063
90.8521
90.06
89.2935
88.5445
87.8352
87.2122
86.7159
86.3727
86.1855
86.162
86.3224
86.7135
87.4093
88.477
89.9426
91.7565
93.8031
95.927
97.9594
99.7297
101.084
101.904
102.139
101.826
101.109
100.211
99.3811
98.8247
98.6573
98.883
99.4078
100.067
100.671
101.059
101.149
100.944
100.509
99.9197
99.2242
98.4355
97.5497
96.5561
95.4653
94.33
93.2765
92.4945
92.1729
92.4426
93.3338
94.776
96.6115
98.618
100.537
102.12
103.159
103.513
103.131
102.029
100.259
97.8741
94.9451
91.6248
88.1734
84.9473
82.3349
80.6843
80.2692
81.2537
83.6502
87.2625
91.6789
96.3147
100.534
103.807
105.818
106.493
105.948
104.418
102.18
99.5092
96.6523
93.8417
91.2759
89.1003
87.4196
86.3398
85.9721
86.4141
87.6824
89.6642
92.1357
94.8367
97.5402
100.103
102.451
104.519
106.237
107.535
108.357
108.662
108.416
107.604
106.244
104.391
102.144
99.6304
97.0022
94.4195
92.055
90.0715
88.6123
87.7873
87.6516
88.1754
89.2053
90.4877
91.7446
92.7618
93.446
93.8531
94.1701
94.6468
95.5042
96.8338
98.5652
100.48
102.289
103.696
104.456
104.42
103.587
102.115
100.306
98.5236
97.0949
96.1972
95.8232
95.8177
95.9468
95.9821
95.7487
95.1598
94.1967
92.9033
91.3521
89.6307
87.8473
86.1497
84.7434
83.8766
83.7814
84.5846
86.2372
88.5377
91.1728
93.8133
96.1927
98.1731
99.7741
101.14
102.419
103.665
104.815
105.762
106.421
106.755
106.743
106.371
105.621
104.475
102.944
101.103
99.0934
97.1249
95.4098
94.0947
93.234
92.8205
92.8069
93.1202
93.6396
94.1945
94.5765
94.5757
94.0275
92.8569
91.1071
88.9734
86.7791
84.9335
83.8392
83.7899
84.8848
87.0253
89.945
93.2796
96.6268
99.6073
101.911
103.328
103.784
103.352
102.268
100.895
99.6319
98.79
98.4783
98.5599
98.7411
98.7295
98.3658
97.6663
96.7928
95.9645
95.3747
95.122
95.1843
95.4396
95.7211
95.8945
95.8978
95.7676
95.6063
95.5175
95.5302
95.5874
95.5669
95.337
94.8118
93.9711
92.8744
91.6524
90.4803
89.5497
89.0159
88.9445
89.2873
89.915
90.6808
91.4764
92.2452
92.9636
93.6117
94.1777
94.659
95.0921
95.5444
96.1137
96.8676
97.77
98.6759
99.3822
99.7004
99.534
98.9084
97.998
97.1064
96.5882
96.7022
97.4902
98.7582
100.206
101.576
102.7
103.471
103.764
103.427
102.311
100.346
97.5958
94.2938
90.8279
87.6937
85.3897
84.2942
84.5477
86.0194
88.3471
91.0541
93.677
95.8719
97.4589
98.4398
98.9527
99.2154
99.4624
99.8538
100.413
101.02
101.454
101.486
100.961
99.867
98.3271
96.5912
94.9707
93.792
93.3367
93.7788
95.1414
97.2716
99.8653
102.55
104.974
106.859
108.024
108.368
107.881
106.631
104.74
102.357
99.6303
96.6829
93.6314
90.6019
87.753
85.2766
83.3848
82.2677
82.0415
82.7075
84.1465
86.1435
88.437
90.7722
92.9498
94.8502
96.418
97.6145
98.4085
98.769
98.6718
98.127
97.2079
96.0714
94.9426
94.0656
93.6198
93.6855
94.229
95.1445
96.2884
97.4932
98.5441
99.2026
99.2853
98.7396
97.693
96.419
95.2458
94.4422
94.175
94.4889
95.3041
96.4344
97.6325
98.6653
99.3848
99.7629
99.8644
99.7836
99.6212
99.4835
99.4996
99.7935
100.456
101.484
102.77
104.107
105.242
105.926
105.959
105.218
103.676
101.42
98.6615
95.7198
92.9756
90.7811
89.3803
88.851
89.0937
89.8727
90.8818
91.827
92.5044
92.8472
92.949
93.0233
93.3294
94.0588
95.2395
96.708
98.1856
99.3749
100.04
100.047
99.3566
98.0126
96.132
93.8855
91.4786
89.1249
87.0211
85.353
84.2821
83.9461
84.4119
85.6311
87.4413
89.6027
91.8463
93.9122
95.576
96.689
97.1982
97.1513
96.6909
96.03
95.4313
95.1582
95.4218
96.3098
97.7628
99.5972
101.552
103.336
104.704
105.493
105.64
105.164
104.142
102.689
100.941
99.0726
97.2918
95.7923
94.6986
94.0296
93.7116
93.6407
93.7412
94.0083
94.4814
95.1842
96.0673
96.9954
97.7911
98.2917
98.376
97.9682
97.0611
95.7265
94.1097
92.4324
90.9643
89.9863
89.7243
90.2947
91.6432
93.5232
95.5522
97.3289
98.5588
99.1376
99.1584
98.8678
98.5726
98.5321
98.8637
99.5158
100.307
101.007
101.416
101.44
101.111
100.576
100.034
99.6036
99.2283
98.7088
97.8423
96.568
94.9909
93.3209
91.7914
90.5931
89.8296
89.4962
89.5088
89.7332
90.042
90.3346
90.5755
90.7981
91.0884
91.5426
92.2202
93.1057
94.1282
95.1901
96.2155
97.1746
98.0781
98.9471
99.7687
100.489
101.024
101.277
101.163
100.654
99.7759
98.6284
97.4057
96.3564
95.6893
95.4645
95.5604
95.7472
95.7939
95.5181
94.8329
93.8251
92.7743
92.0587
91.9319
92.3826
93.2061
94.1833
95.1689
96.091
96.9112
97.618
98.2299
98.7841
99.3225
99.8788
100.464
101.072
101.703
102.35
102.972
103.454
103.599
103.204
102.172
100.584
98.6802
96.7316
94.915
93.2564
91.7145
90.3135
89.2068
88.571
88.4506
88.7264
89.2338
89.9003
90.7509
91.8157
93.0379
94.2694
95.3294
96.1014
96.5718
96.817
96.9483
97.0698
97.2413
97.4685
97.7245
97.9496
98.0755
98.0246
97.7167
97.1015
96.1877
95.0687
93.938
93.0736
92.7638
93.2245
94.4958
96.419
98.6591
100.803
102.471
103.379
103.371
102.445
100.759
98.5932
96.3079
94.2618
92.7671
92.0409
92.1334
92.8919
94.0145
95.1629
96.0833
96.6461
96.8327
96.6913
96.3066
95.8016
95.3219
95.0052
94.9567
95.2129
95.7306
96.4095
97.1324
97.7922
98.3371
98.7721
99.1367
99.4797
99.8147
100.106
100.277
100.216
99.8256
99.0514
97.9275
96.5765
95.1863
93.929
92.9067
92.1275
91.5399
91.0806
90.7151
90.4353
90.248
90.1665
90.1955
90.3512
90.6801
91.2409
92.0853
93.2203
94.5821
96.0466
97.4661
98.695
99.62
100.185
100.394
100.275
99.8567
99.1469
98.1534
96.9043
95.4632
93.896
92.2614
90.5971
88.964
87.4892
86.3718
85.837
86.0538
87.0963
88.9168
91.3279
94.0177
96.5998
98.7168
100.146
100.854
100.991
100.805
100.572
100.552
100.947
101.868
103.299
105.05
106.803
108.184
108.84
108.533
107.168
104.803
101.655
98.0875
94.5684
91.5618
89.4125
88.2824
88.1487
88.8396
90.0666
91.4788
92.7505
93.6917
94.2962
94.69
95.0181
95.3631
95.7457
96.2043
96.8019
97.5875
98.5867
99.7596
100.969
101.988
102.567
102.511
101.744
100.317
98.3835
96.158
93.8645
91.7039
89.8418
88.4046
87.4916
87.1696
87.449
88.2634
89.4535
90.8071
92.1422
93.3477
94.3919
95.3071
96.15
96.9812
97.8618
98.864
100.062
101.483
103.071
104.674
106.07
107.037
107.401
107.073
106.059
104.448
102.392
100.073
97.6728
95.3566
93.2773
91.5738
90.3769
89.7785
89.8437
90.5678
91.8565
93.5056
95.2225
96.6909
97.6594
98.0059
97.7574
97.0287
95.9626
94.6781
93.2632
91.8123
90.4735
89.4437
88.9378
89.1043
89.961
91.3718
93.0943
94.8496
96.3848
97.5044
98.0752
98.0129
97.3049
96.0242
94.3544
92.5867
91.0782
90.1777
90.1453
91.0687
92.8411
95.1783
97.7063
100.039
101.877
103.052
103.529
103.376
102.731
101.746
100.563
99.3132
98.1202
97.0869
96.2848
95.739
95.4185
95.2509
95.1622
95.11
95.0781
95.0487
94.9809
94.8213
94.5458
94.1688
93.7581
93.4162
93.2684
93.4265
93.9738
94.9146
96.139
97.4346
98.5342
99.2077
99.3412
98.9599
98.1842
97.169
96.0402
94.8651
93.6994
92.6309
91.7956
91.3606
91.4714
92.1762
93.39
94.9086
96.4653
97.8096
98.7717
99.2814
99.3617
99.1078
98.6544
98.1389
97.6662
97.2523
96.8261
96.2675
95.4755
94.448
93.3199
92.3393
91.7497
91.6597
92.0249
92.6799
93.4347
94.1369
94.6819
95.0207
95.1573
95.1376
95.0382
94.9445
94.9358
95.0704
95.3598
95.7861
96.3125
96.9005
97.512
98.1126
98.6515
99.0552
99.2533
99.2096
98.943
98.5183
98.0216
97.5186
97.0397
96.5889
96.1738
95.8205
95.5747
95.5122
95.7312
