2.00495e-21
2.02835e-21
2.05573e-21
2.08447e-21
2.11108e-21
2.13163e-21
2.1425e-21
2.14098e-21
2.12587e-21
2.09769e-21
2.05905e-21
2.01534e-21
1.97564e-21
1.95122e-21
1.95064e-21
1.97396e-21
2.01295e-21
2.05626e-21
2.09374e-21
2.11748e-21
2.12243e-21
2.10731e-21
2.07471e-21
2.03013e-21
1.9802e-21
1.93149e-21
1.88936e-21
1.85739e-21
1.83686e-21
1.82704e-21
1.82553e-21
1.82957e-21
1.83706e-21
1.8476e-21
1.86215e-21
1.88241e-21
1.90931e-21
1.94169e-21
1.97558e-21
2.00456e-21
2.02148e-21
2.02079e-21
2.00053e-21
1.96339e-21
1.91621e-21
1.86761e-21
1.82523e-21
1.79439e-21
1.77843e-21
1.77935e-21
1.79733e-21
1.8296e-21
1.87105e-21
1.91625e-21
1.96143e-21
2.00481e-21
2.04516e-21
2.08049e-21
2.10781e-21
2.12378e-21
2.12594e-21
2.11372e-21
2.08881e-21
2.0554e-21
2.01989e-21
1.98961e-21
1.97119e-21
1.96903e-21
1.98404e-21
2.01334e-21
2.05112e-21
2.09035e-21
2.12447e-21
2.14882e-21
2.16132e-21
2.16208e-21
2.15223e-21
2.13322e-21
2.10606e-21
2.07154e-21
2.03077e-21
1.98561e-21
1.93917e-21
1.89553e-21
1.85893e-21
1.83319e-21
1.82091e-21
1.82291e-21
1.83778e-21
1.86214e-21
1.89129e-21
1.92047e-21
1.9462e-21
1.96696e-21
1.98336e-21
1.9975e-21
2.01183e-21
2.02809e-21
2.04677e-21
2.06681e-21
2.08597e-21
2.10142e-21
2.11057e-21
2.11129e-21
2.10247e-21
2.08428e-21
2.05856e-21
2.02846e-21
1.99744e-21
1.96817e-21
1.94199e-21
1.91914e-21
1.89921e-21
1.88152e-21
1.86512e-21
1.84924e-21
1.83373e-21
1.81904e-21
1.80614e-21
1.79586e-21
1.78876e-21
1.78488e-21
1.78439e-21
1.78771e-21
1.79581e-21
1.81022e-21
1.83233e-21
1.86269e-21
1.90025e-21
1.94264e-21
1.98662e-21
2.02871e-21
2.06537e-21
2.09343e-21
2.11039e-21
2.11526e-21
2.1088e-21
2.09394e-21
2.07534e-21
2.05815e-21
2.04663e-21
2.04317e-21
2.04784e-21
2.05871e-21
2.07236e-21
2.08487e-21
2.0929e-21
2.09476e-21
2.09052e-21
2.08152e-21
2.06931e-21
2.05491e-21
2.03857e-21
2.02023e-21
1.99965e-21
1.97706e-21
1.95355e-21
1.93173e-21
1.91554e-21
1.90888e-21
1.91446e-21
1.93292e-21
1.96279e-21
2.0008e-21
2.04235e-21
2.0821e-21
2.11487e-21
2.13639e-21
2.14373e-21
2.13581e-21
2.11299e-21
2.07633e-21
2.02695e-21
1.96629e-21
1.89753e-21
1.82605e-21
1.75924e-21
1.70513e-21
1.67095e-21
1.66235e-21
1.68274e-21
1.73237e-21
1.80718e-21
1.89865e-21
1.99465e-21
2.08204e-21
2.1498e-21
2.19146e-21
2.20543e-21
2.19415e-21
2.16247e-21
2.11612e-21
2.06081e-21
2.00164e-21
1.94344e-21
1.8903e-21
1.84524e-21
1.81044e-21
1.78807e-21
1.78046e-21
1.78961e-21
1.81588e-21
1.85692e-21
1.9081e-21
1.96404e-21
2.02003e-21
2.07311e-21
2.12173e-21
2.16456e-21
2.20013e-21
2.22701e-21
2.24404e-21
2.25036e-21
2.24527e-21
2.22844e-21
2.20029e-21
2.16191e-21
2.11538e-21
2.06332e-21
2.00889e-21
1.9554e-21
1.90643e-21
1.86536e-21
1.83514e-21
1.81805e-21
1.81524e-21
1.82609e-21
1.84742e-21
1.87398e-21
1.90001e-21
1.92107e-21
1.93524e-21
1.94367e-21
1.95024e-21
1.96011e-21
1.97787e-21
2.0054e-21
2.04126e-21
2.08091e-21
2.11837e-21
2.14751e-21
2.16325e-21
2.16251e-21
2.14525e-21
2.11478e-21
2.07731e-21
2.0404e-21
2.01081e-21
1.99222e-21
1.98447e-21
1.98436e-21
1.98703e-21
1.98776e-21
1.98293e-21
1.97073e-21
1.95079e-21
1.924e-21
1.89188e-21
1.85623e-21
1.81929e-21
1.78414e-21
1.75501e-21
1.73706e-21
1.73509e-21
1.75172e-21
1.78595e-21
1.83359e-21
1.88816e-21
1.94285e-21
1.99213e-21
2.03314e-21
2.06629e-21
2.09458e-21
2.12107e-21
2.14688e-21
2.17068e-21
2.19031e-21
2.20396e-21
2.21087e-21
2.21063e-21
2.20292e-21
2.18738e-21
2.16365e-21
2.13195e-21
2.09381e-21
2.0522e-21
2.01143e-21
1.97591e-21
1.94868e-21
1.93085e-21
1.92229e-21
1.92201e-21
1.92849e-21
1.93925e-21
1.95074e-21
1.95865e-21
1.95864e-21
1.94728e-21
1.92304e-21
1.8868e-21
1.84262e-21
1.79717e-21
1.75895e-21
1.73629e-21
1.73527e-21
1.75794e-21
1.80227e-21
1.86274e-21
1.9318e-21
2.00111e-21
2.06284e-21
2.11054e-21
2.1399e-21
2.14934e-21
2.14039e-21
2.11795e-21
2.08952e-21
2.06335e-21
2.04591e-21
2.03946e-21
2.04115e-21
2.0449e-21
2.04466e-21
2.03713e-21
2.02264e-21
2.00455e-21
1.9874e-21
1.97518e-21
1.96995e-21
1.97124e-21
1.97653e-21
1.98236e-21
1.98595e-21
1.98602e-21
1.98332e-21
1.97998e-21
1.97814e-21
1.9784e-21
1.97959e-21
1.97916e-21
1.9744e-21
1.96353e-21
1.94612e-21
1.9234e-21
1.8981e-21
1.87382e-21
1.85455e-21
1.84349e-21
1.84202e-21
1.84912e-21
1.86211e-21
1.87797e-21
1.89445e-21
1.91037e-21
1.92525e-21
1.93867e-21
1.95039e-21
1.96036e-21
1.96933e-21
1.9787e-21
1.99049e-21
2.0061e-21
2.02479e-21
2.04355e-21
2.05818e-21
2.06477e-21
2.06132e-21
2.04837e-21
2.02951e-21
2.01105e-21
2.00032e-21
2.00268e-21
2.019e-21
2.04525e-21
2.07525e-21
2.10361e-21
2.12689e-21
2.14285e-21
2.14893e-21
2.14194e-21
2.11883e-21
2.07814e-21
2.02118e-21
1.9528e-21
1.88102e-21
1.81611e-21
1.7684e-21
1.74571e-21
1.75096e-21
1.78144e-21
1.82964e-21
1.88571e-21
1.94002e-21
1.98548e-21
2.01835e-21
2.03866e-21
2.04928e-21
2.05472e-21
2.05984e-21
2.06794e-21
2.07953e-21
2.09211e-21
2.10109e-21
2.10174e-21
2.09088e-21
2.06822e-21
2.03633e-21
2.00038e-21
1.96682e-21
1.94241e-21
1.93298e-21
1.94213e-21
1.97035e-21
2.01447e-21
2.06818e-21
2.12379e-21
2.17399e-21
2.21302e-21
2.23715e-21
2.24427e-21
2.23418e-21
2.2083e-21
2.16915e-21
2.11979e-21
2.06332e-21
2.00228e-21
1.93908e-21
1.87634e-21
1.81734e-21
1.76606e-21
1.72688e-21
1.70374e-21
1.69906e-21
1.71285e-21
1.74265e-21
1.78401e-21
1.83151e-21
1.87987e-21
1.92496e-21
1.96432e-21
1.99679e-21
2.02157e-21
2.03801e-21
2.04548e-21
2.04347e-21
2.03218e-21
2.01315e-21
1.98961e-21
1.96624e-21
1.94807e-21
1.93884e-21
1.9402e-21
1.95146e-21
1.97042e-21
1.99411e-21
2.01906e-21
2.04082e-21
2.05446e-21
2.05617e-21
2.04487e-21
2.0232e-21
1.99681e-21
1.97251e-21
1.95587e-21
1.95034e-21
1.95684e-21
1.97372e-21
1.99713e-21
2.02194e-21
2.04333e-21
2.05823e-21
2.06606e-21
2.06816e-21
2.06649e-21
2.06313e-21
2.06028e-21
2.06061e-21
2.0667e-21
2.08041e-21
2.1017e-21
2.12833e-21
2.15602e-21
2.17954e-21
2.1937e-21
2.19437e-21
2.17904e-21
2.1471e-21
2.10039e-21
2.04325e-21
1.98233e-21
1.9255e-21
1.88005e-21
1.85104e-21
1.84008e-21
1.84511e-21
1.86124e-21
1.88214e-21
1.90171e-21
1.91574e-21
1.92284e-21
1.92495e-21
1.92649e-21
1.93283e-21
1.94793e-21
1.97238e-21
2.0028e-21
2.0334e-21
2.05803e-21
2.0718e-21
2.07195e-21
2.05765e-21
2.02981e-21
1.99087e-21
1.94434e-21
1.8945e-21
1.84575e-21
1.80218e-21
1.76764e-21
1.74546e-21
1.7385e-21
1.74815e-21
1.7734e-21
1.81088e-21
1.85565e-21
1.90211e-21
1.9449e-21
1.97935e-21
2.0024e-21
2.01295e-21
2.01198e-21
2.00244e-21
1.98875e-21
1.97636e-21
1.9707e-21
1.97616e-21
1.99455e-21
2.02464e-21
2.06263e-21
2.10312e-21
2.14005e-21
2.16839e-21
2.18472e-21
2.18778e-21
2.17793e-21
2.15676e-21
2.12666e-21
2.09047e-21
2.05177e-21
2.01489e-21
1.98383e-21
1.96118e-21
1.94733e-21
1.94074e-21
1.93927e-21
1.94135e-21
1.94689e-21
1.95668e-21
1.97124e-21
1.98953e-21
2.00875e-21
2.02523e-21
2.03559e-21
2.03734e-21
2.02889e-21
2.01011e-21
1.98247e-21
1.94899e-21
1.91425e-21
1.88385e-21
1.86359e-21
1.85817e-21
1.86998e-21
1.89791e-21
1.93684e-21
1.97886e-21
2.01566e-21
2.04113e-21
2.05311e-21
2.05354e-21
2.04752e-21
2.04141e-21
2.04057e-21
2.04744e-21
2.06095e-21
2.07733e-21
2.09182e-21
2.10031e-21
2.1008e-21
2.09398e-21
2.08291e-21
2.07168e-21
2.06276e-21
2.05499e-21
2.04423e-21
2.02629e-21
1.9999e-21
1.96724e-21
1.93265e-21
1.90097e-21
1.87616e-21
1.86035e-21
1.85344e-21
1.8537e-21
1.85835e-21
1.86475e-21
1.8708e-21
1.87579e-21
1.8804e-21
1.88642e-21
1.89582e-21
1.90985e-21
1.92819e-21
1.94937e-21
1.97136e-21
1.9926e-21
2.01246e-21
2.03117e-21
2.04917e-21
2.06618e-21
2.0811e-21
2.09219e-21
2.09741e-21
2.09507e-21
2.08453e-21
2.06633e-21
2.04257e-21
2.01725e-21
1.99552e-21
1.9817e-21
1.97704e-21
1.97903e-21
1.9829e-21
1.98387e-21
1.97815e-21
1.96396e-21
1.94309e-21
1.92133e-21
1.90651e-21
1.90389e-21
1.91322e-21
1.93027e-21
1.95051e-21
1.97092e-21
1.99002e-21
2.00701e-21
2.02164e-21
2.03431e-21
2.04579e-21
2.05694e-21
2.06846e-21
2.08058e-21
2.09317e-21
2.10624e-21
2.11964e-21
2.13252e-21
2.1425e-21
2.14551e-21
2.13733e-21
2.11596e-21
2.08307e-21
2.04364e-21
2.00329e-21
1.96566e-21
1.93131e-21
1.89938e-21
1.87037e-21
1.84745e-21
1.83428e-21
1.83179e-21
1.8375e-21
1.84801e-21
1.86181e-21
1.87943e-21
1.90148e-21
1.92679e-21
1.95229e-21
1.97425e-21
1.99023e-21
1.99998e-21
2.00505e-21
2.00777e-21
2.01029e-21
2.01384e-21
2.01855e-21
2.02385e-21
2.02851e-21
2.03112e-21
2.03006e-21
2.02369e-21
2.01095e-21
1.99202e-21
1.96885e-21
1.94543e-21
1.92753e-21
1.92111e-21
1.93065e-21
1.95698e-21
1.99681e-21
2.0432e-21
2.0876e-21
2.12215e-21
2.14095e-21
2.14079e-21
2.12161e-21
2.08669e-21
2.04184e-21
1.99451e-21
1.95214e-21
1.92118e-21
1.90614e-21
1.90806e-21
1.92376e-21
1.94701e-21
1.9708e-21
1.98986e-21
2.00151e-21
2.00538e-21
2.00245e-21
1.99448e-21
1.98403e-21
1.97409e-21
1.96753e-21
1.96653e-21
1.97183e-21
1.98256e-21
1.99661e-21
2.01159e-21
2.02525e-21
2.03653e-21
2.04554e-21
2.05309e-21
2.0602e-21
2.06714e-21
2.07317e-21
2.07671e-21
2.07545e-21
2.06736e-21
2.05133e-21
2.02805e-21
2.00007e-21
1.97128e-21
1.94524e-21
1.92407e-21
1.90793e-21
1.89577e-21
1.88626e-21
1.87869e-21
1.87289e-21
1.86901e-21
1.86732e-21
1.86792e-21
1.87115e-21
1.87796e-21
1.88957e-21
1.90706e-21
1.93057e-21
1.95877e-21
1.9891e-21
2.0185e-21
2.04395e-21
2.0631e-21
2.07481e-21
2.07914e-21
2.07667e-21
2.068e-21
2.05331e-21
2.03273e-21
2.00686e-21
1.97702e-21
1.94456e-21
1.91071e-21
1.87624e-21
1.84242e-21
1.81188e-21
1.78874e-21
1.77766e-21
1.78215e-21
1.80374e-21
1.84144e-21
1.89138e-21
1.94708e-21
2.00056e-21
2.0444e-21
2.07399e-21
2.08866e-21
2.0915e-21
2.08765e-21
2.08281e-21
2.0824e-21
2.09059e-21
2.10966e-21
2.13928e-21
2.17555e-21
2.21187e-21
2.24047e-21
2.25405e-21
2.24769e-21
2.21942e-21
2.17044e-21
2.10524e-21
2.03136e-21
1.95849e-21
1.89622e-21
1.85171e-21
1.8283e-21
1.82554e-21
1.83984e-21
1.86525e-21
1.8945e-21
1.92084e-21
1.94033e-21
1.95285e-21
1.961e-21
1.9678e-21
1.97494e-21
1.98287e-21
1.99236e-21
2.00474e-21
2.02101e-21
2.0417e-21
2.06599e-21
2.09103e-21
2.11214e-21
2.12412e-21
2.12298e-21
2.10709e-21
2.07753e-21
2.0375e-21
1.99141e-21
1.94391e-21
1.89916e-21
1.8606e-21
1.83084e-21
1.81193e-21
1.80526e-21
1.81105e-21
1.82791e-21
1.85256e-21
1.88059e-21
1.90824e-21
1.93321e-21
1.95483e-21
1.97378e-21
1.99124e-21
2.00845e-21
2.02669e-21
2.04745e-21
2.07225e-21
2.10168e-21
2.13458e-21
2.16777e-21
2.19669e-21
2.2167e-21
2.22424e-21
2.21745e-21
2.19645e-21
2.16309e-21
2.12051e-21
2.07249e-21
2.02278e-21
1.97481e-21
1.93175e-21
1.89647e-21
1.87168e-21
1.85929e-21
1.86064e-21
1.87564e-21
1.90232e-21
1.93648e-21
1.97203e-21
2.00244e-21
2.0225e-21
2.02968e-21
2.02453e-21
2.00944e-21
1.98736e-21
1.96076e-21
1.93146e-21
1.90141e-21
1.87368e-21
1.85235e-21
1.84188e-21
1.84533e-21
1.86307e-21
1.89229e-21
1.92796e-21
1.96431e-21
1.9961e-21
2.01929e-21
2.03111e-21
2.02982e-21
2.01516e-21
1.98864e-21
1.95405e-21
1.91745e-21
1.8862e-21
1.86755e-21
1.86688e-21
1.88601e-21
1.92271e-21
1.97112e-21
2.02347e-21
2.07177e-21
2.10985e-21
2.13417e-21
2.14406e-21
2.1409e-21
2.12753e-21
2.10713e-21
2.08262e-21
2.05675e-21
2.03204e-21
2.01064e-21
1.99403e-21
1.98273e-21
1.97609e-21
1.97262e-21
1.97078e-21
1.9697e-21
1.96904e-21
1.96843e-21
1.96703e-21
1.96372e-21
1.95802e-21
1.95021e-21
1.9417e-21
1.93462e-21
1.93156e-21
1.93484e-21
1.94617e-21
1.96566e-21
1.99101e-21
2.01784e-21
2.04062e-21
2.05456e-21
2.05733e-21
2.04943e-21
2.03337e-21
2.01234e-21
1.98897e-21
1.96463e-21
1.94049e-21
1.91836e-21
1.90106e-21
1.89205e-21
1.89435e-21
1.90895e-21
1.93408e-21
1.96553e-21
1.99777e-21
2.02561e-21
2.04554e-21
2.05609e-21
2.05775e-21
2.0525e-21
2.04311e-21
2.03243e-21
2.02264e-21
2.01407e-21
2.00524e-21
1.99367e-21
1.97727e-21
1.95599e-21
1.93263e-21
1.91232e-21
1.90011e-21
1.89825e-21
1.90581e-21
1.91938e-21
1.93501e-21
1.94955e-21
1.96084e-21
1.96785e-21
1.97068e-21
1.97027e-21
1.96822e-21
1.96627e-21
1.9661e-21
1.96888e-21
1.97488e-21
1.9837e-21
1.99461e-21
2.00678e-21
2.01945e-21
2.03189e-21
2.04305e-21
2.05141e-21
2.05551e-21
2.0546e-21
2.04908e-21
2.04029e-21
2.03e-21
2.01958e-21
2.00967e-21
2.00033e-21
1.99173e-21
1.98442e-21
1.97933e-21
1.97803e-21
1.98257e-21
