0 12.3999 16.4205
1 10.9491 15.3926
2 10.508 14.178
3 10.0912 12.9297
4 9.56652 11.8027
5 8.98861 11.0121
6 8.6546 10.3461
7 8.39424 9.75841
8 8.22411 9.30067
9 7.63403 8.91936
10 7.26031 8.60649
11 7.26031 8.27968
12 7.19432 7.95422
13 6.87823 7.6971
14 6.82902 7.49973
15 6.67469 7.35563
16 6.54392 7.16521
17 6.54392 6.9463
18 6.46585 6.77538
19 6.30106 6.6661
20 6.13449 6.57822
21 6.09789 6.50085
22 6.05323 6.43613
23 5.87356 6.37081
24 5.82891 6.31165
25 5.77055 6.21696
26 5.7612 6.07624
27 5.7612 5.94628
28 5.60646 5.84927
29 5.45858 5.79249
30 5.44979 5.75835
31 5.39144 5.71537
32 5.39144 5.66478
33 5.38638 5.6051
34 5.32803 5.53513
35 5.29668 5.46545
36 5.27723 5.39221
37 5.25597 5.35762
38 5.25597 5.33613
39 5.25597 5.31893
40 4.91538 5.29519
41 4.91538 5.26956
42 4.91538 5.24075
43 4.91538 5.19755
44 4.91538 5.1464
45 4.91538 5.05869
46 4.91538 4.98022
47 4.91538 4.92587
48 4.91538 4.91538
49 4.73223 4.91531
50 4.73223 4.91037
51 4.73223 4.87884
52 4.73223 4.8177
53 4.73223 4.7598
54 4.73223 4.73223
55 4.73223 4.73223
56 4.73223 4.73223
57 4.73223 4.73223
58 4.73223 4.73223
59 4.73223 4.73223
60 4.73223 4.73223
61 4.73223 4.73223
62 4.73223 4.73223
63 4.73223 4.73223
64 4.73223 4.73223
65 4.73223 4.73223
66 4.73223 4.73223
67 4.73223 4.73223
68 4.73223 4.73223
69 4.73223 4.73223
70 4.73223 4.73223
71 4.73223 4.73223
72 4.73223 4.73223
73 4.73223 4.73223
74 4.73223 4.73223
75 4.73223 4.73223
76 4.73223 4.73223
77 4.73223 4.73223
78 4.73223 4.73223
79 4.73223 4.73223
80 4.67677 4.7322
81 4.67677 4.73154
82 4.67677 4.72843
83 4.67677 4.72366
84 4.67677 4.71612
85 4.67677 4.70574
86 4.67677 4.69638
87 4.67677 4.6877
88 4.67677 4.67966
89 4.67677 4.67677
90 4.67677 4.67677
91 4.67677 4.67677
92 4.67677 4.67677
93 4.67677 4.67677
94 4.67677 4.67677
95 4.67677 4.67677
96 4.67677 4.67677
97 4.67677 4.67677
98 4.67677 4.67677
99 4.67677 4.67677
100 4.67677 4.67677
101 4.67677 4.67677
102 4.67677 4.67677
103 4.67677 4.67677
104 4.67677 4.67677
105 4.67677 4.67677
106 4.67677 4.67677
107 4.67677 4.67677
108 4.67677 4.67677
109 4.67677 4.67677
110 4.67677 4.67677
111 4.67677 4.67677
112 4.67677 4.67677
113 4.67677 4.67677
114 4.67677 4.67677
115 4.67677 4.67677
116 4.67677 4.67677
117 4.67677 4.67677
118 4.67677 4.67677
119 4.67677 4.67677
120 4.67677 4.67677
121 4.67677 4.67677
122 4.67677 4.67677
123 4.67677 4.67677
124 4.67677 4.67677
125 4.67677 4.67677
126 4.67677 4.67677
127 4.67677 4.67677
128 4.67677 4.67677
129 4.67677 4.67677
130 4.67677 4.67677
131 4.67677 4.67677
132 4.67677 4.67677
133 4.67677 4.67677
134 4.67677 4.67677
135 4.67677 4.67677
136 4.67677 4.67677
137 4.67677 4.67677
138 4.67677 4.67677
139 4.67677 4.67677
140 4.67677 4.67677
141 4.67677 4.67677
142 4.67677 4.67677
143 4.67677 4.67677
144 4.67677 4.67677
145 4.67677 4.67677
146 4.67677 4.67677
147 4.67677 4.67677
148 4.67677 4.67677
149 4.67677 4.67677
150 4.67677 4.67677
151 4.67677 4.67677
152 4.67677 4.67677
153 4.67677 4.67677
154 4.67677 4.67677
155 4.67677 4.67677
156 4.67677 4.67677
157 4.67677 4.67677
158 4.67677 4.67677
159 4.67677 4.67677
160 4.67677 4.67677
161 4.67677 4.67677
162 4.67677 4.67677
163 4.67677 4.67677
164 4.67677 4.67677
165 4.67677 4.67677
166 4.67677 4.67677
167 4.67677 4.67677
168 4.67677 4.67677
169 4.67677 4.67677
170 4.67677 4.67677
171 4.67677 4.67677
172 4.67677 4.67677
173 4.67677 4.67677
174 4.67677 4.67677
175 4.67677 4.67677
176 4.67677 4.67677
177 4.67677 4.67677
178 4.67677 4.67677
179 4.67677 4.67677
180 4.67677 4.67677
181 4.67677 4.67677
182 4.67677 4.67677
183 4.67677 4.67677
184 4.67677 4.67677
185 4.67677 4.67677
186 4.67677 4.67677
187 4.67677 4.67677
188 4.67677 4.67677
189 4.67677 4.67677
190 4.67677 4.67677
191 4.67677 4.67677
192 4.67677 4.67677
193 4.67677 4.67677
194 4.67677 4.67677
195 4.67677 4.67677
196 4.67677 4.67677
197 4.67677 4.67677
198 4.67677 4.67677
199 4.67677 4.67677
200 4.67677 4.67677
201 4.67677 4.67677
202 4.67677 4.67677
203 4.67677 4.67677
204 4.67677 4.67677
205 4.67677 4.67677
206 4.67677 4.67677
207 4.67677 4.67677
208 4.67677 4.67677
209 4.67677 4.67677
210 4.67677 4.67677
211 4.67677 4.67677
212 4.67677 4.67677
213 4.67677 4.67677
214 4.67677 4.67677
215 4.67677 4.67677
216 4.67677 4.67677
217 4.67677 4.67677
218 4.67677 4.67677
219 4.67677 4.67677
220 4.67677 4.67677
221 4.67677 4.67677
222 4.67677 4.67677
223 4.67677 4.67677
224 4.67677 4.67677
225 4.67677 4.67677
226 4.67677 4.67677
227 4.67677 4.67677
228 4.67677 4.67677
229 4.67677 4.67677
230 4.67677 4.67677
231 4.67677 4.67677
232 4.67677 4.67677
233 4.67677 4.67677
234 4.67677 4.67677
235 4.67677 4.67677
236 4.67677 4.67677
237 4.67677 4.67677
238 4.67677 4.67677
239 4.67677 4.67677
240 4.67677 4.67677
241 4.67677 4.67677
242 4.67677 4.67677
243 4.67677 4.67677
244 4.67677 4.67677
245 4.67677 4.67677
246 4.67677 4.67677
247 4.67677 4.67677
248 4.67677 4.67677
249 4.67677 4.67677
250 4.67677 4.67677
251 4.67677 4.67677
252 4.67677 4.67677
253 4.67677 4.67677
254 4.67677 4.67677
255 4.67677 4.67677
256 4.67677 4.67677
257 4.67677 4.67677
258 4.67677 4.67677
259 4.67677 4.67677
260 4.67677 4.67677
261 4.67677 4.67677
262 4.67677 4.67677
263 4.67677 4.67677
264 4.67677 4.67677
265 4.67677 4.67677
266 4.67677 4.67677
267 4.67677 4.67677
268 4.67677 4.67677
269 4.67677 4.67677
270 4.67677 4.67677
271 4.67677 4.67677
272 4.67677 4.67677
273 4.67677 4.67677
274 4.67677 4.67677
275 4.67677 4.67677
276 4.67677 4.67677
277 4.67677 4.67677
278 4.67677 4.67677
279 4.67677 4.67677
280 4.67677 4.67677
281 4.67677 4.67677
282 4.67677 4.67677
283 4.67677 4.67677
284 4.67677 4.67677
285 4.67677 4.67677
286 4.67677 4.67677
287 4.67677 4.67677
288 4.67677 4.67677
289 4.67677 4.67677
290 4.67677 4.67677
291 4.67677 4.67677
292 4.67677 4.67677
293 4.67677 4.67677
294 4.67677 4.67677
295 4.67677 4.67677
296 4.67677 4.67677
297 4.67677 4.67677
298 4.67677 4.67677
299 4.67677 4.67677
300 4.67677 4.67677
