1 1.53323 0
2 1.50154 0.0316928
3 1.49125 0.0209951
4 1.47849 0.0195735
5 1.48365 0.0160167
6 1.49251 0.0157937
7 1.49866 0.0146986
8 1.49633 0.0129411
9 1.50233 0.0128918
10 1.50774 0.0127388
11 1.507 0.0115463
12 1.50244 0.0114877
13 1.50002 0.010839
14 1.49515 0.0111569
15 1.49075 0.0112803
16 1.48979 0.0105953
17 1.49092 0.0100168
18 1.4928 0.00963016
19 1.4948 0.00932598
20 1.4934 0.00895887
21 1.49581 0.00885789
22 1.49387 0.00866565
23 1.49707 0.00887632
24 1.49597 0.00856996
25 1.49614 0.00822178
26 1.49395 0.00819689
27 1.49261 0.00799942
28 1.49302 0.00771891
29 1.49071 0.0077972
30 1.49146 0.00756998
31 1.4905 0.00738452
32 1.4927 0.00748318
33 1.49123 0.00740079
34 1.49185 0.00720606
35 1.49259 0.00703616
36 1.49095 0.00703179
37 1.49201 0.00692148
38 1.49353 0.00690681
39 1.49661 0.00739778
40 1.49515 0.00735761
41 1.494 0.00726705
42 1.49608 0.00738944
43 1.4941 0.00748086
44 1.4931 0.00737667
45 1.49119 0.00746041
46 1.48985 0.00741755
47 1.48953 0.00726541
48 1.49024 0.00714828
49 1.4909 0.00703206
50 1.49109 0.00689256
51 1.49122 0.00675733
52 1.49157 0.00663508
53 1.49392 0.00691993
54 1.49376 0.00679238
55 1.49418 0.00668095
56 1.49373 0.00657597
57 1.49332 0.00647239
58 1.49256 0.00640519
59 1.49361 0.00638208
60 1.49339 0.00627858
61 1.49289 0.00619537
62 1.49175 0.00620007
63 1.49123 0.0061233
64 1.49226 0.00611578
65 1.49162 0.0060551
66 1.49206 0.00597883
67 1.49207 0.00588892
68 1.49117 0.00587066
69 1.4897 0.00596866
70 1.49164 0.00619166
71 1.49181 0.00610623
72 1.49269 0.00608584
73 1.49308 0.00601403
74 1.49268 0.0059452
75 1.49231 0.00587717
76 1.49279 0.00581901
77 1.49272 0.00574334
78 1.49271 0.00566924
79 1.49369 0.00568088
80 1.49312 0.0056382
81 1.49339 0.00557462
82 1.49406 0.00554768
83 1.49456 0.00550334
84 1.49572 0.00555888
85 1.49626 0.00551992
86 1.49603 0.00546033
87 1.49629 0.0054035
88 1.49593 0.00535366
89 1.49539 0.0053207
90 1.49673 0.00542808
91 1.49687 0.00537001
92 1.49746 0.0053432
93 1.49789 0.00530287
94 1.49667 0.005386
95 1.49617 0.00535239
96 1.4957 0.00531643
97 1.4963 0.00529488
98 1.49679 0.00526389
99 1.49692 0.00521208
100 1.49607 0.00523046
101 1.49601 0.00517874
102 1.49597 0.00512788
103 1.49565 0.00508773
104 1.49609 0.00505778
105 1.49561 0.00503237
106 1.49554 0.00498517
107 1.497 0.00515041
108 1.49663 0.00511618
109 1.49603 0.00510455
110 1.49596 0.00505837
111 1.49654 0.00504623
112 1.49624 0.00501007
113 1.49794 0.00524933
114 1.4979 0.00520325
115 1.49757 0.00516862
116 1.49751 0.00512416
117 1.49714 0.00509375
118 1.49732 0.00505337
119 1.49695 0.00502399
120 1.49671 0.00498756
121 1.49652 0.00494995
122 1.49657 0.00490942
123 1.49761 0.0049792
124 1.49779 0.00494225
125 1.49709 0.00495161
126 1.49743 0.004924
127 1.49805 0.00492352
128 1.49863 0.00491981
129 1.4987 0.00488197
130 1.49843 0.00485165
131 1.49894 0.00484088
132 1.49919 0.00481041
133 1.50017 0.00487519
134 1.50012 0.00483896
135 1.50006 0.00480337
136 1.4996 0.00479022
137 1.49968 0.00475584
138 1.49926 0.00474027
139 1.49952 0.00471369
140 1.50012 0.00471765
141 1.49979 0.00469579
142 1.50086 0.00478509
143 1.50099 0.00475321
144 1.50122 0.00472587
145 1.50166 0.00471294
146 1.50172 0.00468095
147 1.50185 0.00465099
148 1.50225 0.00463664
149 1.50173 0.00463452
150 1.50205 0.00461458
151 1.50214 0.00458476
152 1.50177 0.00456978
153 1.50199 0.00454543
154 1.50118 0.00458859
155 1.50262 0.00478142
156 1.50246 0.00475343
157 1.50275 0.00473234
158 1.50274 0.00470231
159 1.50209 0.00471857
160 1.50241 0.0047
161 1.50245 0.00467093
162 1.5026 0.00464442
163 1.50269 0.00461658
164 1.50278 0.00458932
165 1.5027 0.00456204
166 1.50347 0.00459918
167 1.50299 0.00459703
168 1.50255 0.00459057
169 1.50283 0.00457176
170 1.50267 0.00454745
171 1.5027 0.00452084
172 1.5028 0.00449573
173 1.50318 0.00448556
174 1.50352 0.00447256
175 1.50372 0.00445131
176 1.50404 0.00443763
177 1.50396 0.00441321
178 1.50374 0.00439376
179 1.50421 0.00439465
180 1.50386 0.00438435
181 1.50379 0.00436056
182 1.50363 0.00433968
183 1.50384 0.00432098
184 1.50387 0.00429756
185 1.50352 0.00428856
186 1.50379 0.00427376
187 1.50383 0.00425108
188 1.50367 0.00423167
189 1.50347 0.00421368
190 1.50324 0.0041979
191 1.50266 0.00421555
192 1.50215 0.00422537
193 1.50181 0.00421703
194 1.50198 0.00419895
195 1.50219 0.00418238
196 1.50215 0.00416117
197 1.50225 0.00414107
198 1.5021 0.00412268
199 1.50243 0.00411492
200 1.5026 0.00409778
