20 2.32734e+06 0
40 2.66295e+06 335608
60 2.58916e+06 207336
80 2.44869e+06 203041
100 2.38519e+06 169611
120 2.35585e+06 141561
140 2.34082e+06 120582
160 2.28264e+06 119538
180 2.25073e+06 110146
200 2.2619e+06 99148.8
220 2.25633e+06 89856.3
240 2.26371e+06 82358.9
260 2.23274e+06 81844.6
280 2.22879e+06 75876.3
300 2.21811e+06 71440
320 2.20726e+06 67701
340 2.19546e+06 64680
360 2.1994e+06 61108.4
380 2.20652e+06 58239.1
400 2.1971e+06 56047.6
420 2.17016e+06 59733.4
440 2.15968e+06 57909.5
460 2.16566e+06 55657.2
480 2.15644e+06 54080.6
500 2.14958e+06 52323.1
520 2.14109e+06 50982.1
540 2.12992e+06 50312.8
560 2.13094e+06 48493.2
580 2.12669e+06 46983.8
600 2.15085e+06 51422.6
620 2.15897e+06 50394
640 2.16347e+06 49000.5
660 2.17304e+06 48448.5
680 2.17458e+06 47027
700 2.17409e+06 45666.3
720 2.16984e+06 44582.7
740 2.17121e+06 43382.8
760 2.16966e+06 42254.2
780 2.15843e+06 42662
800 2.15548e+06 41686.3
820 2.15867e+06 40782.2
840 2.15423e+06 40046.4
860 2.15004e+06 39328.1
880 2.14226e+06 39203.7
900 2.1357e+06 38880.7
920 2.12749e+06 38901.5
940 2.11882e+06 39038.8
960 2.11744e+06 38241.8
980 2.12112e+06 37633
1000 2.12577e+06 37165.4
