20 -5.9181e-22 0
40 -5.83838e-22 7.97193e-24
60 -5.90526e-22 8.11934e-24
80 -5.87225e-22 6.62267e-24
100 -5.78233e-22 1.0353e-23
120 -5.71129e-22 1.10415e-23
140 -5.63043e-22 1.23477e-23
160 -5.60051e-22 1.11042e-23
180 -5.55499e-22 1.07992e-23
200 -5.50358e-22 1.09418e-23
220 -5.5029e-22 9.89749e-24
240 -5.48872e-22 9.14574e-24
260 -5.52948e-22 9.34811e-24
280 -5.55726e-22 9.08974e-24
300 -5.59739e-22 9.36537e-24
320 -5.63567e-22 9.56012e-24
340 -5.67296e-22 9.72393e-24
360 -5.69062e-22 9.33633e-24
380 -5.70035e-22 8.88475e-24
400 -5.69787e-22 8.43246e-24
420 -5.69223e-22 8.04073e-24
440 -5.67483e-22 7.86143e-24
460 -5.65064e-22 7.89185e-24
480 -5.64109e-22 7.61592e-24
500 -5.6265e-22 7.44926e-24
520 -5.61365e-22 7.27142e-24
540 -5.60904e-22 7.01212e-24
560 -5.60684e-22 6.76062e-24
580 -5.63171e-22 6.98123e-24
600 -5.63779e-22 6.77188e-24
620 -5.67187e-22 7.38326e-24
640 -5.70638e-22 7.93822e-24
660 -5.73009e-22 8.05103e-24
680 -5.7534e-22 8.15099e-24
700 -5.76477e-22 7.99598e-24
720 -5.77027e-22 7.79011e-24
740 -5.76866e-22 7.57835e-24
760 -5.77029e-22 7.37805e-24
780 -5.78307e-22 7.29903e-24
800 -5.78966e-22 7.1447e-24
820 -5.78891e-22 6.96867e-24
840 -5.78981e-22 6.80132e-24
860 -5.7846e-22 6.6617e-24
880 -5.77829e-22 6.53904e-24
900 -5.76607e-22 6.50782e-24
920 -5.75452e-22 6.46875e-24
940 -5.74884e-22 6.35501e-24
960 -5.74964e-22 6.22171e-24
980 -5.75785e-22 6.14857e-24
1000 -5.77156e-22 6.17825e-24
