20 145.153 0
40 144.768 0.385078
60 145.091 0.39232
80 144.931 0.320072
100 144.497 0.50021
120 144.154 0.533492
140 143.763 0.596457
160 143.619 0.53637
180 143.399 0.521558
200 143.151 0.528326
220 143.148 0.477899
240 143.079 0.441573
260 143.276 0.451427
280 143.411 0.438985
300 143.605 0.452293
320 143.789 0.4617
340 143.969 0.469576
360 144.055 0.450845
380 144.102 0.429038
400 144.09 0.407196
420 144.063 0.388269
440 143.979 0.37958
460 143.862 0.381014
480 143.816 0.367675
500 143.746 0.359591
520 143.684 0.350972
540 143.662 0.338442
560 143.652 0.326298
580 143.772 0.337044
600 143.801 0.326959
620 143.966 0.356594
640 144.133 0.383505
660 144.248 0.389001
680 144.361 0.393863
700 144.416 0.386387
720 144.442 0.376449
740 144.435 0.366213
760 144.443 0.356536
780 144.504 0.35272
800 144.536 0.345258
820 144.533 0.336752
840 144.537 0.328665
860 144.512 0.321919
880 144.481 0.315995
900 144.422 0.314489
920 144.366 0.312597
940 144.339 0.307105
960 144.343 0.300663
980 144.382 0.297118
1000 144.448 0.298531
