50 0 0 0
50 0.064633 0 0
50 0.129266 0 0
50 0.193899 0 0
50 0.258532 0 0
50 0.323165 0 0
50 0.387798 0 0
50 0.452431 0 0
50 0.517064 0 0
50 0.581697 0 0
50 0.64633 0 0
50 0.710963 0 0
50 0.775596 0 0
50 0.84023 0 0
50 0.904863 0.164518 0.0215086
50 0.969496 0.879334 0.0642667
50 1.03413 1.61535 0.0852276
50 1.09876 1.79027 0.0749259
50 1.16339 1.62209 0.066385
50 1.22803 1.36617 0.0524179
50 1.29266 1.36186 0.0603195
50 1.35729 1.24168 0.0521169
50 1.42193 1.20622 0.0565226
50 1.48656 1.20221 0.0435551
50 1.55119 1.17045 0.0468042
50 1.61583 1.07308 0.0363863
50 1.68046 1.07445 0.0384619
50 1.74509 0.993118 0.0321081
50 1.80973 0.940646 0.0307833
50 1.87436 1.03361 0.0385809
50 1.93899 1.00802 0.037682
50 2.00362 0.966047 0.0361855
50 2.06826 0.973447 0.0283254
50 2.13289 0.958901 0.0276164
50 2.19752 0.989224 0.0258293
50 2.26216 0.992312 0.0242857
50 2.32679 1.0293 0.0283439
50 2.39142 1.03064 0.0295276
50 2.45606 1.03104 0.0253557
50 2.52069 1.04806 0.0245108
50 2.58532 0.991023 0.0279396
50 2.64995 0.996952 0.0186847
50 2.71459 0.992953 0.0212744
50 2.77922 1.04508 0.0223594
50 2.84385 0.997266 0.0230898
50 2.90849 0.991138 0.019598
50 2.97312 1.01702 0.0227113
50 3.03775 0.989211 0.0215701
50 3.10239 0.974828 0.0217583
50 3.16702 1.03073 0.023808
50 3.23165 1.02567 0.0254528
50 3.29629 1.04462 0.0255301
50 3.36092 0.984775 0.018919
50 3.42555 0.990599 0.0245004
50 3.49018 0.947856 0.0207579
50 3.55482 0.95104 0.0163744
50 3.61945 0.99191 0.0195606
50 3.68408 1.03031 0.0197351
50 3.74872 1.01877 0.0176448
50 3.81335 0.993322 0.0175112
50 3.87798 1.02243 0.0157021
50 3.94262 1.02515 0.0166368
50 4.00725 1.01854 0.018933
50 4.07188 1.02946 0.0184208
50 4.13651 1.01151 0.0184464
50 4.20115 1.0033 0.0185257
50 4.26578 1.00379 0.0174423
50 4.33041 1.01814 0.0188363
50 4.39505 0.997745 0.0158808
50 4.45968 0.993715 0.017344
50 4.52431 0.986391 0.0127553
50 4.58895 0.973897 0.0139947
50 4.65358 0.946116 0.0119427
50 4.71821 0.991753 0.0131387
50 4.78285 1.03583 0.011267
50 4.84748 1.0068 0.0138208
50 4.91211 0.986728 0.0135852
50 4.97674 1.0178 0.0135681
50 5.04138 0.999656 0.0143106
50 5.10601 1.02192 0.0125237
50 5.17064 0.997851 0.0154033
50 5.23528 0.970786 0.0127164
50 5.29991 0.97081 0.0160087
50 5.36454 0.985491 0.0134626
50 5.42918 0.984701 0.0128602
50 5.49381 0.992472 0.0119564
50 5.55844 1.03439 0.010897
50 5.62307 1.03868 0.0105895
50 5.68771 1.04195 0.0143079
50 5.75234 1.0105 0.0128237
50 5.81697 1.00716 0.0120506
50 5.88161 1.00819 0.0104694
50 5.94624 1.01493 0.0103061
50 6.01087 0.998158 0.0112088
50 6.07551 0.997766 0.0106928
50 6.14014 0.97838 0.0110028
50 6.20477 0.97646 0.0108278
50 6.2694 0.963985 0.00924602
50 6.33404 0.980705 0.0118069
50 6.39867 0.986209 0.010002
