20 3.00607e-21 0
40 2.9981e-21 7.97487e-24
60 3.00479e-21 8.12483e-24
80 3.00149e-21 6.6286e-24
100 2.99249e-21 1.03592e-23
120 2.98538e-21 1.10485e-23
140 2.97729e-21 1.23525e-23
160 2.9743e-21 1.11081e-23
180 2.96975e-21 1.08013e-23
200 2.96462e-21 1.09415e-23
220 2.96455e-21 9.89716e-24
240 2.96314e-21 9.14485e-24
260 2.96722e-21 9.34893e-24
280 2.97e-21 9.09126e-24
300 2.97401e-21 9.36687e-24
320 2.97784e-21 9.56168e-24
340 2.98157e-21 9.72479e-24
360 2.98333e-21 9.33688e-24
380 2.98431e-21 8.88526e-24
400 2.98406e-21 8.43292e-24
420 2.9835e-21 8.04094e-24
440 2.98176e-21 7.861e-24
460 2.97934e-21 7.89069e-24
480 2.97839e-21 7.61445e-24
500 2.97694e-21 7.44704e-24
520 2.97566e-21 7.26854e-24
540 2.9752e-21 7.00905e-24
560 2.97498e-21 6.75754e-24
580 2.97747e-21 6.98008e-24
600 2.97809e-21 6.77124e-24
620 2.9815e-21 7.38496e-24
640 2.98496e-21 7.94227e-24
660 2.98733e-21 8.05611e-24
680 2.98967e-21 8.15679e-24
700 2.99081e-21 8.00197e-24
720 2.99136e-21 7.79616e-24
740 2.9912e-21 7.58418e-24
760 2.99137e-21 7.38376e-24
780 2.99265e-21 7.30474e-24
800 2.99331e-21 7.1502e-24
820 2.99323e-21 6.97405e-24
840 2.99332e-21 6.80657e-24
860 2.9928e-21 6.66686e-24
880 2.99217e-21 6.54418e-24
900 2.99094e-21 6.51298e-24
920 2.98979e-21 6.4738e-24
940 2.98922e-21 6.36005e-24
960 2.9893e-21 6.22665e-24
980 2.99012e-21 6.15324e-24
1000 2.99149e-21 6.18249e-24
