144.27
144.605
144.977
145.368
145.76
146.132
146.466
146.74
146.932
147.014
146.961
146.744
146.338
145.737
144.962
144.08
143.212
142.513
142.125
142.117
142.461
143.048
143.746
144.437
145.042
145.521
145.863
146.073
146.165
146.148
146.023
145.779
145.405
144.89
144.249
143.531
142.834
142.288
142.024
142.124
142.588
143.335
144.235
145.152
145.978
146.643
147.12
147.411
147.536
147.524
147.404
147.198
146.923
146.583
146.179
145.707
145.17
144.588
144.002
143.474
143.078
142.875
142.888
143.096
143.435
143.832
144.218
144.551
144.807
144.986
145.098
145.158
145.182
145.184
145.174
145.158
145.137
145.109
145.069
145.01
144.925
144.805
144.646
144.444
144.199
143.914
143.597
143.257
142.905
142.55
142.204
141.879
141.596
141.379
141.254
141.235
141.32
141.484
141.689
141.896
142.074
142.206
142.29
142.331
142.342
142.334
142.318
142.303
142.297
142.305
142.332
142.381
142.45
142.533
142.62
142.697
142.75
142.768
142.743
142.675
142.57
142.441
142.305
142.177
142.069
141.981
141.907
141.836
141.752
141.644
141.505
141.335
141.142
140.936
140.733
140.553
140.414
140.337
140.339
140.43
140.609
140.864
141.171
141.503
141.834
142.142
142.413
142.642
142.828
142.974
143.085
143.168
143.229
143.276
143.314
143.347
143.38
143.415
143.454
143.499
143.548
143.601
143.655
143.704
143.743
143.762
143.748
143.681
143.538
143.287
142.888
142.307
141.519
140.544
139.467
138.46
137.742
137.488
137.744
138.402
139.27
140.151
140.895
141.421
141.704
141.769
141.674
141.486
141.265
141.05
140.854
140.673
140.51
140.381
140.32
140.366
140.549
140.875
141.321
141.844
142.391
142.915
143.377
143.756
144.039
144.224
144.313
144.31
144.216
144.034
143.772
143.444
143.076
142.707
142.38
142.128
141.962
141.859
141.775
141.656
141.453
141.14
140.745
140.354
140.107
140.134
140.471
141.037
141.677
142.25
142.681
142.969
143.159
143.312
143.485
143.708
143.986
144.304
144.637
144.956
145.241
145.478
145.662
145.793
145.876
145.916
145.923
145.903
145.863
145.812
145.754
145.694
145.637
145.584
145.535
145.493
145.455
145.422
145.393
145.37
145.351
145.339
145.333
145.332
145.334
145.332
145.318
145.283
145.22
145.129
145.021
144.92
144.862
144.874
144.961
145.094
145.211
145.239
145.123
144.854
144.492
144.155
143.983
144.063
144.391
144.881
145.425
145.939
146.384
146.751
147.046
147.28
147.461
147.596
147.691
147.752
147.783
147.788
147.768
147.725
147.66
147.578
147.485
147.388
147.293
147.202
147.117
147.033
146.943
146.839
146.712
146.557
146.372
146.162
145.934
145.703
145.492
145.324
145.227
145.22
145.312
145.496
145.75
146.043
146.347
146.635
146.891
147.105
147.275
147.402
147.488
147.536
147.547
147.523
147.463
147.368
147.237
147.07
146.87
146.643
146.4
146.158
145.943
145.781
145.695
145.693
145.766
145.885
146.003
146.073
146.052
145.912
145.653
145.302
144.919
144.587
144.387
144.376
144.564
144.912
145.351
145.805
146.207
146.506
146.677
146.714
146.628
146.446
146.204
145.931
145.642
145.334
144.986
144.568
144.065
143.481
142.855
142.258
141.781
141.511
141.497
141.733
142.156
142.681
143.22
143.711
144.116
144.422
144.629
144.748
144.792
144.777
144.718
144.628
144.52
144.403
144.286
144.173
144.07
143.978
143.899
143.832
143.777
143.733
143.698
143.67
143.648
143.63
143.614
143.597
143.579
143.556
143.526
143.486
143.433
143.364
143.276
143.166
143.036
142.886
142.722
142.555
142.397
142.263
142.167
142.119
142.118
142.159
142.224
142.295
142.352
142.378
142.366
142.313
142.227
142.121
142.013
141.918
141.847
141.797
141.757
141.705
141.617
141.477
141.278
141.036
140.787
140.584
140.479
140.507
140.668
140.924
141.218
141.487
141.685
141.79
141.805
141.756
141.686
141.645
141.673
141.791
141.993
142.246
142.503
142.72
142.863
142.916
142.886
142.796
142.685
142.601
142.583
142.655
142.816
143.041
143.294
143.535
143.731
143.857
143.895
143.836
143.672
143.405
143.044
142.614
142.159
141.741
141.427
141.269
141.277
141.419
141.623
141.812
141.913
141.877
141.681
141.329
140.859
140.342
139.876
139.566
139.484
139.652
140.031
140.552
141.138
141.726
142.27
142.743
143.131
143.43
143.641
143.769
143.822
143.808
143.736
143.619
143.47
143.305
143.144
143.005
142.904
142.85
142.844
142.878
142.937
143.003
143.06
143.096
143.107
143.095
143.071
143.051
143.053
143.091
143.173
143.3
143.463
143.646
143.832
144.003
144.144
144.245
144.298
144.298
144.241
144.126
143.952
143.722
143.442
143.127
142.8
142.498
142.263
142.139
142.16
142.338
142.663
143.103
143.623
144.183
144.755
145.315
145.85
146.35
146.809
147.226
147.597
147.922
148.198
148.421
148.587
148.688
148.714
148.653
148.492
148.222
147.839
147.356
146.806
146.242
145.735
145.343
145.096
144.977
144.937
144.913
144.86
144.753
144.598
144.413
144.222
144.041
143.878
143.733
143.613
143.551
143.612
143.882
144.425
145.236
146.229
147.27
148.228
149.015
149.594
149.967
150.162
150.221
150.193
150.12
150.035
149.955
149.879
149.798
149.698
149.567
149.4
149.203
148.988
148.776
148.594
148.473
148.438
148.507
148.68
148.942
149.258
149.587
149.887
150.122
150.263
150.295
150.214
150.029
149.762
149.443
149.109
148.79
148.504
148.251
148.022
147.805
147.597
147.408
147.263
147.185
147.196
147.299
147.482
147.715
147.961
148.183
148.351
148.448
148.476
148.453
148.407
148.37
148.369
148.411
148.492
148.592
148.692
148.773
148.823
148.837
148.814
148.754
148.656
148.516
148.332
148.097
147.813
147.481
147.112
146.724
146.339
145.985
145.689
145.474
145.35
145.321
145.378
145.506
145.685
145.897
146.122
146.345
146.55
146.728
146.869
146.97
147.029
147.048
147.032
146.988
146.924
146.848
146.766
146.683
146.6
146.516
146.428
146.329
146.215
146.078
145.913
145.714
145.481
145.216
144.927
144.63
144.348
144.109
143.939
143.855
143.859
143.935
144.052
144.178
144.282
144.34
144.342
144.287
144.183
144.046
143.897
143.759
143.657
143.613
143.642
143.748
143.925
144.157
144.417
144.677
144.909
145.089
145.2
145.23
145.178
145.051
144.863
144.639
144.406
144.199
144.045
143.966
143.97
144.053
144.2
144.394
144.616
144.854
145.102
145.353
145.607
145.86
146.109
146.348
146.573
146.779
146.962
147.121
147.253
147.356
147.43
147.472
147.48
147.45
147.376
147.255
147.081
146.85
146.564
146.228
145.856
145.476
145.121
144.833
144.646
144.583
144.643
144.808
145.046
145.321
145.603
145.869
146.104
146.302
146.458
146.573
146.646
146.68
146.676
146.633
146.555
146.442
146.297
146.123
145.924
145.705
145.473
145.235
144.999
144.772
144.557
144.359
144.177
144.009
143.851
143.695
143.535
143.364
143.181
142.99
142.806
142.652
142.562
142.569
142.694
142.94
143.284
143.691
144.119
144.53
144.898
145.208
145.456
145.644
145.778
145.864
145.909
145.92
145.901
145.855
145.784
145.687
145.563
145.409
145.223
145.002
144.744
144.45
144.127
143.783
143.435
143.103
142.806
142.564
142.389
142.283
142.24
142.248
142.293
142.366
142.459
142.569
142.694
142.83
142.973
143.116
143.248
143.36
143.447
143.501
143.522
143.51
143.468
143.402
143.318
143.225
143.131
143.043
142.968
142.91
142.869
142.844
142.83
142.82
142.808
142.785
142.744
142.681
142.592
142.475
142.331
142.16
141.966
141.752
141.523
141.286
141.05
140.827
140.632
140.478
140.381
140.347
140.378
140.467
140.602
140.771
140.96
141.161
141.367
141.572
141.774
141.968
142.149
142.313
142.456
142.577
142.672
142.742
142.786
142.806
142.804
142.783
142.747
142.703
142.657
142.616
142.588
142.579
142.593
142.632
142.697
142.783
142.888
143.005
143.132
143.265
143.402
143.544
143.689
143.839
143.994
144.153
144.316
144.48
144.642
144.798
144.943
145.071
145.177
145.253
145.294
145.293
145.244
145.143
144.984
144.763
144.477
144.127
143.722
143.29
142.879
142.56
142.408
142.479
142.791
143.309
143.966
144.68
145.377
146.007
146.545
146.984
147.332
147.605
147.819
147.992
148.135
148.259
148.368
148.466
148.551
148.624
148.679
148.713
148.72
148.692
148.62
148.493
148.303
148.045
147.726
147.371
147.022
146.737
146.571
146.553
146.673
146.888
147.143
147.392
147.615
147.815
