-5.73529e-22
-5.80459e-22
-5.88168e-22
-5.9627e-22
-6.04381e-22
-6.1211e-22
-6.19015e-22
-6.24695e-22
-6.28647e-22
-6.30374e-22
-6.29267e-22
-6.24762e-22
-6.16365e-22
-6.03905e-22
-5.87849e-22
-5.69587e-22
-5.51628e-22
-5.37148e-22
-5.29098e-22
-5.28935e-22
-5.36046e-22
-5.48215e-22
-5.62676e-22
-5.76991e-22
-5.89522e-22
-5.99443e-22
-6.06512e-22
-6.10877e-22
-6.12797e-22
-6.12454e-22
-6.09835e-22
-6.04796e-22
-5.9704e-22
-5.86395e-22
-5.73123e-22
-5.58236e-22
-5.43799e-22
-5.32487e-22
-5.27009e-22
-5.29062e-22
-5.38675e-22
-5.54142e-22
-5.72794e-22
-5.91791e-22
-6.08887e-22
-6.22665e-22
-6.32555e-22
-6.38569e-22
-6.41164e-22
-6.40913e-22
-6.38414e-22
-6.34154e-22
-6.28448e-22
-6.21417e-22
-6.13042e-22
-6.03262e-22
-5.92155e-22
-5.80093e-22
-5.67933e-22
-5.57007e-22
-5.48807e-22
-5.44624e-22
-5.44921e-22
-5.49218e-22
-5.56248e-22
-5.64468e-22
-5.72485e-22
-5.79349e-22
-5.84648e-22
-5.88374e-22
-5.9069e-22
-5.91938e-22
-5.9244e-22
-5.92479e-22
-5.92278e-22
-5.91956e-22
-5.91529e-22
-5.90947e-22
-5.9013e-22
-5.88903e-22
-5.87124e-22
-5.84636e-22
-5.81346e-22
-5.77156e-22
-5.72081e-22
-5.66184e-22
-5.59629e-22
-5.52583e-22
-5.45282e-22
-5.3794e-22
-5.30771e-22
-5.24039e-22
-5.18166e-22
-5.13673e-22
-5.11077e-22
-5.10704e-22
-5.12462e-22
-5.15868e-22
-5.20118e-22
-5.24397e-22
-5.28086e-22
-5.3083e-22
-5.32573e-22
-5.33445e-22
-5.33663e-22
-5.33494e-22
-5.33149e-22
-5.32834e-22
-5.32688e-22
-5.3284e-22
-5.33423e-22
-5.34424e-22
-5.35849e-22
-5.37583e-22
-5.39385e-22
-5.40978e-22
-5.42083e-22
-5.42454e-22
-5.41942e-22
-5.40525e-22
-5.38343e-22
-5.35686e-22
-5.32867e-22
-5.30221e-22
-5.27962e-22
-5.26128e-22
-5.246e-22
-5.23112e-22
-5.2138e-22
-5.19138e-22
-5.1626e-22
-5.12751e-22
-5.08733e-22
-5.04483e-22
-5.00306e-22
-4.96562e-22
-4.937e-22
-4.92118e-22
-4.92159e-22
-4.94028e-22
-4.97741e-22
-5.02999e-22
-5.09356e-22
-5.16238e-22
-5.23076e-22
-5.2945e-22
-5.35074e-22
-5.39818e-22
-5.43664e-22
-5.46687e-22
-5.48989e-22
-5.50718e-22
-5.51992e-22
-5.52976e-22
-5.53759e-22
-5.54431e-22
-5.55113e-22
-5.5583e-22
-5.56637e-22
-5.5756e-22
-5.58584e-22
-5.5967e-22
-5.60775e-22
-5.61799e-22
-5.6261e-22
-5.63011e-22
-5.62714e-22
-5.61347e-22
-5.5839e-22
-5.53169e-22
-5.44909e-22
-5.32863e-22
-5.16562e-22
-4.96362e-22
-4.74051e-22
-4.53183e-22
-4.38296e-22
-4.33049e-22
-4.38344e-22
-4.5199e-22
-4.69967e-22
-4.88194e-22
-5.03607e-22
-5.14483e-22
-5.20345e-22
-5.21687e-22
-5.19717e-22
-5.15815e-22
-5.11251e-22
-5.06809e-22
-5.02732e-22
-4.98986e-22
-4.95616e-22
-4.92945e-22
-4.91687e-22
-4.92648e-22
-4.96444e-22
-5.03212e-22
-5.12452e-22
-5.23257e-22
-5.34592e-22
-5.45431e-22
-5.55017e-22
-5.62858e-22
-5.68718e-22
-5.72555e-22
-5.74391e-22
-5.74305e-22
-5.72367e-22
-5.68622e-22
-5.63193e-22
-5.56378e-22
-5.48754e-22
-5.41105e-22
-5.34346e-22
-5.29134e-22
-5.25674e-22
-5.23542e-22
-5.21817e-22
-5.19353e-22
-5.15144e-22
-5.08683e-22
-5.00481e-22
-4.924e-22
-4.87291e-22
-4.87829e-22
-4.94806e-22
-5.06524e-22
-5.19779e-22
-5.31648e-22
-5.40584e-22
-5.4653e-22
-5.50463e-22
-5.53644e-22
-5.57219e-22
-5.6184e-22
-5.67608e-22
-5.7421e-22
-5.81084e-22
-5.87691e-22
-5.93586e-22
-5.98493e-22
-6.02319e-22
-6.05031e-22
-6.06731e-22
-6.07582e-22
-6.07713e-22
-6.07283e-22
-6.06478e-22
-6.05399e-22
-6.04197e-22
-6.02969e-22
-6.0177e-22
-6.00673e-22
-5.99687e-22
-5.98802e-22
-5.98033e-22
-5.9735e-22
-5.96752e-22
-5.96261e-22
-5.95882e-22
-5.95641e-22
-5.95517e-22
-5.95505e-22
-5.95527e-22
-5.95472e-22
-5.95191e-22
-5.9448e-22
-5.93165e-22
-5.91271e-22
-5.89018e-22
-5.8693e-22
-5.85732e-22
-5.8598e-22
-5.87789e-22
-5.90533e-22
-5.92957e-22
-5.93566e-22
-5.91174e-22
-5.85606e-22
-5.78091e-22
-5.71129e-22
-5.67552e-22
-5.69218e-22
-5.76018e-22
-5.86177e-22
-5.97441e-22
-6.08086e-22
-6.17295e-22
-6.24892e-22
-6.31013e-22
-6.35853e-22
-6.39595e-22
-6.4238e-22
-6.44349e-22
-6.45622e-22
-6.46276e-22
-6.46366e-22
-6.45961e-22
-6.45072e-22
-6.43728e-22
-6.42022e-22
-6.40089e-22
-6.38071e-22
-6.36102e-22
-6.34239e-22
-6.32474e-22
-6.30735e-22
-6.28861e-22
-6.26693e-22
-6.24057e-22
-6.20874e-22
-6.17065e-22
-6.12704e-22
-6.07985e-22
-6.03197e-22
-5.98805e-22
-5.95338e-22
-5.93326e-22
-5.93207e-22
-5.95114e-22
-5.98919e-22
-6.04174e-22
-6.10258e-22
-6.16535e-22
-6.22489e-22
-6.27823e-22
-6.3227e-22
-6.35795e-22
-6.38416e-22
-6.40204e-22
-6.4119e-22
-6.4141e-22
-6.40904e-22
-6.39669e-22
-6.37693e-22
-6.34996e-22
-6.31533e-22
-6.27384e-22
-6.22683e-22
-6.17654e-22
-6.12664e-22
-6.08211e-22
-6.04868e-22
-6.03051e-22
-6.03012e-22
-6.04529e-22
-6.06977e-22
-6.09435e-22
-6.1089e-22
-6.10454e-22
-6.07571e-22
-6.02188e-22
-5.9492e-22
-5.86982e-22
-5.80102e-22
-5.75961e-22
-5.75737e-22
-5.79623e-22
-5.86827e-22
-5.95941e-22
-6.05336e-22
-6.13652e-22
-6.19854e-22
-6.23394e-22
-6.24137e-22
-6.22353e-22
-6.18601e-22
-6.13579e-22
-6.07925e-22
-6.01941e-22
-5.95567e-22
-5.88335e-22
-5.79689e-22
-5.69254e-22
-5.57168e-22
-5.44201e-22
-5.31832e-22
-5.2195e-22
-5.16355e-22
-5.16072e-22
-5.20956e-22
-5.29735e-22
-5.40592e-22
-5.51761e-22
-5.61925e-22
-5.70326e-22
-5.76656e-22
-5.80941e-22
-5.83396e-22
-5.84323e-22
-5.84006e-22
-5.82776e-22
-5.80925e-22
-5.7869e-22
-5.76272e-22
-5.73834e-22
-5.71497e-22
-5.69339e-22
-5.67436e-22
-5.65801e-22
-5.64417e-22
-5.6327e-22
-5.62336e-22
-5.61607e-22
-5.61038e-22
-5.60578e-22
-5.60197e-22
-5.59864e-22
-5.59522e-22
-5.59128e-22
-5.58666e-22
-5.58045e-22
-5.57214e-22
-5.56108e-22
-5.54674e-22
-5.52854e-22
-5.50575e-22
-5.47868e-22
-5.44771e-22
-5.41387e-22
-5.3793e-22
-5.34657e-22
-5.31877e-22
-5.29893e-22
-5.28885e-22
-5.2887e-22
-5.29703e-22
-5.31054e-22
-5.32535e-22
-5.33703e-22
-5.34268e-22
-5.34036e-22
-5.32957e-22
-5.31173e-22
-5.28988e-22
-5.26745e-22
-5.24778e-22
-5.23304e-22
-5.22269e-22
-5.21414e-22
-5.20339e-22
-5.18522e-22
-5.15613e-22
-5.11486e-22
-5.06459e-22
-5.01304e-22
-4.97089e-22
-4.94936e-22
-4.95542e-22
-4.98861e-22
-5.04177e-22
-5.10249e-22
-5.15817e-22
-5.19934e-22
-5.22119e-22
-5.22437e-22
-5.2142e-22
-5.1995e-22
-5.19087e-22
-5.19659e-22
-5.22107e-22
-5.263e-22
-5.31529e-22
-5.36864e-22
-5.41361e-22
-5.44309e-22
-5.45408e-22
-5.44768e-22
-5.42911e-22
-5.40634e-22
-5.38885e-22
-5.38498e-22
-5.3999e-22
-5.43303e-22
-5.47983e-22
-5.53221e-22
-5.58218e-22
-5.62279e-22
-5.64884e-22
-5.65657e-22
-5.64408e-22
-5.61016e-22
-5.55475e-22
-5.48017e-22
-5.39101e-22
-5.29681e-22
-5.21016e-22
-5.14527e-22
-5.11257e-22
-5.11444e-22
-5.14386e-22
-5.18609e-22
-5.22503e-22
-5.24594e-22
-5.23841e-22
-5.19775e-22
-5.12483e-22
-5.02741e-22
-4.9203e-22
-4.82381e-22
-4.75949e-22
-4.74263e-22
-4.77718e-22
-4.85591e-22
-4.96379e-22
-5.08533e-22
-5.2071e-22
-5.31971e-22
-5.4177e-22
-5.49809e-22
-5.56001e-22
-5.60364e-22
-5.63025e-22
-5.64117e-22
-5.63824e-22
-5.62342e-22
-5.59917e-22
-5.56816e-22
-5.53422e-22
-5.5007e-22
-5.47187e-22
-5.45062e-22
-5.43948e-22
-5.43817e-22
-5.44521e-22
-5.45744e-22
-5.47125e-22
-5.48301e-22
-5.49059e-22
-5.4927e-22
-5.49023e-22
-5.48552e-22
-5.48146e-22
-5.48192e-22
-5.48981e-22
-5.50689e-22
-5.5333e-22
-5.56694e-22
-5.60476e-22
-5.64308e-22
-5.67853e-22
-5.70781e-22
-5.72883e-22
-5.7398e-22
-5.73978e-22
-5.7279e-22
-5.70413e-22
-5.66818e-22
-5.62057e-22
-5.56257e-22
-5.49734e-22
-5.42971e-22
-5.36703e-22
-5.31822e-22
-5.29256e-22
-5.29698e-22
-5.33378e-22
-5.40091e-22
-5.49212e-22
-5.5997e-22
-5.71594e-22
-5.8342e-22
-5.95012e-22
-6.06089e-22
-6.1642e-22
-6.25935e-22
-6.34574e-22
-6.42268e-22
-6.49003e-22
-6.54699e-22
-6.59333e-22
-6.62771e-22
-6.64859e-22
-6.65381e-22
-6.64121e-22
-6.60795e-22
-6.552e-22
-6.47265e-22
-6.37256e-22
-6.2585e-22
-6.14178e-22
-6.03671e-22
-5.95556e-22
-5.90433e-22
-5.87976e-22
-5.8714e-22
-5.86652e-22
-5.85543e-22
-5.83339e-22
-5.80123e-22
-5.76307e-22
-5.72336e-22
-5.68593e-22
-5.65219e-22
-5.62208e-22
-5.59742e-22
-5.58468e-22
-5.5972e-22
-5.65314e-22
-5.76543e-22
-5.93334e-22
-6.13912e-22
-6.35456e-22
-6.55292e-22
-6.71611e-22
-6.83612e-22
-6.9132e-22
-6.9534e-22
-6.96574e-22
-6.95992e-22
-6.94482e-22
-6.92727e-22
-6.91064e-22
-6.89491e-22
-6.87821e-22
-6.8574e-22
-6.83016e-22
-6.79575e-22
-6.75485e-22
-6.71013e-22
-6.66609e-22
-6.62865e-22
-6.60346e-22
-6.59608e-22
-6.6102e-22
-6.64624e-22
-6.70042e-22
-6.76582e-22
-6.83401e-22
-6.89624e-22
-6.94471e-22
-6.97383e-22
-6.9806e-22
-6.96383e-22
-6.92567e-22
-6.87018e-22
-6.80413e-22
-6.73489e-22
-6.66884e-22
-6.60962e-22
-6.55731e-22
-6.50997e-22
-6.46517e-22
-6.4221e-22
-6.38306e-22
-6.35307e-22
-6.33704e-22
-6.33931e-22
-6.36077e-22
-6.39864e-22
-6.44687e-22
-6.49783e-22
-6.54373e-22
-6.57841e-22
-6.59856e-22
-6.60436e-22
-6.59947e-22
-6.59002e-22
-6.58259e-22
-6.58216e-22
-6.59081e-22
-6.60752e-22
-6.62844e-22
-6.64906e-22
-6.66582e-22
-6.67623e-22
-6.67898e-22
-6.67428e-22
-6.66196e-22
-6.64169e-22
-6.61281e-22
-6.57457e-22
-6.52611e-22
-6.46726e-22
-6.39861e-22
-6.32218e-22
-6.24176e-22
-6.16201e-22
-6.08879e-22
-6.02749e-22
-5.98268e-22
-5.95717e-22
-5.95122e-22
-5.96314e-22
-5.98965e-22
-6.02681e-22
-6.07045e-22
-6.11715e-22
-6.16321e-22
-6.20582e-22
-6.24258e-22
-6.27188e-22
-6.29297e-22
-6.30505e-22
-6.30908e-22
-6.30572e-22
-6.29641e-22
-6.2831e-22
-6.2674e-22
-6.25049e-22
-6.23326e-22
-6.21598e-22
-6.1986e-22
-6.18006e-22
-6.15968e-22
-6.13602e-22
-6.10761e-22
-6.07341e-22
-6.03256e-22
-5.9843e-22
-5.92923e-22
-5.86929e-22
-5.80786e-22
-5.74956e-22
-5.70015e-22
-5.66489e-22
-5.6476e-22
-5.64838e-22
-5.66388e-22
-5.68836e-22
-5.71449e-22
-5.73576e-22
-5.74791e-22
-5.74833e-22
-5.73699e-22
-5.7156e-22
-5.68735e-22
-5.6562e-22
-5.62762e-22
-5.60642e-22
-5.59715e-22
-5.60316e-22
-5.62519e-22
-5.66192e-22
-5.71e-22
-5.76394e-22
-5.8178e-22
-5.86584e-22
-5.90316e-22
-5.92607e-22
-5.93249e-22
-5.92186e-22
-5.89561e-22
-5.85673e-22
-5.81013e-22
-5.76202e-22
-5.71903e-22
-5.6871e-22
-5.67062e-22
-5.67137e-22
-5.68867e-22
-5.71923e-22
-5.75926e-22
-5.80534e-22
-5.85472e-22
-5.90585e-22
-5.95829e-22
-6.01086e-22
-6.06337e-22
-6.11496e-22
-6.16437e-22
-6.21091e-22
-6.25362e-22
-6.29155e-22
-6.32424e-22
-6.35155e-22
-6.37276e-22
-6.38812e-22
-6.39698e-22
-6.39872e-22
-6.39239e-22
-6.37743e-22
-6.35219e-22
-6.31603e-22
-6.26849e-22
-6.20924e-22
-6.13956e-22
-6.06276e-22
-5.98401e-22
-5.9106e-22
-5.85093e-22
-5.81245e-22
-5.79918e-22
-5.81186e-22
-5.84609e-22
-5.89539e-22
-5.95246e-22
-6.01085e-22
-6.06588e-22
-6.11454e-22
-6.15552e-22
-6.18782e-22
-6.21173e-22
-6.22696e-22
-6.23394e-22
-6.23293e-22
-6.22422e-22
-6.20801e-22
-6.18465e-22
-6.15471e-22
-6.1186e-22
-6.07739e-22
-6.03206e-22
-5.98401e-22
-5.93473e-22
-5.88601e-22
-5.83888e-22
-5.7945e-22
-5.75339e-22
-5.71552e-22
-5.68085e-22
-5.6481e-22
-5.6158e-22
-5.58268e-22
-5.54719e-22
-5.50922e-22
-5.46966e-22
-5.43133e-22
-5.39952e-22
-5.38103e-22
-5.38233e-22
-5.40822e-22
-5.459e-22
-5.53057e-22
-5.61491e-22
-5.70351e-22
-5.78866e-22
-5.86484e-22
-5.9291e-22
-5.98042e-22
-6.0194e-22
-6.04694e-22
-6.0648e-22
-6.07422e-22
-6.0766e-22
-6.07258e-22
-6.06302e-22
-6.04818e-22
-6.02808e-22
-6.0025e-22
-5.97068e-22
-5.93218e-22
-5.88642e-22
-5.83286e-22
-5.77223e-22
-5.70539e-22
-5.63429e-22
-5.56218e-22
-5.49326e-22
-5.43186e-22
-5.38184e-22
-5.34555e-22
-5.3234e-22
-5.31439e-22
-5.31592e-22
-5.32531e-22
-5.34043e-22
-5.3598e-22
-5.38253e-22
-5.40835e-22
-5.4367e-22
-5.4663e-22
-5.49577e-22
-5.52312e-22
-5.54646e-22
-5.56435e-22
-5.57569e-22
-5.57999e-22
-5.57762e-22
-5.5691e-22
-5.55547e-22
-5.53813e-22
-5.51882e-22
-5.4993e-22
-5.48111e-22
-5.46544e-22
-5.45341e-22
-5.44495e-22
-5.43982e-22
-5.43713e-22
-5.43513e-22
-5.43244e-22
-5.42762e-22
-5.41925e-22
-5.40604e-22
-5.38762e-22
-5.36358e-22
-5.3335e-22
-5.2982e-22
-5.25788e-22
-5.21352e-22
-5.16613e-22
-5.11709e-22
-5.06828e-22
-5.02212e-22
-4.98158e-22
-4.94971e-22
-4.92944e-22
-4.92239e-22
-4.9289e-22
-4.94739e-22
-4.9755e-22
-5.01044e-22
-5.04944e-22
-5.09091e-22
-5.13336e-22
-5.17596e-22
-5.21783e-22
-5.25806e-22
-5.29533e-22
-5.32924e-22
-5.35896e-22
-5.38389e-22
-5.40381e-22
-5.41823e-22
-5.42726e-22
-5.43149e-22
-5.43111e-22
-5.42695e-22
-5.41965e-22
-5.41047e-22
-5.40098e-22
-5.39267e-22
-5.38699e-22
-5.38507e-22
-5.38801e-22
-5.39633e-22
-5.40971e-22
-5.4275e-22
-5.4491e-22
-5.47333e-22
-5.49947e-22
-5.52697e-22
-5.55548e-22
-5.58468e-22
-5.61481e-22
-5.64595e-22
-5.67782e-22
-5.71074e-22
-5.74439e-22
-5.77826e-22
-5.81193e-22
-5.84415e-22
-5.87398e-22
-5.90053e-22
-5.92227e-22
-5.93816e-22
-5.94663e-22
-5.9464e-22
-5.93634e-22
-5.91549e-22
-5.88252e-22
-5.83692e-22
-5.7777e-22
-5.70513e-22
-5.62122e-22
-5.5317e-22
-5.44667e-22
-5.38071e-22
-5.34907e-22
-5.36395e-22
-5.42838e-22
-5.53593e-22
-5.67192e-22
-5.81997e-22
-5.96443e-22
-6.09492e-22
-6.20633e-22
-6.2968e-22
-6.36894e-22
-6.42532e-22
-6.46994e-22
-6.50573e-22
-6.53552e-22
-6.56114e-22
-6.58388e-22
-6.60407e-22
-6.62203e-22
-6.63696e-22
-6.64826e-22
-6.65525e-22
-6.65672e-22
-6.65097e-22
-6.63607e-22
-6.60985e-22
-6.57036e-22
-6.51697e-22
-6.45092e-22
-6.37716e-22
-6.30485e-22
-6.24594e-22
-6.21159e-22
-6.20781e-22
-6.23275e-22
-6.27733e-22
-6.33008e-22
-6.3816e-22
-6.42775e-22
-6.4691e-22
