2.41427e-21
2.41428e-21
2.41426e-21
2.41426e-21
2.41426e-21
2.41425e-21
2.41426e-21
2.41426e-21
2.41427e-21
2.41425e-21
2.41426e-21
2.41426e-21
2.41426e-21
2.41428e-21
2.41427e-21
2.41427e-21
2.41425e-21
2.41426e-21
2.41427e-21
2.41427e-21
2.41427e-21
2.41427e-21
2.41426e-21
2.41426e-21
2.41426e-21
2.41426e-21
2.41426e-21
2.41426e-21
2.41425e-21
2.41424e-21
2.41425e-21
2.41425e-21
2.41425e-21
2.41424e-21
2.41423e-21
2.41426e-21
2.41426e-21
2.41426e-21
2.41426e-21
2.41428e-21
2.41428e-21
2.41428e-21
2.41427e-21
2.41427e-21
2.41427e-21
2.41427e-21
2.41426e-21
2.41426e-21
2.41426e-21
2.41427e-21
2.41427e-21
2.41428e-21
2.41429e-21
2.41429e-21
2.41428e-21
2.41428e-21
2.41428e-21
2.41429e-21
2.4143e-21
2.41429e-21
2.41429e-21
2.41427e-21
2.41426e-21
2.41425e-21
2.41426e-21
2.41425e-21
2.41424e-21
2.41425e-21
2.41427e-21
2.41425e-21
2.41425e-21
2.41424e-21
2.41423e-21
2.41424e-21
2.41424e-21
2.41423e-21
2.41422e-21
2.41423e-21
2.41422e-21
2.41422e-21
2.41423e-21
2.41424e-21
2.41424e-21
2.41424e-21
2.41424e-21
2.41424e-21
2.41423e-21
2.41424e-21
2.41424e-21
2.41424e-21
2.41423e-21
2.41424e-21
2.41425e-21
2.41425e-21
2.41425e-21
2.41424e-21
2.41424e-21
2.41423e-21
2.41423e-21
2.41423e-21
2.41422e-21
2.41422e-21
2.4142e-21
2.41419e-21
2.4142e-21
2.4142e-21
2.41422e-21
2.41422e-21
2.41424e-21
2.41425e-21
2.41424e-21
2.41425e-21
2.41425e-21
2.41424e-21
2.41424e-21
2.41424e-21
2.41424e-21
2.41424e-21
2.41423e-21
2.41423e-21
2.41424e-21
2.41423e-21
2.41423e-21
2.41424e-21
2.41424e-21
2.41425e-21
2.41426e-21
2.41427e-21
2.41427e-21
2.41427e-21
2.41427e-21
2.41427e-21
2.41427e-21
2.41426e-21
2.41424e-21
2.41424e-21
2.41423e-21
2.41422e-21
2.41422e-21
2.41424e-21
2.41424e-21
2.41425e-21
2.41426e-21
2.41425e-21
2.41426e-21
2.41426e-21
2.41427e-21
2.41427e-21
2.41427e-21
2.41426e-21
2.41426e-21
2.41424e-21
2.41425e-21
2.41423e-21
2.41423e-21
2.41424e-21
2.41424e-21
2.41425e-21
2.41426e-21
2.41426e-21
2.41426e-21
2.41427e-21
2.41427e-21
2.41427e-21
2.41427e-21
2.41426e-21
2.41426e-21
2.41425e-21
2.41425e-21
2.41426e-21
2.41427e-21
2.41427e-21
2.41426e-21
2.41426e-21
2.41427e-21
2.41429e-21
2.4143e-21
2.4143e-21
2.41429e-21
2.41428e-21
2.41428e-21
2.41429e-21
2.41429e-21
2.4143e-21
2.4143e-21
2.41432e-21
2.41431e-21
2.41431e-21
2.41431e-21
2.41431e-21
2.41431e-21
2.41431e-21
2.4143e-21
2.4143e-21
2.41429e-21
2.41429e-21
2.41429e-21
2.41427e-21
2.41427e-21
2.41429e-21
2.41429e-21
2.41429e-21
2.41429e-21
2.41428e-21
2.41429e-21
2.41429e-21
2.4143e-21
2.41431e-21
2.4143e-21
2.41429e-21
2.41429e-21
2.4143e-21
2.4143e-21
2.41431e-21
2.4143e-21
2.41431e-21
2.41431e-21
2.41431e-21
2.41431e-21
2.41431e-21
2.4143e-21
2.4143e-21
2.4143e-21
2.41429e-21
2.4143e-21
2.4143e-21
2.41432e-21
2.41432e-21
2.41432e-21
2.41431e-21
2.41431e-21
2.41432e-21
2.41431e-21
2.41432e-21
2.41431e-21
2.41431e-21
2.4143e-21
2.4143e-21
2.4143e-21
2.41431e-21
2.41431e-21
2.41431e-21
2.4143e-21
2.4143e-21
2.41431e-21
2.41431e-21
2.41431e-21
2.41432e-21
2.41431e-21
2.41432e-21
2.41433e-21
2.41432e-21
2.41433e-21
2.41432e-21
2.41431e-21
2.41431e-21
2.4143e-21
2.4143e-21
2.41431e-21
2.41431e-21
2.41431e-21
2.4143e-21
2.4143e-21
2.41429e-21
2.4143e-21
2.41431e-21
2.41431e-21
2.4143e-21
2.41431e-21
2.41431e-21
2.41432e-21
2.41433e-21
2.41432e-21
2.41431e-21
2.41431e-21
2.41432e-21
2.41432e-21
2.4143e-21
2.41428e-21
2.41428e-21
2.41429e-21
2.41429e-21
2.41429e-21
2.41429e-21
2.41427e-21
2.41427e-21
2.41427e-21
2.41428e-21
2.41428e-21
2.41428e-21
2.41428e-21
2.41428e-21
2.41428e-21
2.41428e-21
2.41428e-21
2.41428e-21
2.41428e-21
2.41429e-21
2.41428e-21
2.41427e-21
2.41427e-21
2.41428e-21
2.41429e-21
2.4143e-21
2.41429e-21
2.41428e-21
2.41429e-21
2.41429e-21
2.41429e-21
2.41429e-21
2.4143e-21
2.41427e-21
2.41427e-21
2.41427e-21
2.41426e-21
2.41428e-21
2.41429e-21
2.41429e-21
2.41429e-21
2.41427e-21
2.41427e-21
2.41426e-21
2.41426e-21
2.41426e-21
2.41427e-21
2.41428e-21
2.41424e-21
2.41423e-21
2.41423e-21
2.41424e-21
2.41423e-21
2.41423e-21
2.41424e-21
2.41425e-21
2.41425e-21
2.41426e-21
2.41424e-21
2.41426e-21
2.41426e-21
2.41426e-21
2.41424e-21
2.41424e-21
2.41424e-21
2.41423e-21
2.41425e-21
2.41425e-21
2.41425e-21
2.41425e-21
2.41425e-21
2.41425e-21
2.41424e-21
2.41423e-21
2.41425e-21
2.41425e-21
2.41426e-21
2.41425e-21
2.41426e-21
2.41426e-21
2.41426e-21
2.41426e-21
2.41425e-21
2.41425e-21
2.41425e-21
2.41425e-21
2.41425e-21
2.41426e-21
2.41427e-21
2.41427e-21
2.41427e-21
2.41426e-21
2.41427e-21
2.41427e-21
2.41428e-21
2.41428e-21
2.41428e-21
2.41428e-21
2.41428e-21
2.41429e-21
2.4143e-21
2.4143e-21
2.4143e-21
2.41429e-21
2.41429e-21
2.41429e-21
2.41429e-21
2.41429e-21
2.41428e-21
2.41429e-21
2.41429e-21
2.41429e-21
2.41428e-21
2.41428e-21
2.41429e-21
2.41428e-21
2.41428e-21
2.41428e-21
2.41428e-21
2.41429e-21
2.41431e-21
2.41431e-21
2.4143e-21
2.4143e-21
2.41432e-21
2.41433e-21
2.41434e-21
2.41433e-21
2.41434e-21
2.41434e-21
2.41434e-21
2.41434e-21
2.41435e-21
2.41434e-21
2.41434e-21
2.41435e-21
2.41435e-21
2.41435e-21
2.41435e-21
2.41436e-21
2.41436e-21
2.41435e-21
2.41435e-21
2.41435e-21
2.41435e-21
2.41435e-21
2.41435e-21
2.41435e-21
2.41436e-21
2.41436e-21
2.41437e-21
2.41435e-21
2.41436e-21
2.41435e-21
2.41432e-21
2.41431e-21
2.41431e-21
2.4143e-21
2.41431e-21
2.41431e-21
2.4143e-21
2.41431e-21
2.41433e-21
2.41433e-21
2.41434e-21
2.41433e-21
2.41434e-21
2.41435e-21
2.41435e-21
2.41436e-21
2.41435e-21
2.41433e-21
2.41434e-21
2.41433e-21
2.41433e-21
2.41434e-21
2.41433e-21
2.41432e-21
2.41431e-21
2.41432e-21
2.41434e-21
2.41433e-21
2.41434e-21
2.41435e-21
2.41434e-21
2.41434e-21
2.41434e-21
2.41433e-21
2.41434e-21
2.41434e-21
2.41435e-21
2.41435e-21
2.41434e-21
2.41435e-21
2.41437e-21
2.41436e-21
2.41437e-21
2.41435e-21
2.41436e-21
2.41436e-21
2.41436e-21
2.41436e-21
2.41438e-21
2.41439e-21
2.4144e-21
2.41441e-21
2.41439e-21
2.4144e-21
2.41439e-21
2.4144e-21
2.41439e-21
2.41438e-21
2.41437e-21
2.41435e-21
2.41437e-21
2.41438e-21
2.41438e-21
2.41439e-21
2.4144e-21
2.41441e-21
2.41442e-21
2.41441e-21
2.41442e-21
2.41441e-21
2.41442e-21
2.41443e-21
2.41441e-21
2.41442e-21
2.4144e-21
2.41439e-21
2.41439e-21
2.41439e-21
2.4144e-21
2.4144e-21
2.4144e-21
2.4144e-21
2.4144e-21
2.4144e-21
2.4144e-21
2.41439e-21
2.4144e-21
2.41439e-21
2.41441e-21
2.41441e-21
2.41444e-21
2.41444e-21
2.41444e-21
2.41444e-21
2.41444e-21
2.41444e-21
2.41444e-21
2.41443e-21
2.41443e-21
2.41443e-21
2.41441e-21
2.41441e-21
2.41439e-21
2.41439e-21
2.41439e-21
2.41437e-21
2.41438e-21
2.41439e-21
2.4144e-21
2.4144e-21
2.4144e-21
2.4144e-21
2.4144e-21
2.41439e-21
2.4144e-21
2.4144e-21
2.41439e-21
2.41438e-21
2.41439e-21
2.41438e-21
2.41438e-21
2.41439e-21
2.4144e-21
2.41441e-21
2.4144e-21
2.41441e-21
2.41441e-21
2.41442e-21
2.41441e-21
2.4144e-21
2.41441e-21
2.41443e-21
2.41442e-21
2.41444e-21
2.41445e-21
2.41443e-21
2.41443e-21
2.41442e-21
2.41443e-21
2.41443e-21
2.41443e-21
2.41443e-21
2.41445e-21
2.41444e-21
2.41444e-21
2.41444e-21
2.41445e-21
2.41445e-21
2.41446e-21
2.41446e-21
2.41445e-21
2.41446e-21
2.41446e-21
2.41446e-21
2.41446e-21
2.41447e-21
2.41446e-21
2.41446e-21
2.41447e-21
2.41445e-21
2.41446e-21
2.41446e-21
2.41445e-21
2.41446e-21
2.41445e-21
2.41444e-21
2.41445e-21
2.41445e-21
2.41445e-21
2.41446e-21
2.41445e-21
2.41446e-21
2.41446e-21
2.41446e-21
2.41444e-21
2.41445e-21
2.41447e-21
2.41447e-21
2.41446e-21
2.41447e-21
2.41446e-21
2.41446e-21
2.41446e-21
2.41446e-21
2.41446e-21
2.41447e-21
2.41446e-21
2.41446e-21
2.41448e-21
2.4145e-21
2.41448e-21
2.41448e-21
2.4145e-21
2.41451e-21
2.41451e-21
2.4145e-21
2.41451e-21
2.41451e-21
2.4145e-21
2.41451e-21
2.41452e-21
2.41451e-21
2.41451e-21
2.4145e-21
2.41451e-21
2.41452e-21
2.41452e-21
2.41452e-21
2.41451e-21
2.41451e-21
2.4145e-21
2.41448e-21
2.41448e-21
2.41448e-21
2.41446e-21
2.41446e-21
2.41445e-21
2.41444e-21
2.41444e-21
2.41445e-21
2.41446e-21
2.41446e-21
2.41447e-21
2.41447e-21
2.41447e-21
2.41447e-21
2.41446e-21
2.41445e-21
2.41446e-21
2.41447e-21
2.41447e-21
2.41446e-21
2.41447e-21
2.41446e-21
2.41445e-21
2.41447e-21
2.41446e-21
2.41446e-21
2.41445e-21
2.41446e-21
2.41445e-21
2.41445e-21
2.41444e-21
2.41443e-21
2.41444e-21
2.41444e-21
2.41444e-21
2.41443e-21
2.41444e-21
2.41445e-21
2.41445e-21
2.41445e-21
2.41443e-21
2.41443e-21
2.41442e-21
2.41444e-21
2.41444e-21
2.41444e-21
2.41444e-21
2.41444e-21
2.41444e-21
2.41441e-21
2.41442e-21
2.41441e-21
2.41441e-21
2.41443e-21
2.41444e-21
2.41444e-21
2.41444e-21
2.41444e-21
2.41445e-21
2.41445e-21
2.41447e-21
2.41447e-21
2.41447e-21
2.41447e-21
2.41447e-21
2.41445e-21
2.41445e-21
2.41447e-21
2.41448e-21
2.41446e-21
2.41445e-21
2.41444e-21
2.41445e-21
2.41445e-21
2.41445e-21
2.41446e-21
2.41445e-21
2.41445e-21
2.41446e-21
2.41445e-21
2.41445e-21
2.41445e-21
2.41444e-21
2.41443e-21
2.41445e-21
2.41445e-21
2.41446e-21
2.41447e-21
2.41446e-21
2.41446e-21
2.41446e-21
2.41445e-21
2.41444e-21
2.41444e-21
2.41444e-21
2.41444e-21
2.41444e-21
2.41443e-21
2.41442e-21
2.41441e-21
2.41441e-21
2.41441e-21
2.41441e-21
2.41441e-21
2.41442e-21
2.41443e-21
2.41444e-21
2.41443e-21
2.41443e-21
2.41443e-21
2.41442e-21
2.41442e-21
2.41443e-21
2.4144e-21
2.4144e-21
2.41439e-21
2.41438e-21
2.41439e-21
2.41439e-21
2.41438e-21
2.41439e-21
2.4144e-21
2.4144e-21
2.41443e-21
2.41443e-21
2.41442e-21
2.4144e-21
2.4144e-21
2.41438e-21
2.41439e-21
2.4144e-21
2.41438e-21
2.41438e-21
2.41438e-21
2.41437e-21
2.41436e-21
2.41436e-21
2.41436e-21
2.41434e-21
2.41435e-21
2.41433e-21
2.41432e-21
2.41432e-21
2.41431e-21
2.41431e-21
2.41431e-21
2.41432e-21
2.41431e-21
2.41432e-21
2.41431e-21
2.41431e-21
2.41431e-21
2.41432e-21
2.41432e-21
2.41432e-21
2.41432e-21
2.41431e-21
2.41431e-21
2.4143e-21
2.4143e-21
2.4143e-21
2.41431e-21
2.4143e-21
2.41429e-21
2.41429e-21
2.41429e-21
2.41431e-21
2.4143e-21
2.4143e-21
2.4143e-21
2.41429e-21
2.41431e-21
2.41432e-21
2.41432e-21
2.41433e-21
2.41433e-21
2.41432e-21
2.41434e-21
2.41434e-21
2.41434e-21
2.41432e-21
2.41432e-21
2.41431e-21
2.41431e-21
2.41431e-21
2.41431e-21
2.41432e-21
2.41431e-21
2.41433e-21
2.41432e-21
2.41432e-21
2.41431e-21
2.41432e-21
2.41432e-21
2.41433e-21
2.41433e-21
2.41431e-21
2.41431e-21
2.41431e-21
2.4143e-21
2.41432e-21
2.41431e-21
2.41429e-21
2.41429e-21
2.41429e-21
2.41429e-21
2.41429e-21
2.41429e-21
2.41429e-21
2.4143e-21
2.41431e-21
2.41432e-21
2.41432e-21
2.41432e-21
2.41431e-21
2.41431e-21
2.41431e-21
2.41431e-21
2.41431e-21
2.41431e-21
2.41431e-21
2.41431e-21
2.41431e-21
2.4143e-21
2.4143e-21
2.41429e-21
2.41427e-21
2.41426e-21
2.41427e-21
2.41427e-21
2.41427e-21
2.41427e-21
2.41428e-21
2.41428e-21
2.41428e-21
2.41428e-21
2.41426e-21
2.41426e-21
2.41427e-21
2.41427e-21
2.41426e-21
2.41428e-21
2.41428e-21
2.41427e-21
2.41429e-21
2.41428e-21
2.41429e-21
2.41429e-21
2.41429e-21
2.41428e-21
2.41428e-21
2.41428e-21
2.41428e-21
2.4143e-21
2.41431e-21
2.41432e-21
2.4143e-21
2.4143e-21
2.41429e-21
2.41428e-21
2.4143e-21
2.41431e-21
2.41433e-21
2.41433e-21
2.41432e-21
2.41431e-21
2.41433e-21
2.41433e-21
2.41434e-21
2.41434e-21
2.41432e-21
2.41432e-21
2.41433e-21
2.41432e-21
2.41431e-21
2.4143e-21
2.41429e-21
2.4143e-21
2.41429e-21
2.41427e-21
2.41426e-21
2.41426e-21
2.41426e-21
2.41424e-21
2.41424e-21
2.41425e-21
2.41425e-21
2.41426e-21
2.41428e-21
2.41428e-21
2.41428e-21
2.41428e-21
2.41428e-21
2.41428e-21
2.4143e-21
2.4143e-21
2.41431e-21
2.41432e-21
2.4143e-21
2.41431e-21
2.41433e-21
2.41433e-21
2.41435e-21
2.41434e-21
2.41433e-21
2.41433e-21
2.41433e-21
2.41432e-21
2.41433e-21
2.41432e-21
2.41432e-21
2.41432e-21
2.41433e-21
2.41433e-21
2.41433e-21
2.41431e-21
2.41432e-21
2.41431e-21
2.41432e-21
2.4143e-21
2.41431e-21
2.41428e-21
2.41427e-21
2.41428e-21
2.41427e-21
2.41431e-21
2.41431e-21
2.41432e-21
2.4143e-21
2.4143e-21
2.41429e-21
2.41429e-21
2.41428e-21
2.41428e-21
2.41426e-21
2.41426e-21
2.41428e-21
2.41429e-21
2.41428e-21
2.41427e-21
2.41426e-21
2.41426e-21
2.41427e-21
2.41427e-21
2.41428e-21
2.41429e-21
2.41429e-21
2.41429e-21
2.41429e-21
2.41429e-21
2.41429e-21
2.41429e-21
2.41429e-21
2.41429e-21
2.41429e-21
2.41429e-21
