0 11.6952 15.4471
1 11.3066 14.5134
2 10.5664 13.5685
3 10.4457 12.6355
4 10.0715 11.9132
5 8.97431 11.3561
6 8.79439 10.8681
7 8.52851 10.3726
8 8.08231 9.83779
9 7.99428 9.37065
10 7.72595 8.93832
11 7.35791 8.60786
12 7.35791 8.26798
13 6.87517 7.97483
14 6.84511 7.68827
15 6.74691 7.38104
16 6.60019 7.12587
17 6.54861 6.94358
18 6.35605 6.80686
19 6.07396 6.69662
20 5.75998 6.57435
21 5.71797 6.39264
22 5.4441 6.16909
23 5.43544 5.91478
24 5.36615 5.71934
25 5.36 5.58461
26 5.31282 5.47902
27 5.31282 5.41134
28 5.31282 5.37473
29 5.28522 5.34063
30 5.24118 5.3237
31 5.24118 5.31219
32 5.06855 5.30166
33 5.05989 5.28778
34 5.05989 5.26229
35 4.9906 5.23945
36 4.87694 5.22874
37 4.79899 5.16989
38 4.74278 5.08278
39 4.74278 4.96955
40 4.74278 4.87587
41 4.74278 4.80123
42 4.74278 4.76012
43 4.74278 4.74449
44 4.73997 4.74278
45 4.73997 4.74272
46 4.73997 4.74228
47 4.73997 4.74142
48 4.73997 4.74051
49 4.73997 4.73997
50 4.73997 4.73997
51 4.73997 4.73997
52 4.73997 4.73997
53 4.73997 4.73997
54 4.73997 4.73997
55 4.73997 4.73997
56 4.73997 4.73997
57 4.73997 4.73997
58 4.73997 4.73997
59 4.73997 4.73997
60 4.73997 4.73997
61 4.73997 4.73997
62 4.73997 4.73997
63 4.73997 4.73997
64 4.73997 4.73997
65 4.73997 4.73997
66 4.73997 4.73997
67 4.73997 4.73997
68 4.73997 4.73997
69 4.73997 4.73997
70 4.73997 4.73997
71 4.73997 4.73997
72 4.73997 4.73997
73 4.73997 4.73997
74 4.73997 4.73997
75 4.73997 4.73997
76 4.73997 4.73997
77 4.73997 4.73997
78 4.73997 4.73997
79 4.73997 4.73997
80 4.73997 4.73997
81 4.73997 4.73997
82 4.73997 4.73997
83 4.73997 4.73997
84 4.73997 4.73997
85 4.73997 4.73997
86 4.73997 4.73997
87 4.73997 4.73997
88 4.73997 4.73997
89 4.73997 4.73997
90 4.73997 4.73997
91 4.73997 4.73997
92 4.73997 4.73997
93 4.73997 4.73997
94 4.73997 4.73997
95 4.73997 4.73997
96 4.73997 4.73997
97 4.73997 4.73997
98 4.73997 4.73997
99 4.73997 4.73997
100 4.73997 4.73997
101 4.73997 4.73997
102 4.73997 4.73997
103 4.73997 4.73997
104 4.73997 4.73997
105 4.73997 4.73997
106 4.73997 4.73997
107 4.73997 4.73997
108 4.73997 4.73997
109 4.73997 4.73997
110 4.73997 4.73997
111 4.73997 4.73997
112 4.73997 4.73997
113 4.73997 4.73997
114 4.73997 4.73997
115 4.73997 4.73997
116 4.73997 4.73997
117 4.73997 4.73997
118 4.73997 4.73997
119 4.73997 4.73997
120 4.73997 4.73997
121 4.73997 4.73997
122 4.73997 4.73997
123 4.73997 4.73997
124 4.73997 4.73997
125 4.73997 4.73997
126 4.73997 4.73997
127 4.73997 4.73997
128 4.73997 4.73997
129 4.73997 4.73997
130 4.73997 4.73997
131 4.73997 4.73997
132 4.73997 4.73997
133 4.73997 4.73997
134 4.73997 4.73997
135 4.73997 4.73997
136 4.73997 4.73997
137 4.73997 4.73997
138 4.73997 4.73997
139 4.73997 4.73997
140 4.73997 4.73997
141 4.73997 4.73997
142 4.73997 4.73997
143 4.73997 4.73997
144 4.73997 4.73997
145 4.73997 4.73997
146 4.73997 4.73997
147 4.73997 4.73997
148 4.73997 4.73997
149 4.73997 4.73997
150 4.73997 4.73997
151 4.73997 4.73997
152 4.73997 4.73997
153 4.73997 4.73997
154 4.73997 4.73997
155 4.73997 4.73997
156 4.73997 4.73997
157 4.73997 4.73997
158 4.73997 4.73997
159 4.73997 4.73997
160 4.73997 4.73997
161 4.73997 4.73997
162 4.73997 4.73997
163 4.73997 4.73997
164 4.73997 4.73997
165 4.73997 4.73997
166 4.73997 4.73997
167 4.73997 4.73997
168 4.73997 4.73997
169 4.73997 4.73997
170 4.73997 4.73997
171 4.73997 4.73997
172 4.73997 4.73997
173 4.73997 4.73997
174 4.73997 4.73997
175 4.73997 4.73997
176 4.73997 4.73997
177 4.73997 4.73997
178 4.73997 4.73997
179 4.73997 4.73997
180 4.73997 4.73997
181 4.73997 4.73997
182 4.73997 4.73997
183 4.73997 4.73997
184 4.73997 4.73997
185 4.73997 4.73997
186 4.73997 4.73997
187 4.73997 4.73997
188 4.73997 4.73997
189 4.73997 4.73997
190 4.73997 4.73997
191 4.73997 4.73997
192 4.73997 4.73997
193 4.73997 4.73997
194 4.73997 4.73997
195 4.73997 4.73997
196 4.73997 4.73997
197 4.73997 4.73997
198 4.73997 4.73997
199 4.73997 4.73997
200 4.73997 4.73997
201 4.73997 4.73997
202 4.73997 4.73997
203 4.73997 4.73997
204 4.73997 4.73997
205 4.73997 4.73997
206 4.73997 4.73997
207 4.73997 4.73997
208 4.73997 4.73997
209 4.73997 4.73997
210 4.73997 4.73997
211 4.73997 4.73997
212 4.73997 4.73997
213 4.73997 4.73997
214 4.73997 4.73997
215 4.73997 4.73997
216 4.73997 4.73997
217 4.73997 4.73997
218 4.73997 4.73997
219 4.73997 4.73997
220 4.73997 4.73997
221 4.73997 4.73997
222 4.73997 4.73997
223 4.73997 4.73997
224 4.73997 4.73997
225 4.73997 4.73997
226 4.73997 4.73997
227 4.73997 4.73997
228 4.73997 4.73997
229 4.73997 4.73997
230 4.73997 4.73997
231 4.73997 4.73997
232 4.73997 4.73997
233 4.73997 4.73997
234 4.73997 4.73997
235 4.73997 4.73997
236 4.73997 4.73997
237 4.73997 4.73997
238 4.73997 4.73997
239 4.73997 4.73997
240 4.73997 4.73997
241 4.73997 4.73997
242 4.73997 4.73997
243 4.73997 4.73997
244 4.73997 4.73997
245 4.73997 4.73997
246 4.73997 4.73997
247 4.73997 4.73997
248 4.73997 4.73997
249 4.73997 4.73997
250 4.73997 4.73997
251 4.73997 4.73997
252 4.73997 4.73997
253 4.73997 4.73997
254 4.73997 4.73997
255 4.73997 4.73997
256 4.73997 4.73997
257 4.73997 4.73997
258 4.73997 4.73997
259 4.73997 4.73997
260 4.73997 4.73997
261 4.73997 4.73997
262 4.73997 4.73997
263 4.73997 4.73997
264 4.73997 4.73997
265 4.73997 4.73997
266 4.73997 4.73997
267 4.73997 4.73997
268 4.73997 4.73997
269 4.73997 4.73997
270 4.73997 4.73997
271 4.73997 4.73997
272 4.73997 4.73997
273 4.73997 4.73997
274 4.73997 4.73997
275 4.73997 4.73997
276 4.73997 4.73997
277 4.73997 4.73997
278 4.73997 4.73997
279 4.73997 4.73997
280 4.73997 4.73997
281 4.73997 4.73997
282 4.73997 4.73997
283 4.73997 4.73997
284 4.73997 4.73997
285 4.73997 4.73997
286 4.73997 4.73997
287 4.73997 4.73997
288 4.73997 4.73997
289 4.73997 4.73997
290 4.73997 4.73997
291 4.73997 4.73997
292 4.73997 4.73997
293 4.73997 4.73997
294 4.73997 4.73997
295 4.73997 4.73997
296 4.73997 4.73997
297 4.73997 4.73997
298 4.73997 4.73997
299 4.73997 4.73997
300 4.73997 4.73997
