0.394202 0.765833
0.629566 0.466151
0.143434 0.82076
0.871293 0.98736
0.0706766 0.702388
0.14402 0.854297
0.00818417 0.69173
0.553696 0.797366
0.45779 0.751842
0.26964 0.627472
0.280163 0.593666
0.629201 0.704056
0.459296 0.0446713
0.947763 0.263854
0.93223 0.581866
0.545309 0.69878
0.49418 0.472938
0.893279 0.798631
0.670918 0.126934
0.386176 0.931261
0.331986 0.170787
0.768006 0.410489
0.870168 0.465516
0.192224 0.285079
0.695648 0.1251
0.0447394 0.44916
0.319952 0.814912
0.573231 0.397719
0.698768 0.741677
0.884297 0.796281
0.0588932 0.203711
0.615956 0.0613983
0.394202 0.765833
