20 1.24125 0
40 1.20266 0.0385865
60 1.19114 0.0250834
80 1.2067 0.0235986
100 1.19923 0.019749
120 1.19683 0.0163028
140 1.1941 0.0140451
160 1.19793 0.0127523
180 1.19618 0.011383
200 1.19527 0.0102211
220 1.20091 0.0108258
240 1.19785 0.0103446
260 1.19902 0.00958672
280 1.19885 0.00887709
300 1.19948 0.00828782
320 1.19842 0.00782419
340 1.19877 0.00735793
360 1.19628 0.00737088
380 1.19867 0.00737077
400 1.19735 0.00711594
420 1.19983 0.00720821
440 1.19765 0.00721116
460 1.1982 0.00691252
480 1.19931 0.00671019
500 1.19978 0.00645337
520 1.19862 0.00630707
540 1.19813 0.0060885
560 1.19926 0.00597422
580 1.199 0.00577065
600 1.19995 0.00565544
620 1.19891 0.0055682
640 1.19909 0.00539465
660 1.20046 0.00540553
680 1.19924 0.0053841
700 1.19944 0.0052318
720 1.19979 0.00509606
740 1.20042 0.00499656
760 1.19931 0.00498941
780 1.1985 0.00492562
800 1.20058 0.00523012
820 1.19982 0.00515701
840 1.19939 0.00505085
860 1.20087 0.00514746
880 1.2002 0.00507266
900 1.1994 0.00502367
920 1.20012 0.00496638
940 1.20008 0.00485971
960 1.20003 0.00475775
980 1.19955 0.00468369
1000 1.19989 0.00460141
