20 -5.46249 0
40 -5.46121 0.0012822
60 -5.46081 0.000841215
80 -5.46091 0.000603134
100 -5.46097 0.000471713
120 -5.46084 0.000408062
140 -5.46083 0.000344895
160 -5.4612 0.00047209
180 -5.46117 0.000417115
200 -5.46094 0.000437471
220 -5.46089 0.000399654
240 -5.46093 0.000367526
260 -5.46086 0.000346737
280 -5.46084 0.000321567
300 -5.46064 0.000356403
320 -5.46057 0.000341126
340 -5.46058 0.000320528
360 -5.46044 0.00033104
380 -5.46051 0.000319658
400 -5.46057 0.000309611
420 -5.46061 0.00029705
440 -5.46057 0.00028642
460 -5.46056 0.000273937
480 -5.4606 0.000266665
500 -5.46053 0.000265469
520 -5.46051 0.000255762
540 -5.46045 0.00025438
560 -5.46046 0.000245291
580 -5.46053 0.000246009
600 -5.4605 0.000239193
620 -5.46055 0.000237161
640 -5.46055 0.000229665
660 -5.46057 0.000222976
680 -5.46063 0.000224049
700 -5.46067 0.000222488
720 -5.46067 0.00021622
740 -5.46063 0.000215044
760 -5.46055 0.000221764
780 -5.4606 0.000220855
800 -5.46063 0.00021725
820 -5.46062 0.000212007
840 -5.46056 0.000214692
860 -5.46052 0.000213763
880 -5.4605 0.000210236
900 -5.46048 0.000205967
920 -5.46047 0.000202051
940 -5.46042 0.000202839
960 -5.46041 0.000198915
980 -5.46038 0.000196751
1000 -5.46038 0.000192821
