20 0.8275 0
40 0.801776 0.0257244
60 0.794092 0.0167222
80 0.804469 0.0157324
100 0.799485 0.013166
120 0.797884 0.0108686
140 0.796068 0.00936338
160 0.798622 0.00850156
180 0.79745 0.00758868
200 0.79685 0.00681404
220 0.800605 0.00721722
240 0.798567 0.00689637
260 0.799344 0.00639115
280 0.799235 0.00591806
300 0.799652 0.00552522
320 0.798948 0.00521613
340 0.799182 0.00490529
360 0.797521 0.00491392
380 0.799115 0.00491385
400 0.798236 0.00474396
420 0.799888 0.00480548
440 0.798433 0.00480744
460 0.7988 0.00460835
480 0.799538 0.00447346
500 0.799852 0.00430225
520 0.799081 0.00420471
540 0.798757 0.004059
560 0.799508 0.00398281
580 0.799331 0.0038471
600 0.799964 0.00377029
620 0.79927 0.00371213
640 0.799395 0.00359644
660 0.80031 0.00360368
680 0.799497 0.0035894
700 0.799629 0.00348787
720 0.799859 0.00339737
740 0.800281 0.00333104
760 0.799537 0.00332627
780 0.799002 0.00328374
800 0.800386 0.00348675
820 0.79988 0.00343801
840 0.799595 0.00336723
860 0.800578 0.00343164
880 0.800136 0.00338177
900 0.799598 0.00334911
920 0.800081 0.00331092
940 0.800056 0.00323981
960 0.800017 0.00317183
980 0.799701 0.00312246
1000 0.799926 0.0030676
