20 9.38497 0
40 9.6065 0.221536
60 9.64877 0.134706
80 9.57128 0.122787
100 9.60596 0.101235
120 9.61989 0.0838231
140 9.63378 0.0721922
160 9.61685 0.0647728
180 9.62346 0.0575064
200 9.62738 0.0515842
220 9.60398 0.0521983
240 9.61946 0.0501005
260 9.61436 0.0463671
280 9.61258 0.0429645
300 9.60957 0.040111
320 9.61286 0.0376648
340 9.61016 0.0354826
360 9.62578 0.0369201
380 9.61526 0.0364753
400 9.61837 0.0347432
420 9.60947 0.0342252
440 9.62008 0.0343135
460 9.61658 0.0329734
480 9.61199 0.0319009
500 9.61068 0.0306267
520 9.61718 0.0301352
540 9.6201 0.0291439
560 9.61354 0.0288392
580 9.61262 0.0278421
600 9.60692 0.0274953
620 9.61202 0.0270772
640 9.60949 0.0263386
660 9.60289 0.0263686
680 9.60868 0.0262295
700 9.60896 0.0254706
720 9.607 0.0248304
740 9.60478 0.0242519
760 9.61099 0.0244095
780 9.61421 0.0239916
800 9.60439 0.0253599
820 9.60718 0.0248897
840 9.60928 0.0243813
860 9.60225 0.0248245
880 9.60542 0.0244592
900 9.60921 0.0242092
920 9.60559 0.0239527
940 9.60528 0.0234395
960 9.60531 0.022946
980 9.60762 0.0225913
1000 9.6061 0.0221871
