20 -6.70374 0
40 -6.66387 0.0398687
60 -6.65194 0.0259245
80 -6.66761 0.0241135
100 -6.6602 0.0200946
120 -6.65766 0.016602
140 -6.65494 0.0142939
160 -6.65913 0.0130708
180 -6.65735 0.0116645
200 -6.65622 0.0104939
220 -6.6618 0.0110089
240 -6.65878 0.0104915
260 -6.65987 0.00971195
280 -6.65969 0.00899337
300 -6.66012 0.00838356
320 -6.65899 0.0079229
340 -6.65935 0.00745093
360 -6.65673 0.00749971
380 -6.65918 0.00750691
400 -6.65792 0.00723178
420 -6.66044 0.00732504
440 -6.65822 0.00733024
460 -6.65876 0.00702504
480 -6.65991 0.00682446
500 -6.66031 0.00655797
520 -6.65914 0.00640935
540 -6.65858 0.00619201
560 -6.65972 0.00607387
580 -6.65952 0.00586404
600 -6.66044 0.00574
620 -6.65946 0.00563918
640 -6.65965 0.00546348
660 -6.66103 0.00547335
680 -6.65987 0.00543544
700 -6.66012 0.00528358
720 -6.66046 0.00514623
740 -6.66105 0.00503953
760 -6.65986 0.00504693
780 -6.6591 0.00497369
800 -6.66121 0.00528477
820 -6.66044 0.00521079
840 -6.65996 0.00510827
860 -6.66139 0.00518952
880 -6.6607 0.00511659
900 -6.65988 0.00506826
920 -6.66059 0.00500727
940 -6.66051 0.00490029
960 -6.66044 0.00479763
980 -6.65994 0.00472539
1000 -6.66027 0.00464186
