0.806768
0.816184
0.8272
0.838766
0.849473
0.85774
0.862116
0.861502
0.855421
0.844085
0.828535
0.810949
0.794974
0.785148
0.784911
0.794298
0.809987
0.827414
0.842494
0.852045
0.854037
0.847957
0.834836
0.816898
0.796809
0.777209
0.760256
0.747389
0.739129
0.735177
0.734569
0.736194
0.739211
0.74345
0.749306
0.757458
0.76828
0.781313
0.794948
0.806609
0.813418
0.813139
0.804986
0.790043
0.771058
0.751504
0.73445
0.722042
0.715617
0.715987
0.723222
0.736209
0.752886
0.771077
0.789253
0.806709
0.822946
0.837164
0.848157
0.854581
0.855453
0.850535
0.840509
0.827067
0.812777
0.800592
0.793183
0.792314
0.798353
0.810142
0.825345
0.841131
0.854861
0.864656
0.869687
0.869993
0.86603
0.858382
0.847452
0.833562
0.817156
0.798983
0.780296
0.762738
0.748008
0.737652
0.732713
0.733515
0.739501
0.749301
0.761033
0.772771
0.783127
0.791482
0.798081
0.80377
0.809535
0.816077
0.823596
0.83166
0.839368
0.845586
0.849265
0.849557
0.846006
0.838688
0.828339
0.816225
0.803745
0.791967
0.781432
0.772238
0.764219
0.757101
0.7505
0.744113
0.737871
0.73196
0.726768
0.722632
0.719773
0.718213
0.718017
0.719353
0.722613
0.728411
0.737308
0.749522
0.764638
0.781693
0.799392
0.816329
0.83108
0.842368
0.849196
0.851154
0.848553
0.842577
0.835092
0.828175
0.823539
0.822144
0.824025
0.828399
0.833891
0.838927
0.842157
0.842906
0.841199
0.837578
0.832664
0.826868
0.820295
0.812914
0.804634
0.795544
0.786083
0.777304
0.770787
0.768108
0.770355
0.777782
0.7898
0.805096
0.821817
0.837809
0.850998
0.859655
0.86261
0.859425
0.850241
0.835491
0.815617
0.791209
0.76354
0.734779
0.707894
0.686124
0.672369
0.66891
0.677114
0.697085
0.727188
0.763991
0.802623
0.837787
0.865054
0.881818
0.887438
0.882897
0.870149
0.851501
0.829244
0.805436
0.782014
0.760632
0.742503
0.728497
0.719498
0.716434
0.720118
0.730687
0.747202
0.767797
0.790306
0.812835
0.834193
0.853757
0.870993
0.885306
0.896122
0.902975
0.905518
0.903468
0.896698
0.885367
0.869924
0.8512
0.830254
0.808351
0.78683
0.767125
0.750596
0.738436
0.731561
0.73043
0.734795
0.743378
0.754064
0.764539
0.773015
0.778716
0.782109
0.784751
0.788724
0.795868
0.806948
0.821377
0.837333
0.852405
0.86413
0.870464
0.870166
0.863222
0.850959
0.835885
0.82103
0.809124
0.801644
0.798527
0.798481
0.799557
0.799851
0.797906
0.792998
0.784972
0.774194
0.761268
0.746922
0.732061
0.717914
0.706195
0.698972
0.698179
0.704871
0.718643
0.737814
0.759773
0.781777
0.801606
0.818109
0.831451
0.842832
0.853491
0.863879
0.873456
0.881351
0.886845
0.889624
0.889529
0.886427
0.880174
0.870624
0.85787
0.842522
0.825778
0.809374
0.795081
0.784123
0.77695
0.773504
0.773391
0.776002
0.78033
0.784954
0.788137
0.78813
0.783562
0.773808
0.759226
0.741445
0.723159
0.707779
0.69866
0.698249
0.707374
0.725211
0.749542
0.77733
0.805223
0.830061
0.849255
0.861067
0.864866
0.861265
0.852236
0.840795
0.830266
0.82325
0.820653
0.821332
0.822842
0.822746
0.819715
0.813886
0.806607
0.799705
0.794789
0.792683
0.793202
0.79533
0.797676
0.799121
0.799148
0.798063
0.796719
0.795979
0.796085
0.796562
0.796391
0.794475
0.790098
0.783092
0.773953
0.76377
0.754002
0.746248
0.741799
0.741204
0.744061
0.749291
0.755673
0.762303
0.76871
0.774697
0.780097
0.784814
0.788825
0.792434
0.796204
0.800948
0.80723
0.81475
0.822299
0.828185
0.830837
0.82945
0.824236
0.81665
0.80922
0.804902
0.805852
0.812418
0.822985
0.835054
0.846467
0.855836
0.862256
0.864703
0.86189
0.852591
0.836218
0.813298
0.785782
0.756899
0.73078
0.71158
0.702452
0.704564
0.716828
0.736226
0.758784
0.780641
0.798932
0.812158
0.820332
0.824606
0.826795
0.828853
0.832115
0.836778
0.841837
0.845454
0.845715
0.841344
0.832225
0.819392
0.804926
0.791422
0.7816
0.777806
0.78149
0.792845
0.810596
0.832211
0.854586
0.874785
0.890493
0.9002
0.903066
0.899005
0.888592
0.872837
0.852978
0.830253
0.805691
0.780262
0.755016
0.731275
0.710639
0.694873
0.685564
0.683679
0.68923
0.701221
0.717862
0.736975
0.756435
0.774581
0.790419
0.803483
0.813454
0.820071
0.823075
0.822265
0.817725
0.810066
0.800595
0.791188
0.78388
0.780165
0.780712
0.785242
0.792871
0.802403
0.812444
0.821201
0.826688
0.827378
0.82283
0.814108
0.803492
0.793715
0.787018
0.784792
0.787408
0.794201
0.80362
0.813604
0.822211
0.828207
0.831358
0.832203
0.83153
0.830177
0.829029
0.829163
0.831613
0.837129
0.845696
0.856414
0.867557
0.877019
0.882717
0.882988
0.876817
0.863965
0.84517
0.82218
0.797665
0.774796
0.756509
0.744836
0.740425
0.742448
0.748939
0.757349
0.765225
0.77087
0.773727
0.774575
0.775194
0.777745
0.783824
0.793662
0.8059
0.818214
0.828124
0.833667
0.833728
0.827971
0.816772
0.8011
0.782379
0.762322
0.742708
0.725176
0.711275
0.702351
0.699551
0.703432
0.713593
0.728677
0.746689
0.765386
0.782602
0.796467
0.805742
0.809985
0.809594
0.805758
0.80025
0.795261
0.792985
0.795181
0.802582
0.81469
0.829977
0.846268
0.861131
0.872533
0.879105
0.880334
0.87637
0.867853
0.85574
0.841179
0.825605
0.810765
0.798269
0.789155
0.78358
0.78093
0.780339
0.781176
0.783403
0.787345
0.793202
0.800561
0.808295
0.814926
0.819097
0.8198
0.816402
0.808842
0.797721
0.784248
0.77027
0.758036
0.749886
0.747702
0.752456
0.763693
0.77936
0.796268
0.811075
0.821324
0.826146
0.82632
0.823898
0.821438
0.821101
0.823864
0.829298
0.835892
0.841721
0.845137
0.845335
0.84259
0.838137
0.833617
0.83003
0.826903
0.822573
0.815353
0.804733
0.791591
0.777674
0.764928
0.754943
0.74858
0.745802
0.745907
0.747777
0.75035
0.752788
0.754796
0.756651
0.75907
0.762855
0.768501
0.775881
0.784402
0.793251
0.801796
0.809788
0.817317
0.824559
0.831405
0.837407
0.84187
0.843972
0.843028
0.838787
0.831466
0.821903
0.811714
0.80297
0.797411
0.795538
0.796336
0.797894
0.798283
0.795985
0.790274
0.781876
0.77312
0.767156
0.766099
0.769855
0.776718
0.78486
0.793074
0.800759
0.807594
0.813483
0.818583
0.823201
0.827688
0.832324
0.837198
0.842267
0.847524
0.852915
0.858098
0.862115
0.863327
0.860035
0.851434
0.8382
0.822335
0.806097
0.790958
0.777136
0.764288
0.752613
0.74339
0.738092
0.737088
0.739386
0.743615
0.749169
0.756257
0.765131
0.775316
0.785579
0.794412
0.800845
0.804765
0.806809
0.807902
0.808915
0.810344
0.812238
0.814371
0.816246
0.817296
0.816872
0.814306
0.809179
0.801564
0.792239
0.782817
0.775613
0.773032
0.776871
0.787465
0.803491
0.822159
0.840022
0.853928
0.86149
0.861428
0.853711
0.839659
0.82161
0.802565
0.785515
0.773059
0.767007
0.767778
0.774099
0.783454
0.793024
0.800694
0.805384
0.806939
0.805761
0.802555
0.798347
0.794349
0.79171
0.791306
0.793441
0.797755
0.803413
0.809437
0.814935
0.819476
0.823101
0.826139
0.828997
0.831789
0.834216
0.835643
0.835135
0.83188
0.825428
0.816062
0.804804
0.793219
0.782742
0.774222
0.767729
0.762833
0.759005
0.755959
0.753628
0.752067
0.751388
0.751629
0.752927
0.755667
0.760341
0.767378
0.776835
0.788185
0.800389
0.812217
0.822458
0.830166
0.834878
0.836618
0.835627
0.832139
0.826224
0.817945
0.807536
0.795527
0.782466
0.768845
0.754976
0.741367
0.729077
0.719765
0.715308
0.717115
0.725802
0.740973
0.761066
0.783481
0.804998
0.82264
0.834546
0.840449
0.841592
0.840043
0.838097
0.837933
0.841225
0.848902
0.860821
0.875415
0.890029
0.901536
0.907002
0.904442
0.893068
0.873359
0.847124
0.817395
0.78807
0.763015
0.745104
0.735687
0.734572
0.74033
0.750555
0.762324
0.772921
0.780764
0.785802
0.789083
0.791817
0.794693
0.797881
0.801703
0.806683
0.813229
0.821556
0.83133
0.841406
0.849898
0.854721
0.85426
0.847868
0.835971
0.819863
0.801316
0.782204
0.764199
0.748681
0.736705
0.729097
0.726414
0.728742
0.735528
0.745446
0.756726
0.767852
0.777898
0.786599
0.794226
0.80125
0.808177
0.815515
0.823867
0.833848
0.845688
0.858927
0.872285
0.883919
0.891973
0.895005
0.892275
0.883825
0.8704
0.853267
0.833943
0.81394
0.794639
0.777311
0.763115
0.753141
0.748154
0.748698
0.754732
0.765471
0.779214
0.79352
0.805757
0.813828
0.816716
0.814645
0.808573
0.799688
0.788984
0.777193
0.765102
0.753946
0.745364
0.741149
0.742536
0.749675
0.761432
0.775786
0.790413
0.803207
0.812537
0.817293
0.816774
0.810874
0.800202
0.786286
0.771556
0.758985
0.75148
0.751211
0.758906
0.773676
0.793152
0.814219
0.833655
0.848976
0.858764
0.862744
0.86147
0.856092
0.847881
0.838021
0.82761
0.817669
0.809058
0.802374
0.797825
0.795154
0.793757
0.793018
0.792583
0.792317
0.792072
0.791507
0.790178
0.787882
0.78474
0.781317
0.778469
0.777237
0.778554
0.783115
0.790955
0.801158
0.811955
0.821118
0.826731
0.827843
0.824666
0.818201
0.809742
0.800335
0.790543
0.780829
0.771924
0.764963
0.761339
0.762261
0.768135
0.77825
0.790905
0.803878
0.81508
0.823098
0.827345
0.828014
0.825899
0.82212
0.817824
0.813885
0.810436
0.806884
0.802229
0.795629
0.787066
0.777666
0.769495
0.764581
0.763831
0.766875
0.772333
0.778623
0.784474
0.789016
0.791839
0.792978
0.792813
0.791985
0.791204
0.791132
0.792253
0.794665
0.798218
0.802604
0.807504
0.8126
0.817605
0.822096
0.82546
0.827111
0.826747
0.824525
0.820986
0.816847
0.812655
0.808664
0.804908
0.801449
0.798504
0.796455
0.795935
0.79776
