1.21015
1.22428
1.2408
1.25815
1.27421
1.28661
1.29317
1.29225
1.28313
1.26613
1.2428
1.21642
1.19246
1.17772
1.17737
1.19145
1.21498
1.24112
1.26374
1.27807
1.28106
1.27194
1.25225
1.22535
1.19521
1.16581
1.14038
1.12108
1.10869
1.10277
1.10185
1.10429
1.10882
1.11517
1.12396
1.13619
1.15242
1.17197
1.19242
1.20991
1.22013
1.21971
1.20748
1.18506
1.15659
1.12726
1.10167
1.08306
1.07343
1.07398
1.08483
1.10431
1.12933
1.15661
1.18388
1.21006
1.23442
1.25575
1.27224
1.28187
1.28318
1.2758
1.26076
1.2406
1.21917
1.20089
1.18977
1.18847
1.19753
1.21521
1.23802
1.2617
1.28229
1.29698
1.30453
1.30499
1.29904
1.28757
1.27118
1.25034
1.22573
1.19847
1.17044
1.14411
1.12201
1.10648
1.09907
1.10027
1.10925
1.12395
1.14155
1.15916
1.17469
1.18722
1.19712
1.20565
1.2143
1.22412
1.23539
1.24749
1.25905
1.26838
1.2739
1.27433
1.26901
1.25803
1.24251
1.22434
1.20562
1.18795
1.17215
1.15836
1.14633
1.13565
1.12575
1.11617
1.10681
1.09794
1.09015
1.08395
1.07966
1.07732
1.07703
1.07903
1.08392
1.09262
1.10596
1.12428
1.14696
1.17254
1.19909
1.22449
1.24662
1.26355
1.27379
1.27673
1.27283
1.26387
1.25264
1.24226
1.23531
1.23322
1.23604
1.2426
1.25084
1.25839
1.26324
1.26436
1.2618
1.25637
1.249
1.2403
1.23044
1.21937
1.20695
1.19332
1.17913
1.16596
1.15618
1.15216
1.15553
1.16667
1.1847
1.20764
1.23273
1.25671
1.2765
1.28948
1.29392
1.28914
1.27536
1.25324
1.22343
1.18681
1.14531
1.10217
1.06184
1.02919
1.00855
1.00336
1.01567
1.04563
1.09078
1.14599
1.20393
1.25668
1.29758
1.32273
1.33116
1.32435
1.30522
1.27725
1.24387
1.20815
1.17302
1.14095
1.11375
1.09275
1.07925
1.07465
1.08018
1.09603
1.1208
1.1517
1.18546
1.21925
1.25129
1.28064
1.30649
1.32796
1.34418
1.35446
1.35828
1.3552
1.34505
1.32805
1.30489
1.2768
1.24538
1.21253
1.18024
1.15069
1.12589
1.10765
1.09734
1.09565
1.10219
1.11507
1.1311
1.14681
1.15952
1.16807
1.17316
1.17713
1.18309
1.1938
1.21042
1.23207
1.256
1.27861
1.29619
1.3057
1.30525
1.29483
1.27644
1.25383
1.23154
1.21369
1.20247
1.19779
1.19772
1.19933
1.19978
1.19686
1.1895
1.17746
1.16129
1.1419
1.12038
1.09809
1.07687
1.05929
1.04846
1.04727
1.05731
1.07796
1.10672
1.13966
1.17267
1.20241
1.22716
1.24718
1.26425
1.28024
1.29582
1.31018
1.32203
1.33027
1.33444
1.33429
1.32964
1.32026
1.30594
1.28681
1.26378
1.23867
1.21406
1.19262
1.17618
1.16542
1.16026
1.16009
1.164
1.1705
1.17743
1.18221
1.1822
1.17534
1.16071
1.13884
1.11217
1.08474
1.06167
1.04799
1.04737
1.06106
1.08782
1.12431
1.166
1.20783
1.24509
1.27388
1.2916
1.2973
1.2919
1.27835
1.26119
1.2454
1.23488
1.23098
1.232
1.23426
1.23412
1.22957
1.22083
1.20991
1.19956
1.19218
1.18903
1.1898
1.19299
1.19651
1.19868
1.19872
1.19709
1.19508
1.19397
1.19413
1.19484
1.19459
1.19171
1.18515
1.17464
1.16093
1.14565
1.131
1.11937
1.1127
1.11181
1.11609
1.12394
1.13351
1.14345
1.15307
1.16204
1.17015
1.17722
1.18324
1.18865
1.19431
1.20142
1.21084
1.22212
1.23345
1.24228
1.24626
1.24417
1.23635
1.22498
1.21383
1.20735
1.20878
1.21863
1.23448
1.25258
1.2697
1.28375
1.29338
1.29705
1.29283
1.27889
1.25433
1.21995
1.17867
1.13535
1.09617
1.06737
1.05368
1.05685
1.07524
1.10434
1.13818
1.17096
1.1984
1.21824
1.2305
1.23691
1.24019
1.24328
1.24817
1.25517
1.26276
1.26818
1.26857
1.26202
1.24834
1.22909
1.20739
1.18713
1.1724
1.16671
1.17224
1.18927
1.21589
1.24832
1.28188
1.31218
1.33574
1.3503
1.3546
1.34851
1.33289
1.30926
1.27947
1.24538
1.20854
1.17039
1.13252
1.09691
1.06596
1.04231
1.02835
1.02552
1.03384
1.05183
1.07679
1.10546
1.13465
1.16187
1.18563
1.20522
1.22018
1.23011
1.23461
1.2334
1.22659
1.2151
1.20089
1.18678
1.17582
1.17025
1.17107
1.17786
1.18931
1.20361
1.21867
1.2318
1.24003
1.24107
1.23425
1.22116
1.20524
1.19057
1.18053
1.17719
1.18111
1.1913
1.20543
1.22041
1.23332
1.24231
1.24704
1.24831
1.24729
1.24527
1.24354
1.24374
1.24742
1.25569
1.26854
1.28462
1.30134
1.31553
1.32408
1.32448
1.31523
1.29595
1.26775
1.23327
1.1965
1.16219
1.13476
1.11725
1.11064
1.11367
1.12341
1.13602
1.14784
1.15631
1.16059
1.16186
1.16279
1.16662
1.17574
1.19049
1.20885
1.22732
1.24219
1.2505
1.25059
1.24196
1.22516
1.20165
1.17357
1.14348
1.11406
1.08776
1.06691
1.05353
1.04933
1.05515
1.07039
1.09302
1.12003
1.14808
1.1739
1.1947
1.20861
1.21498
1.21439
1.20864
1.20037
1.19289
1.18948
1.19277
1.20387
1.22204
1.24496
1.2694
1.2917
1.3088
1.31866
1.3205
1.31455
1.30178
1.28361
1.26177
1.23841
1.21615
1.1974
1.18373
1.17537
1.17139
1.17051
1.17176
1.1751
1.18102
1.1898
1.20084
1.21244
1.22239
1.22865
1.2297
1.2246
1.21326
1.19658
1.17637
1.1554
1.13705
1.12483
1.12155
1.12868
1.14554
1.16904
1.1944
1.21661
1.23199
1.23922
1.23948
1.23585
1.23216
1.23165
1.2358
1.24395
1.25384
1.26258
1.26771
1.268
1.26389
1.25721
1.25042
1.24504
1.24035
1.23386
1.22303
1.2071
1.18739
1.16651
1.14739
1.13241
1.12287
1.1187
1.11886
1.12167
1.12553
1.12918
1.13219
1.13498
1.1386
1.14428
1.15275
1.16382
1.1766
1.18988
1.20269
1.21468
1.22598
1.23684
1.24711
1.25611
1.26281
1.26596
1.26454
1.25818
1.2472
1.23285
1.21757
1.20446
1.19612
1.19331
1.1945
1.19684
1.19742
1.19398
1.18541
1.17281
1.15968
1.15073
1.14915
1.15478
1.16508
1.17729
1.18961
1.20114
1.21139
1.22023
1.22787
1.2348
1.24153
1.24849
1.2558
1.2634
1.27129
1.27937
1.28715
1.29317
1.29499
1.29005
1.27715
1.2573
1.2335
1.20915
1.18644
1.1657
1.14643
1.12892
1.11509
1.10714
1.10563
1.10908
1.11542
1.12375
1.13439
1.1477
1.16297
1.17837
1.19162
1.20127
1.20715
1.21021
1.21185
1.21337
1.21552
1.21836
1.22156
1.22437
1.22594
1.22531
1.22146
1.21377
1.20235
1.18836
1.17423
1.16342
1.15955
1.16531
1.1812
1.20524
1.23324
1.26003
1.28089
1.29224
1.29214
1.28057
1.25949
1.23242
1.20385
1.17827
1.15959
1.15051
1.15167
1.16115
1.17518
1.18954
1.20104
1.20808
1.21041
1.20864
1.20383
1.19752
1.19152
1.18756
1.18696
1.19016
1.19663
1.20512
1.21415
1.2224
1.22921
1.23465
1.23921
1.2435
1.24768
1.25132
1.25346
1.2527
1.24782
1.23814
1.22409
1.20721
1.18983
1.17411
1.16133
1.15159
1.14425
1.13851
1.13394
1.13044
1.1281
1.12708
1.12744
1.12939
1.1335
1.14051
1.15107
1.16525
1.18228
1.20058
1.21833
1.23369
1.24525
1.25232
1.25493
1.25344
1.24821
1.23934
1.22692
1.2113
1.19329
1.1737
1.15327
1.13246
1.11205
1.09361
1.07965
1.07296
1.07567
1.0887
1.11146
1.1416
1.17522
1.2075
1.23396
1.25182
1.26067
1.26239
1.26006
1.25715
1.2569
1.26184
1.27335
1.29123
1.31312
1.33504
1.3523
1.3605
1.35666
1.3396
1.31004
1.27069
1.22609
1.18211
1.14452
1.11766
1.10353
1.10186
1.1105
1.12583
1.14349
1.15938
1.17115
1.1787
1.18363
1.18773
1.19204
1.19682
1.20255
1.21002
1.21984
1.23233
1.247
1.26211
1.27485
1.28208
1.28139
1.2718
1.25396
1.22979
1.20197
1.17331
1.1463
1.12302
1.10506
1.09365
1.08962
1.09311
1.10329
1.11817
1.13509
1.15178
1.16685
1.1799
1.19134
1.20188
1.21227
1.22327
1.2358
1.25077
1.26853
1.28839
1.30843
1.32588
1.33796
1.34251
1.33841
1.32574
1.3056
1.2799
1.25092
1.22091
1.19196
1.16597
1.14467
1.12971
1.12223
1.12305
1.1321
1.14821
1.16882
1.19028
1.20864
1.22074
1.22507
1.22197
1.21286
1.19953
1.18348
1.16579
1.14765
1.13092
1.11805
1.11172
1.1138
1.12451
1.14215
1.16368
1.18562
1.20481
1.21881
1.22594
1.22516
1.21631
1.2003
1.17943
1.15733
1.13848
1.12722
1.12682
1.13836
1.16051
1.18973
1.22133
1.25048
1.27346
1.28815
1.29412
1.29221
1.28414
1.27182
1.25703
1.24141
1.2265
1.21359
1.20356
1.19674
1.19273
1.19064
1.18953
1.18887
1.18848
1.18811
1.18726
1.18527
1.18182
1.17711
1.17198
1.1677
1.16586
1.16783
1.17467
1.18643
1.20174
1.21793
1.23168
1.2401
1.24176
1.237
1.2273
1.21461
1.2005
1.18581
1.17124
1.15789
1.14744
1.14201
1.14339
1.1522
1.16737
1.18636
1.20582
1.22262
1.23465
1.24102
1.24202
1.23885
1.23318
1.22674
1.22083
1.21565
1.21033
1.20334
1.19344
1.1806
1.1665
1.15424
1.14687
1.14575
1.15031
1.1585
1.16793
1.17671
1.18352
1.18776
1.18947
1.18922
1.18798
1.18681
1.1867
1.18838
1.192
1.19733
1.20391
1.21126
1.2189
1.22641
1.23314
1.23819
1.24067
1.24012
1.23679
1.23148
1.22527
1.21898
1.213
1.20736
1.20217
1.19776
1.19468
1.1939
1.19664
