-5.46182
-5.4615
-5.4615
-5.46118
-5.46118
-5.46118
-5.4628
-5.46377
-5.46409
-5.46345
-5.4615
-5.46247
-5.46182
-5.46311
-5.46279
-5.46409
-5.46409
-5.46409
-5.46345
-5.45989
-5.45859
-5.45924
-5.4615
-5.46117
-5.45988
-5.4602
-5.4589
-5.45987
-5.45825
-5.45793
-5.46117
-5.46117
-5.46052
-5.4602
-5.45987
-5.45922
-5.45922
-5.46084
-5.45955
-5.46117
-5.46053
-5.46215
-5.46215
-5.46182
-5.46214
-5.4602
-5.45858
-5.45858
-5.45922
-5.45987
-5.45955
-5.45988
-5.46053
-5.45891
-5.45923
-5.45858
-5.45956
-5.46053
-5.45891
-5.45924
-5.45924
-5.46053
-5.45924
-5.45923
-5.45858
-5.4602
-5.45923
-5.46084
-5.46246
-5.4602
-5.45988
-5.45955
-5.46053
-5.46376
-5.46182
-5.46344
-5.46311
-5.46409
-5.46409
-5.46409
-5.4602
-5.45858
-5.45793
-5.45825
-5.46052
-5.45955
-5.4589
-5.46181
-5.46278
-5.46246
-5.46376
-5.46376
-5.46344
-5.46344
-5.46408
-5.46149
-5.46214
-5.46117
-5.46019
-5.4602
-5.46084
-5.4602
-5.45955
-5.45761
-5.45793
-5.46052
-5.4589
-5.45858
-5.45987
-5.46084
-5.46473
-5.46181
-5.46311
-5.46052
-5.45987
-5.46149
-5.45987
-5.45857
-5.45954
-5.4589
-5.45987
-5.46019
-5.4576
-5.45728
-5.45793
-5.45663
-5.45598
-5.4576
-5.45857
-5.4589
-5.45922
-5.45987
-5.46085
-5.46214
-5.46311
-5.46376
-5.46473
-5.46635
-5.46764
-5.46797
-5.46602
-5.46505
-5.46505
-5.46732
-5.46732
-5.46441
-5.46506
-5.46311
-5.46182
-5.46214
-5.46376
-5.46311
-5.46214
-5.46344
-5.46214
-5.46214
-5.46214
-5.46278
-5.46311
-5.4631
-5.46246
-5.46148
-5.46213
-5.46213
-5.45987
-5.46052
-5.46052
-5.4602
-5.46182
-5.46311
-5.46247
-5.46149
-5.46117
-5.4602
-5.45858
-5.46246
-5.46051
-5.45857
-5.45954
-5.46018
-5.4618
-5.45986
-5.45857
-5.45825
-5.45988
-5.45923
-5.45956
-5.46086
-5.45956
-5.45956
-5.45826
-5.45826
-5.45794
-5.45729
-5.45696
-5.45826
-5.45793
-5.45955
-5.45761
-5.45858
-5.45793
-5.45793
-5.45761
-5.45761
-5.45923
-5.4602
-5.46117
-5.46182
-5.46052
-5.46182
-5.46052
-5.45955
-5.46117
-5.46085
-5.45955
-5.46052
-5.4602
-5.46085
-5.46376
-5.46376
-5.46246
-5.46214
-5.46149
-5.45987
-5.46051
-5.46019
-5.45987
-5.45857
-5.45955
-5.46052
-5.46246
-5.46343
-5.46181
-5.46116
-5.45986
-5.46278
-5.46342
-5.46245
-5.46246
-5.46343
-5.46311
-5.46117
-5.46117
-5.46052
-5.46181
-5.46149
-5.46019
-5.45986
-5.45954
-5.45792
-5.46019
-5.45922
-5.45922
-5.46019
-5.45987
-5.45922
-5.45954
-5.45954
-5.4576
-5.45727
-5.45824
-5.4576
-5.45727
-5.45856
-5.45792
-5.45824
-5.45792
-5.45954
-5.45728
-5.46052
-5.4589
-5.46148
-5.46342
-5.46472
-5.46407
-5.46278
-5.46505
-5.46343
-5.4631
-5.46181
-5.46116
-5.46148
-5.46148
-5.45889
-5.45954
-5.46019
-5.45759
-5.45565
-5.45792
-5.45889
-5.45662
-5.45662
-5.45533
-5.45371
-5.45339
-5.45501
-5.45727
-5.45857
-5.45986
-5.45954
-5.46148
-5.46245
-5.45986
-5.46018
-5.46018
-5.46017
-5.45921
-5.45694
-5.45889
-5.45857
-5.45857
-5.45857
-5.45954
-5.45987
-5.46084
-5.45921
-5.46018
-5.45953
-5.45921
-5.4563
-5.45727
-5.45954
-5.45857
-5.45987
-5.45954
-5.45954
-5.46051
-5.4618
-5.4618
-5.4631
-5.46278
-5.46148
-5.46116
-5.46019
-5.46148
-5.45921
-5.46148
-5.46278
-5.46148
-5.46051
-5.45987
-5.45598
-5.45695
-5.45727
-5.45792
-5.4563
-5.45598
-5.45565
-5.45565
-5.45662
-5.45662
-5.4563
-5.45857
-5.46051
-5.45889
-5.45954
-5.46019
-5.46181
-5.46084
-5.46148
-5.46213
-5.46019
-5.46019
-5.45987
-5.45922
-5.46149
-5.46311
-5.46279
-5.46343
-5.46278
-5.46343
-5.46278
-5.46472
-5.46213
-5.46052
-5.46019
-5.46084
-5.46116
-5.46116
-5.46116
-5.46117
-5.46213
-5.46116
-5.45922
-5.46083
-5.46115
-5.46115
-5.46277
-5.46179
-5.46083
-5.45824
-5.45824
-5.45889
-5.46214
-5.46376
-5.4644
-5.46343
-5.46375
-5.46472
-5.46537
-5.46278
-5.46213
-5.46311
-5.46214
-5.46505
-5.4657
-5.46602
-5.46439
-5.46277
-5.46018
-5.45888
-5.45986
-5.45856
-5.45986
-5.45824
-5.45954
-5.45857
-5.4589
-5.45987
-5.46117
-5.4602
-5.45922
-5.45922
-5.46149
-5.46116
-5.46181
-5.45987
-5.45986
-5.45857
-5.45921
-5.45921
-5.45824
-5.45889
-5.45824
-5.45857
-5.45857
-5.45987
-5.45954
-5.46084
-5.46084
-5.46181
-5.46246
-5.46279
-5.46182
-5.46085
-5.45891
-5.45923
-5.4589
-5.45696
-5.45761
-5.45761
-5.4589
-5.4602
-5.45923
-5.46117
-5.46182
-5.4615
-5.46085
-5.46214
-5.46117
-5.46052
-5.46214
-5.46311
-5.46246
-5.4644
-5.46408
-5.46311
-5.46278
-5.46343
-5.46311
-5.4644
-5.46181
-5.4631
-5.46051
-5.46213
-5.45921
-5.45954
-5.45889
-5.45792
-5.45759
-5.45792
-5.45857
-5.45954
-5.45825
-5.45857
-5.45857
-5.45857
-5.4576
-5.4576
-5.45986
-5.45694
-5.45662
-5.45662
-5.45597
-5.45662
-5.45889
-5.46084
-5.46148
-5.46375
-5.46375
-5.46245
-5.46083
-5.46148
-5.46083
-5.45986
-5.45954
-5.45986
-5.45889
-5.45954
-5.45922
-5.45987
-5.45987
-5.46019
-5.46148
-5.46051
-5.46018
-5.45856
-5.45953
-5.45856
-5.45953
-5.45921
-5.45856
-5.45953
-5.46115
-5.46115
-5.45857
-5.4563
-5.45857
-5.45954
-5.45987
-5.45954
-5.45792
-5.45759
-5.45824
-5.45759
-5.45856
-5.45921
-5.45857
-5.45824
-5.4576
-5.45889
-5.45987
-5.45922
-5.45792
-5.45792
-5.45598
-5.45597
-5.45986
-5.46115
-5.46018
-5.46147
-5.45985
-5.4618
-5.46018
-5.4605
-5.46309
-5.46568
-5.46568
-5.46471
-5.46407
-5.46472
-5.4631
-5.46148
-5.46148
-5.45954
-5.45889
-5.46213
-5.46569
-5.4631
-5.46212
-5.46115
-5.46407
-5.46504
-5.46278
-5.4631
-5.46213
-5.46149
-5.46213
-5.46278
-5.46116
-5.46018
-5.45986
-5.45889
-5.45824
-5.4563
-5.4563
-5.45921
-5.45824
-5.45759
-5.46018
-5.46213
-5.46116
-5.46181
-5.45987
-5.46116
-5.45987
-5.46181
-5.46051
-5.45889
-5.46213
-5.46116
-5.46181
-5.46375
-5.4631
-5.46278
-5.4644
-5.46278
-5.46181
-5.46148
-5.46407
-5.46472
-5.4631
-5.46375
-5.46246
-5.46084
-5.45954
-5.4589
-5.45954
-5.46084
-5.46149
-5.45922
-5.4576
-5.46052
-5.46343
-5.4644
-5.4644
-5.4644
-5.46343
-5.46116
-5.4589
-5.45987
-5.46052
-5.45987
-5.45987
-5.46052
-5.45954
-5.46019
-5.45954
-5.45792
-5.45825
-5.45663
-5.45728
-5.45631
-5.45598
-5.45792
-5.45954
-5.46051
-5.46084
-5.4631
-5.4644
-5.46278
-5.46375
-5.46084
-5.4631
-5.46181
-5.46149
-5.46246
-5.4644
-5.46408
-5.46246
-5.4631
-5.46375
-5.46375
-5.46181
-5.46245
-5.46278
-5.46342
-5.46213
-5.45954
-5.46051
-5.45986
-5.45954
-5.4618
-5.46245
-5.4644
-5.46472
-5.46375
-5.46408
-5.46375
-5.46342
-5.46245
-5.4618
-5.46245
-5.46018
-5.45954
-5.45921
-5.4618
-5.4631
-5.46116
-5.46084
-5.46019
-5.46213
-5.46375
-5.46342
-5.46471
-5.46601
-5.46536
-5.46374
-5.4618
-5.46148
-5.46051
-5.46019
-5.45921
-5.46213
-5.46213
-5.46115
-5.45953
-5.46082
-5.4592
-5.4592
-5.46179
-5.4605
-5.45986
-5.46051
-5.45889
-5.46051
-5.4618
-5.4618
-5.46083
-5.46244
-5.46147
-5.46179
-5.46211
-5.45952
-5.45791
-5.45758
-5.45694
-5.45823
-5.46115
-5.45985
-5.46018
-5.45985
-5.45791
-5.45823
-5.45532
-5.45694
-5.45953
-5.45953
-5.45791
-5.45823
-5.45823
-5.45758
-5.45791
-5.45694
-5.45402
-5.45402
-5.45337
-5.45305
-5.45499
-5.45532
-5.45402
-5.45434
-5.45758
-5.45985
-5.46211
-5.46276
-5.46276
-5.46406
-5.4618
-5.46212
-5.46342
-5.46212
-5.46277
-5.46212
-5.4618
-5.46277
-5.46245
-5.46245
-5.4618
-5.46504
-5.46536
-5.46536
-5.46407
-5.46244
-5.45921
-5.45823
-5.45985
-5.46244
-5.4618
-5.46148
-5.46148
-5.45857
-5.45792
-5.45857
-5.4618
-5.46213
-5.45986
-5.4618
-5.46244
-5.46212
-5.46244
-5.46018
-5.45954
-5.46083
-5.46278
-5.46375
-5.46473
-5.4657
-5.4657
-5.4631
-5.45986
-5.46051
-5.46083
-5.4618
-5.4618
-5.46051
-5.45921
-5.46051
-5.46052
-5.45922
-5.45987
-5.45793
-5.45922
-5.45987
-5.45857
-5.45889
-5.46116
-5.46116
-5.46116
-5.46407
-5.46278
-5.46019
-5.45954
-5.45955
-5.46149
-5.46278
-5.46343
-5.46116
-5.45987
-5.45792
-5.45695
-5.45468
-5.45306
-5.45209
-5.45371
-5.45436
-5.45662
-5.45727
-5.45825
-5.45857
-5.45663
-5.45598
-5.45631
-5.45728
-5.4563
-5.45566
-5.45566
-5.45857
-5.46116
-5.46343
-5.46375
-5.46117
-5.46052
-5.46085
-5.45728
-5.45858
-5.45922
-5.45954
-5.45954
-5.45792
-5.45857
-5.45954
-5.45954
-5.45889
-5.45986
-5.45857
-5.45857
-5.45986
-5.46051
-5.45954
-5.46019
-5.45955
-5.45761
-5.45728
-5.45728
-5.4576
-5.45922
-5.46084
-5.46246
-5.46375
-5.46245
-5.46116
-5.45921
-5.45824
-5.4576
-5.45825
-5.45857
-5.4589
-5.45793
-5.45922
-5.45825
-5.45955
-5.46052
-5.46052
-5.46181
-5.46181
-5.46148
-5.46245
-5.46148
-5.45825
-5.45922
-5.45955
-5.46117
-5.46085
-5.46117
-5.46053
-5.45955
-5.45955
-5.4589
-5.46084
-5.4589
-5.45858
-5.45987
-5.46052
-5.45793
-5.46052
-5.45988
-5.45891
-5.4589
-5.45988
-5.45923
-5.45793
-5.45826
-5.45729
-5.45826
-5.45664
-5.45761
-5.45663
-5.45728
-5.45922
-5.45793
-5.45793
-5.45761
-5.45923
-5.4615
-5.45923
-5.45988
-5.45955
-5.4589
-5.45664
-5.45534
-5.45566
-5.45631
-5.4589
-5.4602
-5.46052
-5.46019
-5.46149
-5.46247
-5.46214
-5.45956
-5.46053
-5.45988
-5.46021
-5.46053
-5.46118
-5.45923
-5.46085
-5.46149
-5.46052
-5.45761
-5.45793
-5.45761
-5.45664
-5.45761
-5.4576
-5.4589
-5.45857
-5.45793
-5.45987
-5.45955
-5.46181
-5.46084
-5.45955
-5.45987
-5.46052
-5.46084
-5.45987
-5.45954
-5.45857
-5.46052
-5.46084
-5.46019
-5.45987
-5.46246
-5.46246
-5.46019
-5.45955
-5.45987
-5.45987
-5.46052
-5.46084
-5.45857
-5.45793
-5.4589
-5.46084
-5.46117
-5.46116
-5.45922
-5.45857
