9.53037
9.46364
9.38651
9.30791
9.236
9.18203
9.15202
9.15768
9.20155
9.282
9.39167
9.50593
9.61045
9.66837
9.66617
9.59737
9.49042
9.37297
9.27442
9.22183
9.21804
9.26746
9.36384
9.50129
9.65759
9.80847
9.94524
10.0485
10.1237
10.1634
10.168
10.159
10.136
10.0983
10.045
9.97379
9.88163
9.77112
9.66415
9.56607
9.50783
9.49477
9.54083
9.63625
9.76094
9.89805
10.0206
10.1102
10.1587
10.1613
10.1188
10.0345
9.92221
9.80212
9.67562
9.555
9.43925
9.3384
9.26685
9.2238
9.22049
9.25459
9.32926
9.42385
9.52472
9.60515
9.65739
9.65825
9.611
9.53182
9.42363
9.30987
9.2058
9.12254
9.08298
9.06902
9.09041
9.13689
9.21091
9.30811
9.4337
9.56858
9.70665
9.83649
9.94384
10.029
10.0763
10.0758
10.0425
9.9834
9.90437
9.82435
9.75076
9.68681
9.63107
9.58749
9.53628
9.48402
9.4266
9.36536
9.30742
9.26473
9.24164
9.24656
9.27457
9.32474
9.4058
9.49692
9.58775
9.67492
9.74713
9.82432
9.88315
9.94301
9.99349
10.0357
10.0821
10.1237
10.1539
10.1792
10.1911
10.1946
10.1944
10.1784
10.1472
10.1036
10.0388
9.94832
9.84151
9.72482
9.60546
9.49216
9.3943
9.32022
9.27746
9.26823
9.28831
9.32865
9.37873
9.42606
9.46193
9.47293
9.45885
9.42217
9.38203
9.3506
9.32302
9.31771
9.32789
9.34857
9.37686
9.41802
9.46671
9.51701
9.5793
9.64364
9.70881
9.76571
9.80583
9.8187
9.79804
9.74187
9.65059
9.53878
9.42313
9.30743
9.21427
9.15536
9.13413
9.15877
9.23175
9.34605
9.49526
9.67644
9.87945
10.0747
10.2657
10.4174
10.5034
10.5157
10.4433
10.2971
10.0807
9.81802
9.54103
9.29524
9.10405
8.98585
8.95327
8.99146
9.0926
9.23464
9.40441
9.58631
9.76457
9.92414
10.0629
10.1665
10.2408
10.2655
10.2453
10.1746
10.0619
9.91785
9.75409
9.5882
9.42741
9.27782
9.14761
9.03186
8.94682
8.89039
8.86093
8.87069
8.91852
8.99624
9.10803
9.24275
9.38932
9.54935
9.70908
9.8531
9.97448
10.0663
10.1155
10.1264
10.0991
10.0444
9.96917
9.89363
9.82742
9.77985
9.75153
9.72492
9.69058
9.62673
9.54305
9.44236
9.33102
9.2252
9.14648
9.10923
9.11361
9.16503
9.2487
9.35554
9.46363
9.55036
9.60741
9.6373
9.63679
9.63393
9.6322
9.64156
9.67258
9.72473
9.79345
9.87792
9.97679
10.076
10.1676
10.2463
10.2938
10.2945
10.2492
10.1538
10.0227
9.86706
9.71769
9.56902
9.45189
9.3464
9.25658
9.17532
9.10312
9.04062
8.9842
8.95445
8.94203
8.95256
8.98298
9.03313
9.10605
9.20534
9.31384
9.43023
9.54998
9.65287
9.72281
9.76849
9.79465
9.79227
9.77399
9.74528
9.713
9.68799
9.68504
9.71671
9.78457
9.88877
10.0092
10.1342
10.2459
10.3073
10.3089
10.2441
10.1205
9.95393
9.75328
9.55587
9.37809
9.23885
9.14832
9.11467
9.13102
9.19137
9.2645
9.33759
9.38911
9.41906
9.41982
9.41196
9.42054
9.44199
9.48394
9.53364
9.57795
9.60801
9.6222
9.61632
9.60366
9.59208
9.58522
9.59042
9.59994
9.6215
9.63222
9.64229
9.65793
9.67862
9.71058
9.76537
9.82539
9.89846
9.97454
10.049
10.1034
10.1321
10.131
10.1015
10.0556
10.0004
9.93638
9.87382
9.82208
9.77014
9.72422
9.68259
9.65151
9.6182
9.58122
9.54287
9.49509
9.45042
9.41944
9.40449
9.41788
9.46012
9.51457
9.56898
9.59803
9.593
9.543
9.47387
9.3901
9.30619
9.2335
9.18258
9.16142
9.17833
9.2412
9.35096
9.50912
9.69934
9.88898
10.0604
10.1836
10.2333
10.2112
10.1194
9.98229
9.81803
9.65777
9.51776
9.41826
9.35894
9.33429
9.32601
9.32256
9.31668
9.3125
9.30417
9.30314
9.32841
9.37442
9.45445
9.55639
9.66931
9.77095
9.84486
9.8704
9.8359
9.75049
9.61285
9.45267
9.27895
9.12401
8.99723
8.91196
8.87566
8.89552
8.96348
9.0708
9.20616
9.37122
9.54994
9.74207
9.92911
10.1078
10.2591
10.3758
10.4475
10.4617
10.4248
10.3387
10.2189
10.0773
9.93569
9.79921
9.68218
9.58406
9.51023
9.46254
9.44455
9.45403
9.49144
9.54438
9.60942
9.6755
9.71969
9.73884
9.72454
9.68189
9.62251
9.54419
9.46695
9.40309
9.36489
9.35774
9.39348
9.45913
9.53505
9.60913
9.66766
9.69131
9.68744
9.65622
9.60449
9.54472
9.49381
9.45427
9.43994
9.43078
9.43861
9.44007
9.44812
9.43888
9.41501
9.37086
9.305
9.22416
9.14119
9.07094
9.03351
9.03199
9.07758
9.17082
9.30822
9.47276
9.6428
9.81266
9.94507
10.0308
10.0673
10.0555
10.0078
9.94562
9.88779
9.83979
9.8143
9.80472
9.79772
9.77401
9.73127
9.66591
9.58436
9.50172
9.43852
9.40152
9.40419
9.44479
9.52456
9.63498
9.76492
9.90961
10.0502
10.1792
10.2769
10.3435
10.3626
10.3373
10.2684
10.1607
10.0298
9.89627
9.77743
9.68005
9.60382
9.56486
9.55929
9.57932
9.61432
9.64377
9.65329
9.63592
9.58025
9.49366
9.38861
9.27647
9.17492
9.09299
9.04508
9.03784
9.06807
9.12695
9.21468
9.31439
9.4116
9.50868
9.59412
9.6511
9.68979
9.69988
9.70262
9.69037
9.66342
9.62537
9.58139
9.53135
9.48003
9.43497
9.41286
9.41535
9.44244
9.50155
9.58094
9.66613
9.75215
9.83803
9.89157
9.9043
9.86225
9.78199
9.68035
9.56589
9.46922
9.40298
9.37092
9.37081
9.39407
9.41738
9.42626
9.41642
9.38765
9.35255
9.31603
9.28635
9.28369
9.29752
9.31422
9.33265
9.35225
9.36672
9.39624
9.43908
9.51154
9.59565
9.69441
9.7888
9.85698
9.91265
9.94258
9.95139
9.95401
9.95055
9.94222
9.94178
9.93859
9.92785
9.89937
9.86058
9.81278
9.74993
9.68653
9.62351
9.56158
9.50023
9.43789
9.37745
9.32543
9.29198
9.27491
9.27003
9.28877
9.33344
9.39563
9.46214
9.52137
9.56275
9.58032
9.57358
9.56262
9.56228
9.57834
9.61543
9.67401
9.73223
9.77664
9.79303
9.77508
9.74131
9.69377
9.64844
9.60418
9.55916
9.51924
9.48387
9.45092
9.41251
9.3735
9.33803
9.29502
9.25973
9.21388
9.17982
9.15472
9.14868
9.17309
9.23963
9.34099
9.4557
9.57304
9.6839
9.78846
9.87807
9.9573
10.0169
10.0532
10.063
10.042
10.0102
9.96734
9.90802
9.84053
9.76227
9.68823
9.62775
9.58183
9.55586
9.54475
9.544
9.54569
9.54392
9.54671
9.54503
9.54415
9.5417
9.5507
9.57923
9.61908
9.67376
9.73143
9.78764
9.83086
9.83768
9.80022
9.72072
9.60635
9.4745
9.34426
9.2426
9.18353
9.17905
9.21963
9.31129
9.43338
9.5644
9.67577
9.76248
9.80267
9.79176
9.75279
9.69318
9.63046
9.58691
9.55822
9.55362
9.5724
9.60832
9.64582
9.687
9.71457
9.72467
9.721
9.69697
9.65727
9.6123
9.56344
9.51515
9.48091
9.44679
9.41602
9.39059
9.3644
9.35424
9.34948
9.36352
9.40697
9.47578
9.55534
9.64035
9.72177
9.78989
9.84836
9.90061
9.93873
9.97184
9.99772
10.0113
10.0203
10.0239
10.014
9.98529
9.94299
9.88241
9.80712
9.71895
9.62102
9.53275
9.44948
9.38177
9.34145
9.31945
9.32168
9.34326
9.38146
9.44121
9.51686
9.60669
9.6965
9.7973
9.90028
10.0031
10.0958
10.1695
10.2032
10.1871
10.1211
10.0179
9.88072
9.72725
9.58607
9.46572
9.38055
9.32955
9.31687
9.32822
9.33331
9.32953
9.30477
9.24936
9.17175
9.07321
8.97078
8.88832
8.84881
8.86363
8.93832
9.07177
9.25535
9.46441
9.66306
9.83456
9.95729
10.0253
10.0398
10.0071
9.93719
9.85781
9.78682
9.72794
9.69217
9.66065
9.63434
9.61148
9.58247
9.54452
9.50387
9.4533
9.38608
9.32102
9.26006
9.20873
9.18341
9.19144
9.24219
9.33224
9.45739
9.59687
9.7413
9.87545
9.99458
10.0869
10.1466
10.1658
10.1516
10.102
10.0332
9.95234
9.87199
9.80201
9.73668
9.67544
9.61621
9.56148
9.50311
9.43676
9.35401
9.26084
9.16082
9.0663
8.99159
8.93839
8.91831
8.94683
9.00445
9.09789
9.21757
9.35289
9.49605
9.62882
9.74654
9.84404
9.91356
9.94494
9.94363
9.90258
9.82756
9.73453
9.64209
9.56093
9.51161
9.50123
9.52249
9.57188
9.64117
9.72077
9.80711
9.89326
9.97049
10.0319
10.0599
10.0478
9.99175
9.90148
9.78941
9.67592
9.57584
9.50435
9.46245
9.46529
9.50377
9.57875
9.68018
9.78556
9.87933
9.93879
9.9451
9.89962
9.8086
9.67347
9.52602
9.38384
9.27161
9.1945
9.15933
9.16191
9.19255
9.24646
9.30829
9.38432
9.45526
9.51479
9.56332
9.60466
9.6218
9.63672
9.64692
9.65197
9.65286
9.65632
9.66244
9.669
9.68369
9.69845
9.71954
9.73024
9.73417
9.7178
9.67803
9.62517
9.55581
9.48542
9.42359
9.38541
9.38813
9.41398
9.46441
9.52914
9.60365
9.67766
9.74601
9.80628
9.84728
9.86704
9.85749
9.81578
9.74214
9.65241
9.56354
9.49152
9.43321
9.40385
9.39652
9.40816
9.43072
9.46301
9.48618
9.50927
9.53767
9.57871
9.62639
9.68904
9.75901
9.81717
9.85651
9.8654
9.85204
9.8217
9.77782
9.73943
9.70191
9.68107
9.67092
9.66524
9.66323
9.66203
9.65977
9.64948
9.63323
9.6042
9.57425
9.54411
9.51289
9.47679
9.45038
9.43648
9.43004
9.43419
9.45061
9.4735
9.50032
9.53246
9.55912
9.57994
9.59596
9.6117
9.62211
9.62694
9.61446
