-6.67198
-6.68577
-6.7023
-6.71932
-6.73539
-6.74779
-6.75597
-6.75602
-6.74722
-6.72957
-6.70431
-6.6789
-6.65428
-6.64083
-6.64016
-6.65553
-6.67907
-6.70521
-6.72719
-6.73796
-6.73965
-6.73117
-6.71376
-6.68652
-6.65509
-6.62601
-6.59928
-6.58095
-6.56695
-6.5607
-6.56302
-6.56546
-6.56934
-6.57537
-6.58383
-6.59541
-6.61164
-6.63281
-6.65197
-6.67108
-6.68065
-6.68186
-6.66963
-6.64688
-6.61873
-6.58745
-6.56025
-6.54164
-6.53265
-6.53385
-6.54438
-6.56419
-6.58986
-6.61552
-6.64311
-6.66865
-6.69398
-6.71627
-6.73115
-6.74111
-6.74242
-6.73634
-6.72
-6.69983
-6.67775
-6.66109
-6.649
-6.64931
-6.65999
-6.67541
-6.69789
-6.72125
-6.74282
-6.76075
-6.76635
-6.76843
-6.76216
-6.75166
-6.73526
-6.71443
-6.68593
-6.65705
-6.62838
-6.60236
-6.58253
-6.56602
-6.55797
-6.56209
-6.57204
-6.58641
-6.60531
-6.62292
-6.63813
-6.65066
-6.6612
-6.66715
-6.67644
-6.68528
-6.69559
-6.70769
-6.71989
-6.72857
-6.73345
-6.73194
-6.72694
-6.71855
-6.70141
-6.68291
-6.66549
-6.64879
-6.63688
-6.62017
-6.60944
-6.59617
-6.58562
-6.57766
-6.56667
-6.55651
-6.5497
-6.54285
-6.53953
-6.53751
-6.53463
-6.53631
-6.54185
-6.54925
-6.56194
-6.58188
-6.60553
-6.63144
-6.65831
-6.68437
-6.70747
-6.72569
-6.73691
-6.74049
-6.73756
-6.73021
-6.72028
-6.71023
-6.70133
-6.69827
-6.70109
-6.70992
-6.71815
-6.7228
-6.72829
-6.72747
-6.72362
-6.71851
-6.71275
-6.70341
-6.69258
-6.68281
-6.66909
-6.65546
-6.64126
-6.62874
-6.61929
-6.61527
-6.61799
-6.62816
-6.64683
-6.66978
-6.69259
-6.71723
-6.73701
-6.74968
-6.75573
-6.75225
-6.73783
-6.71473
-6.6846
-6.64701
-6.60389
-6.56463
-6.52236
-6.48776
-6.46809
-6.46355
-6.47747
-6.50549
-6.54935
-6.60424
-6.66381
-6.71591
-6.75714
-6.78358
-6.79072
-6.7839
-6.76349
-6.73551
-6.7018
-6.66544
-6.62998
-6.5992
-6.57169
-6.55229
-6.53685
-6.53323
-6.5381
-6.55396
-6.57841
-6.60931
-6.64469
-6.67945
-6.71246
-6.74245
-6.76701
-6.78978
-6.80471
-6.81402
-6.81945
-6.81605
-6.8046
-6.78858
-6.76509
-6.73765
-6.70914
-6.67628
-6.64271
-6.61282
-6.58738
-6.56752
-6.55785
-6.55584
-6.56206
-6.57364
-6.59064
-6.60733
-6.62198
-6.63151
-6.63497
-6.63829
-6.64295
-6.65658
-6.67385
-6.69452
-6.71846
-6.74204
-6.7593
-6.76686
-6.76642
-6.75535
-6.73825
-6.71531
-6.69173
-6.67355
-6.662
-6.65571
-6.65791
-6.65855
-6.65899
-6.65705
-6.64936
-6.63668
-6.62084
-6.60145
-6.57798
-6.55537
-6.53512
-6.51689
-6.50573
-6.50583
-6.51522
-6.53621
-6.56464
-6.5992
-6.62994
-6.66293
-6.68606
-6.70866
-6.72767
-6.74495
-6.75989
-6.77296
-6.78707
-6.79369
-6.79754
-6.7961
-6.7908
-6.78174
-6.76742
-6.7457
-6.72332
-6.69885
-6.67166
-6.64827
-6.6341
-6.62431
-6.61688
-6.61671
-6.61933
-6.62421
-6.63082
-6.63721
-6.63947
-6.63391
-6.62058
-6.59838
-6.57365
-6.54719
-6.52152
-6.50817
-6.50755
-6.52123
-6.54702
-6.58126
-6.62488
-6.6664
-6.70366
-6.73246
-6.75114
-6.75717
-6.75274
-6.73757
-6.72138
-6.70493
-6.69409
-6.68728
-6.68927
-6.6938
-6.69269
-6.68944
-6.68037
-6.66945
-6.66007
-6.65399
-6.65083
-6.6529
-6.65577
-6.658
-6.65984
-6.65891
-6.65858
-6.65429
-6.65545
-6.6569
-6.65632
-6.6551
-6.65158
-6.64113
-6.63159
-6.6182
-6.60357
-6.5873
-6.57535
-6.56835
-6.56746
-6.57271
-6.58056
-6.58981
-6.60202
-6.61358
-6.62094
-6.62969
-6.63741
-6.64505
-6.64949
-6.65579
-6.66355
-6.67103
-6.68231
-6.69332
-6.7015
-6.70775
-6.70728
-6.69914
-6.68841
-6.67661
-6.67078
-6.67156
-6.68335
-6.69661
-6.7131
-6.72989
-6.74459
-6.75455
-6.75822
-6.754
-6.74005
-6.71646
-6.68111
-6.63789
-6.59618
-6.55732
-6.52852
-6.51644
-6.51864
-6.53607
-6.56258
-6.59642
-6.62986
-6.66053
-6.68199
-6.6949
-6.70034
-6.70394
-6.708
-6.71354
-6.71795
-6.72489
-6.73129
-6.73071
-6.72707
-6.71404
-6.69511
-6.67178
-6.64991
-6.63258
-6.62559
-6.63209
-6.64783
-6.67576
-6.70656
-6.74142
-6.77075
-6.79464
-6.81017
-6.81576
-6.8087
-6.79211
-6.76848
-6.74095
-6.70654
-6.67035
-6.63026
-6.59239
-6.55548
-6.52517
-6.50152
-6.48659
-6.48441
-6.49209
-6.5104
-6.53536
-6.56533
-6.5942
-6.62271
-6.64647
-6.66704
-6.68264
-6.69289
-6.69643
-6.69424
-6.68549
-6.67433
-6.6598
-6.64374
-6.63343
-6.62785
-6.62997
-6.63806
-6.64853
-6.66477
-6.68049
-6.6933
-6.70088
-6.70321
-6.69542
-6.68168
-6.66737
-6.65368
-6.64298
-6.64159
-6.64519
-6.65441
-6.66821
-6.68384
-6.69642
-6.70671
-6.70885
-6.71141
-6.70781
-6.7074
-6.70276
-6.70328
-6.70631
-6.71361
-6.72614
-6.74254
-6.7599
-6.77507
-6.78232
-6.78306
-6.7738
-6.75452
-6.72535
-6.69087
-6.65636
-6.61914
-6.59138
-6.57387
-6.56661
-6.57029
-6.5823
-6.59686
-6.60932
-6.62006
-6.62434
-6.62431
-6.62362
-6.62809
-6.63656
-6.65035
-6.66839
-6.68718
-6.70108
-6.71004
-6.70981
-6.70182
-6.68502
-6.66184
-6.63505
-6.60399
-6.57424
-6.54633
-6.52644
-6.51208
-6.50886
-6.51435
-6.52895
-6.55255
-6.58119
-6.60923
-6.63247
-6.651
-6.66718
-6.67452
-6.67426
-6.66818
-6.65829
-6.65048
-6.64772
-6.65036
-6.66244
-6.68125
-6.70353
-6.72764
-6.74929
-6.76769
-6.77852
-6.77972
-6.77248
-6.7597
-6.73959
-6.71774
-6.69826
-6.6773
-6.65758
-6.64521
-6.63522
-6.63319
-6.63069
-6.63227
-6.6382
-6.6467
-6.65549
-6.66556
-6.67651
-6.68711
-6.69175
-6.69118
-6.68609
-6.6728
-6.65547
-6.6385
-6.62109
-6.60015
-6.58695
-6.5827
-6.59275
-6.61058
-6.63182
-6.6575
-6.67875
-6.69347
-6.70135
-6.70226
-6.697
-6.69234
-6.69151
-6.69468
-6.70219
-6.71014
-6.71888
-6.72692
-6.72624
-6.72148
-6.71739
-6.71255
-6.7062
-6.70216
-6.69373
-6.68419
-6.66697
-6.64919
-6.62702
-6.60628
-6.59454
-6.58403
-6.58051
-6.58261
-6.58477
-6.58831
-6.59358
-6.59497
-6.59678
-6.60009
-6.60836
-6.61747
-6.62692
-6.64035
-6.65233
-6.66353
-6.67423
-6.68487
-6.69638
-6.70795
-6.7176
-6.72203
-6.72356
-6.72506
-6.72161
-6.7116
-6.69726
-6.68197
-6.66789
-6.65728
-6.6522
-6.65437
-6.65736
-6.65729
-6.65385
-6.64593
-6.63236
-6.61987
-6.61027
-6.60707
-6.61303
-6.62171
-6.63457
-6.64592
-6.65712
-6.66931
-6.67977
-6.68839
-6.69564
-6.70463
-6.71288
-6.71857
-6.72715
-6.73212
-6.74248
-6.74895
-6.75466
-6.75745
-6.75446
-6.74123
-6.71976
-6.69661
-6.6729
-6.65019
-6.62751
-6.60889
-6.59169
-6.57851
-6.56926
-6.56517
-6.56959
-6.57529
-6.58329
-6.59619
-6.61015
-6.62737
-6.64309
-6.65537
-6.66534
-6.6709
-6.67364
-6.6743
-6.67518
-6.67797
-6.67854
-6.68109
-6.68358
-6.68775
-6.68841
-6.68262
-6.6746
-6.66254
-6.65049
-6.63797
-6.62684
-6.62426
-6.63131
-6.64656
-6.66898
-6.69504
-6.72151
-6.7414
-6.75242
-6.75136
-6.7427
-6.72161
-6.69357
-6.66338
-6.63909
-6.61879
-6.60971
-6.61346
-6.62165
-6.63504
-6.65004
-6.65993
-6.66858
-6.67221
-6.67044
-6.66466
-6.65996
-6.65299
-6.64936
-6.64907
-6.64968
-6.65454
-6.6627
-6.67109
-6.68063
-6.69036
-6.6945
-6.69938
-6.70335
-6.70559
-6.70956
-6.70878
-6.70964
-6.70735
-6.69767
-6.682
-6.66544
-6.64806
-6.63169
-6.61924
-6.60853
-6.59827
-6.59253
-6.58731
-6.58349
-6.58309
-6.5824
-6.58146
-6.58373
-6.59108
-6.60036
-6.61318
-6.62801
-6.64504
-6.66464
-6.68012
-6.69581
-6.70867
-6.71444
-6.7177
-6.71556
-6.71001
-6.70211
-6.68936
-6.67375
-6.65509
-6.63874
-6.61863
-6.59782
-6.57612
-6.55606
-6.53885
-6.5312
-6.53552
-6.55115
-6.57326
-6.60307
-6.6367
-6.66607
-6.69188
-6.71039
-6.72248
-6.72451
-6.71992
-6.71894
-6.71934
-6.72396
-6.7358
-6.75141
-6.77266
-6.79588
-6.81508
-6.82425
-6.82139
-6.8053
-6.77573
-6.73379
-6.68596
-6.64261
-6.60535
-6.57946
-6.56533
-6.56237
-6.56971
-6.58635
-6.604
-6.6186
-6.63102
-6.63663
-6.64284
-6.64759
-6.65061
-6.65571
-6.66371
-6.67118
-6.681
-6.69641
-6.70977
-6.7223
-6.73439
-6.74163
-6.74288
-6.73459
-6.71739
-6.69096
-6.66184
-6.63123
-6.60325
-6.5777
-6.55812
-6.54574
-6.54333
-6.54747
-6.55992
-6.57544
-6.59333
-6.61035
-6.62347
-6.63588
-6.64765
-6.65915
-6.66857
-6.67893
-6.69146
-6.70934
-6.72969
-6.75182
-6.77218
-6.78704
-6.79848
-6.80335
-6.7957
-6.78431
-6.76482
-6.73944
-6.71046
-6.67883
-6.65053
-6.6255
-6.60421
-6.5886
-6.58209
-6.58161
-6.59067
-6.60807
-6.62933
-6.64983
-6.66883
-6.68029
-6.68268
-6.67925
-6.67014
-6.65713
-6.6427
-6.62663
-6.61011
-6.59467
-6.5805
-6.57288
-6.57302
-6.58276
-6.59974
-6.62192
-6.64419
-6.66371
-6.67673
-6.68516
-6.68341
-6.67586
-6.66082
-6.63995
-6.61914
-6.60028
-6.5887
-6.58927
-6.59984
-6.61876
-6.64895
-6.68088
-6.71165
-6.73431
-6.74932
-6.75464
-6.75176
-6.74369
-6.73072
-6.71788
-6.70032
-6.68508
-6.67346
-6.66408
-6.65467
-6.65325
-6.65051
-6.64843
-6.64778
-6.64835
-6.64734
-6.6452
-6.64353
-6.63911
-6.63537
-6.62861
-6.62531
-6.62249
-6.62511
-6.6339
-6.64436
-6.65967
-6.67554
-6.69091
-6.70159
-6.701
-6.69688
-6.68685
-6.67351
-6.65714
-6.64115
-6.62691
-6.6142
-6.60635
-6.6022
-6.60391
-6.6124
-6.62887
-6.64882
-6.66796
-6.68218
-6.69517
-6.7009
-6.70223
-6.69938
-6.69436
-6.68597
-6.68168
-6.67715
-6.67085
-6.66095
-6.65138
-6.63821
-6.62314
-6.61185
-6.60447
-6.60464
-6.60888
-6.61643
-6.62781
-6.63626
-6.64534
-6.6486
-6.64901
-6.64909
-6.64849
-6.64765
-6.64657
-6.64792
-6.65057
-6.65784
-6.66474
-6.67145
-6.67877
-6.68887
-6.6956
-6.69838
-6.70021
-6.69999
-6.69666
-6.692
-6.68611
-6.67756
-6.67092
-6.66626
-6.66302
-6.65892
-6.65585
-6.65312
-6.65521
