0 12.3999 16.4205
1 11.5442 15.3425
2 10.5392 14.2068
3 10.2139 13.1132
4 9.35705 12.1935
5 8.61458 11.3685
6 8.40487 10.6089
7 8.26816 9.92095
8 8.03483 9.31666
9 7.68327 8.78417
10 7.67342 8.43969
11 7.47013 8.23024
12 7.25298 8.04653
13 7.19454 7.89317
14 7.0749 7.73205
15 6.82405 7.53915
16 6.37162 7.36944
17 6.08943 7.13936
18 5.97471 6.8873
19 5.83914 6.60011
20 5.73565 6.34302
21 5.28203 6.12124
22 5.28203 5.92597
23 5.19867 5.71859
24 5.17518 5.48801
25 5.14363 5.3174
26 5.09182 5.23243
27 5.05467 5.19196
28 5.05467 5.14839
29 5.03285 5.10948
30 5.01598 5.08085
31 4.99855 5.05922
32 4.74052 5.03954
33 4.71725 5.01424
34 4.71725 4.94957
35 4.71725 4.85263
36 4.71725 4.76518
37 4.71725 4.72375
38 4.71725 4.71815
39 4.71725 4.71725
40 4.71725 4.71725
41 4.71725 4.71725
42 4.71725 4.71725
43 4.71725 4.71725
44 4.71725 4.71725
45 4.71725 4.71725
46 4.71725 4.71725
47 4.71725 4.71725
48 4.71725 4.71725
49 4.71725 4.71725
50 4.71725 4.71725
51 4.71725 4.71725
52 4.71725 4.71725
53 4.71725 4.71725
54 4.71725 4.71725
55 4.71725 4.71725
56 4.71725 4.71725
57 4.71725 4.71725
58 4.71725 4.71725
59 4.71725 4.71725
60 4.71725 4.71725
61 4.71725 4.71725
62 4.71725 4.71725
63 4.71725 4.71725
64 4.71725 4.71725
65 4.71725 4.71725
66 4.71725 4.71725
67 4.67677 4.71724
68 4.67677 4.71647
69 4.67677 4.71058
70 4.67677 4.69871
71 4.67677 4.6857
72 4.67677 4.67677
73 4.67677 4.67677
74 4.67677 4.67677
75 4.67677 4.67677
76 4.67677 4.67677
77 4.67677 4.67677
78 4.67677 4.67677
79 4.67677 4.67677
80 4.67677 4.67677
81 4.67677 4.67677
82 4.67677 4.67677
83 4.67677 4.67677
84 4.67677 4.67677
85 4.67677 4.67677
86 4.67677 4.67677
87 4.67677 4.67677
88 4.67677 4.67677
89 4.67677 4.67677
90 4.67677 4.67677
91 4.67677 4.67677
92 4.67677 4.67677
93 4.67677 4.67677
94 4.67677 4.67677
95 4.67677 4.67677
96 4.67677 4.67677
97 4.67677 4.67677
98 4.67677 4.67677
99 4.67677 4.67677
100 4.67677 4.67677
101 4.67677 4.67677
102 4.67677 4.67677
103 4.67677 4.67677
104 4.67677 4.67677
105 4.67677 4.67677
106 4.67677 4.67677
107 4.67677 4.67677
108 4.67677 4.67677
109 4.67677 4.67677
110 4.67677 4.67677
111 4.67677 4.67677
112 4.67677 4.67677
113 4.67677 4.67677
114 4.67677 4.67677
115 4.67677 4.67677
116 4.67677 4.67677
117 4.67677 4.67677
118 4.67677 4.67677
119 4.67677 4.67677
120 4.67677 4.67677
121 4.67677 4.67677
122 4.67677 4.67677
123 4.67677 4.67677
124 4.67677 4.67677
125 4.67677 4.67677
126 4.67677 4.67677
127 4.67677 4.67677
128 4.67677 4.67677
129 4.67677 4.67677
130 4.67677 4.67677
131 4.67677 4.67677
132 4.67677 4.67677
133 4.67677 4.67677
134 4.67677 4.67677
135 4.67677 4.67677
136 4.67677 4.67677
137 4.67677 4.67677
138 4.67677 4.67677
139 4.67677 4.67677
140 4.67677 4.67677
141 4.67677 4.67677
142 4.67677 4.67677
143 4.67677 4.67677
144 4.67677 4.67677
145 4.67677 4.67677
146 4.67677 4.67677
147 4.67677 4.67677
148 4.67677 4.67677
149 4.67677 4.67677
150 4.67677 4.67677
151 4.67677 4.67677
152 4.67677 4.67677
153 4.67677 4.67677
154 4.67677 4.67677
155 4.67677 4.67677
156 4.67677 4.67677
157 4.67677 4.67677
158 4.67677 4.67677
159 4.67677 4.67677
160 4.67677 4.67677
161 4.67677 4.67677
162 4.67677 4.67677
163 4.67677 4.67677
164 4.67677 4.67677
165 4.67677 4.67677
166 4.67677 4.67677
167 4.67677 4.67677
168 4.67677 4.67677
169 4.67677 4.67677
170 4.67677 4.67677
171 4.67677 4.67677
172 4.67677 4.67677
173 4.67677 4.67677
174 4.67677 4.67677
175 4.67677 4.67677
176 4.67677 4.67677
177 4.67677 4.67677
178 4.67677 4.67677
179 4.67677 4.67677
180 4.67677 4.67677
181 4.67677 4.67677
182 4.67677 4.67677
183 4.67677 4.67677
184 4.67677 4.67677
185 4.67677 4.67677
186 4.67677 4.67677
187 4.67677 4.67677
188 4.67677 4.67677
189 4.67677 4.67677
190 4.67677 4.67677
191 4.67677 4.67677
192 4.67677 4.67677
193 4.67677 4.67677
194 4.67677 4.67677
195 4.67677 4.67677
196 4.67677 4.67677
197 4.67677 4.67677
198 4.67677 4.67677
199 4.67677 4.67677
200 4.67677 4.67677
201 4.67677 4.67677
202 4.67677 4.67677
203 4.67677 4.67677
204 4.67677 4.67677
205 4.67677 4.67677
206 4.67677 4.67677
207 4.67677 4.67677
208 4.67677 4.67677
209 4.67677 4.67677
210 4.67677 4.67677
211 4.67677 4.67677
212 4.67677 4.67677
213 4.67677 4.67677
214 4.67677 4.67677
215 4.67677 4.67677
216 4.67677 4.67677
217 4.67677 4.67677
218 4.67677 4.67677
219 4.67677 4.67677
220 4.67677 4.67677
221 4.67677 4.67677
222 4.67677 4.67677
223 4.67677 4.67677
224 4.67677 4.67677
225 4.67677 4.67677
226 4.67677 4.67677
227 4.67677 4.67677
228 4.67677 4.67677
229 4.67677 4.67677
230 4.67677 4.67677
231 4.67677 4.67677
232 4.67677 4.67677
233 4.67677 4.67677
234 4.67677 4.67677
235 4.67677 4.67677
236 4.67677 4.67677
237 4.67677 4.67677
238 4.67677 4.67677
239 4.67677 4.67677
240 4.67677 4.67677
241 4.67677 4.67677
242 4.67677 4.67677
243 4.67677 4.67677
244 4.67677 4.67677
245 4.67677 4.67677
246 4.67677 4.67677
247 4.67677 4.67677
248 4.67677 4.67677
249 4.67677 4.67677
250 4.67677 4.67677
251 4.67677 4.67677
252 4.67677 4.67677
253 4.67677 4.67677
254 4.67677 4.67677
255 4.67677 4.67677
256 4.67677 4.67677
257 4.67677 4.67677
258 4.67677 4.67677
259 4.67677 4.67677
260 4.67677 4.67677
261 4.67677 4.67677
262 4.67677 4.67677
263 4.67677 4.67677
264 4.67677 4.67677
265 4.67677 4.67677
266 4.67677 4.67677
267 4.67677 4.67677
268 4.67677 4.67677
269 4.67677 4.67677
270 4.67677 4.67677
271 4.67677 4.67677
272 4.67677 4.67677
273 4.67677 4.67677
274 4.67677 4.67677
275 4.67677 4.67677
276 4.67677 4.67677
277 4.67677 4.67677
278 4.67677 4.67677
279 4.67677 4.67677
280 4.67677 4.67677
281 4.67677 4.67677
282 4.67677 4.67677
283 4.67677 4.67677
284 4.67677 4.67677
285 4.67677 4.67677
286 4.67677 4.67677
287 4.67677 4.67677
288 4.67677 4.67677
289 4.67677 4.67677
290 4.67677 4.67677
291 4.67677 4.67677
292 4.67677 4.67677
293 4.67677 4.67677
294 4.67677 4.67677
295 4.67677 4.67677
296 4.67677 4.67677
297 4.67677 4.67677
298 4.67677 4.67677
299 4.67677 4.67677
300 4.67677 4.67677
