0 12.3999 16.4205
1 11.7271 15.3755
2 10.7595 14.3126
3 10.6172 13.2382
4 10.1675 12.3475
5 9.95374 11.6109
6 9.62275 10.9836
7 9.06866 10.5328
8 8.96278 10.1778
9 8.41723 9.81116
10 8.38581 9.47925
11 8.15044 9.1587
12 7.85117 8.86505
13 7.55129 8.58865
14 7.44711 8.34662
15 7.18764 8.08604
16 6.82166 7.85193
17 6.61653 7.64
18 6.39293 7.41699
19 6.36043 7.14711
20 6.13449 6.85634
21 5.87839 6.574
22 5.87839 6.36317
23 5.85725 6.1778
24 5.82642 6.03853
25 5.75267 5.93874
26 5.56641 5.89794
27 5.56641 5.87014
28 5.56641 5.86612
29 5.34567 5.82176
30 5.34567 5.74867
31 5.28727 5.64889
32 5.22178 5.54819
33 5.22178 5.43621
34 5.00905 5.35503
35 5.00905 5.27524
36 5.00905 5.19921
37 5.00905 5.1076
38 5.00422 5.04374
39 4.96006 5.01078
40 4.96006 5.00673
41 4.96006 4.99749
42 4.93425 4.98253
43 4.93425 4.96773
44 4.93425 4.95459
45 4.93425 4.94636
46 4.93425 4.93789
47 4.93425 4.93425
48 4.93425 4.93425
49 4.93425 4.93425
50 4.93425 4.93425
51 4.93425 4.93425
52 4.92952 4.93425
53 4.92952 4.93415
54 4.92952 4.93342
55 4.7511 4.93198
56 4.7511 4.92646
57 4.7511 4.89846
58 4.7511 4.84299
59 4.7511 4.77917
60 4.7511 4.7511
61 4.7511 4.7511
62 4.7511 4.7511
63 4.7511 4.7511
64 4.7511 4.7511
65 4.7511 4.7511
66 4.7511 4.7511
67 4.7511 4.7511
68 4.7511 4.7511
69 4.7511 4.7511
70 4.7511 4.7511
71 4.7511 4.7511
72 4.7511 4.7511
73 4.7511 4.7511
74 4.7511 4.7511
75 4.7511 4.7511
76 4.7511 4.7511
77 4.7511 4.7511
78 4.7511 4.7511
79 4.7511 4.7511
80 4.7511 4.7511
81 4.7511 4.7511
82 4.7511 4.7511
83 4.7511 4.7511
84 4.7511 4.7511
85 4.7511 4.7511
86 4.7511 4.7511
87 4.7511 4.7511
88 4.7511 4.7511
89 4.7511 4.7511
90 4.7511 4.7511
91 4.7511 4.7511
92 4.7511 4.7511
93 4.7511 4.7511
94 4.7511 4.7511
95 4.7511 4.7511
96 4.7511 4.7511
97 4.7511 4.7511
98 4.7511 4.7511
99 4.7511 4.7511
100 4.68713 4.75107
101 4.68713 4.74982
102 4.68713 4.74083
103 4.68713 4.72176
104 4.68713 4.69958
105 4.68713 4.68713
106 4.68713 4.68713
107 4.68713 4.68713
108 4.68713 4.68713
109 4.68713 4.68713
110 4.68713 4.68713
111 4.68713 4.68713
112 4.68713 4.68713
113 4.68713 4.68713
114 4.68713 4.68713
115 4.68713 4.68713
116 4.68713 4.68713
117 4.68713 4.68713
118 4.68713 4.68713
119 4.68713 4.68713
120 4.68713 4.68713
121 4.68713 4.68713
122 4.68713 4.68713
123 4.68713 4.68713
124 4.68713 4.68713
125 4.68713 4.68713
126 4.68713 4.68713
127 4.68713 4.68713
128 4.68713 4.68713
129 4.68713 4.68713
130 4.68713 4.68713
131 4.68713 4.68713
132 4.68713 4.68713
133 4.68713 4.68713
134 4.68713 4.68713
135 4.68713 4.68713
136 4.68713 4.68713
137 4.68713 4.68713
138 4.68713 4.68713
139 4.68713 4.68713
140 4.68713 4.68713
141 4.68713 4.68713
142 4.68713 4.68713
143 4.68713 4.68713
144 4.68713 4.68713
145 4.68713 4.68713
146 4.68713 4.68713
147 4.68713 4.68713
148 4.68713 4.68713
149 4.68713 4.68713
150 4.68713 4.68713
151 4.68713 4.68713
152 4.68713 4.68713
153 4.68713 4.68713
154 4.68713 4.68713
155 4.68713 4.68713
156 4.68713 4.68713
157 4.68713 4.68713
158 4.68713 4.68713
159 4.68713 4.68713
160 4.68713 4.68713
161 4.68713 4.68713
162 4.68713 4.68713
163 4.68713 4.68713
164 4.68713 4.68713
165 4.68713 4.68713
166 4.68713 4.68713
167 4.68713 4.68713
168 4.68713 4.68713
169 4.68713 4.68713
170 4.68713 4.68713
171 4.68713 4.68713
172 4.68713 4.68713
173 4.68713 4.68713
174 4.68713 4.68713
175 4.68713 4.68713
176 4.68713 4.68713
177 4.68713 4.68713
178 4.68713 4.68713
179 4.68713 4.68713
180 4.68713 4.68713
181 4.68713 4.68713
182 4.68713 4.68713
183 4.68713 4.68713
184 4.68713 4.68713
185 4.68713 4.68713
186 4.68713 4.68713
187 4.68713 4.68713
188 4.68713 4.68713
189 4.68713 4.68713
190 4.68713 4.68713
191 4.68713 4.68713
192 4.68713 4.68713
193 4.68713 4.68713
194 4.68713 4.68713
195 4.68713 4.68713
196 4.68713 4.68713
197 4.68713 4.68713
198 4.68713 4.68713
199 4.68713 4.68713
200 4.67677 4.68712
201 4.67677 4.68702
202 4.67677 4.68654
203 4.67677 4.68559
204 4.67677 4.69094
205 4.67677 4.73045
206 4.67677 4.74677
207 4.67677 4.71001
208 4.67677 4.67955
209 4.67677 4.67677
210 4.67677 4.67677
211 4.67677 4.67677
212 4.67677 4.67677
213 4.67677 4.67677
214 4.67677 4.67677
215 4.67677 4.67677
216 4.67677 4.67677
217 4.67677 4.67677
218 4.67677 4.67677
219 4.67677 4.67677
220 4.67677 4.67677
221 4.67677 4.67677
222 4.67677 4.67677
223 4.67677 4.67677
224 4.67677 4.67677
225 4.67677 4.67677
226 4.67677 4.67677
227 4.67677 4.67677
228 4.67677 4.67677
229 4.67677 4.67677
230 4.67677 4.67677
231 4.67677 4.67677
232 4.67677 4.67677
233 4.67677 4.67677
234 4.67677 4.67677
235 4.67677 4.67677
236 4.67677 4.67677
237 4.67677 4.67677
238 4.67677 4.67677
239 4.67677 4.67677
240 4.67677 4.67677
241 4.67677 4.67677
242 4.67677 4.67677
243 4.67677 4.67677
244 4.67677 4.67677
245 4.67677 4.67677
246 4.67677 4.67677
247 4.67677 4.67677
248 4.67677 4.67677
249 4.67677 4.67677
250 4.67677 4.67677
251 4.67677 4.67677
252 4.67677 4.67677
253 4.67677 4.67677
254 4.67677 4.67677
255 4.67677 4.67677
256 4.67677 4.67677
257 4.67677 4.67677
258 4.67677 4.67677
259 4.67677 4.67677
260 4.67677 4.67677
261 4.67677 4.67677
262 4.67677 4.67677
263 4.67677 4.67677
264 4.67677 4.67677
265 4.67677 4.67677
266 4.67677 4.67677
267 4.67677 4.67677
268 4.67677 4.67677
269 4.67677 4.67677
270 4.67677 4.67677
271 4.67677 4.67677
272 4.67677 4.67677
273 4.67677 4.67677
274 4.67677 4.67677
275 4.67677 4.67677
276 4.67677 4.67677
277 4.67677 4.67677
278 4.67677 4.67677
279 4.67677 4.67677
280 4.67677 4.67677
281 4.67677 4.67677
282 4.67677 4.67677
283 4.67677 4.67677
284 4.67677 4.67677
285 4.67677 4.67677
286 4.67677 4.67677
287 4.67677 4.67677
288 4.67677 4.67677
289 4.67677 4.67677
290 4.67677 4.67677
291 4.67677 4.67677
292 4.67677 4.67677
293 4.67677 4.67677
294 4.67677 4.67677
295 4.67677 4.67677
296 4.67677 4.67677
297 4.67677 4.67677
298 4.67677 4.67677
299 4.67677 4.67677
300 4.67677 4.67677
