0 12.3999 16.4205
1 11.9132 15.3625
2 11.2874 14.2596
3 10.1469 13.1998
4 9.97915 12.2865
5 9.32634 11.628
6 9.18446 11.004
7 8.77418 10.5123
8 8.3837 10.0695
9 8.27049 9.67229
10 7.95396 9.26442
11 7.92303 8.86612
12 7.76074 8.58443
13 7.37795 8.36243
14 7.21731 8.17725
15 7.05374 7.95358
16 6.43431 7.72749
17 6.37865 7.47109
18 6.3203 7.21334
19 5.9046 6.92362
20 5.70238 6.66531
21 5.62843 6.45092
22 5.62843 6.22398
23 5.56939 6.01608
24 5.47856 5.84447
25 5.35764 5.7012
26 5.27561 5.59979
27 5.26794 5.50733
28 5.26794 5.4099
29 5.24175 5.32346
30 5.24175 5.28605
31 5.24175 5.26379
32 5.24175 5.25345
33 5.23692 5.24566
34 5.23692 5.24165
35 5.23692 5.24091
36 5.23692 5.2394
37 5.23692 5.23788
38 5.23692 5.23692
39 5.23648 5.23692
40 5.23648 5.23691
41 5.23648 5.23684
42 5.20646 5.23669
43 5.20646 5.23573
44 5.17444 5.23066
45 5.17444 5.22093
46 5.17444 5.2081
47 5.17444 5.19472
48 5.17444 5.1846
49 5.17444 5.17703
50 4.93425 5.17434
51 4.93425 5.17194
52 4.93425 5.15639
53 4.93425 5.12377
54 4.93425 5.07576
55 4.7511 5.03226
56 4.7511 4.97684
57 4.7511 4.92048
58 4.7511 4.87084
59 4.7511 4.821
60 4.7511 4.77306
61 4.7511 4.7511
62 4.7511 4.7511
63 4.73165 4.75109
64 4.73165 4.75075
65 4.73165 4.74824
66 4.73165 4.74261
67 4.73165 4.73579
68 4.68713 4.73163
69 4.68713 4.73062
70 4.68713 4.72399
71 4.68713 4.71136
72 4.68713 4.69694
73 4.68713 4.68713
74 4.68713 4.68713
75 4.68713 4.68713
76 4.68713 4.68713
77 4.68713 4.68713
78 4.68713 4.68713
79 4.68713 4.68713
80 4.68713 4.68713
81 4.68713 4.68713
82 4.68713 4.68713
83 4.68713 4.68713
84 4.68713 4.68713
85 4.68713 4.68713
86 4.68713 4.68713
87 4.68713 4.68713
88 4.68713 4.68713
89 4.68713 4.68713
90 4.68713 4.68713
91 4.68713 4.68713
92 4.68713 4.68713
93 4.68713 4.68713
94 4.68713 4.68713
95 4.68713 4.68713
96 4.68713 4.68713
97 4.68713 4.68713
98 4.68713 4.68713
99 4.68713 4.68713
100 4.68713 4.68713
101 4.68713 4.68713
102 4.68713 4.68713
103 4.68713 4.68713
104 4.68713 4.68713
105 4.68713 4.68713
106 4.68713 4.68713
107 4.68713 4.68713
108 4.68713 4.68713
109 4.68713 4.68713
110 4.68713 4.68713
111 4.68713 4.68713
112 4.68713 4.68713
113 4.68713 4.68713
114 4.68713 4.68713
115 4.68713 4.68713
116 4.68713 4.68713
117 4.68713 4.68713
118 4.68713 4.68713
119 4.68713 4.68713
120 4.68713 4.68713
121 4.68713 4.68713
122 4.68713 4.68713
123 4.68713 4.68713
124 4.68713 4.68713
125 4.68713 4.68713
126 4.68713 4.68713
127 4.68713 4.68713
128 4.68713 4.68713
129 4.68713 4.68713
130 4.68713 4.68713
131 4.68713 4.68713
132 4.68713 4.68713
133 4.68713 4.68713
134 4.68713 4.68713
135 4.68713 4.68713
136 4.68713 4.68713
137 4.68713 4.68713
138 4.68713 4.68713
139 4.68713 4.68713
140 4.68713 4.68713
141 4.68713 4.68713
142 4.68713 4.68713
143 4.68713 4.68713
144 4.68713 4.68713
145 4.68713 4.68713
146 4.68713 4.68713
147 4.68713 4.68713
148 4.68713 4.68713
149 4.68713 4.68713
150 4.68713 4.68713
151 4.68713 4.68713
152 4.68713 4.68713
153 4.68713 4.68713
154 4.68713 4.68713
155 4.68713 4.68713
156 4.68713 4.68713
157 4.68713 4.68713
158 4.68713 4.68713
159 4.68713 4.68713
160 4.68713 4.68713
161 4.68713 4.68713
162 4.68713 4.68713
163 4.68713 4.68713
164 4.68713 4.68713
165 4.68713 4.68713
166 4.68713 4.68713
167 4.68713 4.68713
168 4.68713 4.68713
169 4.68713 4.68713
170 4.68713 4.68713
171 4.68713 4.68713
172 4.68713 4.68713
173 4.68713 4.68713
174 4.68713 4.68713
175 4.68713 4.68713
176 4.68713 4.68713
177 4.68713 4.68713
178 4.68713 4.68713
179 4.68713 4.68713
180 4.68713 4.68713
181 4.68713 4.68713
182 4.68713 4.68713
183 4.68713 4.68713
184 4.68713 4.68713
185 4.68713 4.68713
186 4.68713 4.68713
187 4.68713 4.68713
188 4.68713 4.68713
189 4.68713 4.68713
190 4.68713 4.68713
191 4.68713 4.68713
192 4.68713 4.68713
193 4.68713 4.68713
194 4.68713 4.68713
195 4.68713 4.68713
196 4.68713 4.68713
197 4.68713 4.68713
198 4.68713 4.68713
199 4.68713 4.68713
200 4.67677 4.68712
201 4.67677 4.68699
202 4.67677 4.68651
203 4.67677 4.68546
204 4.67677 4.69408
205 4.67677 4.72947
206 4.67677 4.73799
207 4.67677 4.71547
208 4.67677 4.67951
209 4.67677 4.67677
210 4.67677 4.67677
211 4.67677 4.67677
212 4.67677 4.67677
213 4.67677 4.67677
214 4.67677 4.67677
215 4.67677 4.67677
216 4.67677 4.67677
217 4.67677 4.67677
218 4.67677 4.67677
219 4.67677 4.67677
220 4.67677 4.67677
221 4.67677 4.67677
222 4.67677 4.67677
223 4.67677 4.67677
224 4.67677 4.67677
225 4.67677 4.67677
226 4.67677 4.67677
227 4.67677 4.67677
228 4.67677 4.67677
229 4.67677 4.67677
230 4.67677 4.67677
231 4.67677 4.67677
232 4.67677 4.67677
233 4.67677 4.67677
234 4.67677 4.67677
235 4.67677 4.67677
236 4.67677 4.67677
237 4.67677 4.67677
238 4.67677 4.67677
239 4.67677 4.67677
240 4.67677 4.67677
241 4.67677 4.67677
242 4.67677 4.67677
243 4.67677 4.67677
244 4.67677 4.67677
245 4.67677 4.67677
246 4.67677 4.67677
247 4.67677 4.67677
248 4.67677 4.67677
249 4.67677 4.67677
250 4.67677 4.67677
251 4.67677 4.67677
252 4.67677 4.67677
253 4.67677 4.67677
254 4.67677 4.67677
255 4.67677 4.67677
256 4.67677 4.67677
257 4.67677 4.67677
258 4.67677 4.67677
259 4.67677 4.67677
260 4.67677 4.67677
261 4.67677 4.67677
262 4.67677 4.67677
263 4.67677 4.67677
264 4.67677 4.67677
265 4.67677 4.67677
266 4.67677 4.67677
267 4.67677 4.67677
268 4.67677 4.67677
269 4.67677 4.67677
270 4.67677 4.67677
271 4.67677 4.67677
272 4.67677 4.67677
273 4.67677 4.67677
274 4.67677 4.67677
275 4.67677 4.67677
276 4.67677 4.67677
277 4.67677 4.67677
278 4.67677 4.67677
279 4.67677 4.67677
280 4.67677 4.67677
281 4.67677 4.67677
282 4.67677 4.67677
283 4.67677 4.67677
284 4.67677 4.67677
285 4.67677 4.67677
286 4.67677 4.67677
287 4.67677 4.67677
288 4.67677 4.67677
289 4.67677 4.67677
290 4.67677 4.67677
291 4.67677 4.67677
292 4.67677 4.67677
293 4.67677 4.67677
294 4.67677 4.67677
295 4.67677 4.67677
296 4.67677 4.67677
297 4.67677 4.67677
298 4.67677 4.67677
299 4.67677 4.67677
300 4.67677 4.67677
