0 20 14.2789
1 20 14.2789
2 18 14.2789
3 16.2 14.2789
4 14.58 14.2789
5 13.122 14.2789
6 11.8098 14.2789
7 10.6288 14.2789
8 9.56594 13.142
9 8.60934 13.142
10 7.74841 13.142
11 6.97357 13.142
12 6.27621 13.142
13 5.64859 13.142
14 5.08373 13.142
15 4.57536 13.142
16 4.11782 13.142
17 3.70604 13.142
18 3.33544 13.142
19 3.00189 13.142
20 2.7017 13.142
21 2.43153 13.142
22 2.18838 13.142
23 1.96954 13.142
24 1.77259 13.142
25 1.59533 13.142
26 1.4358 13.142
27 1.29222 13.142
28 1.16299 13.142
29 1.0467 13.142
30 0.942026 13.142
31 0.847823 13.142
32 0.763041 13.142
33 0.686737 13.142
34 0.618063 13.142
35 0.556257 13.142
36 0.500631 12.8098
37 0.450568 12.8098
38 0.405511 11.5844
39 0.36496 11.5844
40 0.328464 11.5844
41 0.295618 10.0614
42 0.266056 9.48975
43 0.23945 9.48975
44 0.215505 9.4782
45 0.193955 9.4782
46 0.174559 9.4782
47 0.157103 9.26943
48 0.141393 8.15833
49 0.127254 6.28479
50 0.114528 6.28479
51 0.103076 6.28479
52 0.092768 6.28479
53 0.0834912 5.9861
54 0.075142 5.69379
55 0.0676278 5.69379
56 0.0608651 4.80254
57 0.0547785 4.80254
58 0.0493007 4.80254
59 0.0443706 4.80254
60 0.0399336 4.76582
61 0.0359402 4.76582
62 0.0323462 4.66555
63 0.0291116 4.66555
64 0.0262004 4.66555
65 0.0235804 4.66555
66 0.0212223 4.66555
67 0.0191001 4.66555
68 0.0171901 4.64972
69 0.0154711 4.64972
70 0.013924 4.64972
71 0.0125316 4.63666
72 0.0112784 4.63666
73 0.0101506 4.63666
74 0.00913552 4.63666
75 0.00822197 4.63666
76 0.00739977 4.63666
77 0.00665979 4.63666
78 0.00599381 4.63666
79 0.00539443 4.63666
80 0.00485499 4.63666
81 0.00436949 4.63666
82 0.00393254 4.63666
83 0.00353929 4.63666
84 0.00318536 4.63666
85 0.00286682 4.63666
86 0.00258014 4.63666
87 0.00232213 4.63666
88 0.00208991 4.63666
89 0.00188092 4.63666
90 0.00169283 4.63666
91 0.00152355 4.63666
92 0.00137119 4.63666
93 0.00123407 4.63666
94 0.00111067 4.63666
95 0.000999599 4.63666
96 0.000899639 4.63666
97 0.000809675 4.63666
98 0.000728708 4.63666
99 0.000655837 4.63666
100 0.000590253 4.63666
