0 20 45.4076
1 20 37.5238
2 18 37.5238
3 16.2 37.5238
4 14.58 37.5238
5 13.122 36.5518
6 11.8098 36.5518
7 10.6288 36.5518
8 9.56594 36.5518
9 8.60934 33.2863
10 7.74841 33.2863
11 6.97357 33.2863
12 6.27621 33.2863
13 5.64859 29.8118
14 5.08373 29.8118
15 4.57536 29.8118
16 4.11782 29.8118
17 3.70604 29.8118
18 3.33544 29.8118
19 3.00189 29.8118
20 2.7017 29.8118
21 2.43153 29.8118
22 2.18838 29.8118
23 1.96954 29.8118
24 1.77259 29.8118
25 1.59533 29.8118
26 1.4358 24.4742
27 1.29222 24.4742
28 1.16299 24.4742
29 1.0467 24.4742
30 0.942026 24.4742
31 0.847823 23.3397
32 0.763041 22.4229
33 0.686737 22.1797
34 0.618063 20.6579
35 0.556257 20.6579
36 0.500631 19.4799
37 0.450568 19.4799
38 0.405511 14.3845
39 0.36496 14.3845
40 0.328464 13.7243
41 0.295618 13.7243
42 0.266056 11.4814
43 0.23945 11.1968
44 0.215505 9.64938
45 0.193955 8.68733
46 0.174559 8.68733
47 0.157103 7.8484
48 0.141393 7.70066
49 0.127254 7.56014
50 0.114528 7.2044
51 0.103076 6.96851
52 0.092768 6.96851
53 0.0834912 6.52475
54 0.075142 6.52475
55 0.0676278 6.25319
56 0.0608651 6.25319
57 0.0547785 6.25319
58 0.0493007 6.25319
59 0.0443706 6.25319
60 0.0399336 6.25319
61 0.0359402 6.25319
62 0.0323462 6.25319
63 0.0291116 6.25319
64 0.0262004 6.2403
65 0.0235804 6.2403
66 0.0212223 6.2403
67 0.0191001 6.2403
68 0.0171901 6.2403
69 0.0154711 6.2403
70 0.013924 6.2403
71 0.0125316 6.2403
72 0.0112784 6.2403
73 0.0101506 6.2403
74 0.00913552 6.2403
75 0.00822197 6.2403
76 0.00739977 6.2403
77 0.00665979 6.2403
78 0.00599381 6.2403
79 0.00539443 6.2403
80 0.00485499 6.2403
81 0.00436949 6.2403
82 0.00393254 6.2403
83 0.00353929 6.2403
84 0.00318536 6.2403
85 0.00286682 6.2403
86 0.00258014 6.2403
87 0.00232213 6.2403
88 0.00208991 6.2403
89 0.00188092 6.2403
90 0.00169283 6.2403
91 0.00152355 6.2403
92 0.00137119 6.2403
93 0.00123407 6.2403
94 0.00111067 6.2403
95 0.000999599 6.2403
96 0.000899639 6.2403
97 0.000809675 6.2403
98 0.000728708 6.2403
99 0.000655837 6.2403
100 0.000590253 6.2403
