-8.71336
-8.46073
-8.30965
-8.26753
-8.18269
-8.11378
-7.98391
-7.97764
-7.95146
-7.85437
-7.77765
-7.77684
-7.81408
-7.81451
-7.8528
-7.84432
-7.76755
-7.73831
-7.61407
-7.58621
-7.43886
-7.5541
-7.50249
-7.57283
-7.61751
-7.66179
-7.58944
-7.56711
-7.58089
-7.60562
-7.59277
-7.57836
-7.57254
-7.57847
-7.63205
-7.65592
-7.61826
-7.6383
-7.62822
-7.67001
-7.74739
-7.71079
-7.6568
-7.64692
-7.6869
-7.73612
-7.71134
-7.63787
-7.65932
-7.64196
-7.58616
-7.57881
-7.64026
-7.61676
-7.53893
-7.60815
-7.67905
-7.80892
-7.73608
-7.77735
-7.70625
-7.76035
-7.71491
-7.67657
-7.60971
-7.51142
-7.49499
-7.49516
-7.49303
-7.54552
-7.52673
-7.56146
-7.55119
-7.5776
-7.63717
-7.67614
-7.63899
-7.63055
-7.70422
-7.75158
-7.76055
-7.78236
-7.77017
-7.75345
-7.70214
-7.60768
-7.61565
-7.6549
-7.6507
-7.66846
-7.6558
-7.65671
-7.63043
-7.64849
-7.61816
-7.62017
-7.6051
-7.54379
-7.56379
-7.54838
-7.61615
-7.53096
-7.49573
-7.47858
-7.48778
-7.53684
-7.55972
-7.56687
-7.53112
-7.58348
-7.53144
-7.55355
-7.63422
-7.64013
-7.59057
-7.60988
-7.65549
-7.69318
-7.63492
-7.65243
-7.61128
-7.47159
-7.56266
-7.53617
-7.51824
-7.56076
-7.62885
-7.65673
-7.61444
-7.59552
-7.75203
-7.72377
-7.66054
-7.68169
-7.73421
-7.61728
-7.62342
-7.62995
-7.61818
-7.59797
-7.54783
-7.60544
-7.62297
-7.58646
-7.59013
-7.57879
-7.54817
-7.51748
-7.54582
-7.60139
-7.60062
-7.56487
-7.56993
-7.58618
-7.57128
-7.61929
-7.62446
-7.56717
-7.64423
-7.54145
-7.52278
-7.60289
-7.60981
-7.54189
-7.57817
-7.55147
-7.51224
-7.47738
-7.4615
-7.5392
-7.52175
-7.54268
-7.52383
-7.57489
-7.59052
-7.65019
-7.59434
-7.62548
-7.67676
-7.6272
-7.61532
-7.62278
-7.68608
-7.6452
-7.59405
-7.64334
-7.62706
-7.57303
-7.59438
-7.55773
-7.57869
-7.51899
-7.46803
-7.5399
-7.66905
-7.60858
-7.61731
-7.53629
-7.66381
-7.6629
-7.64165
-7.63156
-7.58123
-7.6103
-7.64725
-7.68233
-7.63622
-7.58775
-7.52469
-7.53931
-7.55664
-7.63323
-7.54155
-7.51659
-7.46245
-7.39598
-7.50115
-7.57064
-7.50903
-7.60421
-7.68629
-7.6815
-7.70359
-7.68825
-7.64813
-7.6646
-7.65573
-7.64125
-7.64663
-7.60184
-7.54699
-7.51518
-7.55405
-7.52431
-7.55962
-7.59307
-7.58804
-7.57442
-7.48754
-7.40332
-7.44216
-7.49435
-7.51798
-7.57845
-7.56303
-7.51288
-7.45396
-7.37973
-7.46465
-7.37956
-7.4618
-7.37146
-7.40635
-7.46071
-7.50797
-7.61029
-7.59858
-7.54721
-7.59727
-7.70147
-7.75035
-7.79126
-7.78955
-7.76062
-7.7315
-7.66161
-7.62227
-7.62128
-7.59367
-7.58946
-7.55335
-7.46995
-7.54008
-7.60265
-7.60339
-7.56554
-7.54257
-7.58083
-7.55288
-7.4323
-7.38734
-7.42191
-7.49143
-7.44903
-7.50717
-7.58095
-7.48499
-7.5146
-7.48044
-7.45769
-7.49469
-7.47292
-7.53847
-7.5357
-7.51039
-7.53842
-7.47444
-7.50644
-7.449
-7.44033
-7.47612
-7.48611
-7.47762
-7.51874
-7.43087
-7.46442
-7.49459
-7.47574
-7.32633
-7.27023
-7.29576
-7.28223
-7.29494
-7.37308
-7.3614
-7.32212
-7.424
-7.47432
-7.51224
-7.51152
-7.53447
-7.56826
-7.54252
-7.51894
-7.53257
-7.55215
-7.49331
-7.50362
-7.52464
-7.48532
-7.47806
-7.53981
-7.60351
-7.58116
-7.57721
-7.51859
-7.44096
-7.41121
-7.42509
-7.3838
-7.45332
-7.50269
-7.48673
-7.56662
-7.54737
-7.54849
-7.56305
-7.4756
-7.49721
-7.62
-7.62044
-7.60866
-7.64657
-7.57598
-7.52859
-7.47736
-7.53152
-7.47325
-7.47856
-7.4842
-7.51569
-7.50119
-7.37165
-7.48351
-7.49954
-7.57355
-7.5623
-7.43958
-7.54825
-7.55962
-7.51231
-7.51834
-7.51656
-7.54684
-7.55832
-7.5064
-7.48453
-7.52481
-7.48735
-7.58988
-7.55824
-7.60033
-7.58366
-7.54312
-7.57676
-7.60103
-7.63758
-7.57179
-7.58058
-7.59961
-7.56229
-7.61048
-7.57639
-7.5279
-7.51849
-7.47067
-7.51452
-7.58304
-7.59174
-7.67845
-7.63505
-7.63992
-7.61229
-7.59055
-7.61902
-7.63832
-7.61274
-7.64139
-7.62644
-7.65065
-7.67775
-7.65766
-7.66784
-7.64618
-7.69136
-7.62714
-7.60104
-7.4545
-7.51295
-7.56602
-7.58034
-7.64779
-7.75557
-7.65849
-7.62462
-7.65641
-7.69283
-7.60005
-7.60835
-7.56788
-7.59531
-7.58679
-7.5547
-7.52934
-7.49206
-7.60564
-7.67282
-7.58969
-7.56161
-7.54125
-7.57183
-7.59449
-7.61608
-7.69575
-7.68434
-7.58866
-7.63591
-7.58597
-7.64492
-7.60979
-7.63595
-7.59075
-7.61031
-7.60689
-7.5362
-7.51731
-7.49714
-7.50234
-7.42226
-7.55122
-7.56419
-7.49377
-7.49436
-7.52772
-7.58858
-7.58579
-7.64695
-7.65651
-7.62302
-7.62226
-7.63443
-7.5291
-7.52623
-7.51005
-7.47218
-7.48043
-7.49169
-7.49588
-7.5564
-7.57328
-7.54378
-7.58032
-7.63962
-7.66391
-7.56407
-7.59379
-7.60171
-7.52542
-7.59873
-7.56291
-7.47815
-7.5712
-7.54457
-7.54358
-7.5825
-7.59185
-7.55334
-7.66242
-7.61785
-7.64359
-7.65829
-7.66427
-7.63746
-7.67103
-7.61982
-7.64912
-7.66657
-7.62453
-7.65435
-7.62168
-7.62981
-7.65463
-7.56949
-7.57086
-7.54197
-7.53332
-7.61056
-7.52652
-7.58085
-7.55071
-7.63255
-7.53177
-7.52232
-7.51856
-7.61627
-7.66313
-7.6242
-7.68858
-7.75755
-7.7364
-7.77429
-7.7329
-7.67918
-7.6938
-7.70143
-7.70786
-7.66948
-7.73978
-7.7353
-7.69796
-7.67024
-7.66768
-7.6624
-7.70479
-7.63225
-7.6996
-7.68555
-7.60392
-7.57348
-7.52836
-7.55206
-7.55804
-7.50906
-7.4759
-7.48258
-7.48558
-7.50773
-7.54194
-7.61344
-7.60591
-7.59038
-7.58545
-7.62184
-7.63504
-7.60617
-7.60792
-7.54483
-7.52029
-7.62621
-7.53914
-7.59045
-7.62672
-7.61219
-7.57963
-7.50417
-7.51525
-7.43804
-7.51137
-7.56082
-7.51677
-7.45854
-7.45484
-7.3721
-7.44323
-7.42384
-7.45375
-7.41697
-7.37026
-7.39818
-7.43593
-7.50865
-7.55467
-7.57781
-7.58989
-7.56149
-7.55355
-7.60792
-7.56146
-7.62224
-7.63117
-7.67044
-7.61632
-7.58453
-7.59167
-7.59375
-7.61691
-7.58737
-7.5661
-7.57611
-7.57084
-7.57358
-7.56096
-7.60959
-7.67926
-7.70133
-7.62473
-7.63549
-7.65745
-7.62627
-7.71299
-7.69553
-7.73993
-7.68757
-7.65935
-7.65748
-7.6314
-7.62807
-7.61537
-7.53796
-7.49965
-7.53087
-7.56899
-7.49638
-7.50015
-7.55326
-7.57353
-7.63613
-7.6968
-7.76051
-7.68092
-7.6415
-7.59708
-7.57
-7.61944
-7.57479
-7.60907
-7.58894
-7.58157
-7.63762
-7.6151
-7.58553
-7.56176
-7.55709
-7.53058
-7.54736
-7.65945
-7.63887
-7.56862
-7.5814
-7.63288
-7.61548
-7.65575
-7.67397
-7.65746
-7.66488
-7.61635
-7.49904
-7.48299
-7.54524
-7.55401
-7.62253
-7.5821
-7.60944
-7.61217
-7.63026
-7.56216
-7.56595
-7.5233
-7.62613
-7.66198
-7.61956
-7.59674
-7.66374
-7.71369
-7.72955
-7.76442
-7.77228
-7.78058
-7.73166
-7.66674
-7.66962
-7.69259
-7.68641
-7.65775
-7.58265
-7.5747
-7.6087
-7.56674
-7.56368
-7.65056
-7.65959
-7.54922
-7.51734
-7.43741
-7.53665
-7.52542
-7.49377
-7.51567
-7.45459
-7.44146
-7.47712
-7.47029
-7.48099
-7.5096
-7.53817
-7.48809
-7.52746
-7.4217
-7.48539
-7.56374
-7.54693
-7.51167
-7.49874
-7.47507
-7.43935
-7.41649
-7.4766
-7.47581
-7.54199
-7.54359
-7.45021
-7.47646
-7.54251
-7.58099
-7.56669
-7.61571
-7.63474
-7.61194
-7.67778
-7.66462
-7.60116
-7.60032
-7.67909
-7.59368
-7.50264
-7.53406
-7.56013
-7.58254
-7.59657
-7.48675
-7.52806
-7.50479
-7.47485
-7.43376
-7.52697
-7.54661
-7.53587
-7.51343
-7.53901
-7.57537
-7.55459
-7.55056
-7.58114
-7.62566
-7.65878
-7.6594
-7.62014
-7.63854
-7.59458
-7.58665
-7.62997
-7.66117
-7.68443
-7.69126
-7.71849
-7.71508
-7.73333
-7.70597
-7.60883
-7.56531
-7.54082
-7.53922
-7.53805
-7.57354
-7.62535
-7.58955
-7.59598
-7.58688
-7.56885
-7.67932
-7.7233
-7.66531
-7.68047
-7.67987
-7.70681
-7.71353
-7.75138
-7.67968
-7.6159
-7.66741
-7.63993
-7.56521
-7.55076
-7.58766
-7.63867
-7.51576
-7.55938
-7.54661
-7.61221
-7.5259
-7.56569
-7.50002
-7.45661
-7.49022
-7.48651
-7.59818
-7.61015
-7.67215
-7.63909
-7.63295
-7.58237
-7.55714
-7.55585
-7.47162
-7.49089
-7.52451
-7.54503
-7.65178
-7.54523
-7.60179
-7.53947
-7.56722
-7.52445
-7.46218
-7.45154
-7.49439
-7.52937
-7.5601
-7.51913
-7.5344
-7.53705
-7.48103
-7.49498
-7.48809
-7.4631
-7.47774
-7.38745
-7.48522
-7.40133
-7.39117
-7.40204
-7.48716
-7.49937
-7.43972
-7.50246
-7.47575
-7.56637
-7.62656
-7.55661
-7.66628
-7.59182
-7.62402
-7.63073
-7.60725
-7.61263
-7.67348
-7.68134
-7.70458
-7.66918
-7.67658
-7.67135
-7.68533
-7.6612
-7.62291
-7.67647
-7.65571
-7.67768
-7.59232
-7.54544
-7.56097
-7.53685
-7.52137
-7.45818
-7.46685
-7.38134
-7.4525
-7.4701
-7.50644
-7.49333
-7.53069
-7.56082
-7.50657
-7.44297
-7.39419
-7.40442
-7.40075
-7.37125
-7.45235
-7.55915
-7.52595
-7.48768
-7.50563
-7.58969
-7.61378
-7.58698
-7.61806
-7.57815
-7.54907
-7.60984
-7.58222
-7.54173
-7.52699
-7.46697
-7.54113
-7.62924
-7.62677
-7.56867
-7.5439
-7.46736
-7.48518
-7.4134
-7.44354
-7.50025
-7.53883
-7.45119
-7.49303
-7.5399
-7.61869
-7.61742
-7.67784
-7.65081
-7.64404
-7.65635
-7.64973
-7.64211
-7.61823
-7.57788
-7.50876
-7.50606
-7.51714
-7.53598
-7.46483
-7.46054
-7.54321
-7.5626
-7.53635
-7.59469
-7.45913
-7.51877
-7.59637
-7.55366
-7.59084
-7.59708
-7.50468
-7.49284
-7.47972
-7.47024
-7.55257
-7.49448
-7.42478
-7.42854
-7.41072
-7.41264
-7.4069
-7.3906
-7.43227
-7.49051
-7.49863
-7.44041
-7.4611
-7.51923
-7.58237
-7.5905
-7.51416
-7.57901
-7.60224
-7.62261
-7.63457
-7.69688
-7.54944
-7.56784
-7.58021
-7.59213
-7.55766
-7.52771
-7.58155
-7.52628
-7.48019
-7.48074
-7.39335
-7.51368
-7.53857
-7.54092
-7.51144
-7.56257
-7.60024
-7.65095
-7.57083
-7.56292
-7.57988
-7.5225
-7.58214
-7.62485
-7.66638
-7.68951
-7.67495
-7.69428
-7.79436
-7.81451
-7.80933
-7.74311
-7.78401
-7.74947
-7.70647
-7.67045
-7.70095
-7.67881
-7.65386
-7.66015
-7.61119
-7.62081
-7.64845
-7.59041
-7.63799
-7.62095
-7.59248
-7.49513
-7.48279
-7.43923
-7.45758
-7.55333
-7.48179
-7.46696
-7.48943
-7.53181
-7.53465
-7.55418
-7.60859
-7.55013
-7.56506
-7.56668
-7.52024
-7.51324
-7.48709
-7.49978
-7.52878
-7.50424
-7.52243
-7.60965
-7.57698
-7.54494
-7.52635
-7.55993
-7.58876
-7.56546
-7.55369
-7.55085
-7.54626
-7.5457
-7.57471
-7.54466
-7.60966
-7.59077
-7.59327
-7.64252
-7.62828
-7.56712
-7.58519
-7.55906
-7.49952
-7.49835
-7.47499
-7.46123
-7.46664
-7.45993
-7.43388
-7.45252
-7.45672
-7.42851
-7.32317
-7.3364
-7.34888
-7.31311
-7.37056
-7.38421
-7.38456
-7.37947
-7.37036
-7.34484
-7.40448
-7.40787
-7.36314
-7.4643
-7.4752
-7.42646
-7.47416
-7.54543
-7.55966
-7.44041
-7.42084
-7.44485
-7.42599
-7.50944
-7.40689
-7.49681
-7.46332
-7.51584
-7.53684
-7.46408
-7.48979
-7.52101
-7.49167
-7.47645
-7.45384
-7.50259
-7.48849
-7.4656
-7.46903
-7.52464
-7.5569
-7.61972
-7.65542
-7.55481
-7.51151
-7.53774
-7.48848
-7.48835
-7.5357
-7.5696
-7.53498
-7.55339
-7.49509
-7.31876
-7.27872
-7.36945
-7.40601
-7.44467
-7.43823
-7.46961
-7.55985
-7.55298
-7.59652
-7.5499
-7.57939
-7.55554
-7.60017
-7.56894
-7.58474
-7.55991
-7.46806
-7.42588
-7.41626
-7.4504
-7.42584
-7.34224
-7.42259
-7.54595
-7.54521
-7.52365
-7.43374
-7.47973
-7.48584
-7.48476
-7.51225
-7.52201
-7.48519
-7.49842
-7.54642
-7.53017
-7.56774
-7.59379
-7.60893
-7.62671
-7.57955
-7.52399
-7.55247
-7.62904
-7.65762
-7.70199
-7.66316
-7.59214
-7.58427
-7.59349
-7.54144
-7.44526
-7.50928
-7.49918
-7.52251
-7.5736
-7.59732
-7.61866
-7.61341
-7.58245
-7.48652
-7.51144
-7.57434
-7.71788
-7.65165
-7.62941
-7.58649
-7.54374
-7.54534
-7.50258
-7.50011
-7.47824
-7.50115
-7.49883
-7.51442
-7.5462
-7.50919
-7.57716
-7.59506
-7.5937
-7.6234
-7.64467
-7.57554
-7.55455
-7.48972
-7.52919
-7.60504
-7.67825
-7.6785
-7.64997
-7.60494
-7.62722
-7.54515
-7.52215
-7.46388
-7.43846
-7.41458
-7.4084
-7.39754
-7.45844
-7.4112
-7.35721
-7.43042
-7.50029
-7.48216
-7.5095
-7.50187
-7.4409
-7.42763
-7.4785
-7.48777
-7.5179
-7.43835
-7.47298
-7.49041
-7.49001
-7.50792
-7.56941
-7.5936
-7.57318
-7.50122
-7.48433
-7.4791
-7.36282
-7.36168
-7.45899
-7.46392
-7.46616
-7.45712
-7.49453
-7.49683
-7.46731
-7.49094
-7.50438
-7.48749
-7.52284
-7.57643
-7.51608
-7.51405
-7.56205
-7.51598
-7.56637
-7.56518
-7.55817
-7.49445
-7.57005
-7.51508
-7.46701
-7.49862
-7.5605
-7.52356
-7.49709
-7.52352
-7.51127
-7.49096
-7.57815
-7.59421
-7.53867
-7.50167
-7.54541
-7.47228
-7.4905
-7.5004
-7.5112
-7.50828
-7.44193
-7.48771
-7.54935
-7.52128
-7.56498
-7.54922
-7.57815
-7.48752
-7.52673
-7.54581
-7.54476
-7.54678
-7.55053
-7.52756
-7.5669
-7.4915
-7.49031
-7.49307
-7.44795
-7.47024
-7.44024
-7.513
-7.45954
-7.48711
-7.494
-7.47717
-7.55081
-7.5254
-7.49511
-7.4721
-7.48237
-7.58606
-7.68762
-7.6388
-7.62343
-7.58039
-7.56275
-7.57924
-7.66021
-7.69332
-7.7032
-7.73374
-7.78099
-7.75097
-7.74085
-7.70165
-7.66457
-7.64711
-7.69702
-7.56724
-7.54928
-7.65266
-7.65834
-7.60365
-7.65071
-7.68443
-7.70974
-7.70392
-7.62848
-7.66595
-7.58607
-7.57596
-7.50347
-7.47234
-7.62289
-7.58804
-7.60533
-7.56816
-7.62897
-7.6126
-7.52626
-7.53514
-7.48415
-7.49123
-7.59132
-7.55703
-7.54286
-7.50013
-7.48209
-7.51724
-7.51614
-7.56178
-7.56549
-7.52557
-7.57102
-7.56045
-7.46424
-7.56031
-7.60582
-7.63103
-7.53232
-7.49659
-7.48088
-7.49811
-7.56697
-7.65544
-7.66219
-7.62886
-7.57601
-7.57541
-7.53791
-7.59889
-7.66155
-7.66773
-7.65876
-7.64276
-7.60401
-7.59796
-7.58167
-7.5854
-7.64029
-7.60785
-7.51728
-7.60661
-7.6452
-7.61121
-7.61455
-7.60318
-7.62007
-7.69244
-7.66203
-7.66737
-7.70351
-7.67644
-7.67802
-7.61426
-7.5615
-7.62035
-7.51982
-7.49727
-7.43781
-7.51838
-7.59058
-7.55355
-7.57996
-7.65124
-7.63942
-7.62755
-7.63344
-7.58791
-7.54588
-7.60744
-7.60557
-7.58847
-7.59477
-7.55566
-7.53607
-7.53017
-7.64375
-7.70339
-7.65049
-7.63554
-7.62794
-7.68229
-7.64422
-7.71912
-7.63188
-7.56379
-7.55513
-7.57338
-7.607
-7.61881
-7.69933
-7.7067
-7.68643
-7.72387
-7.72202
-7.60514
-7.64506
-7.61459
-7.5715
-7.4959
-7.53079
-7.55433
-7.51982
-7.55857
-7.58788
-7.59099
-7.62935
-7.62185
-7.65768
-7.62827
-7.59621
-7.60101
-7.6185
-7.66793
-7.66053
-7.67721
-7.70183
-7.64458
-7.62425
-7.59872
-7.63401
-7.6255
-7.57317
-7.53874
-7.60627
-7.54929
-7.52746
-7.52338
-7.54797
-7.53625
-7.54327
-7.48923
-7.50914
-7.57846
-7.543
-7.51953
-7.58186
-7.60959
-7.57703
-7.46576
-7.48296
-7.49301
-7.49341
-7.54891
-7.5184
-7.56337
-7.50842
-7.49774
-7.55674
-7.52315
-7.51923
-7.50269
-7.4967
-7.45838
-7.4811
-7.50282
-7.43697
-7.45339
-7.49414
-7.48393
-7.54073
-7.59385
-7.54741
-7.46235
-7.43139
-7.46007
-7.47543
-7.53588
-7.48568
-7.55441
-7.57459
-7.48917
-7.46233
-7.43283
-7.48104
-7.42146
-7.44468
-7.4302
-7.47567
-7.54682
-7.49023
-7.51411
-7.51254
-7.48414
-7.51342
-7.53439
-7.56826
-7.53497
-7.56671
-7.5117
-7.53115
-7.56477
-7.56328
-7.58254
-7.62123
-7.55619
-7.54184
-7.53592
-7.51552
-7.51403
-7.55084
-7.60066
-7.58296
-7.60641
-7.59948
-7.68289
-7.68096
-7.65439
-7.61142
-7.59535
-7.51178
-7.43779
-7.47634
-7.46564
-7.49875
-7.49441
-7.40845
-7.47844
-7.54606
-7.51422
-7.41737
-7.52161
-7.5041
-7.53059
-7.61224
-7.60087
-7.60864
-7.59449
-7.58663
-7.54915
-7.48385
-7.48985
-7.50488
-7.57988
-7.61625
-7.56627
-7.58907
-7.53803
-7.61639
-7.58267
-7.5408
-7.48975
-7.44867
-7.51503
-7.46201
-7.48685
-7.53337
-7.70998
-7.68279
-7.59545
-7.69204
-7.69142
-7.63929
-7.59105
-7.701
-7.73092
-7.67178
-7.59613
-7.51507
-7.56451
-7.57271
-7.5273
-7.61434
-7.6224
-7.60103
-7.59342
-7.66307
-7.5786
-7.55855
-7.54991
-7.51698
-7.55461
-7.55515
-7.46464
-7.50546
-7.5463
-7.44576
-7.4248
-7.40776
-7.35695
-7.36945
-7.4027
-7.41218
-7.48549
-7.49242
-7.46654
-7.44537
-7.44002
-7.42052
-7.39902
-7.46003
-7.43866
-7.39541
-7.42238
-7.46056
-7.50999
-7.39355
-7.40417
-7.35974
-7.40798
-7.42
-7.41827
-7.44152
-7.44735
-7.48907
-7.55944
-7.53681
-7.5731
-7.58265
-7.57205
-7.53589
-7.57011
-7.57963
-7.56154
-7.62745
-7.65424
-7.55255
-7.51757
-7.55022
-7.62909
-7.59004
-7.57623
-7.49713
-7.578
-7.57096
-7.55727
-7.6087
-7.54018
-7.53623
-7.54348
-7.5786
-7.53707
-7.49166
-7.51409
-7.4762
-7.47535
-7.44835
-7.44463
-7.46493
-7.47528
-7.38843
-7.38011
-7.42573
-7.4647
-7.45739
-7.57361
-7.57413
-7.60183
-7.52662
-7.45916
-7.48033
-7.52233
-7.56964
-7.55101
-7.55056
-7.49632
-7.48723
-7.45909
-7.44516
-7.52123
-7.60351
-7.63047
-7.61173
-7.62892
-7.56363
-7.51503
-7.48287
-7.48472
-7.43239
-7.40886
-7.43649
-7.45264
-7.42372
-7.40249
-7.43081
-7.4132
-7.42435
-7.42877
-7.34965
-7.36313
-7.42326
-7.44211
-7.39928
-7.36307
-7.4357
-7.48365
-7.49976
-7.51377
-7.52861
-7.59693
-7.5569
-7.61138
-7.59161
-7.55907
-7.59987
-7.60097
-7.60543
-7.5842
-7.5914
-7.55959
-7.6087
-7.61637
-7.62097
-7.63384
-7.56771
-7.63312
-7.61003
-7.61454
-7.60684
-7.62424
-7.58865
-7.57807
-7.52883
-7.50511
-7.54964
-7.5556
-7.48677
-7.53276
-7.53329
-7.52922
-7.48235
-7.49565
-7.56449
-7.44809
-7.42535
-7.44008
-7.38332
-7.4805
-7.51224
-7.47641
-7.54567
-7.47958
-7.38609
-7.43236
-7.4215
-7.40967
-7.46
-7.42178
-7.39927
-7.45247
-7.47304
-7.48411
-7.35165
-7.35086
-7.39865
-7.47152
-7.49309
-7.48217
-7.53001
-7.54709
-7.50131
-7.46937
-7.48801
-7.46695
-7.47958
-7.42262
-7.39854
-7.44936
-7.45653
-7.48418
-7.42813
-7.45182
-7.52361
-7.53236
-7.59124
-7.5419
-7.51278
-7.60532
-7.53785
-7.60513
-7.55207
-7.51859
-7.44075
-7.5222
-7.57335
-7.60624
-7.57355
-7.62591
-7.61873
-7.58016
-7.58033
-7.58233
-7.59315
-7.57279
-7.51923
-7.57717
-7.64828
-7.5014
-7.54114
-7.48635
-7.52212
-7.55612
-7.57533
-7.6119
-7.57434
-7.57787
-7.57115
-7.51626
-7.61119
-7.59816
-7.65434
-7.5977
-7.56627
-7.51171
-7.48856
-7.52074
-7.55156
-7.58524
-7.62351
-7.62555
-7.61796
-7.50374
-7.50112
-7.53181
-7.52367
-7.45476
-7.47719
-7.53352
-7.53143
-7.60424
-7.62067
-7.64197
-7.57898
-7.60516
-7.57589
-7.59135
-7.61855
-7.62761
-7.64915
-7.59714
-7.59141
-7.6038
-7.60103
-7.56351
-7.60998
-7.60264
-7.53392
-7.59351
-7.61527
-7.62221
-7.64833
-7.64167
-7.60575
-7.65335
-7.61535
-7.56331
-7.53415
-7.4678
-7.49768
-7.43986
-7.49034
-7.47602
-7.54756
-7.56832
-7.57999
-7.51535
-7.53716
-7.54704
-7.56984
-7.55027
-7.50143
-7.52743
-7.61231
-7.62668
-7.64604
-7.60118
-7.54769
-7.65235
-7.69458
-7.70746
-7.6828
-7.64298
-7.67086
-7.61083
-7.54093
-7.47232
-7.45154
-7.45445
-7.51135
-7.52994
-7.49839
-7.53966
-7.54639
-7.51582
-7.59575
-7.62319
-7.62947
-7.63216
-7.65968
-7.67375
-7.64599
-7.70766
-7.66376
-7.63301
-7.6786
-7.64034
-7.66317
-7.74474
-7.71234
-7.71507
-7.7161
-7.67858
-7.62693
-7.64771
-7.672
-7.6915
-7.69535
-7.67762
-7.65633
-7.6782
-7.68446
-7.7255
-7.68008
-7.65159
-7.6387
-7.61854
-7.65787
-7.62983
-7.67081
-7.67327
-7.66806
-7.63174
-7.60329
-7.54338
-7.59516
-7.48596
-7.45946
-7.53515
-7.55311
-7.562
-7.58771
-7.55034
-7.5177
-7.47524
-7.54398
-7.49438
-7.4605
-7.48056
-7.61754
-7.61523
-7.66218
-7.62963
-7.60998
-7.58783
-7.55435
-7.5072
-7.43695
-7.50891
-7.38092
-7.43355
-7.42061
-7.41209
-7.53433
-7.56756
-7.47039
-7.53591
-7.57657
-7.57413
-7.61867
-7.60238
-7.58755
-7.58711
-7.57697
-7.51837
-7.48337
-7.53904
-7.59035
-7.55641
-7.57466
-7.48489
-7.42639
-7.53158
-7.52083
-7.43841
-7.49339
-7.52385
-7.574
-7.57257
-7.5551
-7.50851
-7.48308
-7.58372
-7.53607
-7.58278
-7.60685
-7.67806
-7.64422
-7.61648
-7.62333
-7.58536
-7.58693
-7.64751
-7.58831
-7.68578
-7.70013
-7.63413
-7.72066
-7.78146
-7.71417
-7.743
-7.7362
-7.7693
-7.71762
-7.71865
-7.69443
-7.70369
-7.65614
-7.66322
-7.65479
-7.62303
-7.61258
-7.62076
-7.61438
-7.63499
-7.62166
-7.61722
-7.6344
-7.60516
-7.56465
-7.62257
-7.67667
-7.67885
-7.69949
-7.62307
-7.63609
-7.57595
-7.60775
-7.63528
-7.60524
-7.59168
-7.66164
-7.6037
-7.54006
-7.59406
-7.59125
-7.58904
-7.53172
-7.49954
-7.58525
-7.63179
-7.62403
-7.61749
-7.66252
-7.64136
-7.73043
-7.70519
-7.61391
-7.57195
-7.56475
-7.4875
-7.49875
-7.44482
-7.4231
-7.41235
-7.56352
-7.48494
-7.51964
-7.54763
-7.47603
-7.46047
-7.44472
-7.48953
-7.43969
-7.38518
-7.4146
-7.54829
-7.51988
-7.5392
-7.4595
-7.50716
-7.53218
-7.52822
-7.45813
-7.41744
-7.57568
-7.50126
-7.51765
-7.62073
-7.71098
-7.68122
-7.66165
-7.66132
-7.66509
-7.70392
-7.70726
-7.68479
-7.61689
-7.59404
-7.61528
-7.61209
-7.59307
-7.62139
-7.63927
-7.68029
-7.61423
-7.53201
-7.56667
-7.5805
-7.52459
-7.56158
-7.60174
-7.62437
-7.63391
-7.61747
-7.54276
-7.59654
-7.61847
-7.56641
-7.56489
-7.47527
-7.43778
-7.45492
-7.52906
-7.49695
-7.41544
-7.40644
-7.41353
-7.39215
-7.40562
-7.33825
-7.32157
-7.32578
-7.4185
-7.42545
-7.46667
-7.52075
-7.6288
-7.5898
-7.60326
-7.59512
-7.54788
-7.62102
-7.5594
-7.60276
-7.58145
-7.59339
-7.56922
-7.51593
-7.58561
-7.53352
-7.50654
-7.62817
-7.6009
-7.58574
-7.5998
-7.56637
-7.57057
-7.61242
-7.57699
-7.58813
-7.50038
-7.62946
-7.62168
-7.58759
-7.54712
-7.61637
-7.63099
-7.56669
-7.54583
-7.63676
-7.65332
-7.67581
-7.70167
-7.72158
-7.67513
-7.69186
-7.66821
-7.64043
-7.6645
-7.63466
-7.48651
-7.49152
-7.49663
-7.53612
-7.5463
-7.59871
-7.59029
-7.56737
-7.64657
-7.68951
-7.65204
-7.67949
-7.69111
-7.67537
-7.63111
-7.6184
-7.63389
-7.6145
-7.58107
-7.63554
-7.64408
-7.58157
-7.5907
-7.59304
-7.60389
-7.63173
-7.65405
-7.60967
-7.59792
-7.55337
-7.57838
-7.52079
-7.37442
-7.47021
-7.41927
-7.39687
-7.45673
-7.47141
-7.45832
-7.37424
-7.35289
-7.43265
-7.35043
-7.43287
-7.5144
-7.59684
-7.55964
-7.51401
-7.48418
-7.48878
-7.5001
-7.51444
-7.56278
-7.56096
-7.5012
-7.47122
-7.48968
-7.52995
-7.60062
-7.6165
-7.65085
-7.61146
-7.5538
-7.54439
-7.55114
-7.46716
-7.56874
-7.5789
-7.60608
-7.57119
-7.54756
-7.46225
-7.48214
-7.54734
-7.57452
-7.54939
-7.42136
-7.47566
-7.43115
-7.48726
-7.46053
-7.46015
-7.45888
-7.5
-7.51523
-7.55327
-7.59707
-7.56262
-7.63176
-7.62227
-7.66549
-7.62669
-7.53007
-7.65154
-7.63594
-7.70492
-7.64198
-7.6339
-7.62437
-7.63573
-7.59513
-7.55025
-7.5303
-7.59943
-7.5575
-7.5747
-7.47797
-7.54412
-7.55654
-7.57072
-7.51946
-7.59149
-7.52761
-7.55481
-7.54471
-7.56607
-7.56606
-7.56996
-7.56476
-7.60591
-7.6492
-7.67041
-7.67629
-7.63571
-7.52006
-7.51355
-7.41696
-7.467
-7.38903
-7.41416
-7.44191
-7.56589
-7.54813
-7.54922
-7.59273
-7.62981
-7.54939
-7.56178
-7.6067
-7.60919
-7.61976
-7.61781
-7.60897
-7.56744
-7.54693
-7.54738
-7.59812
-7.63552
-7.63924
-7.68986
-7.63199
-7.66155
-7.58462
-7.52371
-7.49306
-7.46609
-7.55372
-7.61187
-7.65513
-7.59968
-7.55228
-7.57608
-7.63706
-7.62283
-7.50722
-7.5025
-7.45222
-7.45336
-7.40302
-7.48301
-7.51504
-7.54729
-7.56544
-7.60848
-7.60826
-7.54747
-7.53284
-7.56628
-7.58062
-7.53133
-7.50038
-7.53875
-7.63328
-7.59009
-7.54527
-7.54583
-7.53252
-7.53535
-7.50234
-7.51616
-7.46028
-7.49019
-7.50732
-7.45401
-7.50809
-7.53227
-7.5514
-7.58272
-7.61413
-7.60599
-7.66004
-7.71688
-7.74789
-7.76673
-7.71249
-7.65013
-7.68695
-7.64448
-7.6049
-7.59832
-7.59096
-7.53254
-7.55582
-7.62043
-7.6427
-7.64794
-7.59172
-7.56922
-7.59637
-7.66996
-7.70601
-7.70481
-7.69637
-7.66549
-7.67058
-7.65412
-7.64638
-7.62266
-7.63895
-7.66292
-7.65061
-7.64498
-7.60022
-7.56652
-7.58741
-7.63967
-7.62429
-7.65864
-7.72252
-7.71143
-7.70164
-7.6809
-7.69547
-7.64669
-7.64099
-7.6706
-7.69347
-7.73569
-7.68445
-7.74949
-7.73569
-7.77571
-7.69833
-7.61107
-7.66669
-7.66701
-7.70619
-7.72873
-7.72784
-7.7107
-7.59652
-7.54415
-7.50284
-7.49509
-7.54999
-7.47091
-7.47377
-7.4148
-7.44261
-7.45556
-7.44388
-7.46243
-7.46261
-7.44805
-7.52973
-7.59075
-7.53261
-7.49028
-7.48589
-7.549
-7.53462
-7.57558
-7.50354
-7.52157
-7.50892
-7.51056
-7.45171
-7.4245
-7.42981
-7.49478
-7.54669
-7.53011
-7.51363
-7.43674
-7.4726
-7.36401
-7.49819
-7.54348
-7.57717
-7.60864
-7.54064
-7.54456
-7.46817
-7.50894
-7.54425
-7.4929
-7.50909
-7.48155
-7.48618
-7.44925
-7.45317
-7.39595
-7.4334
-7.48008
-7.53921
-7.53178
-7.61592
-7.64746
-7.60091
-7.57285
-7.56479
-7.51858
-7.5394
-7.55975
-7.5616
-7.61011
-7.54965
-7.59958
-7.60503
-7.67
-7.66861
-7.64579
-7.59982
-7.66087
-7.62565
-7.63552
-7.59353
-7.60577
-7.60631
-7.59503
-7.61617
-7.52164
-7.47797
-7.54936
-7.48175
-7.49373
-7.50377
-7.5407
-7.54792
-7.57135
-7.5913
-7.57908
-7.5468
-7.53932
-7.51171
-7.61146
-7.58753
-7.60197
-7.53869
-7.50948
-7.52351
-7.59464
-7.60931
-7.58248
-7.55674
-7.57366
-7.59794
-7.62987
-7.60467
-7.56864
-7.59053
-7.5469
-7.51891
-7.51021
-7.59925
-7.56794
-7.59622
-7.59787
-7.64831
-7.65694
-7.64329
-7.62097
-7.53323
-7.52323
-7.46003
-7.50463
-7.49352
-7.57582
-7.55122
-7.51189
-7.50195
-7.49146
-7.45856
-7.43386
-7.37956
-7.37682
-7.39102
-7.39135
-7.37199
-7.44032
-7.39736
-7.32364
-7.49512
-7.48585
-7.55511
-7.52621
-7.56314
-7.60047
-7.58128
-7.53465
-7.57483
-7.5014
-7.49426
-7.47533
-7.43895
-7.45795
-7.49604
-7.45316
-7.47349
-7.52002
-7.59262
-7.50884
-7.51645
-7.58324
-7.65348
-7.72247
-7.68617
-7.69287
-7.70404
-7.65873
-7.63153
-7.63182
-7.66878
-7.63185
-7.65374
-7.67684
-7.56001
-7.54616
-7.64183
-7.68292
-7.66451
-7.72491
-7.66198
-7.6764
-7.66903
-7.62218
-7.72287
-7.64937
-7.69474
-7.75678
-7.65709
-7.72329
-7.77424
-7.82126
-7.74765
-7.76101
-7.73823
-7.70323
-7.73366
-7.68594
-7.60836
-7.67076
-7.65259
-7.60921
-7.57986
-7.62263
-7.61541
-7.64905
-7.62029
-7.50807
-7.50894
-7.50895
-7.49535
-7.52176
-7.58022
-7.58282
-7.61155
-7.55041
-7.60996
-7.60318
-7.56745
-7.61739
-7.57328
-7.51058
-7.51909
-7.6192
-7.61281
-7.62354
-7.59885
-7.59877
-7.62906
-7.61438
-7.54203
-7.52751
-7.59148
-7.65353
-7.65875
-7.63844
-7.63869
-7.70078
-7.67811
-7.54392
-7.63221
-7.68253
-7.76383
-7.68871
-7.76664
-7.7406
-7.77877
-7.75271
-7.70416
-7.74748
-7.74032
-7.6765
-7.74179
-7.67542
-7.7737
-7.80894
-7.77538
-7.75824
-7.72525
-7.62782
-7.63392
-7.58699
-7.54266
-7.54632
-7.6306
-7.65292
-7.54169
-7.55952
-7.54402
-7.55156
-7.54661
-7.51334
-7.55716
-7.5415
-7.5101
-7.42835
-7.48403
-7.49988
-7.53928
-7.41643
-7.44198
-7.50771
-7.49131
-7.59274
-7.58871
-7.57796
-7.56711
-7.58976
-7.61851
-7.65332
-7.57871
-7.54152
-7.58398
-7.57991
-7.54762
-7.57713
-7.4977
-7.55009
-7.47022
-7.47783
-7.47386
-7.54064
-7.53475
-7.46598
-7.5474
-7.58835
-7.53326
-7.52438
-7.50513
-7.53297
-7.48889
-7.51336
-7.5579
-7.4807
-7.54432
-7.43191
-7.41051
-7.35709
-7.45139
-7.51235
-7.51519
-7.49298
-7.55613
-7.56479
-7.52647
-7.46482
-7.45734
-7.51001
-7.53006
-7.45332
-7.41776
-7.46031
-7.4235
-7.56429
-7.5678
-7.54244
-7.5783
-7.62689
-7.61848
-7.61311
-7.60205
-7.62693
-7.59612
-7.56283
-7.55491
-7.55953
-7.44401
-7.47424
-7.54198
-7.60327
-7.54581
-7.58326
-7.61336
-7.65393
-7.63214
-7.65149
-7.58695
-7.54362
-7.61202
-7.52916
-7.54721
-7.52464
-7.4546
-7.4122
-7.402
-7.40406
-7.48018
-7.42055
-7.47534
-7.4356
-7.44575
-7.40719
-7.47274
-7.44974
-7.43824
-7.40141
-7.42787
-7.42897
-7.47086
-7.39656
-7.47114
-7.54983
-7.56565
-7.45342
-7.47748
-7.47805
-7.40815
-7.40961
-7.54343
-7.63225
-7.64588
-7.66911
-7.60507
-7.57429
-7.53599
-7.48693
-7.44951
-7.47127
-7.41855
-7.52607
-7.52715
-7.51806
-7.46337
-7.49439
-7.43692
-7.47208
-7.50176
-7.53052
-7.44587
-7.48896
-7.49099
-7.47252
-7.4821
-7.52373
-7.54639
-7.57374
-7.48322
-7.51762
-7.47499
-7.42194
-7.46801
-7.45048
-7.46448
-7.52539
-7.51004
-7.61415
-7.67033
-7.59864
-7.57723
-7.57826
-7.60796
-7.58376
-7.51836
-7.50903
-7.48936
-7.51875
-7.55151
-7.56222
-7.63104
-7.70563
-7.67474
-7.59578
-7.64666
-7.69962
-7.61488
-7.55919
-7.5445
-7.51019
-7.55297
-7.56074
-7.45196
-7.50483
-7.48759
-7.51466
-7.542
-7.60069
-7.67411
-7.54274
-7.54706
-7.61479
-7.61454
-7.65685
-7.70222
-7.59887
-7.57797
-7.52594
-7.57453
-7.66618
-7.64095
-7.63738
-7.58091
-7.64401
-7.67172
-7.58049
-7.61564
-7.65658
-7.61056
-7.63516
-7.55672
-7.56304
-7.57547
-7.49964
-7.52839
-7.56099
-7.56988
-7.56384
-7.56469
-7.55486
-7.62347
-7.63848
-7.57228
-7.53975
-7.55645
-7.55337
-7.53709
-7.50836
-7.57227
-7.4939
-7.49979
-7.5353
-7.52258
-7.55035
-7.52796
-7.47323
-7.44737
-7.4445
-7.44914
-7.47006
-7.48555
-7.51527
-7.46637
-7.51299
-7.57189
-7.62502
-7.68688
-7.67441
-7.71441
-7.76539
-7.73579
-7.7365
-7.70607
-7.69626
-7.68608
-7.68337
-7.69697
-7.61797
-7.59401
-7.58623
-7.57843
-7.58118
-7.53942
-7.50985
-7.5013
-7.52287
-7.42495
-7.47298
-7.49588
-7.54561
-7.49374
-7.49545
-7.54135
-7.60626
-7.5574
-7.56944
-7.52338
-7.48741
-7.48372
-7.44876
-7.46983
-7.48949
-7.43941
-7.47505
-7.55888
-7.5847
-7.52529
-7.52962
-7.46014
-7.42385
-7.38853
-7.44682
-7.36828
-7.4229
-7.44964
-7.43884
-7.44752
-7.59406
-7.57024
-7.49546
-7.45575
-7.39372
-7.43393
-7.37219
-7.40039
-7.35073
-7.35892
-7.38787
-7.37761
-7.38684
-7.29574
-7.40734
-7.3986
-7.38258
-7.32186
-7.3464
-7.38678
-7.39866
-7.42562
-7.47844
-7.53902
-7.51391
-7.56484
-7.61328
-7.59203
-7.6002
-7.62449
-7.55458
-7.60816
-7.52498
-7.48026
-7.44832
-7.42463
-7.54577
-7.57983
-7.64867
-7.65303
-7.59658
-7.55611
-7.56286
-7.57416
-7.588
-7.57514
-7.57199
-7.49046
-7.41201
-7.45919
-7.45098
-7.45353
-7.48116
-7.47412
-7.51717
-7.51472
-7.58333
-7.65097
-7.64008
-7.61828
-7.52802
-7.52573
-7.52163
-7.53056
-7.49982
-7.488
-7.4893
-7.53077
-7.56898
-7.63484
-7.6418
-7.59706
-7.66631
-7.62997
-7.56509
-7.55544
-7.46971
-7.39437
-7.45804
-7.47591
-7.51079
-7.52273
-7.57738
-7.54224
-7.5652
-7.53098
-7.48318
-7.47895
-7.53034
-7.56306
-7.55928
-7.59759
-7.58501
-7.52687
-7.54226
-7.49156
-7.52783
-7.53163
-7.48531
-7.49318
-7.50024
-7.45956
-7.53102
-7.48027
-7.40705
-7.49568
-7.53653
-7.57465
-7.52229
-7.5968
-7.55197
-7.53064
-7.52759
-7.54179
-7.55306
-7.48641
-7.59433
-7.50642
-7.5445
-7.47909
-7.40796
-7.37552
-7.41325
-7.49099
-7.54568
-7.47988
-7.50396
-7.49391
-7.53656
-7.57643
-7.5801
-7.60815
-7.49259
-7.56559
-7.50965
-7.53967
-7.57847
-7.59746
-7.46291
-7.47828
-7.45463
-7.50455
-7.48943
-7.47303
-7.46747
-7.44938
-7.50161
-7.51732
-7.5101
-7.48415
-7.49144
-7.5577
-7.52706
-7.5115
-7.52865
-7.59309
-7.64876
-7.62177
-7.64533
-7.62594
-7.70028
-7.6447
-7.69524
-7.67782
-7.56897
-7.54645
-7.57278
-7.52491
-7.57321
-7.55693
-7.54532
-7.60883
-7.56213
-7.5629
-7.62892
-7.61174
-7.60924
-7.57898
-7.60504
-7.6145
-7.55684
-7.53845
-7.46083
-7.52754
-7.46947
-7.51193
-7.51013
-7.49187
-7.46425
-7.5017
-7.56477
-7.53039
-7.52881
-7.46492
-7.55194
-7.46492
-7.47541
-7.44819
-7.42827
-7.43411
-7.49808
-7.47031
-7.49254
-7.57984
-7.60852
-7.5662
-7.50356
-7.55077
-7.61547
-7.62593
-7.67524
-7.65698
-7.62001
-7.6058
-7.57575
-7.5951
-7.50396
-7.55123
-7.5522
-7.5447
-7.58208
-7.55459
-7.54244
-7.49831
-7.58871
-7.58789
-7.54559
-7.53627
-7.57019
-7.52107
-7.51845
-7.54983
-7.57951
-7.63808
-7.58677
-7.57852
-7.56223
-7.68775
-7.64484
-7.68831
-7.65556
-7.62638
-7.64074
-7.64909
-7.66025
-7.67691
-7.68653
-7.70463
-7.65394
-7.66627
-7.63869
-7.65521
-7.61166
-7.58085
-7.55056
-7.5922
-7.56477
-7.55513
-7.57233
-7.63891
-7.63109
-7.63964
-7.54298
-7.48844
-7.6415
-7.69209
-7.71482
-7.62065
-7.62146
-7.61442
-7.64387
-7.66669
-7.73218
-7.63753
-7.52204
-7.61792
-7.6506
-7.60446
-7.61525
-7.6151
-7.52528
-7.52807
-7.67141
-7.65512
-7.66268
-7.7138
-7.70793
-7.67758
-7.69639
-7.73044
-7.6672
-7.59706
-7.55788
-7.47309
-7.54689
-7.53161
-7.53542
-7.53506
-7.56023
-7.52389
-7.45814
-7.5075
-7.5949
-7.5942
-7.5997
-7.66768
-7.59303
-7.58322
-7.62033
-7.60477
-7.48634
-7.45937
-7.48222
-7.52244
-7.53428
-7.50993
-7.48983
-7.54338
-7.52629
-7.54393
-7.64477
-7.63199
-7.53109
-7.34139
-7.28856
-7.41101
-7.40241
-7.39854
-7.41664
-7.35914
-7.46048
-7.55209
-7.54724
-7.57707
-7.64084
-7.64875
-7.64522
-7.61414
-7.57853
-7.58952
-7.59695
-7.62777
-7.65264
-7.65464
-7.67032
-7.53109
-7.50746
-7.51927
-7.43322
-7.42645
-7.55999
-7.54766
-7.57506
-7.49756
-7.44816
-7.41534
-7.42661
-7.38731
-7.41056
-7.44628
-7.44523
-7.44178
-7.50954
-7.50687
-7.49945
-7.54624
-7.54919
-7.5512
-7.52091
-7.53898
-7.5445
-7.56301
-7.56563
-7.59823
-7.55906
-7.64023
-7.6405
-7.68242
-7.62618
-7.62262
-7.56717
-7.50935
-7.5326
-7.59236
-7.67247
-7.65109
-7.63601
-7.59982
-7.62972
-7.6669
-7.62083
-7.51546
-7.5187
-7.60628
-7.56152
-7.51705
-7.49471
-7.54596
-7.52107
-7.52431
-7.50769
-7.5203
-7.46537
-7.47085
-7.54592
-7.55727
-7.52821
-7.52856
-7.52715
-7.46405
-7.48243
-7.63206
-7.61357
-7.67663
-7.63603
-7.54141
-7.55184
-7.60317
-7.60823
-7.69838
-7.54314
-7.57724
-7.5924
-7.5878
-7.64895
-7.63929
-7.67019
-7.62047
-7.5645
-7.55049
-7.61444
-7.6548
-7.59782
-7.54257
-7.49527
-7.56851
-7.48356
-7.53539
-7.55832
-7.57668
-7.65227
-7.5641
-7.55781
-7.56859
-7.59266
-7.65546
-7.58695
-7.66961
-7.60651
-7.53679
-7.56584
-7.53334
-7.50589
-7.48301
-7.53103
-7.47689
-7.44894
-7.4583
-7.42968
-7.3784
-7.32688
-7.36256
-7.46093
-7.49222
-7.45904
-7.43871
-7.45656
-7.44193
-7.56985
-7.5353
-7.56592
-7.55337
-7.58085
-7.59873
-7.55375
-7.46752
-7.37102
-7.3823
-7.41863
-7.45812
-7.44998
-7.38766
-7.43641
-7.45641
-7.45265
-7.46176
-7.40279
-7.37148
-7.34232
-7.34292
-7.44716
-7.49286
-7.4384
-7.53322
-7.51173
-7.48367
-7.44494
-7.48367
-7.47977
-7.39944
-7.39872
-7.48918
-7.46006
-7.47414
-7.5084
-7.53746
-7.6442
-7.57567
-7.52664
-7.53795
-7.49416
-7.48237
-7.43655
-7.36026
-7.40238
-7.37669
-7.44864
-7.4456
-7.51138
-7.45147
-7.49381
-7.45676
-7.48327
-7.4506
-7.4489
-7.50864
-7.48988
-7.48038
-7.49335
-7.45286
-7.54708
-7.56847
-7.62472
-7.60496
-7.56112
-7.62005
-7.65372
-7.64221
-7.61175
-7.65417
-7.70102
-7.68867
-7.68422
-7.66227
-7.63342
-7.54679
-7.62418
-7.62896
-7.61074
-7.62999
-7.57146
-7.5964
-7.55305
-7.48074
-7.54379
-7.618
-7.60088
-7.59147
-7.56522
-7.66571
-7.71223
-7.72033
-7.67029
-7.76095
-7.73839
-7.71537
-7.65753
-7.65905
-7.61919
-7.55047
-7.62404
-7.58287
-7.70358
-7.75233
-7.69597
-7.66962
-7.56774
-7.55001
-7.56582
-7.58454
-7.61718
-7.58812
-7.4845
-7.54915
-7.51171
-7.49393
-7.47332
-7.44776
-7.45988
-7.42082
-7.46097
-7.43074
-7.46187
-7.62492
-7.64684
-7.66983
-7.65529
-7.62214
-7.58624
-7.60055
-7.63172
-7.58839
-7.69427
-7.63848
-7.58177
-7.57643
-7.48956
-7.47366
-7.51523
-7.53935
-7.56777
-7.52412
-7.60299
-7.594
-7.63801
-7.64099
-7.64512
-7.62334
-7.56424
-7.56625
-7.5266
-7.49827
-7.48338
-7.48608
-7.47409
-7.48849
-7.52862
-7.54524
-7.54722
-7.54536
-7.47194
-7.47593
-7.53069
-7.49467
-7.44576
-7.52822
-7.47829
-7.4866
-7.47634
-7.54408
-7.49386
-7.57753
-7.52634
-7.54449
-7.57534
-7.56811
-7.52165
-7.52714
-7.50804
-7.53297
-7.47853
-7.44997
-7.50996
-7.56794
-7.54282
-7.55384
-7.58285
-7.4986
-7.49897
-7.51489
-7.50015
-7.58772
-7.6126
-7.59726
-7.51587
-7.55687
-7.62405
-7.56458
-7.5442
-7.59045
-7.55279
-7.63066
-7.65683
-7.61496
-7.56975
-7.56499
-7.60223
-7.65476
-7.58748
-7.54049
-7.56921
-7.50104
-7.53037
-7.50753
-7.51772
-7.49794
-7.5429
-7.57055
-7.60598
-7.65294
-7.56966
-7.55944
-7.64702
-7.6603
-7.63206
-7.62214
-7.62681
-7.50772
-7.5358
-7.4909
-7.54
-7.55045
-7.54931
-7.48163
-7.58091
-7.56646
-7.47923
-7.46581
-7.40929
-7.44963
-7.42118
-7.47191
-7.486
-7.49796
-7.48728
-7.49785
-7.53212
-7.48546
-7.53347
-7.51519
-7.53392
-7.44434
-7.4502
-7.54133
-7.59216
-7.55916
-7.6033
-7.59559
-7.57825
-7.55588
-7.49441
-7.42266
-7.46176
-7.51011
-7.51798
-7.55116
-7.53458
-7.5187
-7.54804
-7.51292
-7.48897
-7.47987
-7.49349
-7.49953
-7.528
-7.58115
-7.62079
-7.56762
-7.52936
-7.43382
-7.45887
-7.51068
-7.47423
-7.44583
-7.50606
-7.51158
-7.61443
-7.49608
-7.5404
-7.54997
-7.5875
-7.55682
-7.53761
-7.5175
-7.42849
-7.40312
-7.40124
-7.49292
-7.51186
-7.51778
-7.56466
-7.56902
-7.64508
-7.60627
-7.61807
-7.58632
-7.57074
-7.51661
-7.48332
-7.49733
-7.5069
-7.47046
-7.50213
-7.63443
-7.55891
-7.54673
-7.6094
-7.64831
-7.61808
-7.58648
-7.55942
-7.55553
-7.54286
-7.51797
-7.47643
-7.53665
-7.52263
-7.53523
-7.45407
-7.49105
-7.51206
-7.51247
-7.5081
-7.47021
-7.5195
-7.58404
-7.5687
-7.54134
-7.49572
-7.54619
-7.58893
-7.54091
-7.55795
-7.56447
-7.60627
-7.59581
-7.62516
-7.64717
-7.62421
-7.63371
-7.58828
-7.58207
-7.57646
-7.57326
-7.58876
-7.60134
-7.63214
-7.68421
-7.72294
-7.70228
-7.68929
-7.70173
-7.70798
-7.65853
-7.59338
-7.53651
-7.52296
-7.52883
-7.414
-7.46648
-7.51528
-7.62195
-7.68225
-7.65349
-7.66022
-7.7002
-7.68243
-7.71994
-7.78591
-7.81309
-7.71459
-7.68541
-7.61796
-7.65355
-7.6835
-7.7243
-7.6847
-7.63615
-7.60889
-7.59137
-7.62965
-7.65458
-7.67
-7.67474
-7.74933
-7.69613
-7.6876
-7.67111
-7.61457
-7.61006
-7.64949
-7.72064
-7.70357
-7.74402
-7.71093
-7.66522
-7.6898
-7.71865
-7.66335
-7.65641
-7.66234
-7.64392
-7.68896
-7.69777
-7.62126
-7.59448
-7.59988
-7.59554
-7.53079
-7.61356
-7.54535
-7.52832
-7.57886
-7.48526
-7.47892
-7.49589
-7.55286
-7.55358
-7.54659
-7.52486
-7.54107
-7.60315
-7.44006
-7.50408
-7.4769
-7.54364
-7.52397
-7.511
-7.5381
-7.49902
-7.54795
-7.54118
-7.52502
-7.44774
-7.49791
-7.49368
-7.47425
-7.36238
-7.34975
-7.41359
-7.46969
-7.44031
-7.45748
-7.3955
-7.46661
-7.52987
-7.47856
-7.49813
-7.55059
-7.54611
-7.51101
-7.54571
-7.54611
-7.46274
-7.51089
-7.43175
-7.43072
-7.39477
-7.4
-7.40158
-7.45683
-7.44286
-7.49963
-7.43943
-7.52001
-7.4905
-7.55874
-7.58827
-7.54326
-7.49793
-7.46653
-7.53679
-7.65113
-7.60166
-7.6511
-7.55666
-7.49425
-7.52726
-7.55284
-7.48407
-7.39585
-7.4848
-7.50559
-7.49937
-7.47425
-7.38553
-7.32665
-7.40124
-7.42818
-7.47079
-7.49911
-7.42587
-7.36673
-7.37241
-7.32367
-7.40112
-7.42512
-7.37048
-7.4194
-7.35402
-7.4126
-7.4135
-7.39258
-7.44266
-7.50072
-7.54904
-7.51593
-7.54907
-7.47917
-7.51881
-7.58484
-7.65764
-7.61899
-7.55755
-7.53105
-7.59239
-7.54361
-7.52401
-7.49383
-7.52208
-7.55361
-7.52334
-7.48614
-7.50619
-7.62721
-7.6455
-7.5177
-7.52238
-7.53384
-7.56466
-7.57459
-7.58881
-7.54529
-7.59714
-7.52462
-7.47892
-7.50401
-7.44283
-7.41731
-7.46537
-7.51372
-7.45589
-7.36518
-7.40347
-7.39045
-7.33507
-7.4049
-7.47324
-7.46341
-7.37602
-7.40783
-7.43284
-7.39711
-7.33539
-7.33655
-7.35118
-7.43708
-7.48685
-7.46191
-7.44763
-7.44211
-7.52097
-7.55058
-7.5407
-7.57265
-7.5509
-7.56045
-7.53378
-7.46827
-7.36297
-7.35417
-7.35377
-7.37082
-7.33328
-7.34914
-7.26155
-7.33555
-7.33989
-7.34142
-7.37125
-7.36978
-7.41721
-7.44297
-7.44426
-7.3887
-7.39093
-7.46358
-7.47282
-7.43671
-7.41405
-7.55293
-7.56855
-7.50022
-7.50188
-7.41226
-7.47967
-7.46489
-7.38021
-7.44447
-7.50435
-7.41825
-7.45599
-7.4626
-7.50788
-7.50585
-7.41035
-7.32829
-7.31007
-7.31429
-7.38185
-7.47105
-7.48406
-7.45783
-7.42612
-7.37201
-7.4163
-7.44698
-7.48448
-7.5151
-7.4758
-7.5001
-7.49222
-7.45235
-7.48323
-7.50837
-7.41753
-7.46899
-7.41995
-7.4126
-7.51405
-7.5693
-7.57193
-7.56084
-7.58493
-7.53489
-7.45534
-7.48278
-7.54928
-7.5657
-7.50467
-7.49614
-7.5146
-7.49946
-7.45164
-7.45245
-7.41561
-7.44469
-7.41824
-7.42133
-7.44102
-7.44899
-7.51009
-7.51786
-7.54565
-7.4896
-7.58082
-7.63291
-7.67231
-7.58292
-7.58092
-7.53075
-7.50627
-7.57522
-7.53068
-7.53571
-7.56239
-7.51649
-7.48583
-7.50855
-7.50584
-7.45651
-7.43155
-7.44541
-7.49211
-7.47816
-7.50404
-7.55184
-7.57661
-7.57791
-7.51005
-7.50858
-7.50455
-7.50992
-7.5081
-7.48304
-7.61291
-7.60224
-7.5753
-7.62353
-7.5755
-7.62584
-7.59628
-7.59428
-7.56369
-7.54076
-7.54648
-7.56102
-7.50923
-7.57389
-7.55032
-7.58814
-7.61369
-7.62367
-7.57534
-7.53539
-7.5242
-7.56352
-7.53308
-7.58838
-7.62426
-7.56767
-7.57316
-7.46722
-7.42184
-7.48112
-7.41006
-7.38805
-7.4364
-7.47323
-7.51705
-7.53499
-7.56307
-7.51461
-7.50693
-7.49838
-7.55447
-7.5041
-7.60434
-7.60535
-7.55972
-7.50887
-7.56859
-7.73108
-7.72489
-7.67693
-7.59291
-7.53517
-7.49329
-7.57139
-7.69181
-7.74828
-7.7443
-7.78378
-7.70433
-7.76511
-7.74036
-7.69163
-7.68297
-7.64411
-7.60511
-7.59114
-7.60104
-7.54623
-7.50089
-7.61334
-7.58412
-7.49002
-7.53825
-7.62341
-7.64319
-7.59793
-7.61938
-7.55496
-7.55084
-7.46584
-7.51446
-7.53537
-7.51471
-7.59427
-7.66216
-7.66386
-7.69284
-7.65258
-7.61324
-7.54376
-7.6027
-7.67476
-7.70085
-7.73473
-7.71306
-7.6913
-7.70223
-7.6908
-7.78825
-7.83137
-7.74347
-7.72646
-7.7902
-7.79751
-7.77658
-7.71561
-7.76308
-7.69018
-7.62366
-7.62096
-7.64876
-7.6074
-7.62256
-7.59125
-7.58309
-7.55797
-7.59555
-7.55118
-7.5449
-7.61995
-7.60508
-7.53905
-7.54213
-7.54598
-7.50011
-7.57482
-7.54617
-7.4485
-7.4736
-7.50458
-7.5068
-7.63849
-7.61683
-7.61686
-7.54138
-7.50212
-7.5654
-7.68455
-7.68008
-7.6721
-7.60451
-7.58835
-7.55477
-7.68467
-7.67884
-7.57645
-7.53324
-7.60497
-7.49759
-7.56405
-7.50445
-7.44098
-7.50337
-7.52855
-7.50511
-7.54783
-7.47643
-7.5135
-7.56165
-7.54451
-7.55576
-7.56289
-7.51577
-7.53808
-7.51802
-7.60753
-7.65127
-7.64273
-7.54348
-7.47621
-7.51782
-7.54923
-7.54718
-7.47949
-7.49898
-7.52001
-7.55741
-7.54156
-7.51332
-7.56774
-7.55889
-7.58567
-7.57863
-7.58173
-7.5447
-7.51285
-7.47103
-7.4985
-7.5298
-7.56308
-7.60536
-7.60722
-7.60942
-7.53317
-7.54851
-7.57527
-7.57005
-7.60036
-7.56577
-7.55592
-7.53705
-7.59936
-7.56639
-7.51391
-7.49535
-7.46324
-7.50171
-7.51386
-7.51382
-7.57838
-7.55282
-7.52176
-7.53952
-7.50376
-7.55212
-7.45487
-7.45351
-7.4632
-7.47637
-7.53722
-7.60291
-7.60701
-7.61809
-7.5539
-7.5463
-7.55632
-7.58754
-7.5176
-7.48706
-7.44249
-7.49826
-7.61558
-7.65146
-7.599
-7.64102
-7.63059
-7.56892
-7.57741
-7.55237
-7.5147
-7.50469
-7.54677
-7.60523
-7.60773
-7.5791
-7.57161
-7.55432
-7.58284
-7.57531
-7.50556
-7.54056
-7.51902
-7.48974
-7.5046
-7.45674
-7.43468
-7.47959
-7.58952
-7.49623
-7.49593
-7.61627
-7.6008
-7.55093
-7.50993
-7.52974
-7.53129
-7.56765
-7.52018
-7.47596
-7.54781
-7.57578
-7.56649
-7.60882
-7.63498
-7.64603
-7.63459
-7.60385
-7.59686
-7.62142
-7.62945
-7.59784
-7.5764
-7.52498
-7.52324
-7.51753
-7.49967
-7.52161
-7.5382
-7.56178
-7.49309
-7.53399
-7.56156
-7.48825
-7.4781
-7.529
-7.49547
-7.42601
-7.47783
-7.5267
-7.44349
-7.48468
-7.47081
-7.40611
-7.41418
-7.44437
-7.39652
-7.37541
-7.37931
-7.43757
-7.36124
-7.43751
-7.50944
-7.49396
-7.46623
-7.48866
-7.47575
-7.44009
-7.44414
-7.51635
-7.55779
-7.54797
-7.50704
-7.48274
-7.48291
-7.44537
-7.3915
-7.4121
-7.40686
-7.43725
-7.39795
-7.47846
-7.49636
-7.41161
-7.37124
-7.37344
-7.43227
-7.36504
-7.41185
-7.43763
-7.44114
-7.50967
-7.50192
-7.50464
-7.54327
-7.49225
-7.48665
-7.50662
-7.489
-7.47836
-7.44678
-7.36618
-7.29836
-7.36376
-7.40975
-7.44229
-7.46743
-7.47334
-7.4098
-7.44155
-7.50106
-7.52269
-7.50629
-7.46103
-7.41699
-7.37837
-7.37159
-7.39326
-7.44285
-7.41078
-7.43361
-7.42967
-7.44214
-7.38895
-7.45981
-7.47169
-7.482
-7.48203
-7.51448
-7.52723
-7.53236
-7.55286
-7.59855
-7.49842
-7.61427
-7.57955
-7.61826
-7.57231
-7.536
-7.50625
-7.45146
-7.4567
-7.40125
-7.40032
-7.34453
-7.34902
-7.42527
-7.45669
-7.41168
-7.51338
-7.52092
-7.5045
-7.46151
-7.48004
-7.479
-7.38247
-7.31995
-7.3401
-7.29333
-7.29322
-7.33866
-7.33509
-7.39337
-7.33214
-7.34516
-7.38168
-7.44948
-7.45365
-7.39447
-7.47341
-7.51847
-7.54593
-7.44685
-7.42336
-7.35022
-7.42021
-7.48133
-7.51322
-7.51236
-7.5368
-7.46319
-7.42528
-7.42027
-7.4678
-7.35774
-7.40277
-7.43503
-7.45951
-7.47957
-7.48146
-7.5481
-7.51532
-7.54996
-7.56744
-7.52384
-7.49492
-7.47504
-7.49094
-7.50229
-7.43902
-7.42196
-7.41472
-7.50964
-7.56977
-7.52402
-7.58815
-7.59881
-7.571
-7.56978
-7.51876
-7.50907
-7.51539
-7.53056
-7.54206
-7.50621
-7.52861
-7.52197
-7.54321
-7.47497
-7.46617
-7.43415
-7.47793
-7.44037
-7.40263
-7.41556
-7.39818
-7.37597
-7.41445
-7.47384
-7.50262
-7.53363
-7.47295
-7.52596
-7.51818
-7.5301
-7.54186
-7.56315
-7.54404
-7.48945
-7.54187
-7.55356
-7.57407
-7.50035
-7.55079
-7.52042
-7.54875
-7.55092
-7.68715
-7.64526
-7.70108
-7.65618
-7.56503
-7.55063
-7.56718
-7.54968
-7.5535
-7.66645
-7.59227
-7.62512
-7.56458
-7.53052
-7.62483
-7.68582
-7.66725
-7.78
-7.71722
-7.67255
-7.66367
-7.61053
-7.62635
-7.57348
-7.59862
-7.5189
-7.50969
-7.55553
-7.54257
-7.5327
-7.5618
-7.54539
-7.53212
-7.52682
-7.51313
-7.51473
-7.48132
-7.47802
-7.34009
-7.35472
-7.36082
-7.3034
-7.33809
-7.37031
-7.35989
-7.41815
-7.49239
-7.50445
-7.49341
-7.55512
-7.553
-7.53872
-7.49592
-7.42813
-7.38551
-7.45741
-7.54452
-7.50873
-7.58119
-7.6817
-7.62349
-7.57084
-7.61197
-7.58656
-7.62884
-7.63151
-7.59933
-7.58477
-7.55459
-7.54938
-7.55956
-7.56577
-7.5711
-7.5628
-7.56742
-7.51274
-7.65096
-7.73598
-7.69739
-7.68622
-7.7417
-7.75481
-7.68711
-7.65814
-7.65111
-7.6005
-7.54282
-7.57261
-7.57267
-7.58355
-7.60494
-7.57977
-7.52826
-7.50777
-7.53151
-7.64245
-7.73551
-7.74116
-7.66981
-7.62789
-7.62714
-7.58754
-7.55299
-7.59169
-7.58849
-7.54969
-7.58026
-7.60754
-7.62246
-7.60373
-7.65201
-7.63072
-7.68485
-7.61263
-7.56363
-7.6003
-7.61486
-7.66327
-7.63721
-7.584
-7.58284
-7.59647
-7.6028
-7.62696
-7.56233
-7.61791
-7.54675
-7.51768
-7.53155
-7.55341
-7.52137
-7.54079
-7.48585
-7.5362
-7.53209
-7.51201
-7.5183
-7.55835
-7.57918
-7.50948
-7.58268
-7.75859
-7.6426
-7.62426
-7.57409
-7.55477
-7.56652
-7.65581
-7.77331
-7.78339
-7.77467
-7.71665
-7.66222
-7.64676
-7.69393
-7.6401
-7.63168
-7.63238
-7.58131
-7.63624
-7.62748
-7.59681
-7.62512
-7.59609
-7.58246
-7.57361
-7.51001
-7.49265
-7.57938
-7.61847
-7.54262
-7.62058
-7.68164
-7.66225
-7.59688
-7.55907
-7.58265
-7.56052
-7.50705
-7.40301
-7.38956
-7.50542
-7.58506
-7.59621
-7.5352
-7.4768
-7.49325
-7.40441
-7.45366
-7.42734
-7.47648
-7.48745
-7.49279
-7.58932
-7.66597
-7.6362
-7.62575
-7.61356
-7.61537
-7.68696
-7.63212
-7.67275
-7.62713
-7.54507
-7.5696
-7.55178
-7.54633
-7.60485
-7.57317
-7.58178
-7.57797
-7.64983
-7.73271
-7.7069
-7.7334
-7.70667
-7.69287
-7.61169
-7.59272
-7.55232
-7.42602
-7.50581
-7.551
-7.56135
-7.54197
-7.5095
-7.58248
-7.57378
-7.61209
-7.62463
-7.6512
-7.65312
-7.55255
-7.55071
-7.52685
-7.54748
-7.58674
-7.56974
-7.51962
-7.52978
-7.53724
-7.55739
-7.48626
-7.48136
-7.48607
-7.50306
-7.4943
-7.57756
-7.50067
-7.46533
-7.47778
-7.44607
-7.45794
-7.59752
-7.62891
-7.62294
-7.67876
-7.69339
-7.75895
-7.72556
-7.70191
-7.66031
-7.62637
-7.58112
-7.58486
-7.61976
-7.58684
-7.55888
-7.60685
-7.61251
-7.58427
-7.52539
-7.50766
-7.53987
-7.57199
-7.49863
-7.58159
-7.52094
-7.47535
-7.50964
-7.53799
-7.56849
-7.54746
-7.6206
-7.62182
-7.55882
-7.56558
-7.53936
-7.52463
-7.54725
-7.57661
-7.6053
-7.58866
-7.61011
-7.64915
-7.68206
-7.70741
-7.67069
-7.66687
-7.65167
-7.62363
-7.5499
-7.56268
-7.57346
-7.48116
-7.41229
-7.49221
-7.40431
-7.47299
-7.50069
-7.48683
-7.51779
-7.58142
-7.66665
-7.70656
-7.63709
-7.65911
-7.63586
-7.75237
-7.75856
-7.76596
-7.75138
-7.76285
-7.78106
-7.76474
-7.72417
-7.78006
-7.74977
-7.7144
-7.69401
-7.73306
-7.71504
-7.63838
-7.63235
-7.65566
-7.69953
-7.67806
-7.73253
-7.6697
-7.61737
-7.68265
-7.66844
-7.66234
-7.63169
-7.5603
-7.60671
-7.49685
-7.4646
-7.4782
-7.37031
-7.42368
-7.47352
-7.47216
-7.534
-7.46159
-7.51147
-7.54938
-7.56462
-7.47221
-7.47113
-7.56228
-7.52925
-7.48591
-7.56502
-7.55701
-7.46434
-7.47083
-7.58252
-7.54251
-7.58
-7.61246
-7.58954
-7.57821
-7.59337
-7.52239
-7.50204
-7.59021
-7.59949
-7.60737
-7.64954
-7.6045
-7.61584
-7.72708
-7.71109
-7.67725
-7.58438
-7.71522
-7.69723
-7.71679
-7.7207
-7.76151
-7.69319
-7.6366
-7.64752
-7.67348
-7.65001
-7.60717
-7.57944
-7.54433
-7.55823
-7.57208
-7.56175
-7.57905
-7.5437
-7.57389
-7.54647
-7.56027
-7.5835
-7.60574
-7.5929
-7.56216
-7.51165
-7.63767
-7.58154
-7.61738
-7.6877
-7.63831
-7.64177
-7.63675
-7.66064
-7.70166
-7.6463
-7.62204
-7.68793
-7.64483
-7.54247
-7.52575
-7.53644
-7.55072
-7.49474
-7.56065
-7.59485
-7.58568
-7.65439
-7.55224
-7.55413
-7.52501
-7.5489
-7.52703
-7.48297
-7.46478
-7.44113
-7.39788
-7.46909
-7.4715
-7.43117
-7.47157
-7.46466
-7.48983
-7.56493
-7.55116
-7.49368
-7.50166
-7.50396
-7.50164
-7.57373
-7.60706
-7.59338
-7.60624
-7.53826
-7.50815
-7.57612
-7.57624
-7.54651
-7.50563
-7.51399
-7.42108
-7.49605
-7.53823
-7.50336
-7.5871
-7.60148
-7.58619
-7.6051
-7.54015
-7.53796
-7.5536
-7.61029
-7.61458
-7.56215
-7.59703
-7.5615
-7.52787
-7.51115
-7.48668
-7.57315
-7.53752
-7.52642
-7.5864
-7.59365
-7.63084
-7.65651
-7.66594
-7.70269
-7.67608
-7.61816
-7.62431
-7.66202
-7.63245
-7.61695
-7.62499
-7.52666
-7.59459
-7.57998
-7.55271
-7.56581
-7.55365
-7.61047
-7.53437
-7.62035
-7.62808
-7.63101
-7.52201
-7.48495
-7.44033
-7.47387
-7.36919
-7.40938
-7.36879
-7.438
-7.52774
-7.56607
-7.61277
-7.56039
-7.55651
-7.52971
-7.42489
-7.43126
-7.43743
-7.39941
-7.46644
-7.50363
-7.45682
-7.48674
-7.51177
-7.53282
-7.51974
-7.48053
-7.40099
-7.52757
-7.55562
-7.52606
-7.59217
-7.63877
-7.7085
-7.69791
-7.64523
-7.59261
-7.56888
-7.61293
-7.60177
-7.52772
-7.56563
-7.63081
-7.57446
-7.48991
-7.49155
-7.53129
-7.4579
-7.56252
-7.43992
-7.43602
-7.4665
-7.48048
-7.49677
-7.46392
-7.4655
-7.4698
-7.5098
-7.48991
-7.4618
-7.46092
-7.5429
-7.49686
-7.48033
-7.40211
-7.43447
-7.52469
-7.44254
-7.53509
-7.55064
-7.51163
-7.4786
-7.55199
-7.55853
-7.59571
-7.64789
-7.53677
-7.5813
-7.57163
-7.60563
-7.53133
-7.46647
-7.40815
-7.43926
-7.49635
-7.46696
-7.54135
-7.5775
-7.57901
-7.5752
-7.60998
-7.57116
-7.59148
-7.48275
-7.51718
-7.49073
-7.46979
-7.45919
-7.45417
-7.46296
-7.46031
-7.51783
-7.54321
-7.51389
-7.57628
-7.64791
-7.64721
-7.62149
-7.67613
-7.61397
-7.58324
-7.60741
-7.62811
-7.60427
-7.66663
-7.76364
-7.68289
-7.6725
-7.63122
-7.59794
-7.55146
-7.5845
-7.53507
-7.54646
-7.52136
-7.51222
-7.52225
-7.48427
-7.49995
-7.52588
-7.50599
-7.49784
-7.49516
-7.49744
-7.47684
-7.47658
-7.49252
-7.4515
-7.44533
-7.4562
-7.49938
-7.48398
-7.44776
-7.46838
-7.5428
-7.55411
-7.4628
-7.47913
-7.63038
-7.68679
-7.66548
-7.60912
-7.59691
-7.519
-7.51066
-7.50943
-7.50865
-7.5709
-7.60759
-7.67554
-7.64284
-7.61868
-7.57261
-7.56037
-7.54922
-7.52376
-7.44937
-7.50642
-7.5394
-7.5245
-7.54773
-7.59778
-7.59484
-7.5295
-7.49733
-7.53355
-7.5578
-7.55483
-7.47602
-7.55341
-7.52575
-7.50322
-7.52383
-7.48431
-7.4996
-7.51441
-7.5576
-7.49547
-7.53764
-7.60432
-7.60502
-7.62203
-7.62902
-7.58182
-7.56801
-7.56411
-7.59345
-7.59922
-7.61674
-7.58742
-7.56078
-7.63179
-7.53223
-7.51499
-7.56822
-7.59312
-7.62974
-7.63635
-7.53139
-7.50538
-7.57588
-7.60128
-7.5987
-7.57783
-7.64521
-7.58998
-7.61612
-7.57905
-7.56903
-7.62772
-7.64824
-7.62328
-7.53757
-7.50949
-7.49271
-7.53278
-7.48501
-7.43694
-7.43012
-7.52099
-7.50785
-7.49966
-7.47798
-7.50465
-7.51191
-7.55638
-7.51358
-7.58769
-7.52335
-7.54937
-7.64602
-7.62854
-7.6543
-7.60705
-7.56163
-7.60132
-7.53844
-7.53125
-7.55185
-7.54403
-7.59932
-7.50412
-7.50751
-7.45362
-7.4742
-7.56247
-7.62659
-7.54172
-7.54467
-7.53903
-7.57368
-7.58492
-7.55926
-7.50569
-7.50826
-7.47891
-7.54267
-7.60437
-7.60268
-7.56536
-7.58881
-7.6256
-7.53426
-7.53039
-7.43749
-7.4896
-7.40531
-7.45563
-7.48465
-7.47317
-7.41845
-7.44568
-7.46311
-7.49353
-7.55546
-7.57508
-7.56419
-7.58382
-7.47641
-7.49765
-7.5482
-7.41989
-7.40586
-7.41308
-7.34374
-7.32523
-7.31512
-7.20369
-7.30069
-7.21313
-7.27274
-7.28172
-7.33038
-7.37906
-7.37563
-7.34227
-7.29125
-7.35138
-7.3754
-7.40663
-7.35567
-7.40554
-7.46108
-7.45843
-7.38047
-7.36685
-7.37168
-7.4035
-7.36709
-7.4128
-7.47325
-7.42647
-7.54153
-7.4911
-7.56736
-7.47422
-7.49578
-7.51805
-7.5364
-7.51906
-7.52068
-7.60433
-7.59479
-7.69247
-7.64036
-7.61891
-7.51396
-7.47444
-7.50527
-7.54133
-7.59061
-7.60776
-7.61534
-7.67486
-7.61893
-7.56343
-7.56964
-7.54768
-7.59996
-7.70734
-7.69671
-7.7634
-7.74303
-7.71664
-7.67273
-7.56501
-7.57156
-7.54628
-7.59982
-7.62787
-7.5874
-7.5359
-7.57035
-7.65447
-7.71633
-7.64814
-7.58673
-7.60308
-7.5907
-7.66314
-7.67223
-7.73447
-7.64111
-7.67534
-7.62288
-7.5602
-7.48497
-7.47503
-7.55986
-7.56892
-7.62038
-7.61085
-7.58647
-7.55072
-7.53396
-7.64521
-7.53017
-7.43541
-7.43997
-7.46747
-7.53384
-7.63736
-7.56984
-7.52731
-7.49826
-7.61679
-7.58104
-7.52721
-7.50376
-7.4811
-7.44914
-7.35773
-7.31452
-7.31054
-7.36105
-7.44841
-7.48121
-7.47691
-7.56264
-7.56881
-7.55839
-7.48723
-7.48553
-7.47024
-7.46173
-7.52065
-7.55412
-7.51172
-7.52746
-7.52981
-7.5173
-7.58781
-7.60019
-7.6541
-7.6259
-7.63959
-7.61133
-7.60939
-7.53017
-7.49522
-7.58226
-7.5485
-7.56942
-7.54663
-7.57811
-7.52256
-7.51637
-7.49505
-7.50587
-7.4181
-7.49134
-7.60891
-7.53738
-7.53133
-7.44425
-7.46776
-7.44267
-7.47512
-7.40893
-7.35885
-7.38259
-7.47123
-7.47033
-7.42403
-7.45945
-7.415
-7.39164
-7.4304
-7.45853
-7.44188
-7.42712
-7.41012
-7.37357
-7.45701
-7.39464
-7.42666
-7.54736
-7.57785
-7.60761
-7.63853
-7.62077
-7.61672
-7.59044
-7.64516
-7.60696
-7.66577
-7.64572
-7.62973
-7.63032
-7.56254
-7.57466
-7.6395
-7.58301
-7.59155
-7.58541
-7.60225
-7.59869
-7.60854
-7.53603
-7.5203
-7.52958
-7.48854
-7.51112
-7.51576
-7.57411
-7.62962
-7.64447
-7.67008
-7.60616
-7.69639
-7.62342
-7.66262
-7.70008
-7.64515
-7.67818
-7.58058
-7.4967
-7.62348
-7.56474
-7.53211
-7.59814
-7.54093
-7.57876
-7.5834
-7.57003
-7.53056
-7.51427
-7.55554
-7.53044
-7.56001
-7.54482
-7.54295
-7.56093
-7.54761
-7.61041
-7.53498
-7.52938
-7.49116
-7.48857
-7.50586
-7.45628
-7.36178
-7.39124
-7.41008
-7.43762
-7.38944
-7.46912
-7.55075
-7.53524
-7.56039
-7.52992
-7.54372
-7.49285
-7.49034
-7.47388
-7.4794
-7.47872
-7.49151
-7.54068
-7.50086
-7.54421
-7.52306
-7.52812
-7.49733
-7.52795
-7.42929
-7.52782
-7.5288
-7.48415
-7.4636
-7.43647
-7.53683
-7.5332
-7.53583
-7.55894
-7.61343
-7.65568
-7.60738
-7.58117
-7.64556
-7.51934
-7.5149
-7.49643
-7.57185
-7.51771
-7.51526
-7.4838
-7.45883
-7.53372
-7.50996
-7.55801
-7.52901
-7.55853
-7.52828
-7.52428
-7.53889
-7.56789
-7.55318
-7.56276
-7.52108
-7.53676
-7.51773
-7.53595
-7.59287
-7.66608
-7.65412
-7.75393
-7.7934
-7.7847
-7.84822
-7.83463
-7.79545
-7.71081
-7.66994
-7.6255
-7.55603
-7.54806
-7.5285
-7.56315
-7.58248
-7.6026
-7.67919
-7.6664
-7.62757
-7.6744
-7.59917
-7.57135
-7.56046
-7.55843
-7.49392
-7.4737
-7.47466
-7.52041
-7.53337
-7.60825
-7.59583
-7.55504
-7.59408
-7.58525
-7.49263
-7.52598
-7.54445
-7.4549
-7.47356
-7.54207
-7.61887
-7.64685
-7.7036
-7.72319
-7.64194
-7.62067
-7.68163
-7.71341
-7.72733
-7.73161
-7.68923
-7.6826
-7.59967
-7.58838
-7.53744
-7.56271
-7.5342
-7.50435
-7.50814
-7.52895
-7.50468
-7.44557
-7.43604
-7.39318
-7.426
-7.42119
-7.44493
-7.46779
-7.51682
-7.55801
-7.51829
-7.5438
-7.50956
-7.56013
-7.59703
-7.57456
-7.52777
-7.50312
-7.53075
-7.56298
-7.56621
-7.53073
-7.52356
-7.48269
-7.49613
-7.56942
-7.68181
-7.58854
-7.57649
-7.555
-7.55442
-7.4596
-7.49902
-7.51227
-7.53813
-7.55409
-7.5518
-7.39872
-7.40599
-7.49036
-7.52089
-7.49359
-7.41399
-7.42004
-7.41644
-7.55436
-7.56257
-7.53222
-7.54468
-7.62919
-7.71506
-7.59219
-7.5986
-7.65302
-7.62222
-7.65588
-7.62212
-7.56205
-7.47929
-7.6198
-7.54961
-7.60591
-7.5311
-7.55539
-7.58474
-7.61022
-7.64464
-7.588
-7.66167
-7.63846
-7.69379
-7.6716
-7.62768
-7.64607
-7.73223
-7.72228
-7.6668
-7.66795
-7.62747
-7.63465
-7.63085
-7.58727
-7.64552
-7.58074
-7.60603
-7.60153
-7.56631
-7.50386
-7.51744
-7.4853
-7.44519
-7.42134
-7.42116
-7.46383
-7.52208
-7.58643
-7.63119
-7.66674
-7.69622
-7.6962
-7.62903
-7.62098
-7.59503
-7.61824
-7.64645
-7.57549
-7.58764
-7.61554
-7.58764
-7.60978
-7.60509
-7.57273
-7.59733
-7.57387
-7.55303
-7.5654
-7.6234
-7.55734
-7.52935
-7.58356
-7.49497
-7.46708
-7.46658
-7.41658
-7.40713
-7.35384
-7.39359
-7.47891
-7.50631
-7.49534
-7.54546
-7.45245
-7.4809
-7.43813
-7.45173
-7.37871
-7.31322
-7.35294
-7.29182
-7.32475
-7.42164
-7.44162
-7.441
-7.46285
-7.51095
-7.47552
-7.39835
-7.39984
-7.38023
-7.3158
-7.29497
-7.26186
-7.27801
-7.26613
-7.27872
-7.25722
-7.30274
-7.32208
-7.29859
-7.2882
-7.26009
-7.21168
-7.14423
-7.34651
-7.48777
-7.5017
-7.46189
-7.47808
-7.56869
-7.60943
-7.58759
-7.53414
-7.56693
-7.54953
-7.51007
-7.54333
-7.49586
-7.56378
-7.53548
-7.51747
-7.54396
-7.5361
-7.56307
-7.51632
-7.53754
-7.55292
-7.52314
-7.50844
-7.55955
-7.53114
-7.52777
-7.52824
-7.52423
-7.58107
-7.54913
-7.53714
-7.51404
-7.52599
-7.58576
-7.66106
-7.6451
-7.54233
-7.58502
-7.59278
-7.58352
-7.56906
-7.60599
-7.61135
-7.57588
-7.54356
-7.52025
-7.52935
-7.47274
-7.49723
-7.5267
-7.46224
-7.58177
-7.56376
-7.58728
-7.54794
-7.60248
-7.64937
-7.65246
-7.56692
-7.59263
-7.56875
-7.59205
-7.62049
-7.59289
-7.64484
-7.65481
-7.60938
-7.5625
-7.47406
-7.53264
-7.4419
-7.41933
-7.44689
-7.54746
-7.54913
-7.46329
-7.48559
-7.42591
-7.48907
-7.52559
-7.50775
-7.54653
-7.62121
-7.66498
-7.61506
-7.63873
-7.58942
-7.58381
-7.66916
-7.63008
-7.59364
-7.61685
-7.56991
-7.56749
-7.58148
-7.51663
-7.5532
-7.60855
-7.54823
-7.60428
-7.56291
-7.48939
-7.58822
-7.59964
-7.69135
-7.63803
-7.62358
-7.65096
-7.61797
-7.67115
-7.68851
-7.71837
-7.65215
-7.70114
-7.6494
-7.58702
-7.57906
-7.63949
-7.63597
-7.40122
-7.47778
-7.37963
-7.44626
-7.47272
-7.51868
-7.50359
-7.51037
-7.49624
-7.53798
-7.56294
-7.56187
-7.50503
-7.50258
-7.46377
-7.49337
-7.41271
-7.50679
-7.53397
-7.53127
-7.46999
-7.50775
-7.4267
-7.47176
-7.52172
-7.5238
-7.51514
-7.54022
-7.44908
-7.43355
-7.4466
-7.55566
-7.51411
-7.41888
-7.38813
-7.45618
-7.42181
-7.43684
-7.42624
-7.48269
-7.45842
-7.44785
-7.42978
-7.47817
-7.50886
-7.48588
-7.47765
-7.45173
-7.47683
-7.55772
-7.5073
-7.50392
-7.44941
-7.5183
-7.53483
-7.4643
-7.5197
-7.45383
-7.48266
-7.49017
-7.42658
-7.48355
-7.52526
-7.451
-7.4965
-7.49022
-7.48156
-7.61317
-7.57454
-7.61769
-7.58807
-7.61906
-7.62307
-7.68302
-7.74166
-7.74306
-7.65227
-7.57354
-7.61101
-7.61016
-7.61284
-7.60508
-7.58353
-7.49045
-7.50202
-7.39022
-7.39218
-7.33024
-7.39597
-7.4426
-7.49835
-7.57376
-7.53433
-7.60888
-7.6228
-7.6627
-7.62473
-7.67112
-7.56119
-7.57356
-7.6156
-7.57451
-7.52752
-7.52182
-7.46862
-7.49386
-7.49363
-7.50608
-7.45021
-7.57712
-7.70693
-7.75588
-7.76998
-7.74312
-7.71374
-7.6601
-7.57804
-7.60732
-7.58278
-7.63204
-7.6875
-7.70143
-7.65286
-7.63042
-7.62685
-7.59776
-7.56488
-7.54959
-7.59241
-7.59851
-7.57755
-7.63277
-7.57904
-7.5987
-7.60443
-7.5753
-7.56112
-7.54843
-7.54981
-7.4898
-7.53114
-7.51512
-7.48638
-7.49795
-7.50933
-7.46737
-7.40902
-7.41337
-7.44487
-7.45133
-7.50439
-7.59532
-7.60177
-7.5161
-7.4678
-7.42084
-7.51499
-7.57423
-7.63331
-7.59161
-7.67765
-7.5884
-7.59578
-7.49104
-7.5651
-7.50401
-7.54598
-7.51342
-7.55638
-7.54656
-7.60468
-7.56357
-7.58151
-7.5638
-7.67736
-7.65905
-7.64366
-7.5835
-7.63513
-7.73866
-7.81578
-7.75952
-7.77276
-7.74123
-7.70752
-7.69506
-7.62239
-7.61884
-7.54065
-7.52187
-7.52137
-7.46387
-7.52243
-7.43935
-7.54751
-7.54608
-7.56534
-7.63282
-7.5656
-7.53995
-7.60922
-7.63229
-7.61519
-7.60242
-7.54032
-7.46965
-7.38588
-7.34326
-7.33006
-7.27607
-7.21676
-7.30648
-7.30926
-7.31015
-7.38249
-7.33781
-7.35445
-7.36378
-7.30243
-7.37823
-7.37669
-7.34992
-7.34155
-7.37283
-7.3696
-7.49792
-7.53338
-7.4888
-7.4817
-7.54385
-7.43167
-7.48323
-7.55949
-7.54772
-7.49936
-7.51854
-7.62932
-7.56936
-7.58423
-7.57604
-7.58424
-7.60614
-7.58825
-7.62813
-7.59546
-7.54289
-7.57813
-7.65725
-7.60661
-7.62719
-7.71683
-7.61044
-7.62666
-7.61168
-7.70471
-7.70418
-7.6975
-7.73306
-7.66374
-7.63285
-7.64912
-7.62834
-7.59064
-7.60807
-7.5932
-7.60154
-7.58754
-7.61614
-7.61383
-7.61672
-7.60934
-7.52327
-7.62188
-7.64149
-7.62693
-7.61282
-7.506
-7.49965
-7.57216
-7.64143
-7.59566
-7.56205
-7.5167
-7.60221
-7.64671
-7.63201
-7.65148
-7.67178
-7.72341
-7.67594
-7.55964
-7.54847
-7.632
-7.64971
-7.62594
-7.6583
-7.58898
-7.54085
-7.57611
-7.57448
-7.51525
-7.5742
-7.56155
-7.51101
-7.53098
-7.60045
-7.54482
-7.55803
-7.58137
-7.60654
-7.57886
-7.50699
-7.47726
-7.50381
-7.52542
-7.53372
-7.47063
-7.55827
-7.61161
-7.62912
-7.62227
-7.61535
-7.59842
-7.62403
-7.50621
-7.59044
-7.60896
-7.63867
-7.56693
-7.54492
-7.59862
-7.57024
-7.57757
-7.54993
-7.53092
-7.51029
-7.51697
-7.49904
-7.46287
-7.50933
-7.54768
-7.56303
-7.62141
-7.66628
-7.7076
-7.72074
-7.70594
-7.66916
-7.60895
-7.64461
-7.57552
-7.55382
-7.51311
-7.49911
-7.46777
-7.49569
-7.40537
-7.47502
-7.46532
-7.45613
-7.42019
-7.37308
-7.35951
-7.39224
-7.44464
-7.43431
-7.49294
-7.49685
-7.51882
-7.53357
-7.46307
-7.53179
-7.54671
-7.6165
-7.53285
-7.54736
-7.4897
-7.51846
-7.51263
-7.47556
-7.38237
-7.44082
-7.39793
-7.43984
-7.50318
-7.36712
-7.37634
-7.38615
-7.37968
-7.46403
-7.4431
-7.49982
-7.55242
-7.61779
-7.5813
-7.6154
-7.56413
-7.49216
-7.54661
-7.57433
-7.52644
-7.53556
-7.52503
-7.5667
-7.58012
-7.60843
-7.61425
-7.64354
-7.59768
-7.5469
-7.54635
-7.51221
-7.5511
-7.59857
-7.60585
-7.64483
-7.63535
-7.64024
-7.58575
-7.61541
-7.64053
-7.69929
-7.63472
-7.75047
-7.74281
-7.68607
-7.66248
-7.69016
-7.69394
-7.72244
-7.73993
-7.68613
-7.6694
-7.69819
-7.72186
-7.71921
-7.6307
-7.63267
-7.63445
-7.6168
-7.62194
-7.62067
-7.71239
-7.65904
-7.70428
-7.58991
-7.52233
-7.4823
-7.56672
-7.54897
-7.59292
-7.5734
-7.56726
-7.56317
-7.50511
-7.51718
-7.52892
-7.568
-7.59807
-7.56944
-7.50621
-7.57174
-7.5385
-7.64433
-7.62264
-7.57251
-7.62286
-7.6008
-7.55344
-7.58108
-7.58295
-7.51674
-7.58321
-7.61555
-7.62
-7.55561
-7.57415
-7.53141
-7.54432
-7.57272
-7.61822
-7.58167
-7.59026
-7.57655
-7.60168
-7.61568
-7.53021
-7.45231
-7.52338
-7.52729
-7.55968
-7.5727
-7.53783
-7.57931
-7.60558
-7.62408
-7.51791
-7.54227
-7.54636
-7.57292
-7.56802
-7.54889
-7.55964
-7.59656
-7.60736
-7.5865
-7.5356
-7.52628
-7.56107
-7.59936
-7.55363
-7.54017
-7.58127
-7.62
-7.54144
-7.55327
-7.511
-7.5236
-7.50389
-7.55855
-7.5643
-7.61427
-7.60093
-7.5628
-7.58749
-7.52911
-7.53847
-7.51985
-7.54572
-7.52469
-7.52986
-7.53294
-7.50264
-7.57962
-7.55595
-7.56051
-7.70453
-7.70195
-7.68522
-7.66216
-7.6302
-7.66102
-7.61685
-7.6124
-7.63844
-7.63791
-7.67326
-7.67636
-7.65855
-7.61975
-7.57934
-7.61624
-7.68686
-7.66912
-7.64079
-7.58646
-7.55816
-7.5269
-7.47592
-7.49838
-7.4989
-7.51323
-7.45255
-7.49306
-7.49762
-7.54126
-7.53999
-7.50543
-7.54521
-7.56854
-7.59257
-7.6121
-7.59277
-7.57271
-7.54663
-7.4702
-7.49548
-7.49291
-7.53165
-7.5747
-7.51237
-7.481
-7.59364
-7.6252
-7.60614
-7.62713
-7.5343
-7.50127
-7.48374
-7.42156
-7.44982
-7.42105
-7.46999
-7.46138
-7.51204
-7.6153
-7.53767
-7.42642
-7.42725
-7.47354
-7.59545
-7.52305
-7.51942
-7.50914
-7.50828
-7.53402
-7.48283
-7.42132
-7.41245
-7.37007
-7.38876
-7.38928
-7.45421
-7.46996
-7.38686
-7.36297
-7.43859
-7.57619
-7.64993
-7.60814
-7.60264
-7.57907
-7.52815
-7.51194
-7.49592
-7.45763
-7.40495
-7.49721
-7.48545
-7.38564
-7.33674
-7.378
-7.36315
-7.36622
-7.47188
-7.42895
-7.34093
-7.35694
-7.34366
-7.4061
-7.42808
-7.34003
-7.33732
-7.39783
-7.36839
-7.34741
-7.39619
-7.3628
-7.40175
-7.41175
-7.39139
-7.3776
-7.36341
-7.33888
-7.33368
-7.38954
-7.45751
-7.5308
-7.5842
-7.56651
-7.51631
-7.5402
-7.50869
-7.54548
-7.56223
-7.53743
-7.49794
-7.49928
-7.49005
-7.57674
-7.5594
-7.63659
-7.54363
-7.5306
-7.5918
-7.60435
-7.56434
-7.59973
-7.58999
-7.53312
-7.45225
-7.45519
-7.44758
-7.44829
-7.26189
-7.22046
-7.25211
-7.25444
-7.22995
-7.2476
-7.28509
-7.31692
-7.3731
-7.37827
-7.3781
-7.41836
-7.41164
-7.39431
-7.3897
-7.38544
-7.46831
-7.46722
-7.41107
-7.35624
-7.44281
-7.45891
-7.49486
-7.49391
-7.47146
-7.51017
-7.4772
-7.47419
-7.469
-7.47576
-7.48497
-7.53261
-7.5206
-7.61886
-7.64669
-7.60186
-7.63881
-7.58993
-7.58274
-7.58157
-7.60903
-7.62345
-7.55932
-7.53171
-7.53573
-7.46928
-7.44613
-7.49172
-7.51039
-7.59612
-7.54676
-7.51628
-7.51306
-7.44337
-7.38268
-7.43991
-7.51072
-7.50568
-7.52118
-7.53063
-7.52447
-7.56518
-7.5495
-7.57049
-7.58444
-7.6219
-7.56675
-7.52345
-7.47224
-7.59985
-7.54005
-7.49754
-7.44807
-7.48393
-7.57599
-7.62165
-7.61093
-7.58845
-7.59464
-7.52919
-7.49859
-7.61709
-7.51672
-7.58362
-7.4921
-7.49402
-7.52465
-7.51423
-7.46912
-7.51658
-7.4968
-7.58044
-7.58784
-7.58692
-7.55641
-7.53787
-7.49206
-7.57682
-7.62665
-7.5977
-7.52577
-7.51156
-7.54769
-7.53478
-7.55314
-7.54957
-7.5335
-7.56221
-7.54471
-7.52573
-7.53853
-7.59861
-7.56828
-7.57167
-7.60888
-7.65733
-7.6322
-7.56167
-7.60179
-7.5558
-7.49349
-7.50509
-7.58024
-7.54264
-7.57516
-7.62497
-7.60179
-7.58496
-7.51098
-7.54199
-7.48024
-7.53694
-7.46583
-7.4627
-7.54177
-7.52099
-7.52904
-7.56989
-7.63986
-7.58681
-7.57206
-7.53462
-7.5784
-7.60804
-7.56289
-7.55258
-7.56833
-7.64151
-7.67184
-7.65241
-7.53525
-7.61045
-7.6192
-7.70197
-7.66451
-7.65417
-7.63157
-7.61708
-7.70552
-7.63842
-7.61716
-7.55994
-7.53224
-7.53147
-7.51141
-7.52373
-7.50822
-7.55054
-7.59063
-7.56322
-7.54228
-7.51008
-7.5318
-7.58681
-7.64632
-7.66723
-7.59509
-7.56032
-7.64588
-7.63241
-7.54906
-7.49204
-7.49224
-7.55936
-7.57659
-7.55534
-7.55096
-7.61827
-7.56585
-7.58858
-7.59174
-7.57514
-7.59276
-7.5791
-7.5908
-7.51037
-7.51365
-7.58919
-7.53459
-7.44675
-7.49861
-7.38148
-7.42737
-7.49692
-7.57371
-7.46083
-7.37597
-7.39034
-7.45329
-7.44824
-7.46266
-7.43625
-7.40007
-7.38904
-7.4359
-7.43158
-7.44097
-7.46352
-7.56064
-7.61987
-7.54521
-7.5175
-7.56833
-7.60137
-7.5603
-7.44271
-7.47237
-7.49248
-7.48191
-7.50584
-7.48924
-7.52807
-7.61166
-7.60464
-7.65539
-7.71309
-7.70211
-7.5711
-7.55713
-7.56383
-7.46534
-7.45044
-7.46581
-7.51896
-7.533
-7.4568
-7.43021
-7.59823
-7.60267
-7.60856
-7.5795
-7.67774
-7.69833
-7.60506
-7.59607
-7.57415
-7.54115
-7.48119
-7.55637
-7.56618
-7.52358
-7.51286
-7.52638
-7.51408
-7.50015
-7.53259
-7.63435
-7.65328
-7.62952
-7.65031
-7.61048
-7.5921
-7.60182
-7.52901
-7.54401
-7.55746
-7.59724
-7.55785
-7.56159
-7.61916
-7.59487
-7.66639
-7.69275
-7.6207
-7.65991
-7.62789
-7.65543
-7.65083
-7.69645
-7.67227
-7.71327
-7.70771
-7.68644
-7.7151
-7.75091
-7.76127
-7.67751
-7.64116
-7.63954
-7.6664
-7.60457
-7.67768
-7.66476
-7.65104
-7.69508
-7.70481
-7.71392
-7.70268
-7.66496
-7.64503
-7.69629
-7.62982
-7.68022
-7.6627
-7.63289
-7.65362
-7.58581
-7.60528
-7.58184
-7.53207
-7.58623
-7.60735
-7.54769
-7.62585
-7.56732
-7.60673
-7.62505
-7.57287
-7.47321
-7.42933
-7.36399
-7.34933
-7.3138
-7.35418
-7.33949
-7.40624
-7.40516
-7.3822
-7.34325
-7.37129
-7.39498
-7.42011
-7.40733
-7.48488
-7.44498
-7.4744
-7.51858
-7.50373
-7.52883
-7.51446
-7.53027
-7.55149
-7.53552
-7.45756
-7.49548
-7.40853
-7.4661
-7.43299
-7.51306
-7.48438
-7.47713
-7.48502
-7.42411
-7.44396
-7.46596
-7.51299
-7.48553
-7.54011
-7.48783
-7.52367
-7.52773
-7.50423
-7.50562
-7.51848
-7.52215
-7.54077
-7.59295
-7.52877
-7.58825
-7.51639
-7.50364
-7.49816
-7.45838
-7.4475
-7.52144
-7.50729
-7.51123
-7.48153
-7.473
-7.51965
-7.49552
-7.42539
-7.4363
-7.44426
-7.50057
-7.51737
-7.57391
-7.60489
-7.58247
-7.59272
-7.67175
-7.6541
-7.71788
-7.77945
-7.75064
-7.68963
-7.66625
-7.65194
-7.59682
-7.64725
-7.64564
-7.63899
-7.68009
-7.6859
-7.6337
-7.60777
-7.6795
-7.7249
-7.61118
-7.5906
-7.53509
-7.59653
-7.65182
-7.61714
-7.59041
-7.68182
-7.63457
-7.54305
-7.55083
-7.62233
-7.70255
-7.70684
-7.62131
-7.59657
-7.52181
-7.50562
-7.51073
-7.60676
-7.61632
-7.57111
-7.61279
-7.62876
-7.68619
-7.65092
-7.66189
-7.69242
-7.64294
-7.69653
-7.71066
-7.62336
-7.66703
-7.61518
-7.55152
-7.58413
-7.59328
-7.59495
-7.63003
-7.61427
-7.64173
-7.64793
-7.64225
-7.59437
-7.65349
-7.66651
-7.65371
-7.58414
-7.61556
-7.65802
-7.6654
-7.63415
-7.6547
-7.59376
-7.62958
-7.65045
-7.64097
-7.60957
-7.64466
-7.68096
-7.65794
-7.63605
-7.64688
-7.56945
-7.58473
-7.69247
-7.61898
-7.7308
-7.65183
-7.69706
-7.65489
-7.65067
-7.64029
-7.61141
-7.53436
-7.51664
-7.51614
-7.55601
-7.54002
-7.46932
-7.55792
-7.59614
-7.59119
-7.5717
-7.5222
-7.59851
-7.61796
-7.57471
-7.49304
-7.56135
-7.50897
-7.57378
-7.58696
-7.56081
-7.50652
-7.44095
-7.41393
-7.44826
-7.4512
-7.46695
-7.51875
-7.45116
-7.50276
-7.47278
-7.46067
-7.45119
-7.47789
-7.46596
-7.45918
-7.40698
-7.46863
-7.44948
-7.39744
-7.41884
-7.43199
-7.48939
-7.53142
-7.49917
-7.57145
-7.5768
-7.59226
-7.52661
-7.53712
-7.50772
-7.58381
-7.54879
-7.55199
-7.49346
-7.55938
-7.56908
-7.55915
-7.54976
-7.55906
-7.51671
-7.5044
-7.59108
-7.60277
-7.54825
-7.46837
-7.51117
-7.52588
-7.52868
-7.52364
-7.54135
-7.58537
-7.64609
-7.67653
-7.60929
-7.65839
-7.58631
-7.57632
-7.54947
-7.52226
-7.44911
-7.42889
-7.366
-7.39959
-7.42407
-7.44243
-7.50052
-7.44795
-7.4924
-7.52941
-7.54655
-7.51367
-7.47471
-7.51338
-7.46882
-7.542
-7.516
-7.54421
-7.58736
-7.62583
-7.62725
-7.55054
-7.50876
-7.57307
-7.50906
-7.50559
-7.58071
-7.4988
-7.51353
-7.55189
-7.52755
-7.43038
-7.47898
-7.46171
-7.45494
-7.43188
-7.40233
-7.46069
-7.47069
-7.40642
-7.50193
-7.53443
-7.57507
-7.58787
-7.61892
-7.62139
-7.62518
-7.60992
-7.68142
-7.63921
-7.65096
-7.67346
-7.68691
-7.72116
-7.69533
-7.63749
-7.59849
-7.56905
-7.49255
-7.55929
-7.62738
-7.59181
-7.59313
-7.62236
-7.64238
-7.6023
-7.61564
-7.56724
-7.64965
-7.64211
-7.63368
-7.66398
-7.54108
-7.50977
-7.51381
-7.53415
-7.52002
-7.58248
-7.60248
-7.58623
-7.52979
-7.5557
-7.52543
-7.62141
-7.62339
-7.55803
-7.49149
-7.56642
-7.4894
-7.5274
-7.47653
-7.49704
-7.49304
-7.51505
-7.57723
-7.57716
-7.53069
-7.63431
-7.66307
-7.68203
-7.55602
-7.51515
-7.59074
-7.65479
-7.581
-7.61932
-7.60601
-7.64589
-7.69944
-7.65697
-7.5986
-7.62818
-7.68728
-7.67989
-7.66596
-7.65716
-7.68856
-7.65789
-7.62857
-7.66734
-7.64479
-7.58447
-7.53956
-7.53185
-7.58886
-7.63561
-7.66908
-7.69803
-7.66531
-7.67679
-7.66068
-7.67094
-7.62026
-7.57726
-7.6116
-7.62525
-7.58608
-7.57489
-7.58952
-7.66574
-7.56036
-7.58191
-7.57088
-7.5046
-7.47594
-7.57101
-7.5745
-7.53855
-7.5344
-7.5621
-7.58017
-7.5608
-7.54125
-7.51319
-7.56794
-7.61181
-7.60239
-7.64589
-7.61322
-7.59517
-7.53578
-7.62977
-7.60113
-7.64788
-7.6626
-7.64432
-7.70628
-7.6391
-7.61837
-7.67007
-7.64889
-7.68255
-7.67372
-7.57813
-7.50132
-7.53226
-7.54246
-7.61675
-7.58485
-7.50909
-7.58087
-7.57393
-7.59283
-7.58584
-7.58966
-7.60907
-7.66255
-7.70476
-7.68154
-7.71635
-7.74626
-7.68723
-7.65952
-7.53503
-7.4615
-7.59391
-7.65821
-7.64651
-7.60788
-7.68102
-7.70876
-7.67716
-7.66396
-7.67801
-7.57905
-7.59165
-7.47771
-7.44017
-7.4876
-7.47321
-7.51172
-7.53873
-7.48261
-7.46783
-7.56108
-7.58677
-7.5862
-7.6554
-7.62541
-7.62212
-7.54214
-7.52208
-7.50926
-7.45346
-7.54663
-7.6076
-7.60102
-7.59667
-7.56475
-7.6071
-7.63721
-7.64988
-7.64823
-7.69237
-7.68387
-7.67827
-7.65322
-7.68698
-7.70502
-7.68392
-7.6249
-7.60562
-7.58681
-7.61563
-7.62529
-7.70717
-7.71645
-7.70623
-7.71658
-7.72551
-7.67777
-7.57064
-7.61126
-7.57948
-7.57508
-7.53265
-7.58852
-7.62817
-7.59675
-7.56853
-7.57816
-7.51907
-7.54346
-7.57017
-7.56075
-7.50726
-7.54421
-7.58599
-7.47645
-7.46816
-7.50613
-7.56959
-7.55757
-7.53567
-7.52995
-7.56434
-7.57883
-7.5895
-7.54639
-7.54246
-7.64089
-7.54838
-7.52847
-7.59967
-7.53328
-7.57212
-7.59631
-7.67334
-7.6663
-7.6986
-7.69344
-7.59951
-7.63271
-7.59113
-7.64876
-7.58038
-7.55602
-7.54185
-7.54066
-7.56506
-7.56374
-7.57172
-7.49492
-7.49356
-7.54546
-7.50242
-7.5078
-7.58807
-7.62593
-7.65889
-7.66087
-7.64307
-7.61387
-7.61618
-7.61562
-7.65041
-7.62952
-7.57592
-7.57041
-7.56182
-7.53842
-7.54869
-7.49291
-7.4482
-7.47374
-7.44006
-7.46755
-7.52403
-7.48039
-7.4757
-7.54732
-7.59647
-7.51332
-7.51726
-7.44775
-7.51505
-7.44651
-7.56009
-7.61043
-7.58651
-7.57557
-7.50935
-7.5595
-7.48007
-7.5362
-7.52675
-7.52375
-7.46417
-7.48991
-7.54338
-7.55755
-7.57971
-7.50292
-7.59418
-7.6679
-7.64245
-7.66759
-7.62178
-7.55659
-7.62524
-7.64828
-7.65119
-7.66686
-7.71581
-7.64929
-7.55247
-7.56414
-7.5796
-7.63675
-7.59737
-7.59755
-7.61692
-7.65578
-7.63568
-7.62309
-7.58706
-7.59081
-7.62187
-7.61237
-7.6661
-7.6282
-7.59412
-7.65988
-7.56418
-7.56302
-7.56921
-7.60072
-7.55778
-7.54985
-7.6217
-7.64533
-7.70671
-7.72206
-7.71662
-7.67999
-7.71705
-7.66132
-7.68722
-7.71164
-7.70508
-7.72041
-7.69308
-7.67898
-7.78388
-7.82316
-7.74664
-7.67313
-7.70435
-7.65784
-7.57099
-7.56096
-7.63651
-7.62282
-7.62742
-7.56767
-7.59508
-7.68334
-7.62364
-7.63997
-7.64592
-7.70134
-7.67494
-7.65067
-7.66413
-7.64287
-7.63759
-7.66847
-7.62568
-7.53318
-7.58183
-7.52659
-7.56952
-7.51221
-7.5462
-7.58658
-7.58542
-7.57173
-7.4906
-7.48647
-7.45325
-7.51417
-7.51566
-7.53963
-7.54474
-7.53055
-7.52442
-7.53338
-7.5539
-7.53892
-7.58061
-7.54991
-7.54779
-7.50166
-7.53554
-7.52611
-7.53926
-7.48402
-7.51782
-7.51733
-7.52532
-7.55873
-7.48253
-7.48293
-7.50477
-7.58541
-7.63029
-7.63771
-7.64959
-7.61261
-7.54424
-7.57244
-7.52494
-7.53399
-7.60404
-7.6162
-7.58605
-7.62032
-7.58943
-7.61058
-7.55102
-7.59621
-7.62387
-7.66209
-7.62248
-7.60373
-7.63752
-7.53727
-7.62054
-7.60924
-7.60317
-7.5305
-7.49583
-7.56643
-7.5366
-7.58986
-7.56813
-7.55876
-7.53935
-7.47191
-7.54658
-7.53114
-7.51049
-7.37766
-7.38105
-7.36583
-7.37405
-7.35137
-7.35339
-7.3935
-7.48958
-7.42563
-7.43396
-7.28996
-7.34231
-7.25255
-7.26291
-7.33936
-7.35656
-7.36791
-7.38284
-7.46948
-7.55683
-7.58811
-7.56556
-7.56348
-7.59884
-7.60573
-7.52592
-7.43635
-7.46
-7.47673
-7.44028
-7.39465
-7.48434
-7.52098
-7.55436
-7.59241
-7.61883
-7.6773
-7.60488
-7.63131
-7.64004
-7.56506
-7.51388
-7.51488
-7.61484
-7.65192
-7.63035
-7.70152
-7.70261
-7.62182
-7.60728
-7.58615
-7.62392
-7.65859
-7.6224
-7.66434
-7.65407
-7.68318
-7.67681
-7.67772
-7.67046
-7.71098
-7.66136
-7.65973
-7.57429
-7.56231
-7.58673
-7.61786
-7.62297
-7.66403
-7.56681
-7.58873
-7.6229
-7.60438
-7.62059
-7.65702
-7.72541
-7.62265
-7.63865
-7.65428
-7.62804
-7.57276
-7.56289
-7.52232
-7.57216
-7.57951
-7.57279
-7.64371
-7.63265
-7.58818
-7.51354
-7.39091
-7.48375
-7.54323
-7.57601
-7.57048
-7.56004
-7.57329
-7.49454
-7.55866
-7.49952
-7.57748
-7.61272
-7.60477
-7.64142
-7.59404
-7.61331
-7.61882
-7.64851
-7.66246
-7.66507
-7.65198
-7.67345
-7.58995
-7.59379
-7.52226
-7.51772
-7.51497
-7.40824
-7.3747
-7.4163
-7.37169
-7.46967
-7.52289
-7.53314
-7.52519
-7.55111
-7.52004
-7.58543
-7.57684
-7.57219
-7.60083
-7.65447
-7.64536
-7.63041
-7.69388
-7.74167
-7.69233
-7.53724
-7.53702
-7.55623
-7.52508
-7.5289
-7.58265
-7.59874
-7.59634
-7.54421
-7.66412
-7.64735
-7.61824
-7.62004
-7.57833
-7.53622
-7.62227
-7.63358
-7.61783
-7.63834
-7.60372
-7.66852
-7.6436
-7.62836
-7.6497
-7.62173
-7.61892
-7.61293
-7.6516
-7.67649
-7.66804
-7.66574
-7.56913
-7.57562
-7.58027
-7.5868
-7.59137
-7.58216
-7.54491
-7.52064
-7.49543
-7.53241
-7.47231
-7.57223
-7.43303
-7.48909
-7.53158
-7.53393
-7.49085
-7.51178
-7.57837
-7.55553
-7.5532
-7.46873
-7.46089
-7.43868
-7.54883
-7.54816
-7.50652
-7.48997
-7.42017
-7.50709
-7.53919
-7.50977
-7.45497
-7.41838
-7.44707
-7.3821
-7.4402
-7.41649
-7.43157
-7.34629
-7.44822
-7.51523
-7.44442
-7.48845
-7.54367
-7.55044
-7.50061
-7.57647
-7.60124
-7.52246
-7.50166
-7.47088
-7.4882
-7.47399
-7.53528
-7.52404
-7.5099
-7.46586
-7.45691
-7.53394
-7.57026
-7.51786
-7.55811
-7.42809
-7.40816
-7.4261
-7.48452
-7.48976
-7.51256
-7.46751
-7.54612
-7.5002
-7.53124
-7.59145
-7.60034
-7.69806
-7.73073
-7.736
-7.71985
-7.77754
-7.7491
-7.76801
-7.76639
-7.6853
-7.67703
-7.6578
-7.6473
-7.65514
-7.63293
-7.64504
-7.57999
-7.60799
-7.67278
-7.6187
-7.67046
-7.7279
-7.70539
-7.68173
-7.67327
-7.68072
-7.65283
-7.56472
-7.52707
-7.51125
-7.45578
-7.45212
-7.50039
-7.56765
-7.53241
-7.51979
-7.51461
-7.49556
-7.49557
-7.46562
-7.47786
-7.51448
-7.60763
-7.59523
-7.59302
-7.62322
-7.58194
-7.54923
-7.53148
-7.50792
-7.53116
-7.46156
-7.42764
-7.44405
-7.44986
-7.4259
-7.42034
-7.50737
-7.51197
-7.62891
-7.58956
-7.55147
-7.58689
-7.60067
-7.56314
-7.59789
-7.54821
-7.60112
-7.62981
-7.53957
-7.50273
-7.57377
-7.55472
-7.55816
-7.49823
-7.5894
-7.59344
-7.58667
-7.58559
-7.58838
-7.62607
-7.68332
-7.62267
-7.52867
-7.58172
-7.56741
-7.58492
-7.56787
-7.59392
-7.63943
-7.60948
-7.63034
-7.67425
-7.70409
-7.64914
-7.66609
-7.62868
-7.60765
-7.56342
-7.55992
-7.56601
-7.61119
-7.56998
-7.58337
-7.53993
-7.51657
-7.52204
-7.53779
-7.49471
-7.51986
-7.47609
-7.47496
-7.42039
-7.5176
-7.59208
-7.51026
-7.50265
-7.52358
-7.53269
-7.54274
-7.54999
-7.63859
-7.67499
-7.62061
-7.61247
-7.68783
-7.65336
-7.60353
-7.61052
-7.5534
-7.60454
-7.59614
-7.59228
-7.57802
-7.55829
-7.53957
-7.55516
-7.48613
-7.53142
-7.54272
-7.54264
-7.55029
-7.61431
-7.65155
-7.59082
-7.61062
-7.55972
-7.56731
-7.52206
-7.50219
-7.55397
-7.48691
-7.53576
-7.54818
-7.5015
-7.60097
-7.5969
-7.68337
-7.70415
-7.70601
-7.70395
-7.70114
-7.73517
-7.71238
-7.74248
-7.71992
-7.71852
-7.69802
-7.70165
-7.65781
-7.60045
-7.63375
-7.70522
-7.73552
-7.73808
-7.74456
-7.671
-7.62584
-7.56268
-7.67721
-7.67565
-7.63375
-7.68324
-7.69144
-7.61088
-7.61369
-7.5662
-7.54374
-7.54792
-7.51392
-7.54697
-7.55469
-7.56014
-7.50841
-7.46056
-7.56436
-7.63119
-7.55315
-7.53001
-7.5713
-7.59012
-7.54495
-7.56763
-7.47649
-7.60665
-7.58641
-7.63048
-7.59876
-7.54949
-7.51829
-7.51691
-7.52874
-7.44352
-7.43116
-7.49092
-7.50328
-7.53157
-7.53236
-7.58569
-7.60213
-7.58555
-7.59884
-7.60378
-7.49077
-7.51971
-7.50939
-7.55467
-7.56744
-7.49394
-7.47007
-7.49271
-7.4875
-7.44754
-7.56036
-7.54672
-7.55497
-7.54513
-7.53411
-7.56531
-7.61305
-7.57577
-7.59713
-7.6222
-7.70081
-7.65571
-7.6112
-7.64292
-7.5914
-7.57473
-7.63428
-7.65871
-7.61787
-7.61591
-7.62186
-7.61228
-7.63312
-7.66449
-7.69729
-7.73235
-7.74688
-7.67583
-7.65928
-7.66442
-7.68634
-7.58367
-7.69714
-7.65504
-7.63412
-7.65041
-7.67598
-7.66839
-7.61074
-7.57528
-7.46373
-7.49096
-7.49711
-7.36393
-7.37116
-7.43039
-7.46209
-7.51151
-7.48482
-7.55345
-7.60138
-7.67046
-7.5912
-7.59318
-7.53977
-7.51229
-7.57064
-7.56142
-7.58239
-7.5773
-7.47646
-7.46897
-7.47907
-7.49519
-7.53577
-7.58948
-7.68912
-7.672
-7.64911
-7.6277
-7.62919
-7.5966
-7.62364
-7.6462
-7.64392
-7.60982
-7.58511
-7.58862
-7.60055
-7.56508
-7.58674
-7.59168
-7.59497
-7.66683
-7.67934
-7.63139
-7.61296
-7.6018
-7.59145
-7.61822
-7.61942
-7.65449
-7.62044
-7.67839
-7.66278
-7.5818
-7.601
-7.63629
-7.71544
-7.7131
-7.68197
-7.62309
-7.55323
-7.56223
-7.51759
-7.5335
-7.49712
-7.5091
-7.5097
-7.52609
-7.62837
-7.6578
-7.66835
-7.7072
-7.68377
-7.69442
-7.7563
-7.74604
-7.68305
-7.6066
-7.60616
-7.60704
-7.6937
-7.73984
-7.6789
-7.66319
-7.63747
-7.60171
-7.60971
-7.55535
-7.48756
-7.48277
-7.50726
-7.46664
-7.58841
-7.59122
-7.54078
-7.60004
-7.59268
-7.5913
-7.52049
-7.50488
-7.47141
-7.46104
-7.52336
-7.53372
-7.53452
-7.57263
-7.66736
-7.58728
-7.69327
-7.69657
-7.73794
-7.68489
-7.67064
-7.7487
-7.68471
-7.6766
-7.70411
-7.67481
-7.71085
-7.75919
-7.73601
-7.70361
-7.61461
-7.61129
-7.60467
-7.55529
-7.61857
-7.59482
-7.56289
-7.54275
-7.5691
-7.51182
-7.4713
-7.48812
-7.39367
-7.43913
-7.44881
-7.49075
-7.50823
-7.47362
-7.45452
-7.43546
-7.48897
-7.46896
-7.42928
-7.45032
-7.4689
-7.4582
-7.48297
-7.42081
-7.44913
-7.45408
-7.42998
-7.4857
-7.49288
-7.41493
-7.44927
-7.43444
-7.50123
-7.53882
-7.43318
-7.48904
-7.44468
-7.53604
-7.55769
-7.55004
-7.53681
-7.52051
-7.53744
-7.57291
-7.5762
-7.6772
-7.62777
-7.59895
-7.62257
-7.59016
-7.59826
-7.5495
-7.58972
-7.58142
-7.62403
-7.67003
-7.58836
-7.71953
-7.73998
-7.70554
-7.54549
-7.54654
-7.60551
-7.63114
-7.60496
-7.69649
-7.621
-7.60745
-7.51324
-7.51813
-7.54173
-7.58667
-7.60447
-7.62435
-7.53944
-7.53495
-7.57961
-7.59083
-7.51896
-7.49419
-7.54036
-7.52189
-7.58827
-7.60435
-7.66351
-7.65165
-7.59404
-7.56274
-7.52821
-7.54687
-7.54422
-7.50717
-7.50085
-7.4889
-7.54489
-7.5455
-7.56317
-7.53005
-7.49453
-7.56833
-7.56193
-7.48299
-7.49449
-7.47089
-7.50895
-7.51598
-7.46502
-7.55308
-7.60056
-7.58882
-7.54917
-7.53705
-7.47074
-7.44968
-7.43807
-7.5081
-7.49207
-7.49597
-7.41709
-7.43013
-7.391
-7.42789
-7.45189
-7.47834
-7.40707
-7.51986
-7.43805
-7.50038
-7.502
-7.50083
-7.50837
-7.54683
-7.48261
-7.54842
-7.58116
-7.58164
-7.60104
-7.61419
-7.61707
-7.64613
-7.65397
-7.71608
-7.6831
-7.58213
-7.59131
-7.64777
-7.70968
-7.70616
-7.63346
-7.60903
-7.60265
-7.62654
-7.57035
-7.61695
-7.57327
-7.5367
-7.51066
-7.46215
-7.56425
-7.47251
-7.5186
-7.50181
-7.51731
-7.52139
-7.56662
-7.57804
-7.58688
-7.55264
-7.63788
-7.63299
-7.59301
-7.61157
-7.57822
-7.62945
-7.56717
-7.54759
-7.61834
-7.60025
-7.55139
-7.5842
-7.55652
-7.50007
-7.45469
-7.47729
-7.51797
-7.47466
-7.42066
-7.46218
-7.4835
-7.4669
-7.47916
-7.52396
-7.49175
-7.49004
-7.5596
-7.58693
-7.53267
-7.56783
-7.51539
-7.47684
-7.50724
-7.54024
-7.58827
-7.55218
-7.4955
-7.4883
-7.34898
-7.35955
-7.41294
-7.36318
-7.43231
-7.4597
-7.40748
-7.4931
-7.43599
-7.51651
-7.59541
-7.4907
-7.49602
-7.5132
-7.53614
-7.54283
-7.57095
-7.48838
-7.52308
-7.4669
-7.5655
-7.5395
-7.48153
-7.42785
-7.46426
-7.46998
-7.4555
-7.51485
-7.53096
-7.44372
-7.48446
-7.49637
-7.50819
-7.59954
-7.55401
-7.53087
-7.59574
-7.64896
-7.68635
-7.71902
-7.67934
-7.63452
-7.64145
-7.63776
-7.62821
-7.56613
-7.5328
-7.49727
-7.51349
-7.63003
-7.5899
-7.68931
-7.60947
-7.5779
-7.63544
-7.59063
-7.6517
-7.66367
-7.69483
-7.72727
-7.67162
-7.70698
-7.67405
-7.63087
-7.60613
-7.65209
-7.60427
-7.67419
-7.62822
-7.60165
-7.61544
-7.67486
-7.64092
-7.6704
-7.61931
-7.63625
-7.54778
-7.5818
-7.57045
-7.55725
-7.50041
-7.51858
-7.57283
-7.52853
-7.48795
-7.38801
-7.35279
-7.38286
-7.44817
-7.5004
-7.47307
-7.59054
-7.50658
-7.56206
-7.49529
-7.46645
-7.53891
-7.4802
-7.46355
-7.57656
-7.63797
-7.6618
-7.65253
-7.5888
-7.68121
-7.71041
-7.78068
-7.70647
-7.645
-7.62278
-7.64717
-7.61774
-7.69895
-7.64386
-7.6469
-7.64443
-7.58302
-7.49411
-7.47329
-7.44498
-7.50458
-7.60094
-7.56484
-7.66913
-7.63566
-7.58383
-7.59744
-7.55319
-7.5607
-7.55465
-7.53458
-7.54605
-7.57604
-7.52766
-7.57422
-7.56662
-7.61141
-7.60963
-7.6481
-7.63579
-7.64242
-7.61565
-7.48873
-7.4696
-7.48819
-7.41925
-7.44311
-7.4665
-7.44445
-7.41478
-7.45099
-7.45905
-7.39375
-7.37733
-7.46326
-7.53077
-7.47404
-7.46874
-7.48571
-7.48592
-7.53565
-7.55529
-7.47035
-7.43569
-7.3994
-7.41481
-7.42541
-7.35553
-7.38667
-7.47158
-7.51819
-7.52515
-7.55294
-7.5734
-7.6145
-7.65343
-7.65103
-7.5937
-7.6371
-7.60626
-7.65785
-7.58374
-7.56973
-7.49641
-7.49698
-7.53037
-7.47509
-7.41723
-7.43496
-7.43838
-7.46929
-7.49285
-7.52773
-7.48441
-7.51732
-7.52432
-7.54463
-7.56797
-7.65935
-7.59788
-7.59312
-7.64394
-7.61562
-7.55323
-7.61836
-7.58634
-7.52667
-7.5425
-7.59332
-7.60698
-7.70641
-7.70207
-7.72157
-7.65497
-7.58209
-7.54303
-7.50752
-7.48674
-7.52434
-7.54324
-7.43791
-7.48102
-7.54351
-7.54593
-7.53715
-7.54812
-7.4936
-7.58353
-7.53797
-7.58692
-7.61911
-7.62822
-7.65597
-7.5598
-7.53319
-7.55184
-7.59265
-7.56406
-7.58951
-7.66331
-7.64391
-7.62031
-7.57087
-7.59832
-7.55831
-7.61402
-7.63361
-7.61726
-7.63071
-7.67504
-7.54541
-7.55569
-7.61049
-7.60484
-7.64009
-7.67834
-7.65251
-7.63204
-7.55039
-7.56457
-7.56626
-7.60803
-7.61405
-7.56159
-7.56139
-7.62117
-7.64334
-7.60557
-7.56195
-7.60071
-7.5393
-7.51365
-7.56707
-7.56227
-7.5832
-7.5943
-7.57346
-7.50051
-7.44704
-7.45836
-7.49218
-7.44957
-7.46215
-7.48578
-7.4926
-7.51422
-7.53802
-7.445
-7.45358
-7.42745
-7.46691
-7.40734
-7.41331
-7.45702
-7.48963
-7.49601
-7.46199
-7.48554
-7.44933
-7.42272
-7.47309
-7.50906
-7.54315
-7.53547
-7.53713
-7.50047
-7.48353
-7.50125
-7.45499
-7.41816
-7.55429
-7.40398
-7.49802
-7.44228
-7.33683
-7.3637
-7.41455
-7.5239
-7.51123
-7.5921
-7.5361
-7.59915
-7.63097
-7.56454
-7.56658
-7.55832
-7.50952
-7.50726
-7.53137
-7.53177
-7.48691
-7.49619
-7.43029
-7.4738
-7.49843
-7.57746
-7.5255
-7.59743
-7.59369
-7.59702
-7.64823
-7.66842
-7.66876
-7.71903
-7.73992
-7.67979
-7.65984
-7.59914
-7.57343
-7.57817
-7.42743
-7.46266
-7.51687
-7.57749
-7.53575
-7.64455
-7.57514
-7.56208
-7.51452
-7.48535
-7.47552
-7.43497
-7.47559
-7.46735
-7.40939
-7.48372
-7.46163
-7.45023
-7.45962
-7.42498
-7.4637
-7.45947
-7.48386
-7.55689
-7.55669
-7.5305
-7.49042
-7.49491
-7.56925
-7.49459
-7.4388
-7.49853
-7.47084
-7.47382
-7.48245
-7.53496
-7.55103
-7.52584
-7.53112
-7.47718
-7.54616
-7.48277
-7.45625
-7.51511
-7.62551
-7.6749
-7.54595
-7.55511
-7.5387
-7.5795
-7.57727
-7.57048
-7.53369
-7.58471
-7.52249
-7.525
-7.56263
-7.55698
-7.57945
-7.63405
-7.64338
-7.64176
-7.56522
-7.49003
-7.57526
-7.64273
-7.68848
-7.69043
-7.59022
-7.59309
-7.60151
-7.62653
-7.54652
-7.5392
-7.52982
-7.48615
-7.49189
-7.48183
-7.54781
-7.51164
-7.52227
-7.51676
-7.59347
-7.55967
-7.6274
-7.61237
-7.55957
-7.52746
-7.52918
-7.56664
-7.59266
-7.58373
-7.52636
-7.52323
-7.56427
-7.55476
-7.56466
-7.55291
-7.53239
-7.49587
-7.50187
-7.5351
-7.55572
-7.60316
-7.60737
-7.65582
-7.6328
-7.71049
-7.63983
-7.56275
-7.56207
-7.61965
-7.58289
-7.62537
-7.63225
-7.63509
-7.63836
-7.62842
-7.53523
-7.48522
-7.49395
-7.55561
-7.56627
-7.56071
-7.53651
-7.47329
-7.42928
-7.47934
-7.47442
-7.48114
-7.50311
-7.47552
-7.51277
-7.55
-7.55983
-7.47198
-7.45241
-7.46775
-7.52339
-7.49169
-7.38725
-7.51583
-7.49238
-7.48649
-7.41234
-7.44621
-7.53547
-7.5424
-7.62777
-7.61303
-7.63919
-7.58713
-7.53824
-7.53021
-7.50919
-7.46558
-7.4369
-7.4681
-7.55928
-7.48986
-7.5173
-7.50293
-7.59356
-7.57711
-7.53352
-7.55442
-7.60701
-7.53109
-7.55494
-7.53807
-7.56438
-7.62361
-7.6353
-7.56235
-7.57346
-7.55771
-7.55377
-7.51262
-7.54078
-7.57924
-7.61898
-7.54618
-7.58699
-7.5702
-7.5776
-7.52384
-7.54308
-7.5349
-7.60231
-7.58192
-7.64434
-7.59195
-7.57036
-7.48712
-7.46867
-7.45853
-7.40834
-7.49572
-7.57998
-7.58059
-7.57544
-7.65481
-7.65554
-7.59127
-7.50733
-7.57735
-7.65109
-7.68348
-7.65464
-7.58636
-7.54194
-7.55361
-7.53737
-7.48991
-7.48405
-7.4526
-7.47641
-7.49957
-7.49098
-7.54614
-7.57477
-7.59848
-7.62667
-7.68289
-7.67555
-7.62456
-7.66859
-7.5729
-7.61477
-7.60524
-7.55548
-7.58034
-7.57576
-7.59464
-7.56423
-7.59034
-7.67491
-7.64024
-7.58466
-7.57221
-7.48124
-7.5346
-7.5275
-7.51827
-7.55294
-7.47008
-7.50567
-7.46119
-7.53418
-7.58854
-7.49827
-7.55777
-7.53305
-7.52653
-7.48715
-7.43586
-7.45401
-7.48737
-7.49537
-7.46235
-7.4891
-7.46713
-7.45782
-7.34149
-7.42764
-7.45444
-7.46376
-7.51634
-7.59224
-7.54532
-7.52271
-7.53442
-7.52345
-7.54198
-7.49812
-7.53874
-7.54337
-7.57778
-7.57628
-7.57491
-7.54995
-7.59479
-7.58036
-7.63479
-7.5617
-7.5512
-7.59272
-7.57227
-7.55867
-7.53154
-7.52254
-7.57417
-7.60871
-7.57777
-7.59919
-7.65194
-7.67093
-7.61161
-7.63289
-7.52287
-7.50003
-7.54385
-7.62678
-7.59535
-7.53845
-7.54754
-7.48485
-7.59
-7.549
-7.53541
-7.53869
-7.49332
-7.49086
-7.46169
-7.48417
-7.46072
-7.44414
-7.44834
-7.40002
-7.46001
-7.44872
-7.42141
-7.45732
-7.37744
-7.34258
-7.35725
-7.29897
-7.32779
-7.45554
-7.45345
-7.47241
-7.40152
-7.4379
-7.5255
-7.43462
-7.49975
-7.50302
-7.49064
-7.47224
-7.41912
-7.49776
-7.36618
-7.49348
-7.53982
-7.55535
-7.58589
-7.56286
-7.55968
-7.46216
-7.53713
-7.60585
-7.61681
-7.58957
-7.63386
-7.52779
-7.57191
-7.58709
-7.6231
-7.61658
-7.55491
-7.53348
-7.48425
-7.43278
-7.48744
-7.52076
-7.47963
-7.59057
-7.61086
-7.64355
-7.61679
-7.66618
-7.63581
-7.63628
-7.5918
-7.54907
-7.50876
-7.43056
-7.46993
-7.51953
-7.5201
-7.54039
-7.51398
-7.57708
-7.5313
-7.55655
-7.63207
-7.63058
-7.59938
-7.55896
-7.62035
-7.57149
-7.5764
-7.52328
-7.41678
-7.47474
-7.5508
-7.49744
-7.50536
-7.51529
-7.55093
-7.49513
-7.40581
-7.42282
-7.44022
-7.43889
-7.40674
-7.41256
-7.37677
-7.40727
-7.36041
-7.43053
-7.45036
-7.43168
-7.46242
-7.44349
-7.44324
-7.38142
-7.413
-7.40939
-7.46523
-7.52386
-7.50895
-7.50447
-7.46784
-7.57159
-7.54377
-7.52571
-7.55697
-7.5785
-7.46904
-7.50629
-7.55284
-7.58091
-7.54398
-7.52635
-7.58358
-7.54488
-7.57481
-7.58966
-7.60336
-7.63338
-7.61036
-7.6654
-7.64055
-7.69414
-7.71849
-7.6708
-7.61373
-7.62037
-7.57689
-7.58495
-7.58189
-7.53037
-7.48018
-7.62846
-7.62351
-7.63973
-7.62196
-7.69441
-7.72602
-7.63309
-7.59329
-7.55855
-7.48798
-7.44767
-7.53549
-7.58551
-7.64737
-7.55925
-7.57273
-7.63274
-7.65442
-7.57795
-7.58289
-7.63182
-7.69489
-7.6926
-7.72628
-7.70059
-7.66307
-7.65829
-7.67064
-7.72309
-7.69179
-7.65812
-7.58833
-7.56017
-7.5961
-7.56887
-7.53402
-7.53119
-7.49467
-7.47619
-7.50849
-7.5069
-7.51264
-7.55171
-7.54547
-7.58222
-7.58054
-7.57268
-7.55405
-7.58739
-7.54347
-7.51353
-7.5134
-7.52979
-7.5095
-7.47373
-7.48021
-7.47572
-7.42841
-7.4319
-7.4346
-7.42438
-7.39936
-7.4791
-7.47738
-7.53333
-7.54363
-7.56654
-7.5361
-7.54768
-7.54904
-7.423
-7.32403
-7.41734
-7.42956
-7.43428
-7.44114
-7.40554
-7.4817
-7.48247
-7.51809
-7.47573
-7.52802
-7.51113
-7.50523
-7.52017
-7.52055
-7.44703
-7.39203
-7.42579
-7.44107
-7.36233
-7.45839
-7.50296
-7.52884
-7.54084
-7.62483
-7.57409
-7.52129
-7.54653
-7.50779
-7.46644
-7.42356
-7.5349
-7.47957
-7.56464
-7.573
-7.58907
-7.59907
-7.68205
-7.69492
-7.65762
-7.64835
-7.68622
-7.63525
-7.61309
-7.58398
-7.56722
-7.57967
-7.52298
-7.52586
-7.50616
-7.4566
-7.44768
-7.34432
-7.44664
-7.4784
-7.45951
-7.51209
-7.53541
-7.47727
-7.36292
-7.47164
-7.46591
-7.54801
-7.44715
-7.5032
-7.44493
-7.46907
-7.47771
-7.47055
-7.54669
-7.5261
-7.50506
-7.51558
-7.51286
-7.49287
-7.45524
-7.39039
-7.42167
-7.55172
-7.48221
-7.43865
-7.39956
-7.31043
-7.36342
-7.38963
-7.50129
-7.59429
-7.63967
-7.6017
-7.56434
-7.53065
-7.50454
-7.53774
-7.52466
-7.59911
-7.58461
-7.54153
-7.56965
-7.63262
-7.59011
-7.61016
-7.60566
-7.61688
-7.64168
-7.60122
-7.64227
-7.56912
-7.50998
-7.57129
-7.49094
-7.49197
-7.50981
-7.53239
-7.61251
-7.55119
-7.52953
-7.56446
-7.50063
-7.57763
-7.51012
-7.52809
-7.54646
-7.56722
-7.63026
-7.55138
-7.5819
-7.56324
-7.51712
-7.49396
-7.59844
-7.57371
-7.52341
-7.55151
-7.58321
-7.53858
-7.57239
-7.59922
-7.61432
-7.66092
-7.61778
-7.68008
-7.69397
-7.69997
-7.68416
-7.60016
-7.58722
-7.60843
-7.54814
-7.59831
-7.59811
-7.62357
-7.65526
-7.6474
-7.68054
-7.64192
-7.59706
-7.6084
-7.66713
-7.6008
-7.54857
-7.52894
-7.54273
-7.52148
-7.47179
-7.53025
-7.54981
-7.58465
-7.55719
-7.54936
-7.57365
-7.5909
-7.55484
-7.5506
-7.54276
-7.60565
-7.59129
-7.62587
-7.56428
-7.61111
-7.6318
-7.59421
-7.57941
-7.6249
-7.63024
-7.64252
-7.64341
-7.60779
-7.61696
-7.60835
-7.5102
-7.59459
-7.60497
-7.5988
-7.56682
-7.51982
-7.52396
-7.55701
-7.56076
-7.54229
-7.51528
-7.52619
-7.54757
-7.51186
-7.53567
-7.48334
-7.64118
-7.53227
-7.61364
-7.61562
-7.55174
-7.53621
-7.50387
-7.45193
-7.46695
-7.42645
-7.45827
-7.39874
-7.39467
-7.36844
-7.42693
-7.41511
-7.48536
-7.54029
-7.56687
-7.58317
-7.61136
-7.66403
-7.61672
-7.58146
-7.53771
-7.50587
-7.48829
-7.63355
-7.6196
-7.62233
-7.62641
-7.64083
-7.61793
-7.64893
-7.58865
-7.6142
-7.62126
-7.66878
-7.67923
-7.64386
-7.70908
-7.69628
-7.65371
-7.67986
-7.60606
-7.52741
-7.56113
-7.51113
-7.49306
-7.52814
-7.5135
-7.53256
-7.43132
-7.49188
-7.48165
-7.42564
-7.45314
-7.45952
-7.48205
-7.49493
-7.47787
-7.4718
-7.49307
-7.52101
-7.55524
-7.58358
-7.55493
-7.55691
-7.56677
-7.62902
-7.65691
-7.56942
-7.57562
-7.5926
-7.6157
-7.53206
-7.46328
-7.43541
-7.46534
-7.50054
-7.49648
-7.47012
-7.488
-7.54141
-7.55413
-7.51499
-7.53512
-7.45032
-7.45213
-7.43621
-7.56021
-7.5187
-7.53864
-7.57819
-7.5894
-7.53932
-7.53854
-7.62232
-7.5476
-7.5897
-7.55387
-7.56194
-7.5663
-7.51921
-7.43841
-7.50173
-7.51623
-7.54116
-7.48342
-7.63655
-7.64237
-7.63225
-7.60313
-7.5491
-7.48805
-7.52928
-7.53931
-7.51229
-7.43827
-7.4987
-7.54156
-7.53622
-7.56999
-7.48848
-7.54142
-7.56767
-7.58965
-7.67089
-7.60238
-7.62897
-7.55175
-7.59906
-7.65953
-7.59325
-7.63174
-7.68443
-7.71324
