1.25104
2.61219
3.43266
3.64114
4.11705
4.49126
5.20067
5.24702
5.38981
5.89572
6.3344
6.34723
6.1168
6.10835
5.90191
5.93484
6.37564
6.5388
7.23166
7.38193
8.20145
7.56061
7.85742
7.50588
7.24679
6.96191
7.35395
7.49375
7.45217
7.27648
7.36587
7.4518
7.49339
7.43032
7.1436
7.03638
7.23007
7.12445
7.16448
6.93898
6.51212
6.71704
7.01547
7.09442
6.80875
6.50856
6.64248
7.03708
6.93085
7.02005
7.32286
7.38527
7.06017
7.20549
7.62184
7.22798
6.84911
6.13699
6.54644
6.32518
6.7354
6.42497
6.70072
6.91574
7.28856
7.82575
7.92905
7.91641
7.90818
7.63319
7.73322
7.51557
7.56196
7.42666
7.08999
6.87332
7.07528
7.10445
6.66807
6.40947
6.37903
6.28108
6.3638
6.41853
6.6967
7.21649
7.17898
6.95118
6.99452
6.90069
6.98312
6.96644
7.11557
7.0276
7.17177
7.14169
7.24009
7.57949
7.4722
7.58568
7.19968
7.6797
7.84915
7.9273
7.89727
7.594
7.4404
7.42459
7.61653
7.34137
7.65023
7.53353
7.10067
7.07751
7.33923
7.23673
6.99092
6.78019
7.10769
7.01197
7.24451
7.97173
7.4787
7.6307
7.7103
7.49798
7.12131
6.9553
7.16885
7.286
6.43025
6.62361
6.96513
6.83247
6.55024
7.20284
7.15958
7.13616
7.19211
7.28331
7.56239
7.26239
7.15267
7.3704
7.36164
7.41824
7.60742
7.79575
7.66685
7.36078
7.34599
7.52166
7.48889
7.4124
7.47032
7.17621
7.18993
7.49486
7.07497
7.63727
7.7186
7.29214
7.23597
7.63915
7.39232
7.53921
7.75049
7.98845
8.09636
7.65424
7.76017
7.65512
7.7606
7.46346
7.36765
7.04429
7.37187
7.22472
6.90581
7.18213
7.22743
7.19719
6.84095
7.07883
7.36186
7.06451
7.18238
7.46086
7.3525
7.55838
7.48777
7.80744
8.09527
7.66775
6.94344
7.2817
7.23084
7.70711
6.9807
6.98698
7.11265
7.1562
7.44345
7.26551
7.08477
6.9146
7.15916
7.4401
7.78134
7.69231
7.58456
7.14281
7.61725
7.76319
8.08024
8.46076
7.88369
7.46801
7.77089
7.26978
6.82524
6.83846
6.72008
6.8012
7.0252
6.96613
7.04669
7.10299
7.058
7.28837
7.5708
7.72061
7.51699
7.70006
7.49575
7.31741
7.34715
7.43691
7.8983
8.37592
8.15003
7.87031
7.72726
7.38884
7.51461
7.80744
8.09718
8.45472
8.01473
8.47333
8.03529
8.55486
8.39748
8.13961
7.87287
7.25649
7.31234
7.58284
7.29922
6.74798
6.4533
6.24118
6.21248
6.37804
6.52699
6.9215
7.18544
7.16435
7.34876
7.35082
7.57207
8.04259
7.64725
7.27113
7.25
7.43665
7.58924
7.41928
7.59527
8.23478
8.44425
8.26964
7.90921
8.16425
7.83829
7.41634
7.95997
7.82808
7.99964
8.15522
7.93649
8.00498
7.65057
7.64064
7.79253
7.60287
7.99467
7.84408
8.17666
8.20193
8.03179
7.94619
7.96582
7.773
8.24615
8.05904
7.92713
8.00979
8.85963
9.15817
9.03078
9.11382
9.01934
8.55611
8.63249
8.88543
8.31166
8.01452
7.77735
7.78221
7.65437
7.4771
7.62917
7.7665
7.68463
7.58106
7.90267
7.86265
7.74475
7.93545
7.95149
7.63654
7.29858
7.397
7.43644
7.75292
8.21271
8.34903
8.2747
8.47203
8.10285
7.84338
7.9517
7.49532
7.58981
7.56714
7.5459
8.00737
7.86013
7.16468
7.18222
7.23195
7.01275
7.39008
7.67517
7.97526
7.67324
7.97452
7.95921
7.93858
7.74772
7.89231
8.60535
7.9728
7.80464
7.40558
7.47822
8.16877
7.5787
7.53128
7.77172
7.72543
7.74875
7.59189
7.56453
7.83772
7.94334
7.71531
7.9425
7.36278
7.53271
7.33135
7.40951
7.62474
7.41777
7.29658
7.09206
7.46059
7.42035
7.30306
7.4812
7.23947
7.43409
7.68786
7.76597
8.02269
7.79407
7.39425
7.34799
6.82222
7.0851
7.06247
7.21559
7.34284
7.1721
7.05874
7.21847
7.06887
7.12942
7.02224
6.88611
6.97873
6.92749
7.05247
6.80229
7.13715
7.2927
8.10706
7.76274
7.51985
7.42701
7.02067
6.40838
6.97061
7.16516
6.99512
6.79527
7.29659
7.26009
7.49629
7.35
7.40051
7.58132
7.68798
7.90768
7.28126
6.89962
7.34323
7.51818
7.59859
7.42578
7.29728
7.17845
6.71942
6.80003
7.34352
7.09294
7.38655
7.05187
7.25895
7.08537
7.34567
7.24311
7.25135
7.61187
7.73403
7.83797
7.81405
8.25516
7.55539
7.52364
7.88834
7.87632
7.67985
7.34252
7.35715
7.03337
6.97423
7.14576
7.14115
7.08254
7.66699
7.68819
7.8308
8.06949
7.9932
7.91883
7.93692
7.56262
7.46926
7.61184
7.44403
7.109
7.01083
7.53323
7.37154
7.30803
7.73097
7.30861
7.50294
7.96173
7.47294
7.63929
7.63905
7.44224
7.40319
7.6082
6.98504
7.2172
7.07965
7.01136
6.99677
7.13397
6.9048
7.15985
6.99828
6.91638
7.17689
7.00567
7.14787
7.13405
7.00679
7.47346
7.45478
7.58441
7.69311
7.23914
7.69739
7.39296
7.56798
7.09803
7.65383
7.71527
7.73584
7.21471
6.96872
7.15852
6.81285
6.43442
6.53972
6.33882
6.57615
6.85177
6.79279
6.75162
6.71748
6.93718
6.52333
6.53303
6.74746
6.92514
6.96057
6.94539
6.7156
7.11717
6.75186
6.80074
7.27418
7.4431
7.67927
7.55038
7.51328
7.77487
7.93877
7.92468
7.91009
7.80161
7.62253
7.2522
7.27815
7.35878
7.3653
7.15402
7.07714
7.25458
7.25502
7.6128
7.71917
7.12808
7.63462
7.35842
7.13745
7.23853
7.44236
7.81933
7.77414
8.20997
7.80707
7.5617
7.80961
8.10681
8.09932
8.57566
8.17899
8.27885
8.13138
8.35121
8.55245
8.39437
8.19798
7.8081
7.54383
7.39851
7.34311
7.5221
7.59764
7.28058
7.52427
7.16411
7.14706
6.95511
7.2102
7.38232
7.36873
7.32776
7.22125
7.38259
7.48508
7.44919
7.46899
7.44129
7.49526
7.24235
6.82228
6.73428
7.17584
7.12192
7.01013
7.17226
6.69587
6.79517
6.54883
6.8337
6.98871
6.97617
7.09175
7.10421
7.18893
7.65879
7.89093
7.70919
7.48274
7.89883
7.8806
7.58275
7.46131
7.08945
6.79819
6.43666
6.86145
7.07894
7.30633
7.44661
7.20073
7.45008
7.2755
7.42287
7.44458
7.13673
7.25147
7.43193
7.53779
7.52726
7.68212
7.59855
6.95529
7.08562
7.49455
7.39065
7.10913
7.21307
6.98055
6.84387
6.9677
6.8946
7.17107
7.82876
7.91149
7.59935
7.54832
7.149
7.41523
7.23394
7.22478
7.12268
7.49805
7.47577
7.69579
7.13889
6.918
7.1396
7.27908
6.9115
6.65834
6.56259
6.3788
6.33509
6.28918
6.58121
6.9467
6.92715
6.78145
6.82549
6.97257
7.4065
7.42648
7.23652
7.48958
7.50981
7.00389
6.9876
7.57268
7.72583
8.15454
7.6122
7.68377
7.85999
7.74375
8.09725
8.15162
7.98122
8.03045
8.01231
7.85724
7.67161
7.94597
7.70212
8.2694
7.95043
7.49532
7.58561
7.77839
7.84564
7.98474
8.17191
8.31323
7.99303
8.01792
7.62577
7.63822
8.15789
8.00928
7.60098
7.41581
7.45908
7.19446
7.08342
7.20739
6.84563
6.91567
7.2746
7.31008
6.86013
7.33487
7.81628
7.62942
7.48511
7.33418
7.24771
7.86164
7.65835
7.81305
7.97314
8.18321
7.65889
7.54914
7.6148
7.76306
7.62386
7.41541
7.5047
7.53317
7.37006
7.1564
6.96687
6.98382
7.22377
7.09642
7.33763
7.36451
7.10196
6.91914
6.80503
6.77185
6.62486
6.64471
6.53817
6.70957
7.24495
7.49984
7.64666
7.65464
7.66667
7.45718
7.14171
7.32553
7.29885
7.3279
7.44724
6.82144
6.6176
6.94623
6.87719
6.90504
6.74631
6.70517
6.49908
6.91347
7.27663
6.97579
7.08602
7.49368
7.60706
7.35889
7.10273
7.78631
7.56836
7.60319
7.22978
7.68881
7.50131
7.82049
8.08495
7.89794
7.90364
7.28056
7.22086
6.85727
7.03907
7.09178
7.38583
7.50664
7.52517
7.99438
7.8881
7.71053
7.59468
7.0148
7.59742
7.28405
7.63429
7.47963
7.71431
8.05994
8.11471
7.89888
7.70892
7.50891
7.76064
7.70145
7.6988
7.99613
7.91302
7.89837
8.03259
7.94351
8.43261
7.91234
8.39322
8.46584
8.39159
7.88362
7.81863
8.11954
7.78705
7.95556
7.481
7.12998
7.51578
6.92889
7.35462
7.17543
7.1311
7.27546
7.24018
6.9064
6.86614
6.74751
6.95281
6.87948
6.91477
6.84342
6.97817
7.17745
6.89341
7.01115
6.88494
7.37313
7.63096
7.54466
7.63936
7.71209
8.06086
8.00968
8.47569
8.09508
8.03151
7.85253
7.92909
7.6974
7.54763
7.86512
8.21146
8.4828
8.4196
8.45099
8.59049
8.15102
7.52705
7.71363
7.92306
7.8362
7.35101
7.20462
7.37674
7.19177
7.43166
7.59159
7.25155
7.39738
7.60671
7.71055
8.06724
7.6285
7.12698
7.13126
7.46421
7.59895
8.03039
7.93402
8.35325
8.17663
7.88797
7.65868
8.12631
7.87667
7.61733
7.19004
7.18065
6.80869
6.9738
7.00573
6.97079
7.00665
7.05744
7.21279
7.43318
7.80366
7.82735
7.8117
7.68023
8.06285
8.09503
7.63126
7.48671
7.61341
7.27738
8.02753
7.72328
7.31234
7.54336
7.34862
7.30824
7.83024
7.87568
7.93728
8.00387
7.60341
7.95749
8.32352
8.30433
8.42375
8.39018
8.37212
8.43268
8.19908
7.92609
7.87666
8.20239
8.03274
7.72401
7.34999
7.32264
7.77466
7.40306
7.27324
7.1928
7.09499
6.71874
7.5571
7.47461
7.40169
7.34393
7.52921
7.7115
7.42281
7.76257
7.98904
7.99803
8.45978
7.82459
7.68294
7.70678
7.81974
7.48864
7.27238
6.9805
7.42943
7.53085
7.43915
7.71852
7.3814
7.17645
6.93165
6.79397
6.85386
6.75938
6.19744
6.06909
6.11029
6.50493
6.3063
6.47468
6.72516
6.95306
6.78237
6.8979
7.04552
6.99365
7.23772
7.2126
7.06317
7.38641
7.13142
7.20933
7.33892
7.87214
7.94275
8.15736
8.07048
7.54146
7.95647
8.04732
7.91272
7.70343
7.70041
7.55724
7.24591
7.57485
7.50112
7.46125
7.75492
7.79332
7.92883
7.86902
7.71129
7.82302
7.71839
7.2716
7.4674
7.62494
7.7036
7.50824
7.3525
7.48503
7.57608
7.61282
7.60911
7.61949
7.44998
7.63291
7.27139
7.38659
7.36382
7.10391
7.14887
7.50416
7.37931
7.54579
7.89685
7.881
8.03182
8.08108
8.05144
8.0431
8.18439
8.04959
8.06838
8.19401
8.78649
8.72181
8.63484
8.84694
8.53435
8.50651
8.50291
8.54916
8.60426
8.7242
8.38271
8.36953
8.62262
8.07583
7.97472
8.25391
7.98908
7.59479
7.52616
8.17307
8.28389
8.13483
8.24373
7.7921
8.37657
7.91836
8.09435
7.79705
7.68458
8.06168
7.9384
7.76111
7.94656
7.97828
8.08266
7.84417
7.90881
8.00724
8.01253
7.71363
7.54722
7.16869
6.97915
7.55607
7.78385
7.62893
7.91023
7.91501
7.68874
7.47783
7.66453
7.5831
7.89535
8.86175
9.03825
8.59819
8.41354
8.19321
8.21313
8.03565
7.52886
7.5852
7.33412
7.60102
7.45234
7.59452
7.34223
7.48988
7.39156
7.53816
8.05851
8.2935
8.32069
8.15275
8.28764
8.72795
8.32834
7.64844
7.64111
7.78866
8.30313
8.04199
8.01538
8.00752
7.8432
7.79857
7.97108
7.89996
7.6366
7.74328
7.51039
7.38061
7.2907
7.16773
7.42363
7.71508
7.55826
7.13086
6.97509
6.74115
6.96644
7.33286
7.38818
7.32522
7.61328
8.17067
7.81507
7.84965
7.71238
7.45152
7.31198
7.20788
7.26628
7.4001
7.91571
7.78693
7.39116
6.63185
7.0097
7.14233
7.36661
7.60276
7.58902
7.81305
7.84564
7.96696
7.82731
7.8621
7.79721
7.59062
7.77592
7.40352
7.29737
7.25511
7.10935
7.02614
7.41637
7.54158
7.92004
7.7148
7.28571
6.866
6.85611
7.01528
7.27484
7.16236
7.60813
7.70511
8.03435
8.19237
8.29861
8.32211
8.39388
8.06731
8.36908
8.6712
8.19938
7.81528
7.92439
7.78332
7.83231
8.17044
8.23603
7.93175
7.89975
7.72596
8.18016
7.99513
7.86972
7.85284
7.7938
7.48229
7.30817
7.39726
7.81476
7.89937
7.9413
8.60823
8.63312
8.05773
8.04221
8.02829
8.08253
7.85864
7.87221
8.0419
7.90129
7.82744
7.93881
7.72024
7.47477
7.79312
7.82004
7.59047
7.8038
7.51618
7.54566
7.5847
7.95331
7.48211
7.8081
8.06183
7.88768
7.5757
7.77932
7.92026
7.72126
7.80707
7.89636
7.38359
7.28556
7.6251
7.84481
7.62384
8.03614
7.94423
7.86458
7.78784
7.81315
8.18711
7.93733
7.58721
7.73035
7.48806
7.56329
7.4215
7.89885
7.70028
7.59406
7.61938
7.63906
7.59739
7.6767
7.45482
7.87956
7.88131
7.84725
8.08335
7.96838
8.16635
7.77825
8.09809
7.94434
7.9237
7.9644
7.57365
7.68949
7.83732
7.95744
7.93712
7.38718
6.81683
7.08467
7.1361
7.36975
7.48696
7.36309
6.93687
6.77471
6.71675
6.55955
6.31215
6.50061
6.5388
6.75432
6.95434
7.04513
6.76032
7.48864
7.5828
7.03089
6.99815
7.2431
6.97378
6.78755
6.68215
6.73265
7.17154
6.98039
7.4132
7.44417
7.872
7.99869
7.14301
7.35748
7.22782
7.4413
7.11272
7.18292
7.68529
7.63069
7.8964
7.87793
7.3231
7.54546
7.61393
7.87189
7.97765
7.76734
7.7771
7.49953
7.49115
7.69834
7.43551
7.51247
8.06832
7.53295
7.25023
7.12667
7.69106
7.85657
7.97176
7.86851
7.46009
6.96481
6.94144
7.1395
7.44183
7.43482
7.60246
7.26834
6.91419
6.88529
6.91358
7.00825
7.25639
7.28629
7.37676
7.33148
7.03736
7.2251
7.71109
7.20122
7.0208
7.21492
7.222
7.30851
7.21282
6.81658
6.96027
6.93246
6.70669
6.85591
6.86015
7.22771
7.4829
7.17811
7.73201
7.85251
8.18904
7.7323
7.30662
7.52513
7.35436
6.99006
7.06932
7.13894
7.08524
7.34373
7.58667
7.21511
7.17654
7.28639
7.28755
7.48903
7.61072
7.6716
7.02401
6.69766
6.99251
7.06829
7.10933
6.81416
7.06853
6.65482
7.13901
7.54282
7.57078
7.47061
7.26373
7.19694
6.75929
6.69661
6.81305
6.61896
6.62272
7.25782
7.03751
7.20398
7.42866
7.86935
7.67103
7.52447
7.75046
7.54831
7.37462
7.35051
7.13606
7.16982
6.97529
7.15125
7.32391
7.3131
7.23355
6.94839
6.98282
6.90976
6.74851
7.0773
7.18274
7.32006
7.11803
7.14197
7.41725
7.62546
7.258
7.58963
7.72148
7.7191
7.56489
7.63444
7.56452
7.83862
7.73254
7.37917
7.58917
7.70842
7.40961
7.27221
7.48247
8.09524
7.95558
7.9063
7.93463
7.60956
7.77413
7.51366
7.80712
7.85627
7.55577
7.75035
7.78326
7.84138
7.86163
8.08539
7.98214
7.86267
8.19467
8.12915
7.91785
7.99215
7.65887
7.39294
7.60171
8.06265
8.17836
8.02545
7.9452
7.59971
7.91622
7.53983
7.415
7.87218
8.00081
8.1938
7.93502
8.2868
8.15317
8.20042
7.95656
7.57259
7.88104
7.76275
7.75584
7.91259
7.74407
7.63615
7.47521
7.67543
7.50453
7.82904
7.73477
7.57379
7.56686
7.4325
7.22409
7.56366
7.65604
7.69259
7.81509
7.81427
7.62787
7.29662
7.35652
7.24288
7.27087
6.81597
6.80166
6.95707
7.20131
7.33495
7.80895
8.19204
7.97579
8.04819
7.85925
7.90307
8.359
7.96253
7.6008
7.78064
8.34445
7.77333
7.84902
7.66532
7.2055
7.25812
7.21179
7.29087
7.31952
7.53179
7.9263
7.90795
7.82981
7.3864
7.17165
7.42933
7.33532
7.60438
7.16156
7.35629
7.56013
7.84118
8.0731
7.71803
8.00089
7.89466
7.6523
6.67643
6.78826
7.27071
6.74939
6.76749
7.07206
7.31509
6.70792
6.56222
6.89033
7.29331
7.77963
7.5138
7.47027
7.70534
7.2243
7.17894
7.28791
7.32735
6.93914
7.41135
7.51688
7.55126
7.73834
7.54097
7.53418
8.02938
7.81369
7.58456
8.1528
8.25142
8.36554
8.66459
8.62549
8.42127
8.37925
7.97538
7.91431
8.09734
8.21469
8.22148
8.33905
8.41774
8.06989
8.1976
8.44782
8.31591
8.08065
7.8126
8.46042
8.41891
8.6593
8.40576
8.34176
8.32832
8.20307
8.18362
7.94281
7.55273
7.69552
7.49808
7.42555
7.50922
7.72105
7.51721
7.44979
7.54767
7.19228
7.02207
7.54322
7.70621
7.58211
7.1217
7.37353
7.4696
7.88824
7.42778
7.45713
7.52379
7.21989
7.62228
7.66134
7.61556
7.41437
7.66778
7.91072
7.79875
8.02535
7.98388
8.14147
8.12851
8.03592
8.00998
8.54253
8.55665
8.30022
8.05266
8.08843
7.43669
7.456
7.29196
7.70495
8.07917
7.9635
7.68311
7.45169
7.56435
7.56059
7.85554
7.91611
8.0452
8.0905
7.69134
7.25472
7.09673
7.24658
7.15472
7.49013
7.7561
7.94062
7.96593
8.23853
8.36746
8.22596
8.1544
8.31919
8.41005
8.21326
8.34457
8.25224
8.24746
8.68955
8.56203
8.25738
8.16324
8.39545
8.63008
8.2721
8.0111
7.92528
7.8374
7.77566
7.37591
7.64034
7.3187
7.42753
7.59194
7.34276
7.32697
7.3312
7.41259
7.36389
7.50972
7.23975
7.17653
7.14823
7.09251
7.43338
7.04778
7.19236
7.20977
7.24368
7.15838
7.33975
7.39203
7.6534
7.77519
7.54409
7.49267
7.87672
7.65775
7.62151
7.65066
7.91311
7.90117
7.54262
8.18236
8.31675
8.23195
8.52216
7.97726
7.81266
7.98068
7.60851
7.97621
8.47179
8.23068
8.29075
8.41339
8.12346
8.30252
8.3815
8.08638
7.99779
7.94078
8.65868
8.65222
8.39058
7.9908
7.86951
7.93375
7.69099
7.60478
7.86736
7.99849
7.87484
7.97047
7.92943
8.23399
8.34894
8.05608
8.02482
7.88705
8.22192
8.08208
7.68945
7.66834
7.33471
7.58943
7.74255
7.24363
7.62055
7.23559
7.54738
7.71394
8.16383
7.7139
7.40225
7.22827
7.43488
7.14974
7.18238
7.40218
7.41654
7.42261
7.38402
7.46848
7.7809
7.47193
7.04483
7.86009
7.638
7.94508
7.7505
7.54205
7.44315
7.23573
7.42203
7.41813
7.49107
7.80903
7.25786
7.31557
7.00848
7.31911
7.49393
7.79429
7.94935
7.71816
7.58683
7.39276
7.18397
7.17678
7.20914
7.82019
7.83671
7.68786
7.75553
8.10116
8.00997
7.67857
7.68544
7.27314
7.19234
7.03666
7.39621
7.26929
7.42619
7.32435
7.17564
7.1148
7.00833
7.27901
7.30918
7.25166
7.2927
7.47103
7.25101
7.29496
7.67965
7.35347
7.23113
7.19912
7.02956
7.06824
7.25393
7.0101
7.20426
7.5081
7.67371
8.02724
7.84845
8.19571
7.8912
7.95506
7.55239
7.46355
7.4088
7.77808
7.64811
7.592
7.44943
7.56057
7.83261
7.70239
7.24111
7.14747
7.05231
7.29857
7.57868
7.00284
6.7681
6.71051
6.80343
7.04948
6.89746
7.20602
7.63051
7.98019
8.07961
8.07014
7.76049
7.65306
7.90051
7.69137
7.63936
7.78471
7.35274
7.14848
7.09398
7.0859
6.9536
6.88215
7.04054
6.74955
6.98409
7.12014
6.88006
7.06737
6.95309
6.47608
6.661
6.6435
6.66302
6.87184
7.15516
7.04069
6.87764
6.81483
6.78321
6.91171
7.00439
6.90001
6.85724
6.65089
6.9193
7.06954
7.15838
7.24096
7.01448
7.1358
6.91847
6.89729
6.92374
7.08384
7.26401
7.60333
7.33451
7.93742
8.08095
7.61747
7.58502
7.53947
7.37772
7.59451
7.78218
8.04641
7.6589
7.91595
8.09851
7.98272
7.25992
7.25012
6.96067
7.12557
7.20392
7.32299
7.50601
7.74514
8.15552
7.78261
8.47511
8.17666
8.30003
8.31768
7.63274
7.45744
7.98103
7.6295
7.39504
7.40941
7.18374
7.26105
7.34133
7.34689
7.39478
7.68442
7.88576
7.57259
7.31202
7.4999
7.40042
7.89531
8.21023
7.66037
7.71541
8.18512
7.87785
7.70059
7.42653
7.45648
7.53975
7.82148
7.96029
7.36502
7.63044
7.38963
7.2749
6.87258
7.05093
7.22758
7.20249
7.402
7.38034
7.06827
7.37535
6.87797
6.76245
7.14181
6.65955
6.29206
6.64105
6.50273
6.52484
6.36748
6.63914
6.62121
6.78025
6.71515
7.02554
6.97164
7.00662
7.16421
7.24554
7.18004
7.1948
7.08778
7.14678
7.20042
7.08718
7.26968
7.50978
7.19389
6.88568
6.87803
6.7767
7.17849
7.10563
7.456
7.24897
7.11205
7.28499
7.34203
6.96667
7.29503
7.64634
7.33825
7.38417
7.35523
7.68231
7.85747
7.39864
7.13796
7.17944
7.21816
6.99615
7.10618
6.59571
6.74495
7.24607
7.48114
7.53333
7.95592
7.85958
8.19803
8.31093
8.35629
7.52573
7.96469
7.73985
7.57944
8.0211
8.08447
8.16711
7.90644
8.19922
8.50137
8.33333
7.56017
7.72802
7.63677
8.08808
7.81485
7.69443
7.7124
8.08174
8.28911
7.42046
7.84121
7.74827
7.19102
6.68037
6.85619
6.97022
6.97893
6.94024
6.74914
6.75316
6.89817
7.22559
7.3604
7.21286
7.22352
7.32316
7.18237
7.07969
6.83167
7.20135
7.63159
7.48003
7.40452
7.69883
7.50583
7.28799
7.13081
7.07878
7.18086
7.60024
7.30607
7.17619
7.46854
7.49351
7.96851
8.16386
8.07888
7.65719
7.8526
8.29966
8.31952
8.29208
8.44305
8.35066
8.72656
8.81946
8.8178
8.30941
8.29097
8.05003
7.76097
7.1663
7.36877
7.30099
7.34473
7.60578
7.20249
7.5449
7.30095
7.428
7.35448
7.50407
7.81733
7.43543
7.70164
7.8617
7.17762
7.29695
7.37691
7.2818
7.48428
7.47142
7.22193
7.3991
7.32241
7.76694
7.0417
7.11851
7.3017
7.54114
7.16392
7.07394
7.46065
7.55085
7.05811
6.97971
6.89214
6.76578
6.64165
6.87859
6.77826
6.91467
7.10346
6.9605
7.13736
7.94983
7.89485
7.86068
7.6775
7.61643
7.31677
7.33222
7.48216
7.03509
6.82414
7.04536
6.87388
6.80897
6.8994
7.12768
7.17894
7.10093
7.24106
7.38929
7.10632
7.05315
7.39091
7.32023
7.31852
7.25332
7.10596
7.00005
7.23727
7.31048
7.56194
7.41342
7.75547
8.56812
8.03536
8.29024
8.41356
8.11217
8.04006
8.13898
8.60635
8.71805
8.26306
8.71351
8.24883
7.8492
7.36987
7.56665
7.81244
7.96804
7.95791
7.91256
7.80312
7.54668
7.53699
7.88119
8.0148
7.91607
7.68632
7.28606
7.19881
7.04334
7.26028
7.56338
7.59621
7.53238
7.97638
7.45475
7.39233
7.24449
7.44216
7.57899
8.05263
7.93028
7.58873
7.397
7.57847
8.32421
8.00749
8.25161
7.91844
8.04773
8.06629
8.05582
7.88158
7.79993
7.59702
7.35934
7.5439
7.15882
7.20744
6.95726
7.14281
7.68577
7.03779
7.10754
6.73402
7.07141
7.08963
7.16589
7.12384
7.31459
7.60772
7.67699
7.30899
7.54334
7.45682
8.01794
7.6537
7.61254
7.52311
7.7644
7.35721
7.69201
7.52548
7.56684
7.46522
7.48057
7.41356
7.45782
7.26088
7.01807
6.86965
6.85726
7.09134
7.7137
7.74188
8.29024
8.0099
8.45991
8.28943
8.12801
7.42746
7.51927
7.51878
7.29742
7.10764
7.56709
7.50964
7.27187
7.27476
7.17267
7.20537
7.24945
7.51569
7.59558
7.6049
7.3217
7.09796
7.06071
6.81219
7.11599
6.96385
7.41926
7.75781
7.90918
8.04879
7.53836
7.21614
7.01829
7.36052
7.56791
7.41302
7.08128
7.17277
7.80325
7.82198
8.11232
8.08708
8.37684
7.92505
7.74007
7.53205
7.43778
7.19481
7.22229
7.59755
7.65983
7.46083
7.41643
7.66707
7.83353
7.64153
7.12114
7.35509
7.61237
7.64281
7.68857
7.68965
7.86166
7.75753
8.03761
7.90198
7.78095
8.08801
7.81091
7.66703
7.55002
7.37912
7.21448
7.27073
6.99437
6.66509
6.49135
6.37338
6.67654
7.00271
6.80229
7.06747
7.27667
7.34561
7.38201
7.67471
7.5575
7.22242
7.0728
7.04406
7.34014
7.44606
7.30466
6.89053
6.70813
6.72365
6.76934
6.92865
6.90935
7.00194
7.05255
7.21134
7.11253
6.95951
7.02439
7.05967
7.29919
7.51786
7.40654
7.10477
7.19877
6.96863
6.61068
6.65742
6.71649
6.85656
6.79293
7.05751
7.09184
6.90064
6.75926
6.5365
6.80542
6.4748
6.53256
6.34278
6.79017
7.22376
6.92467
6.88891
6.66912
6.54093
6.56333
6.67044
7.31534
7.56545
7.80178
7.85973
7.55858
8.00446
7.99654
8.31364
8.19974
8.12473
8.17622
8.07416
8.0475
8.12959
7.66375
7.31389
7.67961
7.89186
7.88202
7.5425
7.62881
7.39486
7.84291
7.76752
7.83239
7.7953
8.07993
8.23533
8.22012
7.85477
7.57018
7.69103
7.76918
8.17768
8.0066
8.57857
7.83549
7.60279
7.41206
7.26031
7.64895
7.59179
8.03049
7.80348
7.61193
7.89809
7.83596
7.99493
7.96025
8.14983
8.13689
8.46505
8.22533
7.96912
7.6177
7.65847
7.20297
7.01754
7.26059
7.44263
7.47826
7.72502
7.61708
7.49227
7.49557
7.21792
7.5341
7.25006
7.22358
6.89617
6.8789
7.03021
7.28976
6.95325
7.18267
7.10517
7.34241
7.25723
7.23316
7.31985
7.19985
7.74157
8.01819
7.61163
7.94921
7.88298
7.80314
7.62044
7.58579
7.44068
7.32819
7.44393
7.59854
7.64015
7.79151
7.24066
7.36235
7.29257
7.63271
7.79104
7.73548
7.36856
7.23544
7.35899
7.48327
7.418
7.26446
7.12024
7.29541
7.47729
7.3213
7.56865
7.7233
7.76883
7.27204
7.46478
7.33637
7.31628
7.04967
7.00005
7.12041
7.23523
7.74871
7.81275
8.14222
7.88109
7.90589
7.44219
7.57726
7.79332
7.84647
7.95044
8.14221
8.26091
8.54619
8.53771
8.45049
8.47058
8.57535
8.18128
8.40728
8.78296
7.84397
7.9124
7.54527
7.69293
7.492
7.29565
7.40827
7.66265
7.44706
7.83787
7.87448
7.9857
8.21684
8.12762
7.9216
8.17198
8.04334
7.79356
7.37275
7.81602
7.72786
7.40953
7.02386
6.64312
6.82248
6.79063
6.72753
7.01548
7.17381
7.14858
6.97082
7.13248
7.0082
6.8903
7.51087
7.59636
7.07273
6.86161
6.96459
6.61732
6.97136
6.9103
6.94777
7.23433
6.68056
7.08914
6.84886
6.50382
7.0267
6.65079
6.3828
6.06976
6.48697
6.38592
6.5173
6.73264
6.56567
6.82936
7.24428
6.90461
7.00425
7.23506
7.39933
7.17146
7.21076
7.02574
7.18023
7.81917
7.80271
7.80563
7.91127
7.76209
7.42801
7.40892
7.27899
7.58387
7.234
7.24646
7.4332
7.18685
7.40234
7.76041
7.73515
7.18053
7.20094
7.17624
7.31416
7.30201
7.15887
7.2545
7.64998
7.71403
7.33887
6.98716
6.95784
7.06577
7.07039
6.72009
6.86167
7.60588
7.09875
6.83308
6.39282
6.8064
6.3793
6.49059
6.26634
6.39748
6.69492
6.41861
6.48315
6.84362
6.51584
6.85506
6.32469
6.12314
6.31947
6.411
6.61945
7.16169
7.1016
7.33642
7.60083
7.58132
7.12511
6.97368
7.59471
7.46936
7.53437
7.4877
7.51585
7.71278
7.48656
7.58621
7.75196
8.20055
7.905
7.87309
7.64032
8.32096
8.17885
7.78472
7.86538
7.33054
7.33921
7.37735
7.42523
7.31915
7.18893
6.98075
7.38243
7.60499
7.35664
7.36432
7.5558
7.38369
7.84517
7.55217
7.97099
7.91391
7.92996
7.6014
7.6161
8.00316
7.57644
7.34268
7.65225
7.6849
7.77533
7.59128
7.84624
7.72988
7.49413
7.89989
7.60289
8.25163
8.3539
8.70758
8.18786
7.88484
7.85482
7.92909
7.57424
7.53662
7.74284
8.10304
8.13988
7.86264
7.73057
8.14921
8.31872
8.05745
8.2657
7.52056
7.51887
7.63739
7.44437
7.14445
7.19387
7.23796
7.29346
7.14681
7.37366
7.54234
7.56567
7.50394
8.14257
7.99371
7.60978
7.26762
7.57146
7.35762
7.18669
6.96577
7.12369
7.00943
7.35099
7.63634
7.22323
7.67312
7.58664
7.72865
8.09768
8.34185
8.41864
8.41092
7.99644
8.27542
7.98536
8.19535
8.16634
8.39137
8.05264
8.15218
8.19066
8.37929
8.20345
8.24532
7.99666
8.42359
7.9971
7.53685
7.45627
8.12724
7.95968
7.95635
8.33787
8.31657
7.55672
7.07212
7.01692
6.8609
7.21793
7.41357
7.65405
7.9486
8.12635
7.9856
8.28983
7.70621
7.69252
7.75417
8.04128
7.8715
8.22892
8.06911
7.90348
7.7425
8.24063
7.99547
7.96571
8.04168
8.01289
7.76932
7.65986
7.52602
7.99993
7.84515
8.07336
8.36167
8.09568
8.17342
8.06661
7.74011
7.85018
7.25386
6.95445
7.34388
7.49401
7.43712
7.24378
7.37152
7.72063
7.80265
7.91327
7.78073
7.56799
7.50815
7.15134
6.73514
6.90274
7.31377
7.05032
6.76013
7.21629
7.54106
7.62581
7.8031
7.58545
7.54734
8.13531
7.82049
7.92163
7.77069
7.62981
7.33824
6.8959
7.62818
7.64674
7.25194
7.24479
6.99363
6.71384
7.28831
7.39858
7.64699
7.38113
6.91717
7.0185
7.09326
7.39692
7.07205
6.93418
7.44507
7.23885
7.02791
7.29845
7.13735
7.5902
7.55849
7.49585
7.89677
7.72686
7.53126
7.48365
7.52094
7.48789
7.5688
7.18957
7.08475
7.48059
7.67903
7.56806
7.57967
7.66149
7.84363
7.51175
7.92265
7.86174
7.68339
7.74815
7.60057
7.70921
7.99881
8.14595
8.17244
8.14268
8.02038
7.92545
7.74785
7.99188
7.73047
7.39106
7.1046
6.77906
6.87093
6.64437
6.37238
6.54027
6.52214
6.72213
6.78656
6.84082
6.82801
6.74439
7.16369
7.32706
7.3689
7.41561
7.41503
7.67298
7.81591
7.87242
7.75139
8.29847
7.99392
7.89693
7.62089
7.88947
7.90737
7.63189
7.27087
7.53528
7.45724
7.7013
7.89427
7.93733
8.13447
7.99775
7.88082
8.17745
7.99079
7.53627
7.41112
7.72658
7.69849
8.08493
8.26074
8.45727
8.13699
8.56896
8.27661
8.14663
8.19327
8.15777
7.35116
7.50015
7.85593
8.09537
8.453
8.20299
8.56591
8.41003
8.6873
8.63979
8.47209
8.52678
8.50465
9.01597
8.36218
8.39922
8.50907
8.82533
8.7261
8.47171
8.44385
8.28775
8.02583
7.70123
7.8113
7.50983
7.26175
7.39501
7.32284
7.17006
7.56001
7.26214
7.7171
7.97561
8.14459
8.24548
7.60455
7.41445
7.03387
7.01405
7.32328
7.544
7.49324
7.43833
7.37631
7.44267
7.44544
7.92473
8.34822
8.11229
8.15151
8.08913
7.92373
7.99115
7.75318
7.7562
7.41193
7.02005
7.06571
7.2083
7.69453
7.70311
7.75437
7.66674
7.79559
7.86494
7.87592
7.65574
7.45743
7.08181
7.06972
7.27434
6.92504
7.09875
7.4556
7.49569
7.98975
8.43428
8.0914
8.01158
7.77596
7.72477
7.42455
7.65659
7.49491
7.64921
7.93777
7.96837
7.67512
7.4812
7.48699
7.27097
7.35193
7.67139
7.53863
7.84749
7.6496
7.62834
7.9282
7.92007
7.86644
8.08497
7.68521
7.94677
8.37998
7.84052
7.61241
7.41925
7.70089
7.27062
7.54103
7.67237
7.69167
7.62346
7.52249
7.90345
7.29447
7.78004
7.61269
7.94804
8.34777
8.51801
8.35623
7.93035
7.6355
8.0053
7.86159
7.92668
7.68567
7.47455
7.45763
7.30095
7.92357
7.50855
7.82899
7.61936
7.40397
7.30248
8.03656
7.97868
8.12746
7.84591
7.93952
8.03398
8.07949
8.16793
7.88758
7.77261
7.79873
7.93945
7.9124
7.53684
7.67499
7.77475
7.67514
7.32076
7.03829
7.13974
7.03163
7.12653
6.72516
7.0457
6.77422
6.88551
7.49761
7.62507
7.46805
7.72829
7.45184
7.5311
7.5967
7.27837
7.52361
7.52451
7.12927
7.23326
7.24327
7.40363
7.25498
7.20547
7.5176
7.60795
8.03126
7.68091
8.01904
7.76409
7.79099
7.91301
8.03101
7.82645
7.48004
7.67074
7.67556
8.02058
7.53846
8.04171
8.00931
8.1989
8.30441
8.24503
7.88743
8.025
7.8805
7.42142
7.24742
7.48235
7.801
7.53195
7.2106
7.14461
6.88179
6.97609
7.17722
7.27231
7.43856
7.34326
7.83597
7.61427
7.59748
7.61432
7.41358
7.60335
7.70487
7.9235
7.39214
7.43047
7.64795
7.67308
7.51453
7.78165
7.77116
7.58759
7.41607
7.11266
7.39881
7.43691
7.52139
6.85286
7.08135
6.81701
6.98666
7.15271
7.09483
7.05259
6.96884
6.8737
6.81421
6.74742
7.02767
6.9286
7.08866
6.96659
7.21251
7.39027
7.57265
7.32472
7.4717
7.53588
7.47141
7.1261
7.20214
7.12846
7.68859
7.95093
7.07594
6.76885
6.62601
7.14234
7.14372
7.20922
7.06859
6.91804
6.55743
7.05067
7.66294
7.14319
6.98213
7.22293
7.16625
7.17545
7.67203
7.70053
6.89062
7.00317
6.9368
6.66121
6.66334
6.84615
6.75984
6.58835
6.95794
7.33907
7.54658
8.04383
7.58995
7.66784
7.6407
7.63783
7.49592
7.70459
8.07478
7.77586
7.306
7.31676
7.32633
6.94049
7.33348
7.39705
7.18381
7.30129
7.90077
8.06083
7.9244
7.66463
7.61919
7.78561
7.93787
7.661
7.74448
7.65469
7.11199
7.14727
7.71078
8.73103
9.02521
8.35078
8.38015
8.38518
8.30755
8.62521
8.04706
7.53384
7.57838
7.41165
7.06673
7.02946
7.07582
7.23789
7.41369
7.36252
7.31566
7.13936
7.04104
7.02297
6.91804
7.70602
7.86408
7.75843
8.19953
8.24507
7.52422
7.58169
7.43424
7.87366
8.15192
8.3643
8.29135
8.46466
8.33304
8.1289
8.13002
8.13595
7.78818
7.81985
7.86518
7.6338
7.62161
7.59169
7.7522
7.65085
7.63699
7.53536
7.50606
7.30508
7.48125
7.04034
7.04442
6.80224
7.10201
7.12469
7.43197
7.77134
7.66714
7.34399
6.87826
7.00812
7.08097
7.29409
7.10771
6.90512
7.17377
7.7871
7.76286
7.27526
7.53737
7.77538
7.89824
7.58826
7.71119
7.72484
7.83685
7.7435
8.06962
8.03585
7.61184
7.55149
7.7303
7.71047
7.72729
8.06497
7.96365
7.14433
7.21927
6.86531
7.10517
7.63787
7.58937
7.2734
7.19234
6.68851
7.54523
7.36579
7.27163
7.35009
6.98013
7.05838
6.88271
7.13876
7.46569
7.54997
7.1615
6.942
7.32424
7.62055
7.85051
7.43443
7.89437
7.61351
7.50767
7.42647
7.00302
7.48394
7.52115
7.47962
7.3511
6.99449
7.37506
6.95257
7.30409
7.69399
7.53046
7.66421
7.85958
7.96802
7.6827
8.00477
8.17084
8.10598
8.31185
8.55123
8.80584
8.60015
8.08436
7.91227
8.09256
8.18871
8.06598
8.1203
7.42294
7.61267
7.44542
7.50198
7.3403
7.25455
7.53222
8.05576
8.57527
8.49538
8.29688
8.08025
8.12952
8.42299
8.18201
8.07135
8.0842
8.0668
8.41101
8.58056
8.72844
8.70982
8.1121
7.87702
8.21371
7.70329
7.79285
7.97541
8.14209
7.93978
7.94432
8.38985
8.39292
7.86633
8.0348
7.95882
7.82201
7.64036
7.03103
7.38566
7.63836
7.62796
7.86628
7.91283
8.18757
8.60091
8.3725
8.51193
8.09216
8.10339
7.77038
8.12381
7.89684
8.14146
7.97834
8.13475
8.15225
7.82434
7.91576
7.99428
7.90664
8.11573
7.59766
7.48442
7.18611
7.29456
7.53738
7.20083
7.0095
7.08124
7.23366
6.97286
6.71113
6.77307
6.80019
6.93556
7.09628
7.54907
7.11397
7.12539
7.23099
7.13775
7.47157
7.32955
7.59302
7.99291
7.63875
7.23526
7.33798
7.42524
7.56129
6.9907
6.71752
6.65912
6.90242
6.40594
6.56173
6.64037
6.9661
6.97812
7.19586
7.56194
7.16234
7.37178
6.72049
6.4611
6.8074
6.96221
7.50184
7.60262
7.5047
7.40523
7.20551
7.35602
7.95803
7.60999
7.76676
7.8698
7.99206
8.1575
8.07157
8.30148
8.05749
8.21466
8.04242
7.14338
7.03736
6.89528
6.9966
7.183
7.39681
7.2559
7.09832
7.35215
6.75002
7.0868
7.38341
7.43984
7.90023
7.97531
7.74842
7.62675
7.47095
7.72672
7.30799
7.37409
7.1134
7.10001
7.05713
7.19664
7.52105
7.48652
7.71049
7.85395
7.90333
7.8873
7.98181
7.90243
7.65586
7.59346
7.57016
7.58521
8.01951
8.01179
7.70188
7.90106
8.14898
7.70727
7.98712
7.97991
7.97674
7.59671
7.87423
7.40377
7.71932
7.61206
7.43853
7.42346
7.69555
7.68014
7.78397
7.68474
8.0059
8.15903
7.83296
7.54032
7.63897
7.55895
7.40607
7.86835
7.8839
7.79433
7.88882
7.39673
7.25873
7.32338
7.79592
7.59037
7.20926
7.52363
7.62198
7.353
7.55732
7.10928
6.97454
7.22749
7.47818
7.50334
7.29514
7.00313
7.34088
7.61932
7.48187
7.84918
7.70793
7.83333
7.75585
7.90182
7.63314
7.45404
7.25801
7.01619
7.45483
7.55226
7.0343
6.96957
7.12518
7.22234
7.17198
7.85097
7.70361
7.94243
7.65659
7.60396
7.59176
7.96544
7.43122
7.49608
7.99314
8.07095
8.3561
8.14675
8.30838
8.01766
7.95479
7.89301
7.9245
7.86388
7.63349
7.89749
7.62357
7.72675
7.60484
8.13543
8.06542
7.58132
7.28501
7.47455
7.23339
7.27309
7.37645
7.46551
7.84493
8.24417
8.01969
7.79073
7.71073
7.57314
7.67556
7.79177
7.63086
7.81394
7.90652
7.96034
7.87715
7.83603
7.69047
7.41884
7.17459
7.45668
7.67221
8.20873
8.08558
7.77766
7.95715
8.10343
7.79377
7.78026
7.21487
7.82007
7.60134
7.58872
7.36452
7.53427
7.65998
7.75099
8.22248
8.38075
8.37375
7.84948
7.76673
7.74596
7.50607
7.45339
7.03506
7.23389
7.18047
7.38531
7.46196
7.76924
7.95108
7.89701
7.83857
8.02705
7.79791
7.10726
7.50606
7.61145
7.25771
7.04422
7.19515
7.35785
7.51205
7.52041
7.58608
7.75325
7.96611
7.67495
7.72928
7.67496
8.10653
7.89539
7.76147
7.78568
7.78791
7.98513
7.71324
7.35836
7.45005
7.60264
7.85208
7.58327
7.3414
7.60793
7.52438
7.50538
7.2401
7.2856
7.12157
6.98106
7.14064
7.10567
7.36378
7.43801
7.4516
7.45717
7.38771
7.3033
7.13694
6.84817
6.64738
6.75251
6.82391
6.76134
6.7316
7.00808
7.33469
7.65861
7.75663
7.72894
8.34303
8.03467
7.76231
7.14113
6.80305
6.97801
6.94751
6.73783
6.84677
6.66311
6.30087
6.10975
6.69266
6.85812
7.21399
7.01255
6.85355
6.61767
6.82535
7.09006
7.23635
7.31033
7.08358
6.94357
6.86051
6.85877
6.47681
6.77767
6.85107
6.90948
7.23937
7.27591
7.01422
6.61247
6.73835
6.51392
6.69359
6.95135
6.8025
6.66834
6.9811
7.01204
6.97364
7.04464
6.81596
6.79371
7.20687
7.30605
7.27434
7.31356
7.7003
7.2277
7.558
7.65769
7.40666
7.94487
7.95492
7.86724
7.58892
7.57658
7.64787
7.74776
7.65761
7.27592
8.14612
7.78037
7.91866
7.56925
7.68737
7.77229
7.62023
7.85307
7.55475
7.60259
7.69751
8.16331
7.8441
7.87428
7.99935
8.5977
8.67311
8.30452
8.00424
8.19528
8.09249
8.41992
8.03284
7.65415
8.01149
7.8903
7.58245
7.58251
7.79273
7.6006
7.594
8.04871
7.77718
8.22654
8.24673
8.43133
8.42588
8.40032
8.12228
8.17389
7.87942
8.19478
7.81463
7.98131
7.60776
7.44049
7.68175
7.93222
8.08431
7.64239
7.03228
7.30268
7.04404
7.55192
7.90528
7.72067
7.60373
7.95535
8.45689
7.96782
7.8287
7.81678
7.95164
8.455
8.78934
8.39543
8.23481
7.98248
7.85887
8.2832
8.60361
8.5312
8.77364
8.34815
8.19053
8.50815
8.25094
8.59494
8.26985
8.27279
8.41132
8.17953
7.80741
7.52976
7.73392
7.53329
7.8973
7.69293
7.36609
6.95882
7.16671
7.48001
7.66487
7.31505
7.57053
7.65349
7.79934
7.65374
7.51051
7.67008
7.87063
7.77315
7.10201
7.01272
7.72103
7.72363
7.68099
7.46076
7.39768
7.34965
7.60302
7.32467
7.72183
7.94325
7.8154
8.12188
8.24496
8.02588
7.77364
8.05235
8.55584
8.36816
8.45433
8.75298
8.38476
7.96873
8.03942
8.51777
8.3601
8.20769
8.39066
8.70055
8.70047
8.62313
8.12587
7.85499
7.98508
8.08937
8.10553
7.69011
7.54365
7.63639
7.47288
7.55555
7.49899
7.62093
8.02054
8.61749
8.64278
8.66268
8.60005
8.78959
8.68951
9.18623
8.77623
8.76283
8.73935
8.57064
8.56425
8.31423
8.1638
8.16774
8.48847
8.4861
8.10991
8.08954
8.26472
8.37882
7.59657
7.50049
7.87274
7.87194
8.40003
8.00061
8.08525
8.51571
8.16029
7.84779
8.3385
8.10083
8.09401
7.85284
7.8523
8.39357
8.85879
8.96284
8.91529
8.54586
8.03102
7.95929
8.1127
8.29188
8.59912
8.36976
8.18677
8.00282
7.81002
8.01569
7.85607
7.90717
8.13173
7.95799
7.78493
8.28538
7.96193
8.24917
8.33203
7.76296
7.45983
7.41125
7.47699
7.37284
7.6758
8.14531
7.98558
7.60593
7.5122
7.84797
7.90811
7.78606
7.86593
8.1081
8.08986
8.29421
8.15545
8.27088
8.2431
8.12207
8.09414
7.7163
7.70281
7.56905
7.89209
7.38723
7.13476
6.90729
7.40732
7.42512
7.71208
7.82419
7.43024
7.66113
7.66279
7.49585
7.77617
7.97511
7.83097
7.8503
8.10738
8.24011
8.17068
7.87784
7.96066
7.78938
7.56973
7.42244
7.4117
7.81528
7.82508
7.84823
7.81242
7.80791
7.96087
7.22943
7.2586
7.42531
7.13247
7.37911
7.1478
7.31885
7.32222
7.50415
7.64372
7.59386
7.50937
7.78989
7.43468
7.56366
7.33749
7.2091
7.15114
7.40941
7.6241
7.70881
7.48403
7.67199
7.3854
7.19053
7.50256
7.47554
8.06596
8.3399
8.02749
8.36973
8.50516
8.24963
8.0035
7.76177
7.67494
7.52086
7.75728
7.85011
7.91058
7.58932
7.85156
7.30645
7.28096
7.51762
7.79213
7.45498
6.57095
6.63174
6.90316
7.39937
7.71406
7.93079
7.51365
6.82015
6.49364
6.51217
6.30285
6.75384
6.38512
6.5064
6.77713
6.83044
7.04372
7.26096
7.34886
7.3131
7.63484
7.86796
7.25993
7.43165
7.936
7.65152
7.18798
7.07378
7.32293
7.20071
7.56119
7.60373
8.09626
7.81921
7.67607
7.81169
7.34785
6.96508
6.93486
6.7641
6.97678
7.23795
7.62613
7.32026
6.89525
6.73097
6.56201
6.71159
6.78547
6.7311
6.78655
6.26991
6.02916
6.49507
6.58524
6.25722
6.22233
6.3135
6.66389
6.41242
6.79278
7.13895
7.18629
7.02002
7.23553
7.13345
7.30467
7.38831
7.54158
7.32578
7.56695
7.63274
7.20441
7.25667
7.62701
7.59943
7.61164
7.86678
7.48596
7.62555
8.16588
8.02385
7.8498
7.83474
7.11258
7.20161
7.19705
7.62236
7.83588
7.46931
6.81739
6.85756
6.89273
7.25075
7.34968
7.56465
6.82376
6.84667
7.41505
7.63016
7.27168
7.84803
7.5318
7.84905
8.21982
7.86683
7.74483
7.88389
7.60102
8.04069
7.857
7.55189
7.65268
7.5855
7.54118
7.80491
7.64461
7.73197
7.25254
6.98106
7.02787
7.61925
8.00501
7.74425
7.59323
7.59521
7.94741
7.86213
7.72834
7.49935
7.56442
7.70503
7.40371
7.45194
7.35315
7.41791
7.41384
7.58922
7.78793
8.0205
7.88882
7.68985
7.52322
7.27309
7.27268
7.26011
7.67306
7.58291
7.43411
7.46201
7.29558
7.49985
7.54485
7.67145
7.32857
7.50486
7.76574
7.85599
8.0504
7.84179
7.75144
7.74348
7.38295
7.53755
7.72979
7.63579
7.81813
7.51181
8.03309
8.06312
7.99575
7.92217
7.64646
7.27346
7.24916
7.17817
7.50863
7.56055
7.52207
7.34886
7.73295
7.89999
8.09096
7.79933
7.18325
6.9988
7.29586
7.05867
7.09786
7.43287
7.35302
7.49347
7.70643
7.74079
7.54583
7.23396
7.21803
7.40032
7.41356
7.48779
7.36381
7.46657
7.80986
7.61833
7.7397
7.89699
7.80608
8.05628
8.18837
7.91393
7.32627
7.83086
7.82162
7.15843
7.25727
7.54869
7.73544
7.60691
7.65527
7.42311
7.69265
7.94374
7.58157
7.43062
7.50276
7.25532
7.11777
7.03232
7.0833
7.2677
7.28486
7.15343
7.14314
7.32118
7.4368
7.7047
7.72843
7.78452
7.88522
7.75019
7.64621
7.52608
7.88138
7.66615
7.51944
7.92657
7.95143
7.72274
7.88748
8.25966
7.98841
7.70609
8.14479
7.89331
8.00281
8.3875
8.35947
8.18242
8.39363
8.50209
8.46546
8.13327
8.59932
8.16524
7.7716
7.8903
8.04176
7.9012
8.01056
8.19282
8.18603
7.74004
7.49209
7.56383
7.7728
7.93155
7.94388
8.13938
8.44721
8.31541
8.35981
8.18915
8.41692
7.95657
7.85639
8.33887
8.57675
8.5587
8.24431
8.59367
8.33045
8.21326
8.14522
7.80298
7.82402
7.78838
7.55548
7.85921
7.89263
7.79877
7.89589
7.94773
8.12306
8.5404
8.91843
8.53737
8.29823
8.15442
7.9966
7.96453
8.34955
8.17554
7.82311
7.71066
7.82354
8.05048
8.28411
8.51167
8.56417
8.42573
8.15834
8.30632
8.18021
8.21857
8.13223
8.4045
8.02321
7.99717
7.91505
7.90509
7.7232
7.68423
7.6936
7.62834
7.37586
7.95488
7.28601
7.44451
7.20442
7.49566
7.67013
7.82909
8.13993
8.10516
8.4333
8.43253
8.74753
8.71594
8.28426
8.12013
8.41078
7.82794
7.77486
7.8737
8.0846
7.97758
7.98818
8.53375
8.8867
8.80433
9.0943
9.07719
8.78646
8.82399
8.51221
8.82188
8.71254
8.50587
8.12791
8.08687
8.38675
7.96285
7.69717
7.5796
8.11331
8.21802
8.62331
8.2283
7.91488
7.71853
7.74951
7.6004
7.99035
8.17557
8.23781
7.96746
8.57838
8.34231
8.15421
8.03308
7.92035
7.91753
7.5692
7.75623
7.56912
7.49655
7.71663
7.86806
7.94132
7.86958
7.80595
8.19121
8.28102
8.31692
7.77757
7.43898
7.75068
7.33285
7.2529
7.46524
7.49814
7.7483
7.82212
7.80689
7.69168
7.6253
7.79721
7.67803
7.70233
7.59141
7.96402
8.0207
8.18955
7.95694
8.13249
8.31678
8.28719
8.39834
8.50866
8.3004
7.95535
7.78103
7.64963
8.00523
7.69387
7.71935
7.67857
7.59899
7.45443
7.58034
7.88532
7.61474
7.53977
7.40232
7.83205
7.54765
7.70997
7.51223
7.52243
6.76536
7.00769
6.71212
6.96069
7.49818
7.56508
7.49855
7.61588
7.58813
6.96061
7.3525
7.15136
7.47432
7.70305
7.15586
6.82585
6.92339
6.30622
6.64015
6.86065
6.927
7.22441
7.14509
7.45507
7.31053
7.72222
7.82148
7.58005
7.63807
7.70048
7.56754
7.64196
7.72782
7.77624
7.83017
7.83609
8.00909
8.02184
8.76371
8.68261
8.63264
8.93615
8.73017
8.54856
8.60233
8.2792
7.87405
7.79242
7.88064
7.54847
7.56408
7.62771
7.85326
8.2062
8.45631
8.0741
7.58757
7.79055
7.40249
6.82345
7.1438
7.45679
7.23234
7.3727
7.16263
7.16288
7.32075
7.38853
7.53666
7.56465
7.53747
7.47279
7.48177
7.54045
7.49656
7.76383
7.01125
6.54049
6.76588
6.83881
6.51468
6.41493
6.80153
6.95756
6.98337
7.27464
7.64662
7.4872
7.47637
7.41687
7.28121
7.40813
7.71144
7.82456
7.66802
7.05278
6.54966
6.49112
6.90848
7.15199
7.16332
7.38932
7.58025
7.37443
7.35609
7.58437
7.38998
7.29004
7.19217
7.29496
6.99987
7.08657
6.82066
7.25004
7.52069
7.32853
7.25116
6.94613
7.11148
7.38254
7.38644
7.30772
7.28298
7.17662
7.53588
7.18842
7.57467
7.69767
7.65693
7.52021
7.7013
7.59145
7.86594
7.6247
7.63494
7.78236
7.77435
7.56235
7.47338
7.82624
7.43557
6.43307
7.08279
7.17412
7.48261
7.61076
7.518
6.99687
6.34017
6.28883
6.31801
6.67337
6.96787
7.04138
6.77914
7.09238
7.11762
7.11988
7.42284
7.08737
7.15155
7.33837
7.1738
7.33474
7.40811
7.44605
7.83426
7.91298
7.43775
7.20214
7.63737
7.20355
6.84203
6.93813
7.29595
7.46603
7.34211
7.44991
7.74852
8.32772
8.41618
7.80676
7.38305
7.32929
7.66042
7.96314
7.8853
8.38333
8.11862
8.21692
7.95219
7.89597
7.86703
7.3473
6.92275
7.10255
7.16608
7.22318
7.23383
6.85124
7.18847
6.94983
7.15588
7.61037
7.48326
7.59817
7.63155
7.27076
7.44863
7.39955
7.42619
7.02827
6.54158
6.69653
6.56139
6.7347
6.79439
7.22445
7.33566
7.54917
8.25628
7.8354
7.59027
7.5185
7.61146
7.81303
7.40295
7.42178
7.22943
7.15492
7.03549
7.00588
7.54821
7.53221
7.67993
7.59232
7.36345
7.46238
7.78021
7.70249
7.61756
7.52859
7.91349
7.9294
7.90007
7.84016
7.90899
7.41811
7.82895
7.99532
7.93949
8.14572
8.08239
7.29007
7.12921
7.14763
6.8558
6.771
6.40038
6.59306
6.7198
6.93773
7.12003
7.3742
7.37308
7.18377
7.36927
7.52322
7.25136
7.22803
7.39414
7.71796
7.82128
7.60812
7.44426
7.87338
7.42205
7.74692
8.02237
7.80776
7.63138
7.44644
7.56991
7.16585
7.15783
7.54804
7.49045
7.62108
7.71065
7.60512
7.42828
7.26851
7.36016
7.24727
7.05359
6.8656
6.70836
6.92313
6.94418
7.02709
7.21407
7.61958
7.55603
7.50412
7.99129
8.34661
7.90504
8.37197
7.95062
7.82297
7.87788
7.7088
7.37886
6.91239
6.71152
7.08679
6.96786
7.07534
6.42849
6.42101
6.38112
6.47177
6.38055
6.29397
6.39574
6.62495
6.31515
6.48112
6.69449
6.79394
6.57397
6.69146
7.11925
7.12089
6.96443
6.70008
6.82513
6.52354
6.90165
7.18891
6.83156
6.91041
6.93575
7.11304
7.47583
7.21675
7.84119
8.03491
7.93998
8.53231
8.29376
8.03362
7.98591
7.63183
8.03098
7.7654
7.57019
7.50696
8.01005
8.04638
7.51051
7.68153
7.95049
7.51105
7.53089
8.0107
7.98492
7.42384
7.63331
7.38637
7.23549
7.36421
7.43627
7.36477
7.74362
7.81998
7.35402
7.30848
7.22924
7.01511
7.26996
7.20664
6.59867
6.65148
6.84203
7.3616
6.645
6.73505
6.62574
6.58978
6.3883
6.77676
7.0965
7.04798
6.89655
7.01621
7.25593
7.3731
7.56802
7.49244
7.40133
7.4506
7.34045
7.54053
7.39862
7.55803
7.46893
7.33868
7.21282
7.35098
7.50336
7.78578
7.0886
7.35293
7.16184
6.7804
7.05757
7.04032
7.06067
6.94201
6.72374
7.04028
7.207
6.81736
7.05233
7.61618
7.70072
7.63345
7.58071
7.88469
7.54161
7.34558
7.40572
7.03278
7.56024
7.6027
7.74911
7.63885
7.77296
8.00721
8.09142
8.2438
8.4688
8.08851
8.05253
8.27694
8.05014
8.06677
7.90527
7.50189
7.58368
7.91124
7.88261
7.89154
7.88029
7.44441
7.24349
7.32264
7.26732
7.64415
7.83805
7.45446
7.46054
7.61479
7.85998
7.79663
8.33713
7.92427
7.67615
7.82575
7.36983
7.29343
7.3977
7.31414
7.64864
7.64564
7.57054
7.2149
7.20276
7.4949
7.29482
7.4793
7.6965
7.79492
7.92191
7.42405
7.64197
7.71498
7.39744
7.34907
7.16149
7.01649
6.93251
6.70626
6.86351
7.19089
7.13612
6.94067
7.06856
7.18226
7.17332
7.71162
7.33454
7.38948
7.52826
7.4437
7.52001
7.19771
7.59171
7.1102
7.03155
7.05947
7.66066
7.86264
8.07057
7.90216
8.47983
8.27146
8.52727
8.15636
7.69685
7.46729
7.24664
7.51059
7.54942
7.69086
8.26496
8.23924
8.16668
8.36515
7.98103
7.78715
8.06093
7.89803
7.76423
7.67408
7.73863
7.92526
8.38847
7.69716
7.53523
7.71715
7.35555
7.09941
6.70962
6.76231
7.05337
7.34747
7.46778
7.23158
7.30671
7.68185
7.46789
7.1118
7.43122
7.89883
7.87409
7.6544
8.04511
7.49329
8.1747
8.1938
8.02883
7.96466
7.85736
8.03452
8.01585
8.00102
7.77191
7.87686
8.03469
8.04843
7.6046
7.84982
7.96628
8.41451
8.22696
7.73091
8.19395
7.65665
7.58364
7.7804
7.95631
7.5445
7.53311
7.3187
7.02476
7.6296
7.38906
7.43104
7.25704
7.67109
7.98607
8.31008
8.16209
7.85824
7.99722
7.5986
7.40468
7.40818
7.42234
7.24813
7.44182
7.33031
7.91593
7.70552
7.87328
8.01371
8.05148
8.07827
8.04296
8.00473
7.75353
7.60069
7.76403
7.43207
7.03509
7.04169
7.20691
6.89201
7.23639
7.36131
7.25632
7.1639
7.29448
6.91972
6.36663
6.82809
6.85085
7.11122
7.31344
7.55446
7.3805
7.67851
7.61344
7.75796
7.77691
7.73527
7.95083
7.84018
7.71148
7.81293
7.87143
7.87559
7.79352
7.92035
7.92217
7.87019
8.08713
8.10886
8.06218
7.83026
7.89821
8.0969
7.9629
7.55761
7.5392
8.02793
7.92157
7.10035
6.80922
6.93789
7.26573
7.29944
7.74936
7.81522
7.81957
7.81078
7.48451
7.27602
6.89188
7.11002
7.2188
7.49946
7.55153
7.61589
7.73688
8.15401
7.82701
7.60916
7.67849
7.5394
7.26918
7.29905
7.65473
7.86457
7.66291
7.53374
7.51235
7.9699
7.54758
7.69118
7.81869
7.69219
7.903
7.8071
7.74034
7.49867
7.85376
7.64822
7.28992
7.31818
7.20882
7.13832
7.40107
7.4468
7.44209
7.29011
7.24659
7.15944
7.30735
7.51466
7.11925
7.65754
7.74673
7.44108
7.30948
7.10816
7.09693
7.67048
7.79416
7.40864
7.2868
7.26647
7.37557
7.01107
7.32104
7.2069
7.39218
7.44865
7.1229
7.01683
7.14772
7.61265
7.7657
7.86002
7.63394
7.87518
8.13258
8.20287
7.68217
7.75636
7.84566
7.93974
7.8143
7.75944
7.50715
7.73204
7.32462
7.71247
7.56764
7.01939
7.07055
6.93536
7.18245
7.44441
7.22421
7.57327
7.62358
7.51341
7.58592
7.2949
7.80177
7.76468
8.04825
7.92772
7.50415
7.13165
7.58586
7.58213
7.62583
7.40551
7.34034
7.49722
7.78521
7.80075
7.95955
7.62508
7.29485
7.28503
7.48116
7.35004
7.17991
7.67765
7.67989
8.19609
7.92949
8.37678
8.10738
7.94013
7.97178
8.29624
8.15695
8.05095
7.9105
7.53459
7.41861
7.49701
7.39689
7.97793
7.84538
7.54607
8.23546
8.35199
8.3172
8.69894
8.79638
8.85865
9.47271
8.98367
9.44716
9.1264
9.08152
8.81731
8.52125
8.53222
8.72685
8.97667
8.63803
8.5374
8.35559
8.65785
8.36942
8.09728
8.0838
8.52655
8.60266
8.54384
8.32892
8.53851
8.27921
7.97799
8.23432
7.60688
7.86418
7.4854
8.00009
7.88563
7.77971
7.67688
7.7777
7.77651
7.33599
7.39502
6.81718
7.11281
7.24157
7.81768
8.04385
7.89148
7.67394
7.36961
7.26563
7.21569
6.90439
7.21035
7.47526
7.43716
7.51531
7.23421
6.62819
6.71653
6.35562
6.45034
6.64911
6.89676
7.48267
7.44124
7.58804
7.2999
7.13521
7.33816
7.62942
7.44534
6.96739
6.6433
7.00062
7.35032
7.28597
7.33616
6.93733
6.91548
6.56658
7.05573
6.85943
7.13842
7.49013
7.94706
7.97013
7.48344
7.43642
7.14668
7.21555
7.32004
7.53868
7.64986
7.02875
7.67396
8.20979
8.16741
8.02828
7.66373
7.08906
7.46974
7.74665
7.91468
7.21475
7.4217
7.7383
7.85269
7.96114
8.16828
8.65018
8.904
8.92727
8.64159
8.21679
8.00009
8.04673
7.54877
7.54495
7.58303
7.92841
7.93121
8.01157
8.09957
7.81316
7.61384
7.83232
7.72241
7.73974
7.75946
7.36326
7.28448
7.00344
7.15979
7.08946
7.26604
7.26181
7.71177
7.86848
7.3765
7.57457
7.46609
7.61702
7.44018
7.72199
7.77175
7.89651
7.83439
8.25828
7.88584
7.23741
7.6632
7.68657
8.21198
8.05213
8.18751
8.01833
8.34305
8.66866
8.51358
8.02566
8.00537
8.25633
8.06421
8.26437
8.39847
8.22034
8.0602
8.12895
8.16868
8.28375
8.47207
8.06411
8.41739
8.21953
7.58242
7.41101
7.24909
7.07134
7.16864
7.21067
7.33154
7.0251
7.24619
6.91127
7.04941
7.14446
7.15571
7.52211
7.47277
7.09529
7.40619
7.3642
7.40293
7.30546
7.31992
7.27932
7.69159
7.77825
7.73493
7.97084
7.78813
7.78713
7.47038
7.15485
7.06645
6.92501
7.28763
6.78585
7.22216
6.97377
6.73989
7.07425
6.8852
7.40646
7.88261
7.1751
7.52485
7.70259
7.32852
7.6243
7.41077
7.39637
7.48146
7.67791
7.76264
7.55439
7.66991
7.48643
7.57176
7.58454
7.48471
7.55695
7.21581
7.64412
7.66123
7.85684
7.87506
7.79184
8.05955
8.57508
8.40889
8.32264
8.22647
8.4699
8.01274
7.57901
7.63525
7.52948
7.64794
7.60888
7.88284
7.88992
8.00255
7.97961
8.01339
7.91635
7.64224
7.8799
7.65357
7.7702
7.75544
7.86197
7.68457
8.23279
7.68439
7.65105
7.89984
7.97925
8.11136
7.55717
7.60183
7.58354
7.43959
7.15172
6.96831
7.26471
7.41648
7.05702
7.7675
7.80547
7.93131
7.49224
7.79343
7.81428
7.99707
8.08559
7.69132
7.83157
7.53036
7.68192
7.55585
7.76382
7.77832
7.66703
7.49207
7.56592
7.51563
7.74056
7.66508
7.7541
7.65803
7.32457
6.93154
6.99074
6.42335
6.20555
6.2497
5.94835
6.02621
6.23128
6.72069
6.91508
7.13212
7.49906
7.58126
7.66665
7.45105
7.37117
7.25063
6.82937
6.89661
7.11131
6.87198
7.27015
7.43841
7.50524
7.54523
7.91828
8.05345
7.98197
7.73398
7.66926
7.28653
7.32977
7.51966
7.31093
7.37039
7.90096
7.74732
7.65238
8.1137
8.02602
7.65082
7.23902
7.12248
6.78093
6.67932
7.07384
7.16668
6.84824
6.65935
6.577
6.58176
6.78988
6.83951
7.31546
7.34279
7.62539
7.50858
7.67358
7.8386
7.79551
7.69171
7.8333
8.14404
8.21761
8.43697
8.27091
8.30597
8.16471
8.05726
7.77121
7.54655
7.75307
7.62526
7.81202
7.54258
7.33853
7.49389
7.75106
7.90672
7.71412
7.52158
7.49396
7.68697
7.74437
7.95783
7.86053
7.44894
6.83627
7.35764
7.43304
7.54364
7.5449
8.09175
7.87523
7.81448
7.6984
7.57964
7.60349
8.4423
8.38194
7.93494
7.76042
7.92903
8.38283
8.32773
8.35787
7.56325
7.48477
7.6532
7.57771
7.1244
6.65347
7.32592
7.30043
6.99179
7.15543
6.98492
7.14676
7.47492
7.88493
7.09435
7.53001
7.24862
7.66741
7.48774
7.3558
7.19201
6.98976
7.30426
6.86105
7.00305
6.70674
6.85672
7.11214
7.05851
6.57214
6.64777
6.93998
6.91461
7.15118
7.1183
7.11349
7.35057
7.0505
7.40858
7.23848
7.2506
7.44126
7.75499
7.70573
7.87895
8.12581
8.23415
8.25294
8.04592
7.7193
7.36333
7.07856
6.88587
6.70135
6.67463
7.05373
7.13289
7.29418
7.20582
7.06539
7.4378
7.34744
7.18992
7.33113
7.24839
7.2463
7.43566
7.26569
7.44276
7.57396
7.48465
7.18714
7.54464
7.74913
7.43615
7.95998
8.07728
8.0866
8.34068
8.39169
8.66306
8.45422
7.99192
7.83992
7.87196
7.60835
8.1428
7.9824
8.21634
8.121
8.48737
8.84487
8.62979
8.94252
8.77952
8.24775
8.15225
8.1311
8.02028
7.75921
7.95916
8.39555
8.40816
8.50702
8.83045
8.98514
9.16226
9.079
9.11773
9.06054
9.17296
8.90974
8.80239
8.96004
9.03435
9.16432
9.43066
9.82312
8.69138
7.91852
7.81525
8.0489
7.98135
7.46393
7.2958
7.38705
7.65798
7.4897
7.56913
7.79001
7.66039
7.92353
7.5223
7.67425
7.7958
7.61833
7.67068
7.54248
7.81399
7.69356
7.60202
7.75541
7.82654
7.5587
7.69348
7.69399
7.6722
7.74719
7.44482
7.62922
7.69306
7.83182
7.76654
7.41181
6.98346
7.07043
7.63136
7.39921
7.34484
7.38909
7.42608
7.20979
7.18292
7.38475
7.54193
7.71575
7.68127
7.99001
7.8531
7.69393
8.08482
7.37988
7.48545
7.37516
7.58377
7.29416
7.0338
7.02627
7.49917
7.3286
7.49955
7.36229
7.1942
7.33271
7.03595
6.96215
7.26299
7.51946
7.99528
7.68511
8.18229
8.31165
8.13795
7.56412
7.56977
8.06002
7.91225
8.27741
7.91437
7.74168
7.8371
7.62821
7.2086
6.94759
7.23362
7.06973
7.35566
7.41929
6.93801
7.12107
7.33973
7.20444
7.48626
7.50949
7.4335
7.77761
7.58099
7.28863
7.62396
7.32383
7.52749
7.94429
7.38513
7.31061
6.78997
7.08511
7.12441
6.99329
7.17816
6.86183
6.78903
6.60259
6.98954
6.71917
6.99442
7.33563
7.40022
7.05772
7.07369
8.36927
7.92909
8.493
8.1638
8.043
7.78665
7.86105
7.8077
7.85399
7.61683
7.51457
7.53673
7.82067
7.82225
8.02524
7.86273
8.29792
7.76238
7.63117
7.65516
8.0102
7.82032
8.27046
7.99387
7.72631
7.67795
7.73561
7.58492
8.10654
8.18426
8.16589
7.54445
7.78829
8.34036
8.5113
8.14238
8.31025
8.20781
8.27786
7.99983
8.09716
8.1324
8.22951
7.9707
7.81245
7.92849
7.96541
8.06514
7.96223
7.51354
7.80238
7.83374
8.11771
7.73555
7.62263
8.01233
7.69652
8.07768
7.92844
7.85338
8.18757
7.88986
7.65877
8.13555
7.88363
7.89608
7.95657
7.25617
7.48128
7.22233
7.36218
7.18423
7.16018
6.81046
6.50184
6.52147
6.98535
7.44218
7.22732
7.20122
7.1892
7.20805
7.36605
7.91267
7.88309
8.49992
8.50041
8.82779
8.49318
8.17816
7.87428
7.47723
7.68211
7.2905
7.19606
6.97252
7.18315
6.94802
7.49261
7.43942
7.2362
7.45901
7.71106
7.75305
8.0632
7.95486
7.93275
7.8447
8.1836
7.44826
6.72127
6.44396
6.36565
6.50619
6.64164
6.9707
7.44471
7.24523
7.39104
7.12144
6.81499
6.73213
7.01246
7.11914
7.13285
7.31308
7.49948
7.59096
7.35736
7.29828
7.41498
7.11816
7.40684
7.32523
7.29497
7.42839
7.50776
7.57392
7.53562
7.89887
7.66504
7.7364
7.88984
7.86804
7.78362
8.01987
8.33359
8.30125
8.13734
8.06929
7.7609
7.26751
7.2286
7.73232
8.00817
8.28282
7.74097
7.40885
7.07522
7.31019
6.81547
7.33135
7.28893
7.8738
7.4487
7.75611
7.53379
7.72592
7.49715
7.57364
7.244
7.49524
7.41781
7.50621
6.85373
6.94398
7.04648
7.36505
7.08818
6.50959
6.06777
6.37326
6.29633
6.50396
6.69623
6.74451
7.15992
7.15561
7.53874
7.64289
7.68833
8.03533
7.71696
8.16367
7.55698
7.58735
7.48221
7.10914
7.47927
7.61517
7.20761
7.07922
7.21477
7.28955
7.67544
8.04464
8.50739
8.75164
8.86222
9.12411
9.41503
8.90858
8.86487
8.86051
8.46952
8.73191
8.63314
8.58972
8.95675
8.52328
8.5101
8.7048
8.70422
8.54347
8.51724
7.80459
7.63188
7.86737
7.9125
7.61228
8.23534
7.94919
7.47493
7.54505
7.8118
7.70289
7.10546
7.42765
7.3611
7.44763
7.40461
7.30509
7.36553
7.14755
7.33764
7.64329
7.45712
7.03659
7.33417
7.18201
6.63812
7.24189
7.15944
7.25591
6.71482
6.72606
6.73163
6.55681
6.91782
7.08914
6.97088
7.07582
7.31305
7.24709
7.34967
7.29206
7.35842
7.18827
7.20348
7.19658
7.26619
7.71105
7.17409
7.06945
7.13997
7.19065
7.78543
7.81921
7.43533
7.09415
7.33118
7.53799
7.80393
7.31596
7.07144
7.13598
7.00745
6.91179
6.61415
6.87553
7.53397
7.62218
7.16358
7.08499
7.18874
7.00293
7.37567
7.65638
7.44614
7.47529
7.79879
7.4302
7.50227
7.77578
7.69424
7.3068
7.60254
7.52658
7.4068
7.25085
7.39084
7.81271
8.00173
7.85483
7.7062
7.66958
7.99093
7.5274
7.27735
7.17611
7.20961
7.24688
7.30413
7.1485
7.83272
7.36565
7.26164
7.09608
7.46639
7.59879
7.27702
7.49341
7.42529
7.60693
7.66881
7.79096
7.77263
7.86084
8.05862
7.8089
7.62449
7.53555
7.17918
6.9203
6.66223
6.6052
6.67518
6.86131
7.22685
7.01456
7.42957
7.55151
7.76231
7.86195
8.02211
7.87977
8.41959
8.02447
8.07366
8.12733
8.33068
8.55663
8.59944
8.41872
8.16267
8.20903
7.89372
7.8334
7.72426
7.64129
8.03973
7.62921
7.55713
7.1477
7.59536
7.51172
7.84399
7.68049
7.74019
7.94735
8.48294
8.18087
8.39873
8.2375
7.87905
8.63858
8.62086
8.55932
8.53338
8.09488
8.19188
7.86724
7.57065
7.17141
7.37008
7.18213
7.50409
7.9
7.62965
7.46493
7.70223
7.65678
7.74668
7.50201
7.40635
7.24491
7.23429
7.0641
7.30078
7.54463
7.55108
7.77368
7.56554
7.31235
7.2717
7.02577
7.09163
7.05865
7.36048
7.21489
7.05815
6.74961
7.09829
6.45235
6.52348
6.84575
6.97215
6.83149
6.81737
6.63476
6.54381
6.82723
6.92526
6.73897
6.64675
6.63752
7.16938
7.17249
7.16359
7.2369
7.1829
7.20183
6.67746
6.96805
6.74739
7.38457
7.72819
7.94865
7.48898
7.56325
7.30307
7.39619
7.45809
7.50724
7.83327
7.75239
7.72401
7.48876
7.32282
7.49814
7.84303
7.46975
7.6439
7.04433
7.15269
7.42421
7.16632
7.30484
7.55142
7.37674
7.38838
7.75023
7.36142
7.14079
7.15081
7.49335
7.39102
7.62606
7.58072
7.4521
7.1935
7.37198
7.30228
7.39446
7.24406
7.15784
7.66856
8.12602
7.71754
7.69986
7.52318
7.44705
7.65081
7.40479
7.25252
7.16599
7.74221
7.6417
7.66983
7.50992
7.52467
7.60731
7.55616
7.33041
7.27228
7.36155
7.6138
7.68077
7.49217
7.29012
7.55275
7.62333
7.42846
7.19234
7.61456
7.54412
7.77327
7.66496
7.7777
7.47823
7.45171
7.19933
7.25119
7.50671
7.37075
7.70183
7.66462
7.77779
7.64632
7.74424
7.72615
7.71304
7.89434
7.44012
7.5382
7.50969
6.73116
6.7457
6.80223
6.92835
7.11697
6.96737
7.23782
7.27042
7.11498
7.09691
6.90944
6.90633
7.0039
7.25554
7.49455
7.2504
6.84489
6.96913
7.09986
7.40443
7.55419
7.71804
7.98532
7.83419
7.83926
7.74819
8.08404
7.88634
7.84184
7.6129
7.60671
7.79123
7.58835
7.4929
7.36227
7.26261
7.38684
7.48235
7.62309
8.06099
7.90803
7.91228
7.71566
7.48217
7.82289
7.9715
7.34906
7.16709
7.315
7.2041
7.73127
7.89427
7.9791
8.34492
8.17125
8.35417
8.05747
8.09653
7.81641
7.21337
7.66124
8.27359
8.25614
7.97958
7.29789
7.73212
7.7489
7.79623
7.78793
7.65966
7.9208
8.29048
8.35132
8.5911
8.44934
8.44491
8.09428
8.01373
8.46878
8.60212
8.22006
7.45209
7.04343
7.27517
7.3106
7.42605
7.71107
7.80174
7.91924
8.09813
8.40662
7.90391
7.93117
8.4723
8.748
8.53889
8.61284
8.60024
8.00814
8.26214
8.72672
8.64872
8.72489
8.39499
8.27369
8.76397
8.73685
8.41207
8.59222
8.67286
8.42295
8.64385
8.40447
8.32114
8.43721
8.5205
8.58143
8.73593
8.76431
8.48672
8.08869
7.65818
7.37359
7.43603
7.69584
7.5795
7.77836
7.57068
7.49708
7.68129
7.91241
7.89208
7.95647
7.43908
7.53518
7.11862
7.6066
7.69062
7.30187
7.24921
7.46177
7.30435
7.34881
7.66757
8.10494
8.10266
8.11043
8.08082
9.12103
9.36716
9.17644
9.16884
9.34307
9.27232
9.08475
8.89004
8.55526
8.57917
8.54241
8.33007
8.36005
8.44436
8.45048
8.46767
8.0022
8.00206
8.37926
8.67281
8.21261
8.08764
7.90052
7.87594
7.99548
7.78507
7.97537
7.98508
8.03679
8.0029
7.9228
7.67226
7.75941
7.18915
7.0365
7.28913
7.07381
7.32528
7.36901
7.38873
7.2233
7.1563
7.52046
7.64231
7.61862
7.97466
8.13442
7.86086
7.75232
7.31319
7.56045
7.74539
7.81398
8.23093
8.58003
8.24863
7.83268
7.82332
7.71421
7.6367
7.68241
7.47053
7.52898
7.42962
7.38102
7.18875
7.46775
7.7124
7.99349
7.26895
7.61946
7.82657
8.1062
7.90047
7.37928
7.1388
7.22488
7.3498
7.31574
7.67001
7.8367
7.19877
7.73516
7.36856
7.86754
7.887
7.70264
7.77746
8.02985
7.77614
7.87716
7.41472
7.3647
7.35723
7.53108
7.65981
7.90503
7.44416
7.17664
7.33791
7.74735
7.83741
7.60302
7.66864
7.59634
7.56322
7.66563
7.52005
7.61515
7.74242
7.65132
7.30191
7.50572
7.47215
7.25443
7.00149
7.1454
7.54044
7.3342
7.58141
7.91447
7.87001
7.42086
7.62615
7.42128
7.1808
7.28154
7.36524
7.79114
7.6398
7.98752
7.66401
8.06232
8.10971
7.6567
7.77194
7.69747
7.43487
7.04926
7.33691
7.41862
7.65303
7.4266
7.30222
7.54741
7.60726
7.53014
7.14294
6.94559
7.09711
7.71097
7.27288
7.23115
6.74251
6.93489
6.98624
7.12826
7.2224
6.74582
7.14408
7.27169
7.5691
7.75585
7.73823
7.85735
7.74892
7.82784
7.55055
7.34385
7.4842
7.64404
7.80347
7.69053
7.35373
7.03894
6.90801
7.31122
7.49805
7.04286
7.10117
7.5827
7.87252
7.88512
7.49441
7.42487
7.53354
7.54205
7.17079
7.49037
7.37963
7.36768
7.4552
7.3294
7.432
7.36077
7.81109
7.75549
7.31335
7.61294
8.09519
7.85551
8.4858
8.23278
7.863
7.43804
8.07977
8.51884
8.46295
8.13527
8.17337
8.10667
8.26301
8.42846
8.465
8.22771
8.2168
8.17197
7.99342
7.50142
7.16779
7.59396
7.73783
7.45602
7.27961
7.50682
8.15759
8.0088
7.9043
7.98479
7.84585
7.91832
7.74621
7.27857
7.28338
7.00767
6.69297
6.70972
7.3926
7.4968
7.48685
8.03269
8.15278
8.11296
7.79431
7.71588
8.11054
8.27579
7.3285
7.29045
7.26433
7.39731
6.85853
6.74584
7.25371
7.36078
7.46353
7.6221
7.96985
7.58536
7.51804
7.73891
7.79005
7.69007
7.77938
7.87529
7.67035
7.12111
7.00273
7.15261
7.01303
7.2186
7.34936
7.3264
7.7017
7.62112
7.54318
7.30084
7.54028
7.48063
7.1675
7.31079
6.91713
6.75423
7.16716
6.96664
7.16197
6.99288
7.0296
6.77037
6.86621
6.64138
6.6738
6.80914
6.61646
6.45007
6.38388
6.86428
7.06894
7.08971
6.91504
7.24457
6.8392
6.90108
7.00128
6.77522
6.71092
6.69723
6.7355
6.94314
7.05822
6.76579
7.12935
6.83782
6.93708
7.08071
6.98029
7.37133
7.25737
7.37869
7.69838
7.4037
7.24836
7.60681
7.16749
7.46888
7.24905
7.17189
7.42784
7.99354
8.22092
8.59048
8.7024
8.87899
8.66575
8.79136
8.37173
8.3682
8.49866
8.70936
8.49862
8.37353
8.27851
8.36291
7.98233
8.18523
8.00669
7.78704
7.8601
7.69161
7.75848
7.70761
7.60004
7.68165
8.10849
7.92057
8.37398
8.06686
8.2558
7.76751
7.93581
8.01707
7.94299
8.2894
8.18263
8.05629
7.78569
7.90862
7.6107
7.92413
7.74268
7.71849
7.83038
7.80653
7.72819
7.7052
7.59779
7.30798
7.66673
7.3372
7.75585
7.83126
7.84371
8.07525
8.11993
7.70575
7.78405
7.79692
8.00957
8.03775
7.7348
7.88287
8.27546
8.19356
8.20014
7.86263
7.77095
7.47813
7.29299
7.4231
7.36836
6.94063
7.0318
6.65441
6.30518
6.46548
6.7914
6.9008
7.01185
7.33331
7.03692
7.04919
7.08935
6.8666
6.83931
7.11447
7.25921
6.84815
6.62134
7.2274
7.3348
7.63782
7.28805
7.00186
7.1876
7.31863
6.84712
7.09451
7.58399
7.52755
7.1497
6.70313
6.71726
7.17826
7.30472
7.72852
7.81866
7.76326
7.21975
7.20195
7.41379
7.20765
7.15621
6.81623
7.00574
6.94101
6.79863
7.06904
6.76585
6.68556
7.16268
6.93263
7.22406
7.55719
7.37482
7.29605
7.29263
7.11926
7.19034
7.0334
7.02343
7.0628
7.36616
7.01296
6.9265
7.01803
7.42332
7.25892
7.00931
6.95048
7.11051
6.9567
7.29913
7.10382
6.99266
7.062
7.25823
7.04168
6.86758
6.9982
7.12197
7.08482
7.50812
7.37647
6.79182
7.17246
6.58362
7.0136
6.77948
7.01524
7.0198
7.06294
7.23383
7.6521
7.73331
7.73681
7.50274
7.63464
7.99085
7.49503
7.32088
7.30335
7.41978
7.74916
7.35015
7.22208
7.46209
7.90866
7.50574
7.82051
7.45149
7.38271
7.54464
7.82566
8.19114
8.32635
8.12103
8.11269
8.02418
7.74817
8.11469
7.83187
7.98659
8.06783
8.13867
7.99523
8.02971
8.02075
8.32222
8.00546
8.11272
8.39955
8.26554
8.18222
7.8585
7.64582
7.87935
7.47534
7.41099
7.32456
7.66646
7.62477
7.79557
7.36459
7.55634
7.53884
7.90264
7.53309
7.48077
7.49306
7.55261
7.53191
7.75866
7.85862
7.36044
7.28691
7.59538
8.03527
7.79106
7.69295
7.64641
7.69823
7.60265
7.35626
6.99496
6.83745
7.24332
7.00058
7.37174
7.43869
7.58786
7.73863
8.12466
8.23792
8.54441
8.39013
8.22421
8.1824
7.84369
8.1528
7.88179
7.72784
7.60826
7.78882
8.03204
7.80945
8.06073
7.65728
7.75263
7.57269
7.31034
7.124
7.13488
7.54555
7.79249
7.45777
7.83508
7.8391
7.42211
7.86578
7.76157
7.5453
7.69129
8.22967
8.01426
8.0515
8.10447
8.27079
8.42374
8.0842
8.01016
8.37247
7.86332
7.67653
7.44568
7.36682
7.19599
7.19817
7.15174
7.22569
6.83752
7.0849
6.98708
6.86963
6.77692
6.58025
6.72119
7.07026
7.27246
7.44831
7.90905
7.53052
7.12791
7.32893
7.30722
7.13045
7.06351
7.29095
7.23339
7.48471
7.02937
7.04626
7.10776
6.91608
7.58315
7.75069
7.78114
7.61306
7.70405
7.36684
7.23624
7.33159
7.67959
7.53532
7.69789
7.15737
7.12661
7.50185
7.87292
7.44753
7.89003
7.68304
8.01171
7.87132
7.88042
7.76636
7.41206
7.4505
7.70639
7.10865
6.95138
6.85148
7.564
7.78319
7.34716
7.02509
7.439
7.20745
7.30527
7.05114
6.78356
6.99442
7.33255
7.16344
6.8336
6.83445
6.94649
7.00649
6.79438
6.96953
7.10406
6.86656
7.01034
7.35288
7.5872
7.62554
7.32802
7.06952
6.90858
6.75445
6.93583
6.90798
7.00089
6.94305
7.21015
7.39687
7.25636
7.15778
7.38477
7.45382
7.36363
6.94703
7.4865
7.40922
7.46687
7.84412
7.95629
7.44109
7.44558
7.63371
7.63555
7.50431
7.39426
7.49617
7.59783
7.76332
7.47559
7.24243
7.26126
7.00593
7.18943
7.30327
7.60061
7.09437
7.24718
7.00844
6.92511
7.03559
6.70527
7.07277
7.17717
6.89175
6.99134
6.82053
6.86842
7.43686
7.84184
7.66713
7.58457
7.20556
7.3582
7.79636
7.41611
7.45298
7.36596
7.40095
7.37462
7.25869
6.94769
6.70873
6.84454
6.67189
6.50305
6.79546
6.97999
7.71165
8.13959
7.37534
7.01951
7.11935
7.30363
6.89871
6.71712
6.88634
6.96288
6.88847
7.44504
7.38331
8.01177
8.20331
7.91556
7.98758
7.78268
7.61481
7.90298
7.99841
7.49441
7.34251
7.37163
6.99893
7.19896
7.19914
7.61932
7.732
7.83825
8.14501
7.62542
7.27976
7.29634
7.30409
7.47536
7.23675
7.08673
7.01524
7.05706
6.80517
6.81579
6.85843
6.99273
6.792
6.69217
6.79527
7.13243
7.24792
7.35668
7.2122
7.14954
6.69501
6.61534
6.68381
6.63579
6.61135
6.8548
7.46077
7.2354
7.42066
7.44612
7.67249
7.36714
7.15939
7.34954
7.52833
7.45323
7.76167
7.59365
7.45587
7.51703
7.81458
7.60077
7.36189
7.98652
8.03013
7.81537
7.45628
7.53594
7.67484
7.70903
7.51176
7.42275
7.36773
7.58576
7.62599
7.07892
7.61125
7.71566
7.31128
7.66035
7.44057
7.3315
6.90233
6.94295
6.77563
6.8268
7.33599
7.12647
7.35909
7.00949
7.37894
7.53811
7.60812
7.60397
7.4892
7.48345
7.43218
7.87765
7.90562
7.64003
7.85773
7.82731
7.40202
7.20484
7.01916
7.00999
7.11963
7.2466
7.19037
7.22054
7.02296
7.13834
7.45992
7.49056
7.54635
7.64875
7.56619
7.88949
8.1394
7.97639
8.16182
8.01636
7.69747
7.94079
7.96281
7.59243
7.3034
7.76079
7.7466
8.15937
7.78993
8.16888
7.49006
7.21368
7.36716
7.40561
7.80171
7.50844
7.9251
7.64609
7.70396
7.70329
8.01643
7.90444
7.61158
7.51959
7.41174
7.88172
7.3537
6.9182
7.05435
6.91145
7.17022
7.56924
7.17912
7.04135
7.02456
6.96087
6.66677
7.0463
7.60226
7.54083
7.44055
7.128
7.33155
7.30973
7.21483
7.00558
7.10919
7.14727
7.35402
7.33734
7.18143
7.2141
6.91717
7.10563
7.30901
6.92396
7.42947
7.48302
7.43455
7.24154
7.52639
7.57995
7.17053
7.04038
6.7005
6.63821
6.66961
6.86795
6.68568
6.96237
6.83017
6.67728
6.73689
6.63264
6.78174
6.86735
6.26709
6.05093
6.4705
6.89792
6.74371
7.0061
7.5086
7.56682
7.13474
7.22097
7.15853
7.44295
7.31751
6.81974
7.13199
7.05587
7.01652
6.73318
6.87233
7.01251
6.9238
7.05626
7.11335
6.93233
7.15275
7.612
7.39903
7.68531
7.45474
7.78441
7.60969
7.36566
7.38542
7.44037
7.87796
7.92947
8.11291
7.75759
7.74381
7.62546
7.58267
7.6811
7.69987
7.65926
7.55591
7.63401
7.41771
7.5693
7.57738
7.8329
7.65651
7.69998
7.66079
7.99087
7.78079
7.7873
7.73534
7.55754
7.96705
7.9557
7.80198
7.36922
7.11337
7.07536
6.99692
7.26398
7.64773
7.50421
7.76818
7.69808
7.30264
7.26441
7.40146
7.18654
7.3299
7.20627
7.53568
7.32344
7.18566
6.98867
7.21585
7.34393
7.12826
7.70254
7.24705
7.29258
7.33115
7.68984
7.88308
7.4938
7.62347
7.31313
7.44465
7.5263
7.64216
8.02091
7.59275
7.65951
7.7731
8.52499
8.49653
8.5887
8.51312
8.64646
8.64117
8.4474
7.95592
8.34669
8.27646
9.09502
8.7808
9.24842
9.20308
8.78052
8.64345
8.57726
8.49751
8.0192
7.54927
7.38623
7.48368
7.50043
7.28229
7.2663
7.67674
8.2
8.06216
7.99136
8.2156
8.47267
7.97195
7.72949
7.5272
7.32393
7.18594
6.86591
7.31549
7.16657
7.11739
7.53014
7.79756
7.75687
7.22668
7.01351
7.13319
6.73356
6.71795
7.16183
7.22429
7.35185
7.18797
6.98422
7.15715
6.94605
7.00476
6.84195
6.87713
6.84977
6.90097
6.69637
6.93865
6.96766
7.46677
7.54025
7.35983
7.18745
7.16658
6.95837
7.56413
7.42449
7.23615
7.29905
7.18341
6.9527
6.60114
7.16438
7.05774
6.9593
7.10951
7.42159
7.48049
7.71875
7.44216
7.42168
7.48447
7.09128
7.15992
7.38487
7.83508
8.49911
7.99011
7.64191
7.4287
7.51228
7.55602
7.51767
7.95307
7.54153
7.88529
7.45074
7.24068
7.28626
7.07479
7.3264
7.23843
7.17721
7.01096
6.93784
6.90155
6.98541
6.85835
7.34857
7.36675
7.77311
7.77231
7.77021
8.36207
8.54087
8.2959
8.54924
8.01651
7.72926
7.67698
7.7024
7.55904
7.71507
7.37336
7.44198
7.49248
7.34717
7.02217
7.06097
7.11362
6.77071
6.49101
6.79151
7.61343
7.62368
7.50829
7.67717
7.6675
7.38005
7.28542
7.29316
7.60701
6.9364
7.02439
7.18829
7.17587
7.44074
7.65335
7.19655
7.11111
7.21014
7.07919
7.29649
6.93874
7.09439
7.19122
7.05574
7.22236
7.23042
7.25681
7.03825
6.92537
6.94572
6.93313
7.46316
7.40424
7.35841
7.34529
7.3204
7.37516
7.55958
7.71102
7.85903
7.65371
7.94197
7.40811
8.16562
7.84074
7.59846
7.58026
7.84628
7.71705
7.38785
7.53988
7.55121
7.98388
8.0492
8.1972
7.57749
7.57223
7.79358
7.91068
8.29124
7.80388
7.6461
7.80307
8.11735
8.30729
8.1257
8.4895
8.20118
8.33848
8.20931
8.69952
8.11455
7.75485
8.16881
7.96802
7.62793
7.58736
7.83861
7.43675
7.28448
7.73638
7.87024
8.05529
7.92153
7.99312
7.66848
7.74272
7.82968
8.0764
8.11454
7.70243
7.48933
7.78998
7.55365
8.24509
8.32623
8.2415
7.97357
7.94607
7.81435
8.05753
7.63183
7.87198
7.70237
7.36655
7.29733
6.7602
6.54387
6.52127
6.61534
6.31075
6.47714
6.37031
6.38742
6.82675
6.87934
6.99409
7.01629
6.98315
7.07702
7.04301
7.4139
7.24837
6.83836
7.13265
6.85696
6.57805
6.72852
6.86292
6.87858
6.82561
6.99064
7.45795
7.6679
7.77298
8.10837
8.1266
7.82099
7.45936
7.65929
7.73989
7.77709
7.86215
7.85163
8.00958
7.95038
7.73573
7.23236
7.32967
7.33502
7.15878
7.3458
7.49151
7.5985
7.73404
7.64729
8.04855
8.22382
8.14513
8.13744
8.29227
8.28862
7.82662
7.79745
7.14613
7.35565
7.55383
7.35981
7.30961
7.53658
7.33631
7.61222
7.34015
7.18447
7.65829
7.87991
7.44971
7.55828
7.52869
7.85386
7.36836
7.34823
7.3705
7.37488
7.35216
7.13991
6.83809
7.18243
7.7042
7.39778
7.49817
7.38861
7.48064
7.3042
7.05606
7.21627
7.08876
6.84706
6.67445
6.99123
6.89543
7.15299
7.26634
7.4983
7.5178
7.46515
7.24528
7.4654
7.4196
7.66465
7.81483
7.76795
7.68123
7.92523
7.80275
8.02762
8.01458
8.33641
7.81391
7.41811
7.89567
7.91572
7.82211
7.73045
7.63426
7.61379
7.10805
6.8998
7.23441
7.26933
6.83591
7.02813
7.28862
7.23316
7.56644
7.28552
7.32083
7.34016
7.41249
7.48523
7.62682
7.51431
7.9075
7.62372
7.58545
7.55235
7.52816
7.17583
6.99749
7.34855
7.23758
7.4757
7.48176
7.72603
7.81283
7.5511
7.91204
7.68372
7.58506
7.86525
7.33101
7.30618
6.83064
6.71999
6.72578
6.71598
6.74292
6.54338
6.67862
6.52068
6.62785
6.61172
6.70937
6.66707
6.92351
7.24226
7.10461
6.71294
6.5377
6.53499
6.50174
6.8954
7.17848
7.55595
6.90349
6.9238
7.1247
6.80617
6.77816
7.20278
7.1801
7.43657
7.55222
7.5399
7.70042
7.54782
7.53854
7.47194
7.76562
8.03702
7.44647
7.10945
7.55439
7.67027
7.44865
7.34522
7.60197
7.48013
7.98993
7.24867
7.38419
7.14136
7.32987
7.6218
7.78801
7.80287
7.69856
8.16621
8.21923
7.88273
7.79774
7.64437
7.62611
7.34451
7.26117
7.36606
7.30734
7.27448
7.89718
7.72082
7.78775
7.54139
7.4783
7.86833
7.99338
7.92251
7.92481
8.19043
7.53453
7.61109
7.57866
7.61605
7.68942
7.49518
7.26751
7.47048
7.35363
7.20108
6.75847
7.01525
7.26713
7.07831
7.35782
7.44432
7.10617
6.9788
7.21721
7.23447
7.1672
7.22555
7.08397
6.92812
6.72852
6.53878
6.47697
6.88905
6.97748
6.93144
6.83478
7.40057
6.7798
7.02219
7.12946
7.04773
6.88763
6.91211
7.25207
7.46161
8.0963
7.9528
7.88754
8.63613
8.60206
8.26355
8.08484
7.80023
7.94453
7.56737
7.29367
6.90926
7.33072
7.32526
7.61524
7.75187
7.44972
7.5153
7.41291
7.43754
7.99614
8.04619
7.98297
7.95217
7.74432
7.40559
6.8508
6.94904
7.08167
7.1988
7.17591
7.37373
7.2196
7.08538
7.1056
7.32323
7.42496
7.44019
7.3695
7.57156
7.42134
7.39268
7.37946
6.99819
6.92007
7.15644
7.27997
7.31238
7.39411
7.22394
7.21325
7.0316
7.21745
6.90589
6.94256
7.41131
7.3352
7.12138
6.655
6.66501
6.81131
7.15725
7.52971
7.53309
7.77869
7.67645
7.91393
7.84546
7.83238
7.72567
7.14803
6.99429
6.90248
6.70146
6.82457
6.78097
6.43684
6.46705
6.80803
7.26203
7.27626
7.26772
6.76803
6.54785
6.87235
6.92335
7.07737
7.27408
7.21427
7.5436
7.93486
7.93799
7.78569
7.9824
7.34954
7.34192
7.59355
7.28686
7.33127
7.37141
7.74603
7.8279
8.00935
8.08106
7.72636
7.64431
7.6153
7.44601
6.93604
7.42097
6.82622
6.78973
6.54394
6.83979
6.89825
6.46854
6.8331
6.88875
6.72063
6.86632
6.67708
6.38178
6.50117
6.72428
7.21208
7.23431
7.2849
7.558
7.21334
7.31814
7.50681
7.6103
7.41785
7.74616
7.99243
7.90384
8.43887
8.18002
8.13248
7.90878
7.81697
7.98537
8.0832
8.22094
7.89712
7.99898
8.22438
8.12779
8.02116
8.07119
7.94127
8.28703
8.09295
8.07794
8.21015
7.88443
7.84851
8.28279
8.14949
8.21296
7.83534
7.6253
8.2294
7.90056
8.1425
7.63356
7.5132
7.55014
7.63451
7.72448
7.65614
7.44115
7.43535
6.89124
7.16502
7.28535
7.1487
7.35344
7.32063
7.59759
7.34065
7.40154
7.1463
6.89584
7.36406
6.6718
6.53713
6.73147
7.62184
7.5935
7.26112
7.1027
7.26945
6.75601
7.18182
7.25794
7.77215
7.7468
7.61939
7.36914
7.25846
7.13225
7.6304
7.6881
7.43465
7.37882
7.75438
7.91296
7.63163
7.74218
7.34176
7.27033
6.95583
7.0327
7.3588
7.50028
7.69253
7.59644
7.63523
7.84852
7.8706
7.91825
7.63376
7.58144
7.48599
7.67184
7.89105
7.48289
7.50876
7.95213
7.85104
8.00788
7.8293
7.77024
8.04529
7.58507
7.36069
7.44348
7.62636
7.70149
8.07185
8.1434
8.20555
7.85293
7.94323
7.94028
8.39178
8.28276
8.47912
8.26612
8.07781
7.9468
8.36787
7.72874
8.16271
7.85428
7.87657
7.89346
7.82965
7.62213
7.9887
7.60699
7.43396
7.46202
7.32231
7.25434
7.2298
7.04783
7.02535
6.66415
6.85027
7.40845
7.32213
6.99656
6.66511
6.70025
7.11497
7.25268
7.25554
7.12145
7.45195
7.20486
7.42964
7.63543
7.74794
8.03451
7.51858
8.03262
7.73552
7.83403
7.77069
7.72485
7.47545
7.41345
7.35868
7.55148
7.07508
7.10131
7.32342
7.25813
7.42692
7.14336
7.5004
7.60761
7.21418
7.32873
7.60727
7.3976
7.55534
7.86653
8.11875
8.00948
7.77317
8.02714
8.31372
8.08435
7.96813
8.0608
7.96174
7.68529
7.91181
7.94113
7.54416
7.44121
7.72346
7.52976
7.81799
8.00956
7.85838
7.68439
7.39702
7.60793
7.88678
7.91968
8.69846
8.66996
8.33702
8.58873
8.20935
8.04877
8.34308
7.88705
8.1987
7.75596
7.31962
7.896
7.86537
7.74436
7.65039
7.57393
7.46211
7.93023
7.74603
8.05591
7.50988
7.63939
7.98256
8.28101
8.06514
8.03821
8.13225
7.76376
7.67449
8.14638
7.88868
7.84083
7.76748
7.26566
7.54334
7.67216
7.339
7.01264
6.79655
6.62179
6.84391
7.1273
7.0932
7.12102
7.17074
7.48188
7.67502
7.83909
7.75048
7.10281
7.36789
6.81493
7.26363
7.48122
7.16501
7.39299
7.03864
7.01081
6.812
6.61797
6.92149
6.7125
6.90685
7.1165
7.27976
7.01701
7.23521
6.86806
7.12535
7.2762
7.21287
6.87651
7.05418
6.90466
7.17213
7.07464
7.57077
7.38646
7.47783
7.53556
7.82307
7.70096
7.40759
7.69648
7.93245
8.51121
8.70441
8.55523
8.1478
7.84154
8.00632
7.36637
7.81505
7.50568
7.89538
8.06949
7.65593
7.95399
8.01629
7.41272
7.08081
6.93218
6.98534
7.35867
6.86795
6.71681
6.33733
6.72191
7.06372
7.16756
7.04681
7.19713
6.76022
7.04459
7.01353
7.05122
7.39878
7.89636
8.00822
8.18461
7.84604
7.32267
7.54263
6.97046
7.16131
7.48252
7.38386
7.61784
7.54468
7.55246
7.6834
7.63407
7.44983
7.70274
7.45484
7.46903
7.20322
7.2223
7.00789
7.08524
7.04442
7.22964
7.96773
8.05088
7.93462
8.34403
8.20457
8.09541
8.19062
8.31189
8.13197
8.11635
8.43307
8.52662
8.04921
7.68464
8.02485
8.02511
7.97071
7.94691
7.68538
7.57569
8.0363
8.23485
8.43887
8.38292
8.31763
8.66972
8.52032
8.04888
7.7884
7.78402
7.61553
7.52154
7.31807
7.06775
7.06889
7.37222
7.13184
7.3101
6.98666
7.36577
7.45606
7.88378
7.87378
7.6843
7.96668
8.29708
8.18315
8.19773
8.03309
7.92576
7.73169
7.95959
7.73681
7.70871
7.59596
7.47415
6.9652
7.32313
7.3367
7.05727
7.20969
7.55726
7.19351
7.38844
7.69685
7.63346
7.34671
7.30351
6.70644
6.74411
6.61635
6.98644
7.39096
7.582
7.77063
7.89091
7.7358
7.57043
8.12231
7.92635
7.60601
7.60271
7.61662
7.53458
7.83771
7.37929
7.63957
7.39119
7.22026
7.16477
6.98789
7.55161
7.7197
7.59567
7.33948
7.51665
7.35589
6.94039
7.0714
7.19945
7.45756
7.32515
7.55814
7.21
7.13975
7.20342
7.15494
6.88623
7.60724
7.60117
7.35701
7.35897
7.13958
6.90429
7.07692
7.16637
7.61634
7.53703
7.5145
7.29447
7.24645
7.4817
7.48209
7.14182
7.03957
7.24314
7.49995
7.28826
7.63999
7.7689
7.44679
7.49683
7.38195
7.36225
7.47261
7.85146
8.15409
8.06942
7.85405
8.1398
8.05047
7.91155
7.89439
7.78587
7.65915
8.12665
8.09215
8.21401
8.01652
8.33252
8.33871
8.12256
7.93529
7.89729
8.08584
7.97625
8.14657
8.31162
8.00436
7.8061
7.57099
7.59046
7.60812
7.82965
7.9205
7.78949
8.02475
8.23405
7.51705
8.37542
7.8767
8.20593
8.7887
8.62213
8.33104
7.71828
7.79259
7.3348
7.62138
7.26481
7.10718
7.48741
7.48971
7.53026
7.79808
7.82506
7.70474
7.67982
7.90727
7.89535
8.27649
8.00509
7.84883
7.42524
7.69343
7.30519
7.31102
7.29407
6.99797
6.90063
6.89939
6.64991
6.54311
6.86229
6.98532
7.28685
7.46411
7.42174
8.2791
8.09478
7.81624
7.48409
7.72401
7.08355
7.44138
7.52177
7.78213
7.92174
7.98574
8.22786
8.00073
8.07826
8.38217
7.95899
8.04213
8.11706
8.09186
8.24482
8.03868
8.02779
7.8881
7.50228
7.51723
7.65981
7.9092
7.84985
7.47389
7.87327
8.20262
7.83331
7.99796
7.96385
7.91549
7.61987
7.54629
7.6823
7.66832
7.96042
7.5825
7.93452
8.11758
7.79887
7.15077
6.85075
7.58368
7.51937
7.58816
7.35989
7.37554
7.39128
7.64193
7.33924
7.67702
7.65833
7.46838
7.50217
7.36702
7.07818
7.03621
7.02766
7.5179
7.89778
7.44098
7.06622
6.79272
6.77949
7.32459
7.30133
7.27693
7.11768
7.56056
7.60814
7.64019
7.89356
7.85529
7.91285
7.55494
7.74135
7.71458
7.73548
7.32026
7.53392
7.15633
7.20832
7.47894
7.66668
7.67214
7.46045
7.33274
7.36513
7.68073
7.70432
7.46799
7.51989
7.47433
7.55214
7.65334
7.83955
7.83459
7.63229
7.52875
7.24172
7.26119
6.98797
7.09702
6.65098
7.02992
7.49646
7.48653
7.17523
7.38947
7.14962
7.09313
7.07722
7.06097
7.12745
7.62345
7.89635
7.87122
7.51498
7.45773
7.48865
7.63492
7.9795
8.24101
7.9672
7.98685
7.95865
7.82675
7.99777
7.79032
7.57815
7.52379
8.03622
8.10019
8.03071
7.7037
7.90478
8.48875
7.76021
7.86098
7.89483
8.31974
8.12218
7.65893
7.61471
7.15841
7.26057
7.09551
7.36901
7.64854
7.69816
7.81061
8.04153
8.21206
8.05796
7.53361
7.91066
7.77888
7.82873
7.31737
7.40259
7.63654
7.50491
7.2667
7.70982
7.59191
7.71651
7.55198
7.20124
7.13172
7.54315
7.45159
7.52461
7.56846
7.80833
7.62847
7.41246
7.20665
7.60826
7.36207
7.47683
7.41259
7.72349
7.6176
7.64832
7.25501
7.37349
7.03433
7.29792
7.43706
7.91989
8.02158
8.06295
8.34858
7.85252
7.4174
7.43423
7.46577
7.00643
6.9783
7.32312
7.81607
7.41717
6.98075
6.83411
6.99116
7.38953
7.63541
7.55984
7.6526
7.90778
7.93354
8.10487
7.94533
7.85946
7.91311
7.62907
7.43377
7.28407
7.12262
6.85938
6.92465
7.21785
6.9245
7.46498
7.23269
7.27046
7.55528
7.43223
7.43307
7.32977
7.50805
7.35285
6.87668
7.09572
7.37993
7.45797
7.95241
7.64457
7.68465
7.70653
7.53177
8.02642
7.84299
8.07616
7.65132
7.31894
7.83844
7.53149
7.65145
7.67596
7.91565
8.22474
8.09852
7.90554
7.87858
8.04424
7.88727
8.0134
8.08862
8.71985
8.20989
8.07325
8.05268
7.75747
7.35019
7.61144
7.75976
7.74227
7.77006
7.63094
7.86169
7.61908
7.56409
7.37237
7.40167
7.41285
7.54497
7.27398
7.39346
7.07011
7.49974
7.52768
7.31789
7.43001
7.5327
7.70228
7.7695
7.48097
7.29959
7.42668
7.30359
7.01511
6.88387
7.20363
7.07983
7.66337
7.79035
7.52586
7.10295
7.26521
7.58336
7.56055
7.88143
7.29933
7.53501
7.60395
7.6238
7.86798
7.8981
8.06382
7.91651
8.08409
8.16332
8.14978
8.41921
8.09413
8.18055
8.30277
8.14545
8.57055
8.78028
8.69483
9.053
8.86409
8.13139
8.11475
8.03502
8.46528
8.23489
7.75838
8.28047
7.87359
7.84291
7.89791
7.99552
8.27424
7.83911
8.5611
7.83541
7.60686
7.52815
7.32338
7.47935
7.47429
8.03636
7.62802
7.2543
7.19756
7.35991
7.10757
7.69933
7.47832
7.37991
7.19618
7.23926
7.60156
7.6956
7.96636
8.29941
7.95675
7.75378
7.97939
7.35934
7.23482
7.04457
7.2299
6.92896
7.12315
7.10276
7.34239
7.55605
7.77568
8.22388
7.98445
7.73214
7.73043
7.63256
7.76916
7.42439
7.70341
7.5558
7.15323
7.12486
7.31795
7.55039
7.19283
7.43507
7.42712
7.71711
8.28877
7.96423
7.552
7.82287
7.75539
7.7121
7.50989
7.80388
8.30259
8.21815
8.13949
8.13991
8.3185
8.28583
8.49888
8.35057
8.59227
8.19374
8.10863
8.22007
8.05074
8.15547
8.15536
8.47582
8.2936
8.32753
8.03324
7.69857
7.77321
7.7953
8.02825
7.46825
7.60563
7.69686
7.53313
7.39043
8.0235
7.82059
7.55622
7.42289
7.63011
7.7104
7.38097
7.60063
7.43638
7.36267
7.29391
7.11919
7.22744
6.93681
7.05336
6.76105
6.65724
6.93081
7.22282
7.21158
7.43767
7.37261
7.41294
7.69879
7.95039
7.09997
7.1345
7.05086
7.18729
6.77447
6.61336
7.10853
7.33974
7.52191
7.93006
8.11307
7.6444
7.36469
7.01428
7.51882
7.42245
7.09837
6.96467
7.38192
7.33407
7.11192
6.78414
6.75947
6.58849
6.71311
6.91918
6.96071
6.88076
6.58776
6.76408
6.96089
7.34772
7.54495
7.33888
7.467
7.66664
7.68726
7.89834
7.98259
7.82764
7.81966
7.76138
7.60046
7.65261
7.42906
7.3975
7.45629
7.56496
7.36288
7.60547
7.77938
7.76887
7.68668
7.79255
7.983
7.94443
7.95446
8.24566
8.23419
8.22079
8.27254
8.40303
7.98557
8.01189
7.69215
7.60925
7.50508
7.66841
7.60283
7.5912
8.30993
8.84668
8.28295
8.255
8.18438
8.16691
8.39059
7.97901
7.92876
7.73709
8.00212
7.73603
7.81267
7.81702
7.75443
7.75961
8.17959
8.51138
8.31724
8.24708
8.67419
8.13971
7.88528
7.74222
7.63174
7.17336
7.43867
7.75374
7.61773
7.82561
8.05426
8.29405
7.63264
7.95962
7.47407
7.43337
7.34403
7.27941
6.82808
6.77864
6.97266
7.04121
6.84224
7.12506
7.21831
7.37292
7.47195
7.42447
7.73626
7.76572
7.8764
8.1469
8.18049
8.77577
8.21325
8.01426
8.08531
7.79427
7.67445
7.97168
8.5908
8.03043
8.06049
7.60432
8.18425
7.90211
8.17877
8.04626
7.97159
7.97304
7.52913
7.66732
7.82447
7.774
7.77343
7.84939
8.08726
8.45697
8.28155
7.55599
7.93338
8.16836
8.40988
8.96826
8.61592
8.45386
7.85349
7.29422
7.08202
7.29255
7.47265
7.64803
7.80705
7.6155
7.67424
7.28668
7.42631
7.66259
7.51327
7.13906
7.3391
7.22276
7.24949
7.18361
7.0448
7.26181
7.03979
7.44703
7.78022
7.42099
7.86585
7.86317
7.72897
7.59409
7.21013
7.52894
7.6445
7.46185
7.81244
7.4011
7.77896
7.69252
7.60128
7.48419
7.12758
7.54286
7.38111
7.48959
7.77126
7.84807
7.29244
7.46115
7.71453
7.57585
7.36806
7.64662
7.45219
7.29184
7.22185
6.98801
7.25527
6.87725
6.7906
6.77935
6.85161
7.29817
7.35956
7.21736
7.55695
7.26489
7.2796
7.13391
6.94778
7.01017
6.80448
7.01169
7.28783
7.23501
6.91212
7.26868
7.52761
7.64937
7.56454
7.67333
7.97996
7.68924
7.56303
7.36583
7.49487
7.5552
7.42133
7.32856
7.53783
7.55707
7.59565
7.25859
7.34752
7.13414
7.46494
7.22873
7.12558
7.3363
7.39124
7.11767
7.06045
7.01426
7.02806
7.23511
7.16403
7.2304
7.81588
7.33147
7.26085
7.29623
7.48194
7.74887
7.72205
7.53504
7.49451
7.59019
7.75312
7.7317
7.58285
7.83386
7.68268
7.96063
7.07465
7.65903
7.21515
7.19753
7.53294
7.63381
7.8376
8.10826
8.01633
8.20696
8.02526
8.36822
8.40785
8.54165
8.21321
8.31646
7.93131
7.61345
7.45978
7.3762
7.22061
6.9233
7.17757
7.37523
7.66655
7.81552
7.8955
7.1029
7.16396
7.12752
7.09223
7.04296
7.16605
6.97065
7.30942
7.16882
7.13903
6.88637
6.82269
7.03588
6.65541
6.74392
6.98818
6.84152
7.27223
7.69685
7.55779
7.81393
7.85326
7.64755
7.75157
7.67763
8.25687
7.93623
7.99488
8.31104
8.15794
8.10771
8.00166
7.93149
8.00739
8.02939
7.90372
7.70889
7.54495
7.37287
7.49795
7.51701
7.45616
7.1032
6.94029
7.45366
7.43365
7.33142
7.16779
7.6468
8.00948
8.18348
8.02581
7.84537
7.86144
8.00259
7.926
7.6076
7.53216
7.77502
7.6647
8.11013
8.10957
8.19745
7.53315
7.74175
7.62574
7.40633
7.34959
7.61862
7.66128
7.17952
7.59203
7.36367
7.55074
7.52297
7.46508
7.73084
8.18752
7.81663
7.73441
7.60456
7.88648
7.05554
7.00789
7.12233
7.25921
7.57503
7.89557
7.68133
7.61627
7.79509
8.18537
7.85754
7.67871
7.65655
7.47354
7.9235
7.63552
7.49203
7.37769
6.87423
7.25923
7.13358
7.5475
7.2966
6.95262
7.33841
7.15476
6.87261
6.70547
